#
# A fatal error has been detected by the Java Runtime Environment:
#
#  EXCEPTION_ACCESS_VIOLATION (0xc0000005) at pc=0x0000000000000000, pid=29768, tid=16336
#
# JRE version: OpenJDK Runtime Environment (21.0.2+13) (build 21.0.2+13-58)
# Java VM: OpenJDK 64-Bit Server VM (21.0.2+13-58, mixed mode, sharing, tiered, compressed oops, compressed class ptrs, g1 gc, windows-amd64)
# Problematic frame:
# C  [jdwp.dll+0x161bf]
#
# No core dump will be written. Minidumps are not enabled by default on client versions of Windows
#
# If you would like to submit a bug report, please visit:
#   https://bugreport.java.com/bugreport/crash.jsp
# The crash happened outside the Java Virtual Machine in native code.
# See problematic frame for where to report the bug.
#

---------------  S U M M A R Y ------------

Command Line: -agentlib:jdwp=transport=dt_socket,server=n,suspend=y,address=127.0.0.1:52303 -Dfile.encoding=windows-1252 -Duser.country=AU -Duser.language=en -Duser.variant com.csse3200.game.desktop.DesktopLauncher

Host: Intel(R) Core(TM) i5-10210U CPU @ 1.60GHz, 8 cores, 7G,  Windows 10 , 64 bit Build 19041 (10.0.19041.4842)
Time: Wed Oct  2 00:40:04 2024 E. Australia Standard Time elapsed time: 0.490928 seconds (0d 0h 0m 0s)

---------------  T H R E A D  ---------------

Current thread (0x00000167ef5cd840):  JavaThread "main"             [_thread_in_native, id=16336, stack(0x000000568e300000,0x000000568e400000) (1024K)]

Stack: [0x000000568e300000,0x000000568e400000],  sp=0x000000568e3fb630,  free space=1005k
Native frames: (J=compiled Java code, j=interpreted, Vv=VM code, C=native code)

Java frames: (J=compiled Java code, j=interpreted, Vv=VM code)
j  org.lwjgl.system.jemalloc.JEmalloc.nje_malloc(J)J+0
j  org.lwjgl.system.jemalloc.JEmalloc.<clinit>()V+44
v  ~StubRoutines::call_stub 0x000001678753100d
j  org.lwjgl.system.jemalloc.JEmallocAllocator.<clinit>()V+0
v  ~StubRoutines::call_stub 0x000001678753100d
j  java.lang.Class.forName0(Ljava/lang/String;ZLjava/lang/ClassLoader;Ljava/lang/Class;)Ljava/lang/Class;+0 java.base@21.0.2
j  java.lang.Class.forName(Ljava/lang/String;Ljava/lang/Class;)Ljava/lang/Class;+19 java.base@21.0.2
j  java.lang.Class.forName(Ljava/lang/String;)Ljava/lang/Class;+6 java.base@21.0.2
j  org.lwjgl.system.MemoryManage.getInstance()Lorg/lwjgl/system/MemoryUtil$MemoryAllocator;+68
j  org.lwjgl.system.MemoryUtil$LazyInit.<clinit>()V+0
v  ~StubRoutines::call_stub 0x000001678753100d
j  org.lwjgl.system.MemoryUtil.getAllocator(Z)Lorg/lwjgl/system/MemoryUtil$MemoryAllocator;+10
j  org.lwjgl.system.MemoryUtil.getAllocator()Lorg/lwjgl/system/MemoryUtil$MemoryAllocator;+1
j  org.lwjgl.system.Callback.<clinit>()V+217
v  ~StubRoutines::call_stub 0x000001678753100d
j  com.badlogic.gdx.backends.lwjgl3.Lwjgl3Application.initializeGlfw()V+21
j  com.badlogic.gdx.backends.lwjgl3.Lwjgl3Application.<init>(Lcom/badlogic/gdx/ApplicationListener;Lcom/badlogic/gdx/backends/lwjgl3/Lwjgl3ApplicationConfiguration;)V+82
j  com.csse3200.game.desktop.DesktopLauncher.main([Ljava/lang/String;)V+39
v  ~StubRoutines::call_stub 0x000001678753100d

siginfo: EXCEPTION_ACCESS_VIOLATION (0xc0000005), data execution prevention violation at address 0x0000000000000000


Registers:
RAX=0x00000167ff83b540, RBX=0x00000167fef0cdd0, RCX=0x00000167ef5cdbf8, RDX=0x00000167fef0cdd0
RSP=0x000000568e3fb628, RBP=0x0000000000000002, RSI=0x000000568e3fb6d0, RDI=0x00000167ef5cdbf8
R8 =0x0000000000010002, R9 =0x0000000000000000, R10=0x00007ffed4350000, R11=0x000000568e3fb5f8
R12=0x0000000000000007, R13=0x00000167fef0cdd0, R14=0x00007ffed56d0400, R15=0x0000000000000000
RIP=0x0000000000000000, EFLAGS=0x0000000000010202


Register to memory mapping:

RAX=0x00000167ff83b540 points into unknown readable memory: 0x0000000000000000 | 00 00 00 00 00 00 00 00
RBX=0x00000167fef0cdd0 points into unknown readable memory: 0x000000008bb09c48 | 48 9c b0 8b 00 00 00 00
RCX=0x00000167ef5cdbf8 points into unknown readable memory: 0x00000167ff83b540 | 40 b5 83 ff 67 01 00 00
RDX=0x00000167fef0cdd0 points into unknown readable memory: 0x000000008bb09c48 | 48 9c b0 8b 00 00 00 00
RSP=0x000000568e3fb628 is pointing into the stack for thread: 0x00000167ef5cd840
RBP=0x0000000000000002 is an unknown value
RSI=0x000000568e3fb6d0 is pointing into the stack for thread: 0x00000167ef5cd840
RDI=0x00000167ef5cdbf8 points into unknown readable memory: 0x00000167ff83b540 | 40 b5 83 ff 67 01 00 00
R8 =0x0000000000010002 is an unknown value
R9 =0x0 is null
R10=0x00007ffed4350000 VCRUNTIME140.dll
R11=0x000000568e3fb5f8 is pointing into the stack for thread: 0x00000167ef5cd840
R12=0x0000000000000007 is an unknown value
R13=0x00000167fef0cdd0 points into unknown readable memory: 0x000000008bb09c48 | 48 9c b0 8b 00 00 00 00
R14=0x00007ffed56d0400 jdwp.dll
R15=0x0 is null

Top of Stack: (sp=0x000000568e3fb628)
0x000000568e3fb628:   00007ffed56b61bf 00000167fef0cdd0
0x000000568e3fb638:   000000568e3fb6d0 0000000000000000
0x000000568e3fb648:   0000000000000000 0000000200000007
0x000000568e3fb658:   00000167feefe2a0 00000167ef5bd8c0
0x000000568e3fb668:   00007ffed56d0428 00000167ef5cde18
0x000000568e3fb678:   00007ffed56b283f 00000167fef0cdd0
0x000000568e3fb688:   0000000000000002 00000167ef5cdbf8
0x000000568e3fb698:   00000167fef0cdd8 000000568e3fb890
0x000000568e3fb6a8:   00000167fed982b8 00000005ff7c0100
0x000000568e3fb6b8:   000001679001dd80 0000000000000000
0x000000568e3fb6c8:   00000167ff776da8 0000000000000007
0x000000568e3fb6d8:   00000167fef0cdd0 0000000000000000
0x000000568e3fb6e8:   00000167fef0cdd8 0000000000000000
0x000000568e3fb6f8:   0000000000000000 0000000000000000
0x000000568e3fb708:   0000000000000000 0000000000000000
0x000000568e3fb718:   0000000000000000 0000000000000000
0x000000568e3fb728:   00000167ef5cde18 000001679001dd80
0x000000568e3fb738:   00007ffe55a789e7 00000167fef0cdd8
0x000000568e3fb748:   00000167ff13c330 00000167ef5cd840
0x000000568e3fb758:   00000000000003d8 000037ca0d5ff88b
0x000000568e3fb768:   00000167ef6ce260 0000000000000000
0x000000568e3fb778:   00000167ef5cd840 0000000000000000
0x000000568e3fb788:   000000568e3fb890 000001679001dd80
0x000000568e3fb798:   00000167d04d1a01 00000167ef5bfae0
0x000000568e3fb7a8:   00000167ef5cdeb0 00000167ef5cdec0
0x000000568e3fb7b8:   00000167ef5ce298 00000000000003d8
0x000000568e3fb7c8:   00000167ef5cd840 00000167ef5cd840
0x000000568e3fb7d8:   00000167ef5bf760 00000167ef5e9c00
0x000000568e3fb7e8:   00000167ef5e9c40 00000167ef5e9ce8
0x000000568e3fb7f8:   00000000000000d8 000000568e3fb810
0x000000568e3fb808:   00007ffe5577d761 00000167ef5cd840
0x000000568e3fb818:   00000167ef5bf760 00000167ef5e9c00 

Instructions: (pc=0x00007ffed56b61bf)
0x00007ffed56b60bf:   2c 41 b8 61 02 00 00 48 8d 0d cb 6e 01 00 48 8b
0x00007ffed56b60cf:   d3 e8 83 50 00 00 41 8b cc e8 33 a0 ff ff 48 8b
0x00007ffed56b60df:   d0 48 8d 0d 89 a4 01 00 e8 14 51 00 00 4c 8b 4e
0x00007ffed56b60ef:   28 48 8d 0d 91 a4 01 00 4c 8b 46 20 48 8b 56 08
0x00007ffed56b60ff:   e8 50 0d 01 00 48 8b 05 f5 0f 02 00 f6 80 10 02
0x00007ffed56b610f:   00 00 02 74 28 41 b8 6a 02 00 00 48 8d 0d e3 62
0x00007ffed56b611f:   01 00 48 8b d3 e8 2f 50 00 00 48 8d 15 c8 63 01
0x00007ffed56b612f:   00 48 8d 0d e1 62 01 00 e8 c4 50 00 00 48 8b 07
0x00007ffed56b613f:   48 8b cf ff 50 78 48 8b 0d b4 0f 02 00 4c 8b f8
0x00007ffed56b614f:   f6 81 10 02 00 00 02 74 28 41 b8 6b 02 00 00 48
0x00007ffed56b615f:   8d 0d 9f 62 01 00 48 8b d3 e8 eb 4f 00 00 48 8d
0x00007ffed56b616f:   15 bc 63 01 00 48 8d 0d 9d 62 01 00 e8 80 50 00
0x00007ffed56b617f:   00 48 8b 07 48 8b cf ff 90 88 00 00 00 83 3d 29
0x00007ffed56b618f:   0b 02 00 00 76 0c e8 ce 5b ff ff 83 25 1b 0b 02
0x00007ffed56b619f:   00 00 48 8b 5e 08 48 85 db 74 4b 48 8b 05 4f 0f
0x00007ffed56b61af:   02 00 80 78 13 00 74 0b 48 8b cb e8 f9 06 01 00
0x00007ffed56b61bf:   88 46 10 4d 8b c7 48 8b d6 41 8a ce e8 0c a1 00
0x00007ffed56b61cf:   00 48 8b e8 48 85 c0 75 25 48 8b cb e8 c4 44 00
0x00007ffed56b61df:   00 84 c0 0f 84 ea 00 00 00 48 8b d3 41 8a ce e8
0x00007ffed56b61ef:   ad 13 00 00 eb e3 e8 0e 0e 00 00 48 8b e8 4c 8b
0x00007ffed56b61ff:   cd 44 88 74 24 20 45 8b c4 48 8b d6 48 8b cf e8
0x00007ffed56b620f:   e1 00 00 00 83 3e 14 75 0b 48 8b 05 e1 0e 02 00
0x00007ffed56b621f:   c6 40 10 01 48 85 db 75 08 48 8b cd e8 0c 53 ff
0x00007ffed56b622f:   ff 48 8b 05 c9 0e 02 00 4d 85 ff 74 43 f6 80 10
0x00007ffed56b623f:   02 00 00 02 74 2c 41 b8 b3 02 00 00 48 8d 15 d6
0x00007ffed56b624f:   a1 01 00 48 8d 0d ab 61 01 00 e8 fa 4e 00 00 48
0x00007ffed56b625f:   8d 15 1b 7d 01 00 48 8d 0d ac 61 01 00 e8 8f 4f
0x00007ffed56b626f:   00 00 48 8b 07 49 8b d7 48 8b cf ff 50 68 eb 41
0x00007ffed56b627f:   f6 80 10 02 00 00 02 74 2c 41 b8 b5 02 00 00 48
0x00007ffed56b628f:   8d 15 93 a1 01 00 48 8d 0d 68 61 01 00 e8 b7 4e
0x00007ffed56b629f:   00 00 48 8d 15 88 62 01 00 48 8d 0d 69 61 01 00
0x00007ffed56b62af:   e8 4c 4f 00 00 48 8b 07 48 8b cf ff 90 88 00 00 


Stack slot to memory mapping:

stack at sp + 0 slots: 0x00000167fef0cdd0 points into unknown readable memory: 0x000000008bb09c48 | 48 9c b0 8b 00 00 00 00
stack at sp + 1 slots: 0x000000568e3fb6d0 is pointing into the stack for thread: 0x00000167ef5cd840
stack at sp + 2 slots: 0x0 is null
stack at sp + 3 slots: 0x0 is null
stack at sp + 4 slots: 0x0000000200000007 is an unknown value
stack at sp + 5 slots: 0x00000167feefe2a0 points into unknown readable memory: 0x0000016787ad0010 | 10 00 ad 87 67 01 00 00
stack at sp + 6 slots: 0x00000167ef5bd8c0 points into unknown readable memory: 0x8000001200000001 | 01 00 00 00 12 00 00 80
stack at sp + 7 slots: 0x00007ffed56d0428 jdwp.dll


---------------  P R O C E S S  ---------------

Threads class SMR info:
_java_thread_list=0x00000167ff1a7870, length=14, elements={
0x00000167ef5cd840, 0x00000167fef015e0, 0x00000167fef02850, 0x00000167fef088b0,
0x00000167fef09310, 0x00000167fef0bf90, 0x00000167fef0ea00, 0x00000167fef1d0c0,
0x00000167fef1df70, 0x00000167ff17ff20, 0x00000167ff1816d0, 0x00000167ff182a40,
0x00000167ff18ae00, 0x00000167ff187a10
}

Java Threads: ( => current thread )
=>0x00000167ef5cd840 JavaThread "main"                              [_thread_in_native, id=16336, stack(0x000000568e300000,0x000000568e400000) (1024K)]
  0x00000167fef015e0 JavaThread "Reference Handler"          daemon [_thread_blocked, id=22604, stack(0x000000568eb00000,0x000000568ec00000) (1024K)]
  0x00000167fef02850 JavaThread "Finalizer"                  daemon [_thread_blocked, id=27656, stack(0x000000568ec00000,0x000000568ed00000) (1024K)]
  0x00000167fef088b0 JavaThread "Signal Dispatcher"          daemon [_thread_blocked, id=29512, stack(0x000000568ed00000,0x000000568ee00000) (1024K)]
  0x00000167fef09310 JavaThread "Attach Listener"            daemon [_thread_blocked, id=30628, stack(0x000000568ee00000,0x000000568ef00000) (1024K)]
  0x00000167fef0bf90 JavaThread "Service Thread"             daemon [_thread_blocked, id=37036, stack(0x000000568ef00000,0x000000568f000000) (1024K)]
  0x00000167fef0ea00 JavaThread "Monitor Deflation Thread"   daemon [_thread_blocked, id=16432, stack(0x000000568f000000,0x000000568f100000) (1024K)]
  0x00000167fef1d0c0 JavaThread "C2 CompilerThread0"         daemon [_thread_blocked, id=30480, stack(0x000000568f100000,0x000000568f200000) (1024K)]
  0x00000167fef1df70 JavaThread "C1 CompilerThread0"         daemon [_thread_blocked, id=33468, stack(0x000000568f200000,0x000000568f300000) (1024K)]
  0x00000167ff17ff20 JavaThread "JDWP Transport Listener: dt_socket" daemon [_thread_blocked, id=36840, stack(0x000000568f300000,0x000000568f400000) (1024K)]
  0x00000167ff1816d0 JavaThread "JDWP Event Helper Thread"   daemon [_thread_blocked, id=4420, stack(0x000000568f400000,0x000000568f500000) (1024K)]
  0x00000167ff182a40 JavaThread "JDWP Command Reader"        daemon [_thread_in_native, id=1344, stack(0x000000568f500000,0x000000568f600000) (1024K)]
  0x00000167ff18ae00 JavaThread "Notification Thread"        daemon [_thread_blocked, id=21148, stack(0x000000568f600000,0x000000568f700000) (1024K)]
  0x00000167ff187a10 JavaThread "Common-Cleaner"             daemon [_thread_blocked, id=37384, stack(0x000000568f700000,0x000000568f800000) (1024K)]
Total: 14

Other Threads:
  0x00000167feee0a70 VMThread "VM Thread"                           [id=38516, stack(0x000000568ea00000,0x000000568eb00000) (1024K)]
  0x00000167feec8590 WatcherThread "VM Periodic Task Thread"        [id=772, stack(0x000000568e900000,0x000000568ea00000) (1024K)]
  0x00000167ef725bd0 WorkerThread "GC Thread#0"                     [id=17060, stack(0x000000568e400000,0x000000568e500000) (1024K)]
  0x00000167ef7364b0 ConcurrentGCThread "G1 Main Marker"            [id=38268, stack(0x000000568e500000,0x000000568e600000) (1024K)]
  0x00000167ef737660 WorkerThread "G1 Conc#0"                       [id=16504, stack(0x000000568e600000,0x000000568e700000) (1024K)]
  0x00000167fed9a110 ConcurrentGCThread "G1 Refine#0"               [id=9296, stack(0x000000568e700000,0x000000568e800000) (1024K)]
  0x00000167fed9b940 ConcurrentGCThread "G1 Service"                [id=17812, stack(0x000000568e800000,0x000000568e900000) (1024K)]
Total: 7

Threads with active compile tasks:
Total: 0

VM state: not at safepoint (normal execution)

VM Mutex/Monitor currently owned by a thread: None

Heap address: 0x0000000083e00000, size: 1986 MB, Compressed Oops mode: 32-bit

CDS archive(s) mapped at: [0x000001678f000000-0x000001678fc90000-0x000001678fc90000), size 13172736, SharedBaseAddress: 0x000001678f000000, ArchiveRelocationMode: 1.
Compressed class space mapped at: 0x0000016790000000-0x00000167d0000000, reserved size: 1073741824
Narrow klass base: 0x000001678f000000, Narrow klass shift: 0, Narrow klass range: 0x100000000

GC Precious Log:
 CardTable entry size: 512
 Card Set container configuration: InlinePtr #cards 5 size 8 Array Of Cards #cards 12 size 40 Howl #buckets 4 coarsen threshold 1843 Howl Bitmap #cards 512 size 80 coarsen threshold 460 Card regions per heap region 1 cards per card region 2048
 CPUs: 8 total, 8 available
 Memory: 7942M
 Large Page Support: Disabled
 NUMA Support: Disabled
 Compressed Oops: Enabled (32-bit)
 Heap Region Size: 1M
 Heap Min Capacity: 8M
 Heap Initial Capacity: 126M
 Heap Max Capacity: 1986M
 Pre-touch: Disabled
 Parallel Workers: 8
 Concurrent Workers: 2
 Concurrent Refinement Workers: 8
 Periodic GC: Disabled

Heap:
 garbage-first heap   total 129024K, used 8192K [0x0000000083e00000, 0x0000000100000000)
  region size 1024K, 9 young (9216K), 0 survivors (0K)
 Metaspace       used 2263K, committed 2432K, reserved 1114112K
  class space    used 183K, committed 256K, reserved 1048576K

Heap Regions: E=young(eden), S=young(survivor), O=old, HS=humongous(starts), HC=humongous(continues), CS=collection set, F=free, TAMS=top-at-mark-start, PB=parsable bottom
|   0|0x0000000083e00000, 0x0000000083e00000, 0x0000000083f00000|  0%| F|  |TAMS 0x0000000083e00000| PB 0x0000000083e00000| Untracked 
|   1|0x0000000083f00000, 0x0000000083f00000, 0x0000000084000000|  0%| F|  |TAMS 0x0000000083f00000| PB 0x0000000083f00000| Untracked 
|   2|0x0000000084000000, 0x0000000084000000, 0x0000000084100000|  0%| F|  |TAMS 0x0000000084000000| PB 0x0000000084000000| Untracked 
|   3|0x0000000084100000, 0x0000000084100000, 0x0000000084200000|  0%| F|  |TAMS 0x0000000084100000| PB 0x0000000084100000| Untracked 
|   4|0x0000000084200000, 0x0000000084200000, 0x0000000084300000|  0%| F|  |TAMS 0x0000000084200000| PB 0x0000000084200000| Untracked 
|   5|0x0000000084300000, 0x0000000084300000, 0x0000000084400000|  0%| F|  |TAMS 0x0000000084300000| PB 0x0000000084300000| Untracked 
|   6|0x0000000084400000, 0x0000000084400000, 0x0000000084500000|  0%| F|  |TAMS 0x0000000084400000| PB 0x0000000084400000| Untracked 
|   7|0x0000000084500000, 0x0000000084500000, 0x0000000084600000|  0%| F|  |TAMS 0x0000000084500000| PB 0x0000000084500000| Untracked 
|   8|0x0000000084600000, 0x0000000084600000, 0x0000000084700000|  0%| F|  |TAMS 0x0000000084600000| PB 0x0000000084600000| Untracked 
|   9|0x0000000084700000, 0x0000000084700000, 0x0000000084800000|  0%| F|  |TAMS 0x0000000084700000| PB 0x0000000084700000| Untracked 
|  10|0x0000000084800000, 0x0000000084800000, 0x0000000084900000|  0%| F|  |TAMS 0x0000000084800000| PB 0x0000000084800000| Untracked 
|  11|0x0000000084900000, 0x0000000084900000, 0x0000000084a00000|  0%| F|  |TAMS 0x0000000084900000| PB 0x0000000084900000| Untracked 
|  12|0x0000000084a00000, 0x0000000084a00000, 0x0000000084b00000|  0%| F|  |TAMS 0x0000000084a00000| PB 0x0000000084a00000| Untracked 
|  13|0x0000000084b00000, 0x0000000084b00000, 0x0000000084c00000|  0%| F|  |TAMS 0x0000000084b00000| PB 0x0000000084b00000| Untracked 
|  14|0x0000000084c00000, 0x0000000084c00000, 0x0000000084d00000|  0%| F|  |TAMS 0x0000000084c00000| PB 0x0000000084c00000| Untracked 
|  15|0x0000000084d00000, 0x0000000084d00000, 0x0000000084e00000|  0%| F|  |TAMS 0x0000000084d00000| PB 0x0000000084d00000| Untracked 
|  16|0x0000000084e00000, 0x0000000084e00000, 0x0000000084f00000|  0%| F|  |TAMS 0x0000000084e00000| PB 0x0000000084e00000| Untracked 
|  17|0x0000000084f00000, 0x0000000084f00000, 0x0000000085000000|  0%| F|  |TAMS 0x0000000084f00000| PB 0x0000000084f00000| Untracked 
|  18|0x0000000085000000, 0x0000000085000000, 0x0000000085100000|  0%| F|  |TAMS 0x0000000085000000| PB 0x0000000085000000| Untracked 
|  19|0x0000000085100000, 0x0000000085100000, 0x0000000085200000|  0%| F|  |TAMS 0x0000000085100000| PB 0x0000000085100000| Untracked 
|  20|0x0000000085200000, 0x0000000085200000, 0x0000000085300000|  0%| F|  |TAMS 0x0000000085200000| PB 0x0000000085200000| Untracked 
|  21|0x0000000085300000, 0x0000000085300000, 0x0000000085400000|  0%| F|  |TAMS 0x0000000085300000| PB 0x0000000085300000| Untracked 
|  22|0x0000000085400000, 0x0000000085400000, 0x0000000085500000|  0%| F|  |TAMS 0x0000000085400000| PB 0x0000000085400000| Untracked 
|  23|0x0000000085500000, 0x0000000085500000, 0x0000000085600000|  0%| F|  |TAMS 0x0000000085500000| PB 0x0000000085500000| Untracked 
|  24|0x0000000085600000, 0x0000000085600000, 0x0000000085700000|  0%| F|  |TAMS 0x0000000085600000| PB 0x0000000085600000| Untracked 
|  25|0x0000000085700000, 0x0000000085700000, 0x0000000085800000|  0%| F|  |TAMS 0x0000000085700000| PB 0x0000000085700000| Untracked 
|  26|0x0000000085800000, 0x0000000085800000, 0x0000000085900000|  0%| F|  |TAMS 0x0000000085800000| PB 0x0000000085800000| Untracked 
|  27|0x0000000085900000, 0x0000000085900000, 0x0000000085a00000|  0%| F|  |TAMS 0x0000000085900000| PB 0x0000000085900000| Untracked 
|  28|0x0000000085a00000, 0x0000000085a00000, 0x0000000085b00000|  0%| F|  |TAMS 0x0000000085a00000| PB 0x0000000085a00000| Untracked 
|  29|0x0000000085b00000, 0x0000000085b00000, 0x0000000085c00000|  0%| F|  |TAMS 0x0000000085b00000| PB 0x0000000085b00000| Untracked 
|  30|0x0000000085c00000, 0x0000000085c00000, 0x0000000085d00000|  0%| F|  |TAMS 0x0000000085c00000| PB 0x0000000085c00000| Untracked 
|  31|0x0000000085d00000, 0x0000000085d00000, 0x0000000085e00000|  0%| F|  |TAMS 0x0000000085d00000| PB 0x0000000085d00000| Untracked 
|  32|0x0000000085e00000, 0x0000000085e00000, 0x0000000085f00000|  0%| F|  |TAMS 0x0000000085e00000| PB 0x0000000085e00000| Untracked 
|  33|0x0000000085f00000, 0x0000000085f00000, 0x0000000086000000|  0%| F|  |TAMS 0x0000000085f00000| PB 0x0000000085f00000| Untracked 
|  34|0x0000000086000000, 0x0000000086000000, 0x0000000086100000|  0%| F|  |TAMS 0x0000000086000000| PB 0x0000000086000000| Untracked 
|  35|0x0000000086100000, 0x0000000086100000, 0x0000000086200000|  0%| F|  |TAMS 0x0000000086100000| PB 0x0000000086100000| Untracked 
|  36|0x0000000086200000, 0x0000000086200000, 0x0000000086300000|  0%| F|  |TAMS 0x0000000086200000| PB 0x0000000086200000| Untracked 
|  37|0x0000000086300000, 0x0000000086300000, 0x0000000086400000|  0%| F|  |TAMS 0x0000000086300000| PB 0x0000000086300000| Untracked 
|  38|0x0000000086400000, 0x0000000086400000, 0x0000000086500000|  0%| F|  |TAMS 0x0000000086400000| PB 0x0000000086400000| Untracked 
|  39|0x0000000086500000, 0x0000000086500000, 0x0000000086600000|  0%| F|  |TAMS 0x0000000086500000| PB 0x0000000086500000| Untracked 
|  40|0x0000000086600000, 0x0000000086600000, 0x0000000086700000|  0%| F|  |TAMS 0x0000000086600000| PB 0x0000000086600000| Untracked 
|  41|0x0000000086700000, 0x0000000086700000, 0x0000000086800000|  0%| F|  |TAMS 0x0000000086700000| PB 0x0000000086700000| Untracked 
|  42|0x0000000086800000, 0x0000000086800000, 0x0000000086900000|  0%| F|  |TAMS 0x0000000086800000| PB 0x0000000086800000| Untracked 
|  43|0x0000000086900000, 0x0000000086900000, 0x0000000086a00000|  0%| F|  |TAMS 0x0000000086900000| PB 0x0000000086900000| Untracked 
|  44|0x0000000086a00000, 0x0000000086a00000, 0x0000000086b00000|  0%| F|  |TAMS 0x0000000086a00000| PB 0x0000000086a00000| Untracked 
|  45|0x0000000086b00000, 0x0000000086b00000, 0x0000000086c00000|  0%| F|  |TAMS 0x0000000086b00000| PB 0x0000000086b00000| Untracked 
|  46|0x0000000086c00000, 0x0000000086c00000, 0x0000000086d00000|  0%| F|  |TAMS 0x0000000086c00000| PB 0x0000000086c00000| Untracked 
|  47|0x0000000086d00000, 0x0000000086d00000, 0x0000000086e00000|  0%| F|  |TAMS 0x0000000086d00000| PB 0x0000000086d00000| Untracked 
|  48|0x0000000086e00000, 0x0000000086e00000, 0x0000000086f00000|  0%| F|  |TAMS 0x0000000086e00000| PB 0x0000000086e00000| Untracked 
|  49|0x0000000086f00000, 0x0000000086f00000, 0x0000000087000000|  0%| F|  |TAMS 0x0000000086f00000| PB 0x0000000086f00000| Untracked 
|  50|0x0000000087000000, 0x0000000087000000, 0x0000000087100000|  0%| F|  |TAMS 0x0000000087000000| PB 0x0000000087000000| Untracked 
|  51|0x0000000087100000, 0x0000000087100000, 0x0000000087200000|  0%| F|  |TAMS 0x0000000087100000| PB 0x0000000087100000| Untracked 
|  52|0x0000000087200000, 0x0000000087200000, 0x0000000087300000|  0%| F|  |TAMS 0x0000000087200000| PB 0x0000000087200000| Untracked 
|  53|0x0000000087300000, 0x0000000087300000, 0x0000000087400000|  0%| F|  |TAMS 0x0000000087300000| PB 0x0000000087300000| Untracked 
|  54|0x0000000087400000, 0x0000000087400000, 0x0000000087500000|  0%| F|  |TAMS 0x0000000087400000| PB 0x0000000087400000| Untracked 
|  55|0x0000000087500000, 0x0000000087500000, 0x0000000087600000|  0%| F|  |TAMS 0x0000000087500000| PB 0x0000000087500000| Untracked 
|  56|0x0000000087600000, 0x0000000087600000, 0x0000000087700000|  0%| F|  |TAMS 0x0000000087600000| PB 0x0000000087600000| Untracked 
|  57|0x0000000087700000, 0x0000000087700000, 0x0000000087800000|  0%| F|  |TAMS 0x0000000087700000| PB 0x0000000087700000| Untracked 
|  58|0x0000000087800000, 0x0000000087800000, 0x0000000087900000|  0%| F|  |TAMS 0x0000000087800000| PB 0x0000000087800000| Untracked 
|  59|0x0000000087900000, 0x0000000087900000, 0x0000000087a00000|  0%| F|  |TAMS 0x0000000087900000| PB 0x0000000087900000| Untracked 
|  60|0x0000000087a00000, 0x0000000087a00000, 0x0000000087b00000|  0%| F|  |TAMS 0x0000000087a00000| PB 0x0000000087a00000| Untracked 
|  61|0x0000000087b00000, 0x0000000087b00000, 0x0000000087c00000|  0%| F|  |TAMS 0x0000000087b00000| PB 0x0000000087b00000| Untracked 
|  62|0x0000000087c00000, 0x0000000087c00000, 0x0000000087d00000|  0%| F|  |TAMS 0x0000000087c00000| PB 0x0000000087c00000| Untracked 
|  63|0x0000000087d00000, 0x0000000087d00000, 0x0000000087e00000|  0%| F|  |TAMS 0x0000000087d00000| PB 0x0000000087d00000| Untracked 
|  64|0x0000000087e00000, 0x0000000087e00000, 0x0000000087f00000|  0%| F|  |TAMS 0x0000000087e00000| PB 0x0000000087e00000| Untracked 
|  65|0x0000000087f00000, 0x0000000087f00000, 0x0000000088000000|  0%| F|  |TAMS 0x0000000087f00000| PB 0x0000000087f00000| Untracked 
|  66|0x0000000088000000, 0x0000000088000000, 0x0000000088100000|  0%| F|  |TAMS 0x0000000088000000| PB 0x0000000088000000| Untracked 
|  67|0x0000000088100000, 0x0000000088100000, 0x0000000088200000|  0%| F|  |TAMS 0x0000000088100000| PB 0x0000000088100000| Untracked 
|  68|0x0000000088200000, 0x0000000088200000, 0x0000000088300000|  0%| F|  |TAMS 0x0000000088200000| PB 0x0000000088200000| Untracked 
|  69|0x0000000088300000, 0x0000000088300000, 0x0000000088400000|  0%| F|  |TAMS 0x0000000088300000| PB 0x0000000088300000| Untracked 
|  70|0x0000000088400000, 0x0000000088400000, 0x0000000088500000|  0%| F|  |TAMS 0x0000000088400000| PB 0x0000000088400000| Untracked 
|  71|0x0000000088500000, 0x0000000088500000, 0x0000000088600000|  0%| F|  |TAMS 0x0000000088500000| PB 0x0000000088500000| Untracked 
|  72|0x0000000088600000, 0x0000000088600000, 0x0000000088700000|  0%| F|  |TAMS 0x0000000088600000| PB 0x0000000088600000| Untracked 
|  73|0x0000000088700000, 0x0000000088700000, 0x0000000088800000|  0%| F|  |TAMS 0x0000000088700000| PB 0x0000000088700000| Untracked 
|  74|0x0000000088800000, 0x0000000088800000, 0x0000000088900000|  0%| F|  |TAMS 0x0000000088800000| PB 0x0000000088800000| Untracked 
|  75|0x0000000088900000, 0x0000000088900000, 0x0000000088a00000|  0%| F|  |TAMS 0x0000000088900000| PB 0x0000000088900000| Untracked 
|  76|0x0000000088a00000, 0x0000000088a00000, 0x0000000088b00000|  0%| F|  |TAMS 0x0000000088a00000| PB 0x0000000088a00000| Untracked 
|  77|0x0000000088b00000, 0x0000000088b00000, 0x0000000088c00000|  0%| F|  |TAMS 0x0000000088b00000| PB 0x0000000088b00000| Untracked 
|  78|0x0000000088c00000, 0x0000000088c00000, 0x0000000088d00000|  0%| F|  |TAMS 0x0000000088c00000| PB 0x0000000088c00000| Untracked 
|  79|0x0000000088d00000, 0x0000000088d00000, 0x0000000088e00000|  0%| F|  |TAMS 0x0000000088d00000| PB 0x0000000088d00000| Untracked 
|  80|0x0000000088e00000, 0x0000000088e00000, 0x0000000088f00000|  0%| F|  |TAMS 0x0000000088e00000| PB 0x0000000088e00000| Untracked 
|  81|0x0000000088f00000, 0x0000000088f00000, 0x0000000089000000|  0%| F|  |TAMS 0x0000000088f00000| PB 0x0000000088f00000| Untracked 
|  82|0x0000000089000000, 0x0000000089000000, 0x0000000089100000|  0%| F|  |TAMS 0x0000000089000000| PB 0x0000000089000000| Untracked 
|  83|0x0000000089100000, 0x0000000089100000, 0x0000000089200000|  0%| F|  |TAMS 0x0000000089100000| PB 0x0000000089100000| Untracked 
|  84|0x0000000089200000, 0x0000000089200000, 0x0000000089300000|  0%| F|  |TAMS 0x0000000089200000| PB 0x0000000089200000| Untracked 
|  85|0x0000000089300000, 0x0000000089300000, 0x0000000089400000|  0%| F|  |TAMS 0x0000000089300000| PB 0x0000000089300000| Untracked 
|  86|0x0000000089400000, 0x0000000089400000, 0x0000000089500000|  0%| F|  |TAMS 0x0000000089400000| PB 0x0000000089400000| Untracked 
|  87|0x0000000089500000, 0x0000000089500000, 0x0000000089600000|  0%| F|  |TAMS 0x0000000089500000| PB 0x0000000089500000| Untracked 
|  88|0x0000000089600000, 0x0000000089600000, 0x0000000089700000|  0%| F|  |TAMS 0x0000000089600000| PB 0x0000000089600000| Untracked 
|  89|0x0000000089700000, 0x0000000089700000, 0x0000000089800000|  0%| F|  |TAMS 0x0000000089700000| PB 0x0000000089700000| Untracked 
|  90|0x0000000089800000, 0x0000000089800000, 0x0000000089900000|  0%| F|  |TAMS 0x0000000089800000| PB 0x0000000089800000| Untracked 
|  91|0x0000000089900000, 0x0000000089900000, 0x0000000089a00000|  0%| F|  |TAMS 0x0000000089900000| PB 0x0000000089900000| Untracked 
|  92|0x0000000089a00000, 0x0000000089a00000, 0x0000000089b00000|  0%| F|  |TAMS 0x0000000089a00000| PB 0x0000000089a00000| Untracked 
|  93|0x0000000089b00000, 0x0000000089b00000, 0x0000000089c00000|  0%| F|  |TAMS 0x0000000089b00000| PB 0x0000000089b00000| Untracked 
|  94|0x0000000089c00000, 0x0000000089c00000, 0x0000000089d00000|  0%| F|  |TAMS 0x0000000089c00000| PB 0x0000000089c00000| Untracked 
|  95|0x0000000089d00000, 0x0000000089d00000, 0x0000000089e00000|  0%| F|  |TAMS 0x0000000089d00000| PB 0x0000000089d00000| Untracked 
|  96|0x0000000089e00000, 0x0000000089e00000, 0x0000000089f00000|  0%| F|  |TAMS 0x0000000089e00000| PB 0x0000000089e00000| Untracked 
|  97|0x0000000089f00000, 0x0000000089f00000, 0x000000008a000000|  0%| F|  |TAMS 0x0000000089f00000| PB 0x0000000089f00000| Untracked 
|  98|0x000000008a000000, 0x000000008a000000, 0x000000008a100000|  0%| F|  |TAMS 0x000000008a000000| PB 0x000000008a000000| Untracked 
|  99|0x000000008a100000, 0x000000008a100000, 0x000000008a200000|  0%| F|  |TAMS 0x000000008a100000| PB 0x000000008a100000| Untracked 
| 100|0x000000008a200000, 0x000000008a200000, 0x000000008a300000|  0%| F|  |TAMS 0x000000008a200000| PB 0x000000008a200000| Untracked 
| 101|0x000000008a300000, 0x000000008a300000, 0x000000008a400000|  0%| F|  |TAMS 0x000000008a300000| PB 0x000000008a300000| Untracked 
| 102|0x000000008a400000, 0x000000008a400000, 0x000000008a500000|  0%| F|  |TAMS 0x000000008a400000| PB 0x000000008a400000| Untracked 
| 103|0x000000008a500000, 0x000000008a500000, 0x000000008a600000|  0%| F|  |TAMS 0x000000008a500000| PB 0x000000008a500000| Untracked 
| 104|0x000000008a600000, 0x000000008a600000, 0x000000008a700000|  0%| F|  |TAMS 0x000000008a600000| PB 0x000000008a600000| Untracked 
| 105|0x000000008a700000, 0x000000008a700000, 0x000000008a800000|  0%| F|  |TAMS 0x000000008a700000| PB 0x000000008a700000| Untracked 
| 106|0x000000008a800000, 0x000000008a800000, 0x000000008a900000|  0%| F|  |TAMS 0x000000008a800000| PB 0x000000008a800000| Untracked 
| 107|0x000000008a900000, 0x000000008a900000, 0x000000008aa00000|  0%| F|  |TAMS 0x000000008a900000| PB 0x000000008a900000| Untracked 
| 108|0x000000008aa00000, 0x000000008aa00000, 0x000000008ab00000|  0%| F|  |TAMS 0x000000008aa00000| PB 0x000000008aa00000| Untracked 
| 109|0x000000008ab00000, 0x000000008ab00000, 0x000000008ac00000|  0%| F|  |TAMS 0x000000008ab00000| PB 0x000000008ab00000| Untracked 
| 110|0x000000008ac00000, 0x000000008ac00000, 0x000000008ad00000|  0%| F|  |TAMS 0x000000008ac00000| PB 0x000000008ac00000| Untracked 
| 111|0x000000008ad00000, 0x000000008ad00000, 0x000000008ae00000|  0%| F|  |TAMS 0x000000008ad00000| PB 0x000000008ad00000| Untracked 
| 112|0x000000008ae00000, 0x000000008ae00000, 0x000000008af00000|  0%| F|  |TAMS 0x000000008ae00000| PB 0x000000008ae00000| Untracked 
| 113|0x000000008af00000, 0x000000008af00000, 0x000000008b000000|  0%| F|  |TAMS 0x000000008af00000| PB 0x000000008af00000| Untracked 
| 114|0x000000008b000000, 0x000000008b000000, 0x000000008b100000|  0%| F|  |TAMS 0x000000008b000000| PB 0x000000008b000000| Untracked 
| 115|0x000000008b100000, 0x000000008b100000, 0x000000008b200000|  0%| F|  |TAMS 0x000000008b100000| PB 0x000000008b100000| Untracked 
| 116|0x000000008b200000, 0x000000008b200000, 0x000000008b300000|  0%| F|  |TAMS 0x000000008b200000| PB 0x000000008b200000| Untracked 
| 117|0x000000008b300000, 0x000000008b376448, 0x000000008b400000| 46%| E|  |TAMS 0x000000008b300000| PB 0x000000008b300000| Complete 
| 118|0x000000008b400000, 0x000000008b500000, 0x000000008b500000|100%| E|CS|TAMS 0x000000008b400000| PB 0x000000008b400000| Complete 
| 119|0x000000008b500000, 0x000000008b600000, 0x000000008b600000|100%| E|CS|TAMS 0x000000008b500000| PB 0x000000008b500000| Complete 
| 120|0x000000008b600000, 0x000000008b700000, 0x000000008b700000|100%| E|CS|TAMS 0x000000008b600000| PB 0x000000008b600000| Complete 
| 121|0x000000008b700000, 0x000000008b800000, 0x000000008b800000|100%| E|CS|TAMS 0x000000008b700000| PB 0x000000008b700000| Complete 
| 122|0x000000008b800000, 0x000000008b900000, 0x000000008b900000|100%| E|CS|TAMS 0x000000008b800000| PB 0x000000008b800000| Complete 
| 123|0x000000008b900000, 0x000000008ba00000, 0x000000008ba00000|100%| E|CS|TAMS 0x000000008b900000| PB 0x000000008b900000| Complete 
| 124|0x000000008ba00000, 0x000000008bb00000, 0x000000008bb00000|100%| E|CS|TAMS 0x000000008ba00000| PB 0x000000008ba00000| Complete 
| 125|0x000000008bb00000, 0x000000008bc00000, 0x000000008bc00000|100%| E|CS|TAMS 0x000000008bb00000| PB 0x000000008bb00000| Complete 

Card table byte_map: [0x00000167fa150000,0x00000167fa540000] _byte_map_base: 0x00000167f9d31000

Marking Bits: (CMBitMap*) 0x00000167ef7261e0
 Bits: [0x00000167fa540000, 0x00000167fc448000)

Polling page: 0x00000167ef540000

Metaspace:

Usage:
  Non-class:      2.03 MB used.
      Class:    183.84 KB used.
       Both:      2.21 MB used.

Virtual space:
  Non-class space:       64.00 MB reserved,       2.12 MB (  3%) committed,  1 nodes.
      Class space:        1.00 GB reserved,     256.00 KB ( <1%) committed,  1 nodes.
             Both:        1.06 GB reserved,       2.38 MB ( <1%) committed. 

Chunk freelists:
   Non-Class:  11.12 MB
       Class:  15.63 MB
        Both:  26.76 MB

MaxMetaspaceSize: unlimited
CompressedClassSpaceSize: 1.00 GB
Initial GC threshold: 21.00 MB
Current GC threshold: 21.00 MB
CDS: on
 - commit_granule_bytes: 65536.
 - commit_granule_words: 8192.
 - virtual_space_node_default_size: 8388608.
 - enlarge_chunks_in_place: 1.
 - use_allocation_guard: 0.


Internal statistics:

num_allocs_failed_limit: 0.
num_arena_births: 64.
num_arena_deaths: 0.
num_vsnodes_births: 2.
num_vsnodes_deaths: 0.
num_space_committed: 38.
num_space_uncommitted: 0.
num_chunks_returned_to_freelist: 0.
num_chunks_taken_from_freelist: 120.
num_chunk_merges: 0.
num_chunk_splits: 73.
num_chunks_enlarged: 49.
num_inconsistent_stats: 0.

CodeHeap 'non-profiled nmethods': size=120000Kb used=204Kb max_used=204Kb free=119795Kb
 bounds [0x0000016787ad0000, 0x0000016787d40000, 0x000001678f000000]
CodeHeap 'profiled nmethods': size=120000Kb used=909Kb max_used=909Kb free=119090Kb
 bounds [0x0000016780000000, 0x0000016780270000, 0x0000016787530000]
CodeHeap 'non-nmethods': size=5760Kb used=1399Kb max_used=1417Kb free=4360Kb
 bounds [0x0000016787530000, 0x00000167877a0000, 0x0000016787ad0000]
 total_blobs=1018 nmethods=575 adapters=348
 compilation: enabled
              stopped_count=0, restarted_count=0
 full_count=0

Compilation events (20 events):
Event: 0.474 Thread 0x00000167fef1d0c0 nmethod 552 0x0000016787affc10 code [0x0000016787affda0, 0x0000016787afff18]
Event: 0.474 Thread 0x00000167fef1d0c0  554   !   4       java.util.zip.ZipFile::getEntry (59 bytes)
Event: 0.475 Thread 0x00000167fef1df70  565       1       java.nio.HeapByteBuffer::isReadOnly (2 bytes)
Event: 0.475 Thread 0x00000167fef1df70 nmethod 565 0x0000016787afff90 code [0x0000016787b00120, 0x0000016787b001e8]
Event: 0.476 Thread 0x00000167fef1df70  566       3       java.nio.Buffer::position (52 bytes)
Event: 0.476 Thread 0x00000167fef1df70 nmethod 566 0x00000167800e0c90 code [0x00000167800e0e60, 0x00000167800e10f0]
Event: 0.476 Thread 0x00000167fef1df70  567       3       java.nio.ByteBuffer::position (8 bytes)
Event: 0.476 Thread 0x00000167fef1df70 nmethod 567 0x00000167800e1210 code [0x00000167800e13c0, 0x00000167800e1518]
Event: 0.477 Thread 0x00000167fef1df70  568       3       java.lang.String::equalsIgnoreCase (45 bytes)
Event: 0.478 Thread 0x00000167fef1df70 nmethod 568 0x00000167800e1610 code [0x00000167800e1800, 0x00000167800e1d58]
Event: 0.479 Thread 0x00000167fef1df70  570       3       java.io.FilterInputStream::<init> (10 bytes)
Event: 0.479 Thread 0x00000167fef1df70 nmethod 570 0x00000167800e1f10 code [0x00000167800e20c0, 0x00000167800e22e8]
Event: 0.483 Thread 0x00000167fef1df70  572       3       jdk.internal.jimage.BasicImageReader::getLocationIndex (52 bytes)
Event: 0.483 Thread 0x00000167fef1df70 nmethod 572 0x00000167800e2410 code [0x00000167800e2620, 0x00000167800e2ad0]
Event: 0.483 Thread 0x00000167fef1df70  573       3       jdk.internal.jimage.ImageStringsReader::hashCode (8 bytes)
Event: 0.483 Thread 0x00000167fef1df70 nmethod 573 0x00000167800e2d90 code [0x00000167800e2f40, 0x00000167800e3108]
Event: 0.483 Thread 0x00000167fef1df70  574       3       jdk.internal.jimage.ImageStringsReader::match (11 bytes)
Event: 0.483 Thread 0x00000167fef1df70 nmethod 574 0x00000167800e3210 code [0x00000167800e33c0, 0x00000167800e35b8]
Event: 0.485 Thread 0x00000167fef1d0c0 nmethod 554 0x0000016787b00290 code [0x0000016787b004e0, 0x0000016787b01118]
Event: 0.485 Thread 0x00000167fef1d0c0  569       4       java.lang.StringLatin1::indexOf (121 bytes)

GC Heap History (0 events):
No events

Dll operation events (9 events):
Event: 0.011 Loaded shared library C:\Program Files\jdk-21.0.2\bin\java.dll
Event: 0.057 Loaded shared library C:\Program Files\jdk-21.0.2\bin\jsvml.dll
Event: 0.195 Loaded shared library C:\Program Files\jdk-21.0.2\bin\net.dll
Event: 0.196 Loaded shared library C:\Program Files\jdk-21.0.2\bin\nio.dll
Event: 0.201 Loaded shared library C:\Program Files\jdk-21.0.2\bin\zip.dll
Event: 0.314 Loaded shared library C:\Program Files\jdk-21.0.2\bin\verify.dll
Event: 0.321 Loaded shared library C:\Program Files\jdk-21.0.2\bin\jimage.dll
Event: 0.373 Loaded shared library C:\Users\yessi\AppData\Local\Temp\libgdxyessi\e787ab0a\gdx64.dll
Event: 0.438 Loaded shared library C:\Users\yessi\AppData\Local\Temp\lwjglyessi\3.3.1-build-7\lwjgl.dll

Deoptimization events (20 events):
Event: 0.213 Thread 0x00000167ef5cd840 DEOPT PACKING pc=0x000001678001ead5 sp=0x000000568e3fa260
Event: 0.213 Thread 0x00000167ef5cd840 DEOPT UNPACKING pc=0x0000016787584e42 sp=0x000000568e3f96d0 mode 0
Event: 0.214 Thread 0x00000167ef5cd840 DEOPT PACKING pc=0x000001678001ead5 sp=0x000000568e3fa260
Event: 0.214 Thread 0x00000167ef5cd840 DEOPT UNPACKING pc=0x0000016787584e42 sp=0x000000568e3f96d0 mode 0
Event: 0.214 Thread 0x00000167ef5cd840 DEOPT PACKING pc=0x000001678001ead5 sp=0x000000568e3fa260
Event: 0.214 Thread 0x00000167ef5cd840 DEOPT UNPACKING pc=0x0000016787584e42 sp=0x000000568e3f96d0 mode 0
Event: 0.218 Thread 0x00000167ef5cd840 DEOPT PACKING pc=0x000001678000dd73 sp=0x000000568e3fa5f0
Event: 0.218 Thread 0x00000167ef5cd840 DEOPT UNPACKING pc=0x0000016787584e42 sp=0x000000568e3f9a10 mode 0
Event: 0.223 Thread 0x00000167ef5cd840 DEOPT PACKING pc=0x0000016780009ad4 sp=0x000000568e3fa190
Event: 0.223 Thread 0x00000167ef5cd840 DEOPT UNPACKING pc=0x0000016787584e42 sp=0x000000568e3f95f8 mode 0
Event: 0.368 Thread 0x00000167ef5cd840 Uncommon trap: trap_request=0xffffff45 fr.pc=0x0000016787ada51c relative=0x000000000000007c
Event: 0.368 Thread 0x00000167ef5cd840 Uncommon trap: reason=unstable_if action=reinterpret pc=0x0000016787ada51c method=java.io.WinNTFileSystem.isSlash(C)Z @ 9 c2
Event: 0.368 Thread 0x00000167ef5cd840 DEOPT PACKING pc=0x0000016787ada51c sp=0x000000568e3feb70
Event: 0.368 Thread 0x00000167ef5cd840 DEOPT UNPACKING pc=0x00000167875846a2 sp=0x000000568e3feb08 mode 2
Event: 0.435 Thread 0x00000167ef5cd840 Uncommon trap: trap_request=0xffffff45 fr.pc=0x0000016787ade6f4 relative=0x0000000000000054
Event: 0.435 Thread 0x00000167ef5cd840 Uncommon trap: reason=unstable_if action=reinterpret pc=0x0000016787ade6f4 method=sun.nio.fs.WindowsPathParser.isSlash(C)Z @ 9 c2
Event: 0.435 Thread 0x00000167ef5cd840 DEOPT PACKING pc=0x0000016787ade6f4 sp=0x000000568e3fb770
Event: 0.435 Thread 0x00000167ef5cd840 DEOPT UNPACKING pc=0x00000167875846a2 sp=0x000000568e3fb708 mode 2
Event: 0.479 Thread 0x00000167ef5cd840 DEOPT PACKING pc=0x000001678002f303 sp=0x000000568e3fa000
Event: 0.479 Thread 0x00000167ef5cd840 DEOPT UNPACKING pc=0x0000016787584e42 sp=0x000000568e3f9460 mode 0

Classes loaded (20 events):
Event: 0.440 Loading class java/nio/DirectShortBufferU
Event: 0.441 Loading class java/nio/DirectShortBufferU done
Event: 0.441 Loading class java/nio/DirectCharBufferU
Event: 0.441 Loading class java/nio/DirectCharBufferU done
Event: 0.441 Loading class java/nio/DirectFloatBufferU
Event: 0.442 Loading class java/nio/DirectFloatBufferU done
Event: 0.442 Loading class java/nio/DirectDoubleBufferU
Event: 0.442 Loading class java/nio/DirectDoubleBufferU done
Event: 0.442 Loading class sun/misc/Unsafe
Event: 0.443 Loading class sun/misc/Unsafe done
Event: 0.443 Loading class java/lang/invoke/DirectMethodHandle$StaticAccessor
Event: 0.443 Loading class java/lang/invoke/DirectMethodHandle$StaticAccessor done
Event: 0.448 Loading class java/util/function/LongPredicate
Event: 0.448 Loading class java/util/function/LongPredicate done
Event: 0.450 Loading class java/lang/foreign/MemorySegment
Event: 0.451 Loading class java/lang/foreign/MemorySegment done
Event: 0.457 Loading class java/nio/InvalidMarkException
Event: 0.457 Loading class java/nio/InvalidMarkException done
Event: 0.457 Loading class java/nio/BufferUnderflowException
Event: 0.457 Loading class java/nio/BufferUnderflowException done

Classes unloaded (0 events):
No events

Classes redefined (0 events):
No events

Internal exceptions (17 events):
Event: 0.400 Thread 0x00000167ef5cd840 Exception <a 'java/lang/NoSuchMethodError'{0x000000008b5a2100}: 'void java.lang.invoke.DirectMethodHandle$Holder.invokeStatic(java.lang.Object, java.lang.Object)'> (0x000000008b5a2100) 
thrown [s\open\src\hotspot\share\interpreter\linkResolver.cpp, line 773]
Event: 0.401 Thread 0x00000167ef5cd840 Exception <a 'java/lang/NoSuchMethodError'{0x000000008b5a72f8}: 'void java.lang.System.load(java.lang.String, java.lang.Class)'> (0x000000008b5a72f8) 
thrown [s\open\src\hotspot\share\interpreter\linkResolver.cpp, line 773]
Event: 0.401 Thread 0x00000167ef5cd840 Exception <a 'java/lang/NoSuchMethodError'{0x000000008b5a7ee8}: 'void java.lang.invoke.DirectMethodHandle$Holder.invokeSpecial(java.lang.Object, java.lang.Object, java.lang.Object)'> (0x000000008b5a7ee8) 
thrown [s\open\src\hotspot\share\interpreter\linkResolver.cpp, line 773]
Event: 0.403 Thread 0x00000167ef5cd840 Exception <a 'java/lang/NoSuchMethodError'{0x000000008b5b8a00}: 'java.lang.Object java.lang.invoke.DirectMethodHandle$Holder.invokeStatic(java.lang.Object, java.lang.Object, int)'> (0x000000008b5b8a00) 
thrown [s\open\src\hotspot\share\interpreter\linkResolver.cpp, line 773]
Event: 0.404 Thread 0x00000167ef5cd840 Exception <a 'java/lang/NoSuchMethodError'{0x000000008b5c3e50}: 'void java.lang.invoke.DelegatingMethodHandle$Holder.delegate(java.lang.Object, java.lang.Object, int, java.lang.Object)'> (0x000000008b5c3e50) 
thrown [s\open\src\hotspot\share\interpreter\linkResolver.cpp, line 773]
Event: 0.405 Thread 0x00000167ef5cd840 Exception <a 'java/lang/NoSuchMethodError'{0x000000008b5c7d38}: 'int java.lang.invoke.DirectMethodHandle$Holder.invokeSpecial(java.lang.Object, java.lang.Object, java.lang.Object)'> (0x000000008b5c7d38) 
thrown [s\open\src\hotspot\share\interpreter\linkResolver.cpp, line 773]
Event: 0.409 Thread 0x00000167ef5cd840 Exception <a 'java/lang/NoSuchMethodError'{0x000000008b5e1e70}: 'void java.lang.System.loadLibrary(java.lang.String, java.lang.Class)'> (0x000000008b5e1e70) 
thrown [s\open\src\hotspot\share\interpreter\linkResolver.cpp, line 773]
Event: 0.436 Thread 0x00000167ef5cd840 Exception <a 'sun/nio/fs/WindowsException'{0x000000008b439d58}> (0x000000008b439d58) 
thrown [s\open\src\hotspot\share\prims\jni.cpp, line 520]
Event: 0.436 Thread 0x00000167ef5cd840 Exception <a 'sun/nio/fs/WindowsException'{0x000000008b43a288}> (0x000000008b43a288) 
thrown [s\open\src\hotspot\share\prims\jni.cpp, line 520]
Event: 0.448 Thread 0x00000167ef5cd840 Exception <a 'java/lang/NoSuchMethodError'{0x000000008b46f830}: 'int java.lang.invoke.DirectMethodHandle$Holder.invokeStaticInit(java.lang.Object, java.lang.Object, int, long)'> (0x000000008b46f830) 
thrown [s\open\src\hotspot\share\interpreter\linkResolver.cpp, line 773]
Event: 0.450 Thread 0x00000167ef5cd840 Exception <a 'java/lang/NoSuchMethodError'{0x000000008b474858}: 'java.lang.Object java.lang.invoke.DirectMethodHandle$Holder.newInvokeSpecial(java.lang.Object, java.lang.Object, int)'> (0x000000008b474858) 
thrown [s\open\src\hotspot\share\interpreter\linkResolver.cpp, line 773]
Event: 0.452 Thread 0x00000167ef5cd840 Exception <a 'java/lang/NoSuchMethodError'{0x000000008b4861e0}: 'int java.lang.invoke.DirectMethodHandle$Holder.invokeStaticInit(java.lang.Object, java.lang.Object, long, long)'> (0x000000008b4861e0) 
thrown [s\open\src\hotspot\share\interpreter\linkResolver.cpp, line 773]
Event: 0.453 Thread 0x00000167ef5cd840 Exception <a 'java/lang/NoSuchMethodError'{0x000000008b48ba48}: 'java.lang.Object java.lang.invoke.DirectMethodHandle$Holder.newInvokeSpecial(java.lang.Object, java.lang.Object, long)'> (0x000000008b48ba48) 
thrown [s\open\src\hotspot\share\interpreter\linkResolver.cpp, line 773]
Event: 0.454 Thread 0x00000167ef5cd840 Exception <a 'java/lang/NoSuchMethodError'{0x000000008b48f838}: 'java.lang.Object java.lang.invoke.Invokers$Holder.linkToTargetMethod(java.lang.Object, long, java.lang.Object)'> (0x000000008b48f838) 
thrown [s\open\src\hotspot\share\interpreter\linkResolver.cpp, line 773]
Event: 0.455 Thread 0x00000167ef5cd840 Exception <a 'java/lang/NoSuchMethodError'{0x000000008b4968c0}: 'int java.lang.invoke.DirectMethodHandle$Holder.invokeStaticInit(java.lang.Object, java.lang.Object, java.lang.Object, long)'> (0x000000008b4968c0) 
thrown [s\open\src\hotspot\share\interpreter\linkResolver.cpp, line 773]
Event: 0.476 Thread 0x00000167ef5cd840 Exception <a 'sun/nio/fs/WindowsException'{0x000000008b320240}> (0x000000008b320240) 
thrown [s\open\src\hotspot\share\prims\jni.cpp, line 520]
Event: 0.477 Thread 0x00000167ef5cd840 Exception <a 'sun/nio/fs/WindowsException'{0x000000008b3205d0}> (0x000000008b3205d0) 
thrown [s\open\src\hotspot\share\prims\jni.cpp, line 520]

ZGC Phase Switch (0 events):
No events

VM Operations (6 events):
Event: 0.230 Executing VM operation: HandshakeAllThreads (Deoptimize)
Event: 0.230 Executing VM operation: HandshakeAllThreads (Deoptimize) done
Event: 0.368 Executing VM operation: HandshakeAllThreads (Deoptimize)
Event: 0.368 Executing VM operation: HandshakeAllThreads (Deoptimize) done
Event: 0.403 Executing VM operation: HandshakeAllThreads (Deoptimize)
Event: 0.403 Executing VM operation: HandshakeAllThreads (Deoptimize) done

Events (14 events):
Event: 0.032 Thread 0x00000167ef5cd840 Thread added: 0x00000167ef5cd840
Event: 0.054 Thread 0x00000167fef015e0 Thread added: 0x00000167fef015e0
Event: 0.054 Thread 0x00000167fef02850 Thread added: 0x00000167fef02850
Event: 0.054 Thread 0x00000167fef088b0 Thread added: 0x00000167fef088b0
Event: 0.054 Thread 0x00000167fef09310 Thread added: 0x00000167fef09310
Event: 0.054 Thread 0x00000167fef0bf90 Thread added: 0x00000167fef0bf90
Event: 0.054 Thread 0x00000167fef0ea00 Thread added: 0x00000167fef0ea00
Event: 0.054 Thread 0x00000167fef1d0c0 Thread added: 0x00000167fef1d0c0
Event: 0.054 Thread 0x00000167fef1df70 Thread added: 0x00000167fef1df70
Event: 0.135 Thread 0x00000167ff17ff20 Thread added: 0x00000167ff17ff20
Event: 0.136 Thread 0x00000167ff1816d0 Thread added: 0x00000167ff1816d0
Event: 0.136 Thread 0x00000167ff182a40 Thread added: 0x00000167ff182a40
Event: 0.184 Thread 0x00000167ff18ae00 Thread added: 0x00000167ff18ae00
Event: 0.188 Thread 0x00000167ff187a10 Thread added: 0x00000167ff187a10


Dynamic libraries:
0x00007ff6b1d00000 - 0x00007ff6b1d0e000 	C:\Program Files\jdk-21.0.2\bin\java.exe
0x00007ffee70f0000 - 0x00007ffee72e8000 	C:\WINDOWS\SYSTEM32\ntdll.dll
0x00007ffee6ca0000 - 0x00007ffee6d61000 	C:\WINDOWS\System32\KERNEL32.DLL
0x00007ffee4d00000 - 0x00007ffee4ffd000 	C:\WINDOWS\System32\KERNELBASE.dll
0x00007ffee4960000 - 0x00007ffee4a60000 	C:\WINDOWS\System32\ucrtbase.dll
0x00007ffed4350000 - 0x00007ffed436b000 	C:\Program Files\jdk-21.0.2\bin\VCRUNTIME140.dll
0x00007ffed4290000 - 0x00007ffed42a8000 	C:\Program Files\jdk-21.0.2\bin\jli.dll
0x00007ffee6a00000 - 0x00007ffee6b9d000 	C:\WINDOWS\System32\USER32.dll
0x00007ffee4930000 - 0x00007ffee4952000 	C:\WINDOWS\System32\win32u.dll
0x00007ffecc980000 - 0x00007ffeccc1a000 	C:\WINDOWS\WinSxS\amd64_microsoft.windows.common-controls_6595b64144ccf1df_6.0.19041.4355_none_60b8b9eb71f62e16\COMCTL32.dll
0x00007ffee7080000 - 0x00007ffee70ab000 	C:\WINDOWS\System32\GDI32.dll
0x00007ffee6d70000 - 0x00007ffee6e0e000 	C:\WINDOWS\System32\msvcrt.dll
0x00007ffee4be0000 - 0x00007ffee4cf7000 	C:\WINDOWS\System32\gdi32full.dll
0x00007ffee4b40000 - 0x00007ffee4bdd000 	C:\WINDOWS\System32\msvcp_win.dll
0x00007ffee52b0000 - 0x00007ffee52df000 	C:\WINDOWS\System32\IMM32.DLL
0x00007ffedb2b0000 - 0x00007ffedb2bc000 	C:\Program Files\jdk-21.0.2\bin\vcruntime140_1.dll
0x00007ffec5a70000 - 0x00007ffec5afe000 	C:\Program Files\jdk-21.0.2\bin\msvcp140.dll
0x00007ffe554f0000 - 0x00007ffe56207000 	C:\Program Files\jdk-21.0.2\bin\server\jvm.dll
0x00007ffee5680000 - 0x00007ffee5730000 	C:\WINDOWS\System32\ADVAPI32.dll
0x00007ffee6c00000 - 0x00007ffee6ca0000 	C:\WINDOWS\System32\sechost.dll
0x00007ffee68d0000 - 0x00007ffee69f3000 	C:\WINDOWS\System32\RPCRT4.dll
0x00007ffee47a0000 - 0x00007ffee47c7000 	C:\WINDOWS\System32\bcrypt.dll
0x00007ffee6800000 - 0x00007ffee686b000 	C:\WINDOWS\System32\WS2_32.dll
0x00007ffee4180000 - 0x00007ffee41cb000 	C:\WINDOWS\SYSTEM32\POWRPROF.dll
0x00007ffee3490000 - 0x00007ffee349a000 	C:\WINDOWS\SYSTEM32\VERSION.dll
0x00007ffed8e10000 - 0x00007ffed8e37000 	C:\WINDOWS\SYSTEM32\WINMM.dll
0x00007ffee4160000 - 0x00007ffee4172000 	C:\WINDOWS\SYSTEM32\UMPDC.dll
0x00007ffee33f0000 - 0x00007ffee3402000 	C:\WINDOWS\SYSTEM32\kernel.appcore.dll
0x00007ffed4340000 - 0x00007ffed434a000 	C:\Program Files\jdk-21.0.2\bin\jimage.dll
0x00007ffedeb10000 - 0x00007ffedecf4000 	C:\WINDOWS\SYSTEM32\DBGHELP.DLL
0x00007ffed90d0000 - 0x00007ffed9104000 	C:\WINDOWS\SYSTEM32\dbgcore.DLL
0x00007ffee4a60000 - 0x00007ffee4ae2000 	C:\WINDOWS\System32\bcryptPrimitives.dll
0x00007ffed56a0000 - 0x00007ffed56dc000 	C:\Program Files\jdk-21.0.2\bin\jdwp.dll
0x00007ffec7200000 - 0x00007ffec721f000 	C:\Program Files\jdk-21.0.2\bin\java.dll
0x00007ffee5c10000 - 0x00007ffee637f000 	C:\WINDOWS\System32\SHELL32.dll
0x00007ffedf520000 - 0x00007ffedfcc3000 	C:\WINDOWS\SYSTEM32\windows.storage.dll
0x00007ffee5800000 - 0x00007ffee5b53000 	C:\WINDOWS\System32\combase.dll
0x00007ffee41d0000 - 0x00007ffee41fe000 	C:\WINDOWS\SYSTEM32\Wldp.dll
0x00007ffee5730000 - 0x00007ffee57fd000 	C:\WINDOWS\System32\OLEAUT32.dll
0x00007ffee5b60000 - 0x00007ffee5c0d000 	C:\WINDOWS\System32\SHCORE.dll
0x00007ffee6ba0000 - 0x00007ffee6bf5000 	C:\WINDOWS\System32\shlwapi.dll
0x00007ffee46d0000 - 0x00007ffee46f4000 	C:\WINDOWS\SYSTEM32\profapi.dll
0x00007ffebcd20000 - 0x00007ffebcdf7000 	C:\Program Files\jdk-21.0.2\bin\jsvml.dll
0x00007ffed77f0000 - 0x00007ffed77fc000 	C:\Program Files\jdk-21.0.2\bin\dt_socket.dll
0x00007ffee3ba0000 - 0x00007ffee3bdb000 	C:\WINDOWS\SYSTEM32\IPHLPAPI.DLL
0x00007ffee3eb0000 - 0x00007ffee3f1a000 	C:\WINDOWS\system32\mswsock.dll
0x00007ffecc400000 - 0x00007ffecc410000 	C:\Program Files\jdk-21.0.2\bin\net.dll
0x00007ffede1b0000 - 0x00007ffede2bd000 	C:\WINDOWS\SYSTEM32\WINHTTP.dll
0x00007ffec6f80000 - 0x00007ffec6f96000 	C:\Program Files\jdk-21.0.2\bin\nio.dll
0x00007ffec71b0000 - 0x00007ffec71c8000 	C:\Program Files\jdk-21.0.2\bin\zip.dll
0x00007ffecc370000 - 0x00007ffecc380000 	C:\Program Files\jdk-21.0.2\bin\verify.dll
0x0000000050790000 - 0x00000000507b9000 	C:\Users\yessi\AppData\Local\Temp\libgdxyessi\e787ab0a\gdx64.dll
0x00007ffeb6600000 - 0x00007ffeb6675000 	C:\Users\yessi\AppData\Local\Temp\lwjglyessi\3.3.1-build-7\lwjgl.dll
0x00007ffe7f520000 - 0x00007ffe7f779000 	C:\Users\yessi\AppData\Local\Temp\lwjglyessi\3.3.1-build-7\jemalloc.dll

dbghelp: loaded successfully - version: 4.0.5 - missing functions: none
symbol engine: initialized successfully - sym options: 0x614 - pdb path: .;C:\Program Files\jdk-21.0.2\bin;C:\WINDOWS\SYSTEM32;C:\WINDOWS\WinSxS\amd64_microsoft.windows.common-controls_6595b64144ccf1df_6.0.19041.4355_none_60b8b9eb71f62e16;C:\Program Files\jdk-21.0.2\bin\server;C:\Users\yessi\AppData\Local\Temp\libgdxyessi\e787ab0a;C:\Users\yessi\AppData\Local\Temp\lwjglyessi\3.3.1-build-7

VM Arguments:
jvm_args: -agentlib:jdwp=transport=dt_socket,server=n,suspend=y,address=127.0.0.1:52303 -Dfile.encoding=windows-1252 -Duser.country=AU -Duser.language=en -Duser.variant 
java_command: com.csse3200.game.desktop.DesktopLauncher
java_class_path (initial): C:\Users\yessi\OneDrive\Documents\CSSE3200\2024-studio-2\source\desktop\build\classes\java\main;C:\Users\yessi\OneDrive\Documents\CSSE3200\2024-studio-2\source\desktop\build\resources\main;C:\Users\yessi\.gradle\caches\modules-2\files-2.1\com.badlogicgames.gdx\gdx-backend-lwjgl3\1.11.0\58a96db4cd349be4292d547856aa1e1c5f065f4e\gdx-backend-lwjgl3-1.11.0.jar;C:\Users\yessi\OneDrive\Documents\CSSE3200\2024-studio-2\source\core\build\libs\core-1.0.jar;C:\Users\yessi\OneDrive\Documents\CSSE3200\2024-studio-2\source\core\assets\libs\client-sdk-0.224.240830.jar;C:\Users\yessi\OneDrive\Documents\CSSE3200\2024-studio-2\source\core\assets\libs\gson-2.8.0.jar;C:\Users\yessi\.gradle\caches\modules-2\files-2.1\com.badlogicgames.gdx\gdx-platform\1.11.0\697fb13eada6d3c6ca648c9788692b0159add126\gdx-platform-1.11.0-natives-desktop.jar;C:\Users\yessi\.gradle\caches\modules-2\files-2.1\com.badlogicgames.gdx\gdx-box2d-platform\1.11.0\62ff9baa1e57a11e0a4428a38c9660bf9f312fdc\gdx-box2d-platform-1.11.0-natives-desktop.jar;C:\Users\yessi\.gradle\caches\modules-2\files-2.1\com.badlogicgames.gdx\gdx-tools\1.11.0\a5d30eafd0f2fbab314efdf6d98ebc27388b7c0a\gdx-tools-1.11.0.jar;C:\Users\yessi\.gradle\caches\modules-2\files-2.1\com.badlogicgames.gdx-controllers\gdx-controllers-desktop\2.2.2\625b3bdbe803e9c4af181b4791202cfcf776d805\gdx-controllers-desktop-2.2.2.jar;C:\Users\yessi\.gradle\caches\modules-2\files-2.1\com.badlogicgames.gdx\gdx-backend-lwjgl\1.11.0\33555a2cf8b4d9db4122b2fe42e7674b343d8b4\gdx-backend-lwjgl-1.11.0.jar;C:\Users\yessi\.gradle\caches\modules-2\files-2.1\com.badlogicgames.gdx\gdx-freetype\1.11.0\a3634ad2e6c56d251268d6ab5c0f66eee2841f2c\gdx-freetype-1.11.0.jar;C:\Users\yessi\.gradle\caches\modules-2\files-2.1\com.badlogicgames.gdx\gdx-backend-headless\1.11.0\3c3d0c951db72891d894df1725d09179fd0bca00\gdx-backend-headless-1.11.0.jar;C:\Users\yessi\.gradle\caches\modules-2\files-2.1\com.badlogicgames.gdx-controllers\gdx-controllers-core\2.2.2\25473efe9273912a03a4871a9e1469b41d86face\gdx-controllers-core-2.2.2.jar;C:\Users\yessi\.gradle\caches\modules-2\files-2.1\net.dermetfan.libgdx-utils\libgdx-utils-box2d\0.13.4\918d79a20ea3c898cdb3611782c5b2bfa6ec575b\libgdx-utils-box2d-0.13.4.jar;C:\Users\yessi\.gradle\caches\modules-2\files-2.1\com.badlogicgames.box2dlights\box2dlights\1.5\6902dbcd250c95a27973aa24a147a95b3828d348\box2dlights-1.5.jar;C:\Users\yessi\.gradle\caches\modules-2\files-2.1\com.badlogicgames.gdx\gdx-box2d\1.11.0\ad4facee800dd945d6d6e93dea2936bc135b5f\gdx-box2d-1.11.0.jar;C:\Users\yessi\.gradle\caches\modules-2\files-2.1\net.dermetfan.libgdx-utils\libgdx-utils\0.13.4\27affad2873d1c9c366a2290fc51f3927f3a5f83\libgdx-utils-0.13.4.jar;C:\Users\yessi\.gradle\caches\modules-2\files-2.1\com.badlogicgames.gdx\gdx\1.11.0\ffe1206d1004cd9e40027e28964be0fea0399af7\gdx-1.11.0.jar;C:\Users\yessi\.gradle\caches\modules-2\files-2.1\org.lwjgl\lwjgl-glfw\3.3.1\cbac1b8d30cb4795149c1ef540f912671a8616d0\lwjgl-glfw-3.3.1.jar;C:\Users\yessi\.gradle\caches\modules-2\files-2.1\org.lwjgl\lwjgl-glfw\3.3.1\81716978214ecbda15050ca394b06ef61501a49e\lwjgl-glfw-3.3.1-natives-linux.jar;C:\Users\yessi\.gradle\caches\modules-2\files-2.1\org.lwjgl\lwjgl-glfw\3.3.1\816d935933f2dd743074c4e717cc25b55720f294\lwjgl-glfw-3.3.1-natives-linux-arm32.jar;C:\Users\yessi\.gradle\caches\modules-2\files-2.1\org.lwjgl\lwjgl-glfw\3.3.1\513eb39b866d0fe131a18d5c517087805433b029\lwjgl-glfw-3.3.1-natives-linux-arm64.jar;C:\Users\yessi\.gradle\caches\modules-2\files-2.1\org.lwjgl\lwjgl-glfw\3.3.1\9ec4ce1fc8c85fdef03ef4ff2aace6f5775fb280\lwjgl-glfw-3.3.1-natives-macos.jar;C:\Users\yessi\.gradle\caches\modules-2\files-2.1\org.lwjgl\lwjgl-glfw\3.3.1\cac0d3f712a3da7641fa174735a5f315de7ffe0a\lwjgl-glfw-3.3.1-natives-macos-arm64.jar;C:\Users\yessi\.gradle\caches\modules-2\files-2.1\org.lwjgl\lwjgl-glfw\3.3.1\ed892f945cf7e79c8756796f32d00fa4ceaf573b\lwjgl-glfw-3.3.1-natives-windows.jar;C:\Users\yessi\.gradle\caches\modules-2\files-2.1\org.lwjgl\lwjgl-glfw\3.3.1\b997e3391d6ce8f05487e7335d95c606043884a1\lwjgl-glfw-3.3.1-natives-windows-x86.jar;C:\Users\yessi\.gradle\caches\modules-2\files-2.1\org.lwjgl\lwjgl-jemalloc\3.3.1\a817bcf213db49f710603677457567c37d53e103\lwjgl-jemalloc-3.3.1.jar;C:\Users\yessi\.gradle\caches\modules-2\files-2.1\org.lwjgl\lwjgl-jemalloc\3.3.1\33dbb017b6ed6b25f993ad9d56741a49e7937718\lwjgl-jemalloc-3.3.1-natives-linux.jar;C:\Users\yessi\.gradle\caches\modules-2\files-2.1\org.lwjgl\lwjgl-jemalloc\3.3.1\a96a6d6cb3876d7813fcee53c3c24f246aeba3b3\lwjgl-jemalloc-3.3.1-natives-linux-arm32.jar;C:\Users\yessi\.gradle\caches\modules-2\files-2.1\org.lwjgl\lwjgl-jemalloc\3.3.1\c6606e57db075ad218a2e78d2416c159a53b6a0c\lwjgl-jemalloc-3.3.1-natives-linux-arm64.jar;C:\Users\yessi\.gradle\caches\modules-2\files-2.1\org.lwjgl\lwjgl-jemalloc\3.3.1\56424dc8db3cfb8e7b594aa6d59a4f4387b7f544\lwjgl-jemalloc-3.3.1-natives-macos.jar;C:\Users\yessi\.gradle\caches\modules-2\files-2.1\org.lwjgl\lwjgl-jemalloc\3.3.1\e577b87d8ad2ade361aaea2fcf226c660b15dee8\lwjgl-jemalloc-3.3.1-natives-macos-arm64.jar;C:\Users\yessi\.gradle\caches\modules-2\files-2.1\org.lwjgl\lwjgl-jemalloc\3.3.1\948a89b76a16aa324b046ae9308891216ffce5f9\lwjgl-jemalloc-3.3.1-natives-windows.jar;C:\Users\yessi\.gradle\caches\modules-2\files-2.1\org.lwjgl\lwjgl-jemalloc\3.3.1\fb476c8ec110e1c137ad3ce8a7f7bfe6b11c6324\lwjgl-jemalloc-3.3.1-natives-windows-x86.jar;C:\Users\yessi\.gradle\caches\modules-2\files-2.1\org.lwjgl\lwjgl-openal\3.3.1\2623a6b8ae1dfcd880738656a9f0243d2e6840bd\lwjgl-openal-3.3.1.jar;C:\Users\yessi\.gradle\caches\modules-2\files-2.1\org.lwjgl\lwjgl-openal\3.3.1\f906b6439f6daa66001182ea7727e3467a93681b\lwjgl-openal-3.3.1-natives-linux.jar;C:\Users\yessi\.gradle\caches\modules-2\files-2.1\org.lwjgl\lwjgl-openal\3.3.1\ffbe35d7fa5ec9b7eca136a7c71f24d4025a510b\lwjgl-openal-3.3.1-natives-linux-arm32.jar;C:\Users\yessi\.gradle\caches\modules-2\files-2.1\org.lwjgl\lwjgl-openal\3.3.1\cf4e303257e82981b8b2e31bba3d7f8f7b8f42b2\lwjgl-openal-3.3.1-natives-linux-arm64.jar;C:\Users\yessi\.gradle\caches\modules-2\files-2.1\org.lwjgl\lwjgl-openal\3.3.1\3a57b8911835fb58b5e558d0ca0d28157e263d45\lwjgl-openal-3.3.1-natives-macos.jar;C:\Users\yessi\.gradle\caches\modules-2\files-2.1\org.lwjgl\lwjgl-openal\3.3.1\23d55e7490b57495320f6c9e1936d78fd72c4ef8\lwjgl-openal-3.3.1-natives-macos-arm64.jar;C:\Users\yessi\.gradle\caches\modules-2\files-2.1\org.lwjgl\lwjgl-openal\3.3.1\30a474d0e57193d7bc128849a3ab66bc9316fdb1\lwjgl-openal-3.3.1-natives-windows.jar;C:\Users\yessi\.gradle\caches\modules-2\files-2.1\org.lwjgl\lwjgl-openal\3.3.1\888349f7b1be6fbae58bf8edfb9ef12def04c4e3\lwjgl-openal-3.3.1-natives-windows-x86.jar;C:\Users\yessi\.gradle\caches\modules-2\files-2.1\org.lwjgl\lwjgl-opengl\3.3.1\831a5533a21a5f4f81bbc51bb13e9899319b5411\lwjgl-opengl-3.3.1.jar;C:\Users\yessi\.gradle\caches\modules-2\files-2.1\org.lwjgl\lwjgl-opengl\3.3.1\ab9ab6fde3743e3550fa5d46d785ecb45b047d99\lwjgl-opengl-3.3.1-natives-linux.jar;C:\Users\yessi\.gradle\caches\modules-2\files-2.1\org.lwjgl\lwjgl-opengl\3.3.1\e3550fa91097fd56e361b4370fa822220fef3595\lwjgl-opengl-3.3.1-natives-linux-arm32.jar;C:\Users\yessi\.gradle\caches\modules-2\files-2.1\org.lwjgl\lwjgl-opengl\3.3.1\1c528fb258a6e63e8fceb4482d8db0f3af10a634\lwjgl-opengl-3.3.1-natives-linux-arm64.jar;C:\Users\yessi\.gradle\caches\modules-2\files-2.1\org.lwjgl\lwjgl-opengl\3.3.1\a0d12697ea019a7362eff26475b0531340e876a6\lwjgl-opengl-3.3.1-natives-macos.jar;C:\Users\yessi\.gradle\caches\modules-2\files-2.1\org.lwjgl\lwjgl-opengl\3.3.1\eafe34b871d966292e8db0f1f3d6b8b110d4e91d\lwjgl-opengl-3.3.1-natives-macos-arm64.jar;C:\Users\yessi\.gradle\caches\modules-2\files-2.1\org.lwjgl\lwjgl-opengl\3.3.1\c1807e9bd571402787d7e37e3029776ae2513bb8\lwjgl-opengl-3.3.1-natives-windows.jar;C:\Users\yessi\.gradle\caches\modules-2\files-2.1\org.lwjgl\lwjgl-opengl\3.3.1\deef3eb9b178ff2ff3ce893cc72ae741c3a17974\lwjgl-opengl-3.3.1-natives-windows-x86.jar;C:\Users\yessi\.gradle\caches\modules-2\files-2.1\org.lwjgl\lwjgl-stb\3.3.1\b119297cf8ed01f247abe8685857f8e7fcf5980f\lwjgl-stb-3.3.1.jar;C:\Users\yessi\.gradle\caches\modules-2\files-2.1\org.lwjgl\lwjgl-stb\3.3.1\3ee7aec8686e52867677110415566a5342a80230\lwjgl-stb-3.3.1-natives-linux.jar;C:\Users\yessi\.gradle\caches\modules-2\files-2.1\org.lwjgl\lwjgl-stb\3.3.1\b08226bab162c06ae69337d8a1b0ee0a3fdf0b90\lwjgl-stb-3.3.1-natives-linux-arm32.jar;C:\Users\yessi\.gradle\caches\modules-2\files-2.1\org.lwjgl\lwjgl-stb\3.3.1\8e8348a1813aad7f30aaf75ea197151ebb7beba9\lwjgl-stb-3.3.1-natives-linux-arm64.jar;C:\Users\yessi\.gradle\caches\modules-2\files-2.1\org.lwjgl\lwjgl-stb\3.3.1\def8879b8d38a47a4cc1d48b1f9a7b772e51258e\lwjgl-stb-3.3.1-natives-macos.jar;C:\Users\yessi\.gradle\caches\modules-2\files-2.1\org.lwjgl\lwjgl-stb\3.3.1\fcf073ed911752abdca5f0b00a53cfdf17ff8e8b\lwjgl-stb-3.3.1-natives-macos-arm64.jar;C:\Users\yessi\.gradle\caches\modules-2\files-2.1\org.lwjgl\lwjgl-stb\3.3.1\86315914ac119efdb02dc9e8e978ade84f1702af\lwjgl-stb-3.3.1-natives-windows.jar;C:\Users\yessi\.gradle\caches\modules-2\files-2.1\org.lwjgl\lwjgl-stb\3.3.1\a8d41f419eecb430b7c91ea2ce2c5c451cae2091\lwjgl-stb-3.3.1-natives-windows-x86.jar;C:\Users\yessi\.gradle\caches\modules-2\files-2.1\org.lwjgl\lwjgl\3.3.1\ae58664f88e18a9bb2c77b063833ca7aaec484cb\lwjgl-3.3.1.jar;C:\Users\yessi\.gradle\caches\modules-2\files-2.1\org.lwjgl\lwjgl\3.3.1\1de885aba434f934201b99f2f1afb142036ac189\lwjgl-3.3.1-natives-linux.jar;C:\Users\yessi\.gradle\caches\modules-2\files-2.1\org.lwjgl\lwjgl\3.3.1\41a3c1dd15d6b964eb8196dde69720a3e3e5e969\lwjgl-3.3.1-natives-linux-arm32.jar;C:\Users\yessi\.gradle\caches\modules-2\files-2.1\org.lwjgl\lwjgl\3.3.1\b597401014acb7196c76d97e15a6288f54f1f692\lwjgl-3.3.1-natives-linux-arm64.jar;C:\Users\yessi\.gradle\caches\modules-2\files-2.1\org.lwjgl\lwjgl\3.3.1\fc6bb723dec2cd031557dccb2a95f0ab80acb9db\lwjgl-3.3.1-natives-macos.jar;C:\Users\yessi\.gradle\caches\modules-2\files-2.1\org.lwjgl\lwjgl\3.3.1\71d0d5e469c9c95351eb949064497e3391616ac9\lwjgl-3.3.1-natives-macos-arm64.jar;C:\Users\yessi\.gradle\caches\modules-2\files-2.1\org.lwjgl\lwjgl\3.3.1\36c37f16ab611b3aa11f3bcf80b1d509b4ce6b\lwjgl-3.3.1-natives-windows.jar;C:\Users\yessi\.gradle\caches\modules-2\files-2.1\org.lwjgl\lwjgl\3.3.1\3b14f4beae9dd39791ec9e12190a9380cd8a3ce6\lwjgl-3.3.1-natives-windows-x86.jar;C:\Users\yessi\.gradle\caches\modules-2\files-2.1\com.badlogicgames.jlayer\jlayer\1.0.1-gdx\7cca83cec5c1b2f011362f4d85aabd71a73b049d\jlayer-1.0.1-gdx.jar;C:\Users\yessi\.gradle\caches\modules-2\files-2.1\org.jcraft\jorbis\0.0.17\8872d22b293e8f5d7d56ff92be966e6dc28ebdc6\jorbis-0.0.17.jar;C:\Users\yessi\.gradle\caches\modules-2\files-2.1\com.badlogicgames.jamepad\jamepad\2.0.20.0\55eb0007fd55c9914d106dac3387b9d444572cab\jamepad-2.0.20.0.jar;C:\Users\yessi\.gradle\caches\modules-2\files-2.1\org.slf4j\slf4j-jdk14\1.7.36\4a18af6554bfe48b0f76eec98119c417da23c7e1\slf4j-jdk14-1.7.36.jar;C:\Users\yessi\.gradle\caches\modules-2\files-2.1\org.slf4j\slf4j-api\1.7.36\6c62681a2f655b49963a5983b8b0950a6120ae14\slf4j-api-1.7.36.jar;C:\Users\yessi\.gradle\caches\modules-2\files-2.1\com.badlogicgames.gdx\gdx-jnigen-loader\2.3.1\2d472f69243631fbcb3d4c3f93dd2e137a6cb084\gdx-jnigen-loader-2.3.1.jar;C:\Users\yessi\.gradle\caches\modules-2\files-2.1\org.lwjgl.lwjgl\lwjgl\2.9.3\3df168ac74e4a8c96562cdff24ad352e255bf89c\lwjgl-2.9.3.jar;C:\Users\yessi\.gradle\caches\modules-2\files-2.1\org.lwjgl.lwjgl\lwjgl-platform\2.9.3\fbc2afb3e288578e9942578decb6291a490549a0\lwjgl-platform-2.9.3-natives-windows.jar;C:\Users\yessi\.gradle\caches\modules-2\files-2.1\org.lwjgl.lwjgl\lwjgl-platform\2.9.3\b1eafe80093381c56415731e1d64279e6140bcd0\lwjgl-platform-2.9.3-natives-linux.jar;C:\Users\yessi\.gradle\caches\modules-2\files-2.1\org.lwjgl.lwjgl\lwjgl-platform\2.9.3\6686cf6ddaa20b4290aa6599a09bc0d17369be05\lwjgl-platform-2.9.3-natives-osx.jar;C:\Users\yessi\.gradle\caches\modules-2\files-2.1\net.java.jinput\jinput\2.0.5\39c7796b469a600f72380316f6b1f11db6c2c7c4\jinput-2.0.5.jar;C:\Users\yessi\.gradle\caches\modules-2\files-2.1\net.java.jutils\jutils\1.0.0\e12fe1fda814bd348c1579329c86943d2cd3c6a6\jutils-1.0.0.jar;C:\Users\yessi\.gradle\caches\modules-2\files-2.1\net.java.jinput\jinput-platform\2.0.5\7ff832a6eb9ab6a767f1ade2b548092d0fa64795\jinput-platform-2.0.5-natives-linux.jar;C:\Users\yessi\.gradle\caches\modules-2\files-2.1\net.java.jinput\jinput-platform\2.0.5\385ee093e01f587f30ee1c8a2ee7d408fd732e16\jinput-platform-2.0.5-natives-windows.jar;C:\Users\yessi\.gradle\caches\modules-2\files-2.1\net.java.jinput\jinput-platform\2.0.5\53f9c919f34d2ca9de8c51fc4e1e8282029a9232\jinput-platform-2.0.5-natives-osx.jar
Launcher Type: SUN_STANDARD

[Global flags]
     intx CICompilerCount                          = 4                                         {product} {ergonomic}
     uint ConcGCThreads                            = 2                                         {product} {ergonomic}
     uint G1ConcRefinementThreads                  = 8                                         {product} {ergonomic}
   size_t G1HeapRegionSize                         = 1048576                                   {product} {ergonomic}
    uintx GCDrainStackTargetSize                   = 64                                        {product} {ergonomic}
   size_t InitialHeapSize                          = 132120576                                 {product} {ergonomic}
   size_t MarkStackSize                            = 4194304                                   {product} {ergonomic}
   size_t MaxHeapSize                              = 2082471936                                {product} {ergonomic}
   size_t MaxNewSize                               = 1248854016                                {product} {ergonomic}
   size_t MinHeapDeltaBytes                        = 1048576                                   {product} {ergonomic}
   size_t MinHeapSize                              = 8388608                                   {product} {ergonomic}
    uintx NonNMethodCodeHeapSize                   = 5839372                                {pd product} {ergonomic}
    uintx NonProfiledCodeHeapSize                  = 122909434                              {pd product} {ergonomic}
    uintx ProfiledCodeHeapSize                     = 122909434                              {pd product} {ergonomic}
    uintx ReservedCodeCacheSize                    = 251658240                              {pd product} {ergonomic}
     bool SegmentedCodeCache                       = true                                      {product} {ergonomic}
   size_t SoftMaxHeapSize                          = 2082471936                             {manageable} {ergonomic}
     bool UseCompressedOops                        = true                           {product lp64_product} {ergonomic}
     bool UseG1GC                                  = true                                      {product} {ergonomic}
     bool UseLargePagesIndividualAllocation        = false                                  {pd product} {ergonomic}

Logging:
Log output configuration:
 #0: stdout all=warning uptime,level,tags foldmultilines=false
 #1: stderr all=off uptime,level,tags foldmultilines=false

Environment Variables:
JAVA_HOME=C:\Program Files\jdk-21.0.2
PATH=C:\Program Files\Vim\vim91\\GvimExt64;C:\WINDOWS\system32;C:\WINDOWS;C:\WINDOWS\System32\Wbem;C:\WINDOWS\System32\WindowsPowerShell\v1.0\;C:\WINDOWS\System32\OpenSSH\;C:\Program Files\dotnet\;C:\Program Files (x86)\Pololu\USB AVR Programmer v2\bin;C:\Program Files\PuTTY\;C:\Program Files\Git\cmd;C:\Program Files\jdk-21.0.2\bin;C:\Users\yessi\AppData\Local\Microsoft\WindowsApps;C:\Users\yessi\OneDrive\Documents\DECO1400\bin;C:\ghcup\bin;C:\Users\yessi\AppData\Local\GitHubDesktop\bin;C:\ProgramData\yessi\GitHubDesktop\bin;C:\Users\yessi\appdata\local\programs\python\python39;C:\Users\yessi\appdata\local\programs\python\python39\scripts;C:\Users\yessi\AppData\Local\Programs\Python\Python39\;C:\Users\yessi\AppData\Local\Programs\Python\Python39\Scripts\;
USERNAME=yessi
OS=Windows_NT
PROCESSOR_IDENTIFIER=Intel64 Family 6 Model 142 Stepping 12, GenuineIntel
TMP=C:\Users\yessi\AppData\Local\Temp
TEMP=C:\Users\yessi\AppData\Local\Temp




Periodic native trim disabled

---------------  S Y S T E M  ---------------

OS:
 Windows 10 , 64 bit Build 19041 (10.0.19041.4842)
OS uptime: 18 days 12:39 hours

CPU: total 8 (initial active 8) (4 cores per cpu, 2 threads per core) family 6 model 142 stepping 12 microcode 0xca, cx8, cmov, fxsr, ht, mmx, 3dnowpref, sse, sse2, sse3, ssse3, sse4.1, sse4.2, popcnt, lzcnt, tsc, tscinvbit, avx, avx2, aes, erms, clmul, bmi1, bmi2, adx, fma, vzeroupper, clflush, clflushopt, rdtscp, f16c
Processor Information for all 8 processors :
  Max Mhz: 2112, Current Mhz: 1609, Mhz Limit: 1605

Memory: 4k page, system-wide physical 7942M (242M free)
TotalPageFile size 29961M (AvailPageFile size 6366M)
current process WorkingSet (physical memory assigned to process): 52M, peak: 52M
current process commit charge ("private bytes"): 218M, peak: 218M

vm_info: OpenJDK 64-Bit Server VM (21.0.2+13-58) for windows-amd64 JRE (21.0.2+13-58), built on 2024-01-05T18:32:24Z by "mach5one" with MS VC++ 17.1 (VS2022)

END.
