#
# A fatal error has been detected by the Java Runtime Environment:
#
#  EXCEPTION_ACCESS_VIOLATION (0xc0000005) at pc=0x0000000000000000, pid=23180, tid=23892
#
# JRE version: Java(TM) SE Runtime Environment (21.0.1+12) (build 21.0.1+12-LTS-29)
# Java VM: Java HotSpot(TM) 64-Bit Server VM (21.0.1+12-LTS-29, mixed mode, sharing, tiered, compressed oops, compressed class ptrs, g1 gc, windows-amd64)
# Problematic frame:
# C  [jdwp.dll+0x160d7]
#
# No core dump will be written. Minidumps are not enabled by default on client versions of Windows
#
# If you would like to submit a bug report, please visit:
#   https://bugreport.java.com/bugreport/crash.jsp
# The crash happened outside the Java Virtual Machine in native code.
# See problematic frame for where to report the bug.
#

---------------  S U M M A R Y ------------

Command Line: -agentlib:jdwp=transport=dt_socket,server=n,suspend=y,address=127.0.0.1:51810 -Dfile.encoding=windows-1252 -Duser.country=AU -Duser.language=en -Duser.variant com.csse3200.game.desktop.DesktopLauncher

Host: 12th Gen Intel(R) Core(TM) i7-1250U, 12 cores, 15G,  Windows 11 , 64 bit Build 22621 (10.0.22621.3958)
Time: Mon Sep  2 11:35:17 2024 E. Australia Standard Time elapsed time: 0.448063 seconds (0d 0h 0m 0s)

---------------  T H R E A D  ---------------

Current thread (0x000001d8d2fe5940):  JavaThread "main"             [_thread_in_native, id=23892, stack(0x000000047a000000,0x000000047a100000) (1024K)]

Stack: [0x000000047a000000,0x000000047a100000],  sp=0x000000047a0fb640,  free space=1005k
Native frames: (J=compiled Java code, j=interpreted, Vv=VM code, C=native code)

Java frames: (J=compiled Java code, j=interpreted, Vv=VM code)
j  org.lwjgl.system.jemalloc.JEmalloc.nje_malloc(J)J+0
j  org.lwjgl.system.jemalloc.JEmalloc.<clinit>()V+44
v  ~StubRoutines::call_stub 0x000001d8e542100d
j  org.lwjgl.system.jemalloc.JEmallocAllocator.<clinit>()V+0
v  ~StubRoutines::call_stub 0x000001d8e542100d
j  java.lang.Class.forName0(Ljava/lang/String;ZLjava/lang/ClassLoader;Ljava/lang/Class;)Ljava/lang/Class;+0 java.base@21.0.1
j  java.lang.Class.forName(Ljava/lang/String;Ljava/lang/Class;)Ljava/lang/Class;+19 java.base@21.0.1
j  java.lang.Class.forName(Ljava/lang/String;)Ljava/lang/Class;+6 java.base@21.0.1
j  org.lwjgl.system.MemoryManage.getInstance()Lorg/lwjgl/system/MemoryUtil$MemoryAllocator;+68
j  org.lwjgl.system.MemoryUtil$LazyInit.<clinit>()V+0
v  ~StubRoutines::call_stub 0x000001d8e542100d
j  org.lwjgl.system.MemoryUtil.getAllocator(Z)Lorg/lwjgl/system/MemoryUtil$MemoryAllocator;+10
j  org.lwjgl.system.MemoryUtil.getAllocator()Lorg/lwjgl/system/MemoryUtil$MemoryAllocator;+1
j  org.lwjgl.system.Callback.<clinit>()V+217
v  ~StubRoutines::call_stub 0x000001d8e542100d
j  com.badlogic.gdx.backends.lwjgl3.Lwjgl3Application.initializeGlfw()V+21
j  com.badlogic.gdx.backends.lwjgl3.Lwjgl3Application.<init>(Lcom/badlogic/gdx/ApplicationListener;Lcom/badlogic/gdx/backends/lwjgl3/Lwjgl3ApplicationConfiguration;)V+82
j  com.csse3200.game.desktop.DesktopLauncher.main([Ljava/lang/String;)V+20
v  ~StubRoutines::call_stub 0x000001d8e542100d

siginfo: EXCEPTION_ACCESS_VIOLATION (0xc0000005), data execution prevention violation at address 0x0000000000000000


Registers:
RAX=0x000001d8f9848620, RBX=0x000001d8f91683f0, RCX=0x000001d8d2fe5cf8, RDX=0x000001d8f91683f0
RSP=0x000000047a0fb638, RBP=0x0000000000000002, RSI=0x000000047a0fb6e0, RDI=0x000001d8d2fe5cf8
R8 =0x0000000000010002, R9 =0x0000000000000000, R10=0x00007ffbfdac0000, R11=0x000000047a0fb608
R12=0x0000000000000007, R13=0x000001d8d5af26f0, R14=0x00007ffbfd410200, R15=0x0000000000000000
RIP=0x0000000000000000, EFLAGS=0x0000000000010206


Register to memory mapping:

RAX=0x000001d8f9848620 points into unknown readable memory: 0x0000000000000000 | 00 00 00 00 00 00 00 00
RBX=0x000001d8f91683f0 points into unknown readable memory: 0x0000000714609c38 | 38 9c 60 14 07 00 00 00
RCX=0x000001d8d2fe5cf8 points into unknown readable memory: 0x000001d8f9848620 | 20 86 84 f9 d8 01 00 00
RDX=0x000001d8f91683f0 points into unknown readable memory: 0x0000000714609c38 | 38 9c 60 14 07 00 00 00
RSP=0x000000047a0fb638 is pointing into the stack for thread: 0x000001d8d2fe5940
RBP=0x0000000000000002 is an unknown value
RSI=0x000000047a0fb6e0 is pointing into the stack for thread: 0x000001d8d2fe5940
RDI=0x000001d8d2fe5cf8 points into unknown readable memory: 0x000001d8f9848620 | 20 86 84 f9 d8 01 00 00
R8 =0x0000000000010002 is an unknown value
R9 =0x0 is null
R10=0x00007ffbfdac0000 VCRUNTIME140.dll
R11=0x000000047a0fb608 is pointing into the stack for thread: 0x000001d8d2fe5940
R12=0x0000000000000007 is an unknown value
R13=0x000001d8d5af26f0 points into unknown readable memory: 0x00007ffb7c095040 | 40 50 09 7c fb 7f 00 00
R14=0x00007ffbfd410200 jdwp.dll
R15=0x0 is null

Top of Stack: (sp=0x000000047a0fb638)
0x000000047a0fb638:   00007ffbfd3f60d7 000001d8f91683f0
0x000000047a0fb648:   000000047a0fb6e0 0000000000000000
0x000000047a0fb658:   0000000000000000 0000000000000000
0x000000047a0fb668:   00005d460785154e 000001d8d2feb180
0x000000047a0fb678:   00007ffbfd4102d8 000001d8f91683f0
0x000000047a0fb688:   00007ffbfd3f2757 000001d8f91683f0
0x000000047a0fb698:   0000000000000002 000001d8d2fe5cf8
0x000000047a0fb6a8:   000001d8f91683f8 00000005f91a0100
0x000000047a0fb6b8:   000001d88101dd80 0000000000000000
0x000000047a0fb6c8:   000001d8f9807838 000000047a0fb940
0x000000047a0fb6d8:   000001d8800011f0 0000000000000007
0x000000047a0fb6e8:   000001d8f91683f0 0000000000000000
0x000000047a0fb6f8:   000001d8f91683f8 0000000000000000
0x000000047a0fb708:   0000000000000000 0000000000000000
0x000000047a0fb718:   0000000000000000 0000000000000000
0x000000047a0fb728:   0000000000000000 0000000000000000
0x000000047a0fb738:   000001d8f91683f0 000001d88101dd80
0x000000047a0fb748:   00007ffb7ba582a7 000001d8f91683f8
0x000000047a0fb758:   000001d8f92368c0 000001d8d2fe5940
0x000000047a0fb768:   00007ffb7ba7eb6d 000001d8d2feb130
0x000000047a0fb778:   000001d8d2fe5940 0000000000000000
0x000000047a0fb788:   000000047a0fb890 000001d88101dd80
0x000000047a0fb798:   000001d8f54d1301 000001d8d2faa7b0
0x000000047a0fb7a8:   000001d8d2fe5fb0 000001d8d2fe5fc0
0x000000047a0fb7b8:   000001d8d2fe6398 00000000000003d8
0x000000047a0fb7c8:   000001d8d2fe5940 000001d8d2fe5940
0x000000047a0fb7d8:   000001d8d2faa970 000001d8d2fab5c0
0x000000047a0fb7e8:   000001d8d2fab600 000001d8d2fab6a8
0x000000047a0fb7f8:   00000000000000d8 000000047a0fb810
0x000000047a0fb808:   00007ffb7b75d511 000001d8d2fe5940
0x000000047a0fb818:   000001d8d2faa970 000001d8d2fab5c0
0x000000047a0fb828:   000001d8d2fab600 000001d8d2fab6a8 

Instructions: (pc=0x00007ffbfd3f60d7)
0x00007ffbfd3f5fd7:   2c 41 b8 61 02 00 00 48 8d 0d b3 6f 01 00 48 8b
0x00007ffbfd3f5fe7:   d3 e8 83 50 00 00 41 8b cc e8 33 a0 ff ff 48 8b
0x00007ffbfd3f5ff7:   d0 48 8d 0d 21 a4 01 00 e8 14 51 00 00 4c 8b 4e
0x00007ffbfd3f6007:   28 48 8d 0d 29 a4 01 00 4c 8b 46 20 48 8b 56 08
0x00007ffbfd3f6017:   e8 50 0d 01 00 48 8b 05 dd 10 02 00 f6 80 10 02
0x00007ffbfd3f6027:   00 00 02 74 28 41 b8 6a 02 00 00 48 8d 0d cb 63
0x00007ffbfd3f6037:   01 00 48 8b d3 e8 2f 50 00 00 48 8d 15 b0 64 01
0x00007ffbfd3f6047:   00 48 8d 0d c9 63 01 00 e8 c4 50 00 00 48 8b 07
0x00007ffbfd3f6057:   48 8b cf ff 50 78 48 8b 0d 9c 10 02 00 4c 8b f8
0x00007ffbfd3f6067:   f6 81 10 02 00 00 02 74 28 41 b8 6b 02 00 00 48
0x00007ffbfd3f6077:   8d 0d 87 63 01 00 48 8b d3 e8 eb 4f 00 00 48 8d
0x00007ffbfd3f6087:   15 a4 64 01 00 48 8d 0d 85 63 01 00 e8 80 50 00
0x00007ffbfd3f6097:   00 48 8b 07 48 8b cf ff 90 88 00 00 00 83 3d 11
0x00007ffbfd3f60a7:   0c 02 00 00 76 0c e8 b6 5c ff ff 83 25 03 0c 02
0x00007ffbfd3f60b7:   00 00 48 8b 5e 08 48 85 db 74 4b 48 8b 05 37 10
0x00007ffbfd3f60c7:   02 00 80 78 13 00 74 0b 48 8b cb e8 f9 06 01 00
0x00007ffbfd3f60d7:   88 46 10 4d 8b c7 48 8b d6 41 8a ce e8 0c a1 00
0x00007ffbfd3f60e7:   00 48 8b e8 48 85 c0 75 25 48 8b cb e8 c4 44 00
0x00007ffbfd3f60f7:   00 84 c0 0f 84 ea 00 00 00 48 8b d3 41 8a ce e8
0x00007ffbfd3f6107:   ad 13 00 00 eb e3 e8 0e 0e 00 00 48 8b e8 4c 8b
0x00007ffbfd3f6117:   cd 44 88 74 24 20 45 8b c4 48 8b d6 48 8b cf e8
0x00007ffbfd3f6127:   e1 00 00 00 83 3e 14 75 0b 48 8b 05 c9 0f 02 00
0x00007ffbfd3f6137:   c6 40 10 01 48 85 db 75 08 48 8b cd e8 f4 53 ff
0x00007ffbfd3f6147:   ff 48 8b 05 b1 0f 02 00 4d 85 ff 74 43 f6 80 10
0x00007ffbfd3f6157:   02 00 00 02 74 2c 41 b8 b3 02 00 00 48 8d 15 6e
0x00007ffbfd3f6167:   a1 01 00 48 8d 0d 93 62 01 00 e8 fa 4e 00 00 48
0x00007ffbfd3f6177:   8d 15 03 7e 01 00 48 8d 0d 94 62 01 00 e8 8f 4f
0x00007ffbfd3f6187:   00 00 48 8b 07 49 8b d7 48 8b cf ff 50 68 eb 41
0x00007ffbfd3f6197:   f6 80 10 02 00 00 02 74 2c 41 b8 b5 02 00 00 48
0x00007ffbfd3f61a7:   8d 15 2b a1 01 00 48 8d 0d 50 62 01 00 e8 b7 4e
0x00007ffbfd3f61b7:   00 00 48 8d 15 70 63 01 00 48 8d 0d 51 62 01 00
0x00007ffbfd3f61c7:   e8 4c 4f 00 00 48 8b 07 48 8b cf ff 90 88 00 00 


Stack slot to memory mapping:

stack at sp + 0 slots: 0x000001d8f91683f0 points into unknown readable memory: 0x0000000714609c38 | 38 9c 60 14 07 00 00 00
stack at sp + 1 slots: 0x000000047a0fb6e0 is pointing into the stack for thread: 0x000001d8d2fe5940
stack at sp + 2 slots: 0x0 is null
stack at sp + 3 slots: 0x0 is null
stack at sp + 4 slots: 0x0 is null
stack at sp + 5 slots: 0x00005d460785154e is an unknown value
stack at sp + 6 slots: 0x000001d8d2feb180 points into unknown readable memory: 0x8000001200000001 | 01 00 00 00 12 00 00 80
stack at sp + 7 slots: 0x00007ffbfd4102d8 jdwp.dll


---------------  P R O C E S S  ---------------

Threads class SMR info:
_java_thread_list=0x000001d8f92b2a30, length=14, elements={
0x000001d8d2fe5940, 0x000001d8f910d070, 0x000001d8f910dd90, 0x000001d8f910f9b0,
0x000001d8f9111420, 0x000001d8f91129f0, 0x000001d8f9114890, 0x000001d8f9117c60,
0x000001d8f911eb10, 0x000001d8f9281170, 0x000001d8f9298fb0, 0x000001d8f929fc60,
0x000001d8f92a37e0, 0x000001d8f92b7b80
}

Java Threads: ( => current thread )
=>0x000001d8d2fe5940 JavaThread "main"                              [_thread_in_native, id=23892, stack(0x000000047a000000,0x000000047a100000) (1024K)]
  0x000001d8f910d070 JavaThread "Reference Handler"          daemon [_thread_blocked, id=5328, stack(0x000000047a800000,0x000000047a900000) (1024K)]
  0x000001d8f910dd90 JavaThread "Finalizer"                  daemon [_thread_blocked, id=28624, stack(0x000000047a900000,0x000000047aa00000) (1024K)]
  0x000001d8f910f9b0 JavaThread "Signal Dispatcher"          daemon [_thread_blocked, id=20084, stack(0x000000047aa00000,0x000000047ab00000) (1024K)]
  0x000001d8f9111420 JavaThread "Attach Listener"            daemon [_thread_blocked, id=8980, stack(0x000000047ab00000,0x000000047ac00000) (1024K)]
  0x000001d8f91129f0 JavaThread "Service Thread"             daemon [_thread_blocked, id=16172, stack(0x000000047ac00000,0x000000047ad00000) (1024K)]
  0x000001d8f9114890 JavaThread "Monitor Deflation Thread"   daemon [_thread_blocked, id=18696, stack(0x000000047ad00000,0x000000047ae00000) (1024K)]
  0x000001d8f9117c60 JavaThread "C2 CompilerThread0"         daemon [_thread_blocked, id=4048, stack(0x000000047ae00000,0x000000047af00000) (1024K)]
  0x000001d8f911eb10 JavaThread "C1 CompilerThread0"         daemon [_thread_blocked, id=20908, stack(0x000000047af00000,0x000000047b000000) (1024K)]
  0x000001d8f9281170 JavaThread "JDWP Transport Listener: dt_socket" daemon [_thread_blocked, id=3300, stack(0x000000047b000000,0x000000047b100000) (1024K)]
  0x000001d8f9298fb0 JavaThread "JDWP Event Helper Thread"   daemon [_thread_blocked, id=6168, stack(0x000000047b100000,0x000000047b200000) (1024K)]
  0x000001d8f929fc60 JavaThread "JDWP Command Reader"        daemon [_thread_in_native, id=30336, stack(0x000000047b200000,0x000000047b300000) (1024K)]
  0x000001d8f92a37e0 JavaThread "Notification Thread"        daemon [_thread_blocked, id=33312, stack(0x000000047b300000,0x000000047b400000) (1024K)]
  0x000001d8f92b7b80 JavaThread "Common-Cleaner"             daemon [_thread_blocked, id=4284, stack(0x000000047b400000,0x000000047b500000) (1024K)]
Total: 14

Other Threads:
  0x000001d8f24c0f10 VMThread "VM Thread"                           [id=4036, stack(0x000000047a700000,0x000000047a800000) (1024K)]
  0x000001d8f24aaf70 WatcherThread "VM Periodic Task Thread"        [id=32980, stack(0x000000047a600000,0x000000047a700000) (1024K)]
  0x000001d8d5b5d350 WorkerThread "GC Thread#0"                     [id=7992, stack(0x000000047a100000,0x000000047a200000) (1024K)]
  0x000001d8d5b5e200 ConcurrentGCThread "G1 Main Marker"            [id=27208, stack(0x000000047a200000,0x000000047a300000) (1024K)]
  0x000001d8f22dfbf0 WorkerThread "G1 Conc#0"                       [id=24752, stack(0x000000047a300000,0x000000047a400000) (1024K)]
  0x000001d8f237fba0 ConcurrentGCThread "G1 Refine#0"               [id=33432, stack(0x000000047a400000,0x000000047a500000) (1024K)]
  0x000001d8f2380610 ConcurrentGCThread "G1 Service"                [id=21148, stack(0x000000047a500000,0x000000047a600000) (1024K)]
Total: 7

Threads with active compile tasks:
Total: 0

VM state: not at safepoint (normal execution)

VM Mutex/Monitor currently owned by a thread: None

Heap address: 0x0000000704c00000, size: 4020 MB, Compressed Oops mode: Zero based, Oop shift amount: 3

CDS archive(s) mapped at: [0x000001d880000000-0x000001d880c90000-0x000001d880c90000), size 13172736, SharedBaseAddress: 0x000001d880000000, ArchiveRelocationMode: 1.
Compressed class space mapped at: 0x000001d881000000-0x000001d8c1000000, reserved size: 1073741824
Narrow klass base: 0x000001d880000000, Narrow klass shift: 0, Narrow klass range: 0x100000000

GC Precious Log:
 CardTable entry size: 512
 Card Set container configuration: InlinePtr #cards 4 size 8 Array Of Cards #cards 16 size 48 Howl #buckets 8 coarsen threshold 3686 Howl Bitmap #cards 512 size 80 coarsen threshold 460 Card regions per heap region 1 cards per card region 4096
 CPUs: 12 total, 12 available
 Memory: 16077M
 Large Page Support: Disabled
 NUMA Support: Disabled
 Compressed Oops: Enabled (Zero based)
 Heap Region Size: 2M
 Heap Min Capacity: 8M
 Heap Initial Capacity: 252M
 Heap Max Capacity: 4020M
 Pre-touch: Disabled
 Parallel Workers: 10
 Concurrent Workers: 3
 Concurrent Refinement Workers: 10
 Periodic GC: Disabled

Heap:
 garbage-first heap   total 258048K, used 6144K [0x0000000704c00000, 0x0000000800000000)
  region size 2048K, 4 young (8192K), 0 survivors (0K)
 Metaspace       used 2260K, committed 2432K, reserved 1114112K
  class space    used 184K, committed 256K, reserved 1048576K

Heap Regions: E=young(eden), S=young(survivor), O=old, HS=humongous(starts), HC=humongous(continues), CS=collection set, F=free, TAMS=top-at-mark-start, PB=parsable bottom
|   0|0x0000000704c00000, 0x0000000704c00000, 0x0000000704e00000|  0%| F|  |TAMS 0x0000000704c00000| PB 0x0000000704c00000| Untracked 
|   1|0x0000000704e00000, 0x0000000704e00000, 0x0000000705000000|  0%| F|  |TAMS 0x0000000704e00000| PB 0x0000000704e00000| Untracked 
|   2|0x0000000705000000, 0x0000000705000000, 0x0000000705200000|  0%| F|  |TAMS 0x0000000705000000| PB 0x0000000705000000| Untracked 
|   3|0x0000000705200000, 0x0000000705200000, 0x0000000705400000|  0%| F|  |TAMS 0x0000000705200000| PB 0x0000000705200000| Untracked 
|   4|0x0000000705400000, 0x0000000705400000, 0x0000000705600000|  0%| F|  |TAMS 0x0000000705400000| PB 0x0000000705400000| Untracked 
|   5|0x0000000705600000, 0x0000000705600000, 0x0000000705800000|  0%| F|  |TAMS 0x0000000705600000| PB 0x0000000705600000| Untracked 
|   6|0x0000000705800000, 0x0000000705800000, 0x0000000705a00000|  0%| F|  |TAMS 0x0000000705800000| PB 0x0000000705800000| Untracked 
|   7|0x0000000705a00000, 0x0000000705a00000, 0x0000000705c00000|  0%| F|  |TAMS 0x0000000705a00000| PB 0x0000000705a00000| Untracked 
|   8|0x0000000705c00000, 0x0000000705c00000, 0x0000000705e00000|  0%| F|  |TAMS 0x0000000705c00000| PB 0x0000000705c00000| Untracked 
|   9|0x0000000705e00000, 0x0000000705e00000, 0x0000000706000000|  0%| F|  |TAMS 0x0000000705e00000| PB 0x0000000705e00000| Untracked 
|  10|0x0000000706000000, 0x0000000706000000, 0x0000000706200000|  0%| F|  |TAMS 0x0000000706000000| PB 0x0000000706000000| Untracked 
|  11|0x0000000706200000, 0x0000000706200000, 0x0000000706400000|  0%| F|  |TAMS 0x0000000706200000| PB 0x0000000706200000| Untracked 
|  12|0x0000000706400000, 0x0000000706400000, 0x0000000706600000|  0%| F|  |TAMS 0x0000000706400000| PB 0x0000000706400000| Untracked 
|  13|0x0000000706600000, 0x0000000706600000, 0x0000000706800000|  0%| F|  |TAMS 0x0000000706600000| PB 0x0000000706600000| Untracked 
|  14|0x0000000706800000, 0x0000000706800000, 0x0000000706a00000|  0%| F|  |TAMS 0x0000000706800000| PB 0x0000000706800000| Untracked 
|  15|0x0000000706a00000, 0x0000000706a00000, 0x0000000706c00000|  0%| F|  |TAMS 0x0000000706a00000| PB 0x0000000706a00000| Untracked 
|  16|0x0000000706c00000, 0x0000000706c00000, 0x0000000706e00000|  0%| F|  |TAMS 0x0000000706c00000| PB 0x0000000706c00000| Untracked 
|  17|0x0000000706e00000, 0x0000000706e00000, 0x0000000707000000|  0%| F|  |TAMS 0x0000000706e00000| PB 0x0000000706e00000| Untracked 
|  18|0x0000000707000000, 0x0000000707000000, 0x0000000707200000|  0%| F|  |TAMS 0x0000000707000000| PB 0x0000000707000000| Untracked 
|  19|0x0000000707200000, 0x0000000707200000, 0x0000000707400000|  0%| F|  |TAMS 0x0000000707200000| PB 0x0000000707200000| Untracked 
|  20|0x0000000707400000, 0x0000000707400000, 0x0000000707600000|  0%| F|  |TAMS 0x0000000707400000| PB 0x0000000707400000| Untracked 
|  21|0x0000000707600000, 0x0000000707600000, 0x0000000707800000|  0%| F|  |TAMS 0x0000000707600000| PB 0x0000000707600000| Untracked 
|  22|0x0000000707800000, 0x0000000707800000, 0x0000000707a00000|  0%| F|  |TAMS 0x0000000707800000| PB 0x0000000707800000| Untracked 
|  23|0x0000000707a00000, 0x0000000707a00000, 0x0000000707c00000|  0%| F|  |TAMS 0x0000000707a00000| PB 0x0000000707a00000| Untracked 
|  24|0x0000000707c00000, 0x0000000707c00000, 0x0000000707e00000|  0%| F|  |TAMS 0x0000000707c00000| PB 0x0000000707c00000| Untracked 
|  25|0x0000000707e00000, 0x0000000707e00000, 0x0000000708000000|  0%| F|  |TAMS 0x0000000707e00000| PB 0x0000000707e00000| Untracked 
|  26|0x0000000708000000, 0x0000000708000000, 0x0000000708200000|  0%| F|  |TAMS 0x0000000708000000| PB 0x0000000708000000| Untracked 
|  27|0x0000000708200000, 0x0000000708200000, 0x0000000708400000|  0%| F|  |TAMS 0x0000000708200000| PB 0x0000000708200000| Untracked 
|  28|0x0000000708400000, 0x0000000708400000, 0x0000000708600000|  0%| F|  |TAMS 0x0000000708400000| PB 0x0000000708400000| Untracked 
|  29|0x0000000708600000, 0x0000000708600000, 0x0000000708800000|  0%| F|  |TAMS 0x0000000708600000| PB 0x0000000708600000| Untracked 
|  30|0x0000000708800000, 0x0000000708800000, 0x0000000708a00000|  0%| F|  |TAMS 0x0000000708800000| PB 0x0000000708800000| Untracked 
|  31|0x0000000708a00000, 0x0000000708a00000, 0x0000000708c00000|  0%| F|  |TAMS 0x0000000708a00000| PB 0x0000000708a00000| Untracked 
|  32|0x0000000708c00000, 0x0000000708c00000, 0x0000000708e00000|  0%| F|  |TAMS 0x0000000708c00000| PB 0x0000000708c00000| Untracked 
|  33|0x0000000708e00000, 0x0000000708e00000, 0x0000000709000000|  0%| F|  |TAMS 0x0000000708e00000| PB 0x0000000708e00000| Untracked 
|  34|0x0000000709000000, 0x0000000709000000, 0x0000000709200000|  0%| F|  |TAMS 0x0000000709000000| PB 0x0000000709000000| Untracked 
|  35|0x0000000709200000, 0x0000000709200000, 0x0000000709400000|  0%| F|  |TAMS 0x0000000709200000| PB 0x0000000709200000| Untracked 
|  36|0x0000000709400000, 0x0000000709400000, 0x0000000709600000|  0%| F|  |TAMS 0x0000000709400000| PB 0x0000000709400000| Untracked 
|  37|0x0000000709600000, 0x0000000709600000, 0x0000000709800000|  0%| F|  |TAMS 0x0000000709600000| PB 0x0000000709600000| Untracked 
|  38|0x0000000709800000, 0x0000000709800000, 0x0000000709a00000|  0%| F|  |TAMS 0x0000000709800000| PB 0x0000000709800000| Untracked 
|  39|0x0000000709a00000, 0x0000000709a00000, 0x0000000709c00000|  0%| F|  |TAMS 0x0000000709a00000| PB 0x0000000709a00000| Untracked 
|  40|0x0000000709c00000, 0x0000000709c00000, 0x0000000709e00000|  0%| F|  |TAMS 0x0000000709c00000| PB 0x0000000709c00000| Untracked 
|  41|0x0000000709e00000, 0x0000000709e00000, 0x000000070a000000|  0%| F|  |TAMS 0x0000000709e00000| PB 0x0000000709e00000| Untracked 
|  42|0x000000070a000000, 0x000000070a000000, 0x000000070a200000|  0%| F|  |TAMS 0x000000070a000000| PB 0x000000070a000000| Untracked 
|  43|0x000000070a200000, 0x000000070a200000, 0x000000070a400000|  0%| F|  |TAMS 0x000000070a200000| PB 0x000000070a200000| Untracked 
|  44|0x000000070a400000, 0x000000070a400000, 0x000000070a600000|  0%| F|  |TAMS 0x000000070a400000| PB 0x000000070a400000| Untracked 
|  45|0x000000070a600000, 0x000000070a600000, 0x000000070a800000|  0%| F|  |TAMS 0x000000070a600000| PB 0x000000070a600000| Untracked 
|  46|0x000000070a800000, 0x000000070a800000, 0x000000070aa00000|  0%| F|  |TAMS 0x000000070a800000| PB 0x000000070a800000| Untracked 
|  47|0x000000070aa00000, 0x000000070aa00000, 0x000000070ac00000|  0%| F|  |TAMS 0x000000070aa00000| PB 0x000000070aa00000| Untracked 
|  48|0x000000070ac00000, 0x000000070ac00000, 0x000000070ae00000|  0%| F|  |TAMS 0x000000070ac00000| PB 0x000000070ac00000| Untracked 
|  49|0x000000070ae00000, 0x000000070ae00000, 0x000000070b000000|  0%| F|  |TAMS 0x000000070ae00000| PB 0x000000070ae00000| Untracked 
|  50|0x000000070b000000, 0x000000070b000000, 0x000000070b200000|  0%| F|  |TAMS 0x000000070b000000| PB 0x000000070b000000| Untracked 
|  51|0x000000070b200000, 0x000000070b200000, 0x000000070b400000|  0%| F|  |TAMS 0x000000070b200000| PB 0x000000070b200000| Untracked 
|  52|0x000000070b400000, 0x000000070b400000, 0x000000070b600000|  0%| F|  |TAMS 0x000000070b400000| PB 0x000000070b400000| Untracked 
|  53|0x000000070b600000, 0x000000070b600000, 0x000000070b800000|  0%| F|  |TAMS 0x000000070b600000| PB 0x000000070b600000| Untracked 
|  54|0x000000070b800000, 0x000000070b800000, 0x000000070ba00000|  0%| F|  |TAMS 0x000000070b800000| PB 0x000000070b800000| Untracked 
|  55|0x000000070ba00000, 0x000000070ba00000, 0x000000070bc00000|  0%| F|  |TAMS 0x000000070ba00000| PB 0x000000070ba00000| Untracked 
|  56|0x000000070bc00000, 0x000000070bc00000, 0x000000070be00000|  0%| F|  |TAMS 0x000000070bc00000| PB 0x000000070bc00000| Untracked 
|  57|0x000000070be00000, 0x000000070be00000, 0x000000070c000000|  0%| F|  |TAMS 0x000000070be00000| PB 0x000000070be00000| Untracked 
|  58|0x000000070c000000, 0x000000070c000000, 0x000000070c200000|  0%| F|  |TAMS 0x000000070c000000| PB 0x000000070c000000| Untracked 
|  59|0x000000070c200000, 0x000000070c200000, 0x000000070c400000|  0%| F|  |TAMS 0x000000070c200000| PB 0x000000070c200000| Untracked 
|  60|0x000000070c400000, 0x000000070c400000, 0x000000070c600000|  0%| F|  |TAMS 0x000000070c400000| PB 0x000000070c400000| Untracked 
|  61|0x000000070c600000, 0x000000070c600000, 0x000000070c800000|  0%| F|  |TAMS 0x000000070c600000| PB 0x000000070c600000| Untracked 
|  62|0x000000070c800000, 0x000000070c800000, 0x000000070ca00000|  0%| F|  |TAMS 0x000000070c800000| PB 0x000000070c800000| Untracked 
|  63|0x000000070ca00000, 0x000000070ca00000, 0x000000070cc00000|  0%| F|  |TAMS 0x000000070ca00000| PB 0x000000070ca00000| Untracked 
|  64|0x000000070cc00000, 0x000000070cc00000, 0x000000070ce00000|  0%| F|  |TAMS 0x000000070cc00000| PB 0x000000070cc00000| Untracked 
|  65|0x000000070ce00000, 0x000000070ce00000, 0x000000070d000000|  0%| F|  |TAMS 0x000000070ce00000| PB 0x000000070ce00000| Untracked 
|  66|0x000000070d000000, 0x000000070d000000, 0x000000070d200000|  0%| F|  |TAMS 0x000000070d000000| PB 0x000000070d000000| Untracked 
|  67|0x000000070d200000, 0x000000070d200000, 0x000000070d400000|  0%| F|  |TAMS 0x000000070d200000| PB 0x000000070d200000| Untracked 
|  68|0x000000070d400000, 0x000000070d400000, 0x000000070d600000|  0%| F|  |TAMS 0x000000070d400000| PB 0x000000070d400000| Untracked 
|  69|0x000000070d600000, 0x000000070d600000, 0x000000070d800000|  0%| F|  |TAMS 0x000000070d600000| PB 0x000000070d600000| Untracked 
|  70|0x000000070d800000, 0x000000070d800000, 0x000000070da00000|  0%| F|  |TAMS 0x000000070d800000| PB 0x000000070d800000| Untracked 
|  71|0x000000070da00000, 0x000000070da00000, 0x000000070dc00000|  0%| F|  |TAMS 0x000000070da00000| PB 0x000000070da00000| Untracked 
|  72|0x000000070dc00000, 0x000000070dc00000, 0x000000070de00000|  0%| F|  |TAMS 0x000000070dc00000| PB 0x000000070dc00000| Untracked 
|  73|0x000000070de00000, 0x000000070de00000, 0x000000070e000000|  0%| F|  |TAMS 0x000000070de00000| PB 0x000000070de00000| Untracked 
|  74|0x000000070e000000, 0x000000070e000000, 0x000000070e200000|  0%| F|  |TAMS 0x000000070e000000| PB 0x000000070e000000| Untracked 
|  75|0x000000070e200000, 0x000000070e200000, 0x000000070e400000|  0%| F|  |TAMS 0x000000070e200000| PB 0x000000070e200000| Untracked 
|  76|0x000000070e400000, 0x000000070e400000, 0x000000070e600000|  0%| F|  |TAMS 0x000000070e400000| PB 0x000000070e400000| Untracked 
|  77|0x000000070e600000, 0x000000070e600000, 0x000000070e800000|  0%| F|  |TAMS 0x000000070e600000| PB 0x000000070e600000| Untracked 
|  78|0x000000070e800000, 0x000000070e800000, 0x000000070ea00000|  0%| F|  |TAMS 0x000000070e800000| PB 0x000000070e800000| Untracked 
|  79|0x000000070ea00000, 0x000000070ea00000, 0x000000070ec00000|  0%| F|  |TAMS 0x000000070ea00000| PB 0x000000070ea00000| Untracked 
|  80|0x000000070ec00000, 0x000000070ec00000, 0x000000070ee00000|  0%| F|  |TAMS 0x000000070ec00000| PB 0x000000070ec00000| Untracked 
|  81|0x000000070ee00000, 0x000000070ee00000, 0x000000070f000000|  0%| F|  |TAMS 0x000000070ee00000| PB 0x000000070ee00000| Untracked 
|  82|0x000000070f000000, 0x000000070f000000, 0x000000070f200000|  0%| F|  |TAMS 0x000000070f000000| PB 0x000000070f000000| Untracked 
|  83|0x000000070f200000, 0x000000070f200000, 0x000000070f400000|  0%| F|  |TAMS 0x000000070f200000| PB 0x000000070f200000| Untracked 
|  84|0x000000070f400000, 0x000000070f400000, 0x000000070f600000|  0%| F|  |TAMS 0x000000070f400000| PB 0x000000070f400000| Untracked 
|  85|0x000000070f600000, 0x000000070f600000, 0x000000070f800000|  0%| F|  |TAMS 0x000000070f600000| PB 0x000000070f600000| Untracked 
|  86|0x000000070f800000, 0x000000070f800000, 0x000000070fa00000|  0%| F|  |TAMS 0x000000070f800000| PB 0x000000070f800000| Untracked 
|  87|0x000000070fa00000, 0x000000070fa00000, 0x000000070fc00000|  0%| F|  |TAMS 0x000000070fa00000| PB 0x000000070fa00000| Untracked 
|  88|0x000000070fc00000, 0x000000070fc00000, 0x000000070fe00000|  0%| F|  |TAMS 0x000000070fc00000| PB 0x000000070fc00000| Untracked 
|  89|0x000000070fe00000, 0x000000070fe00000, 0x0000000710000000|  0%| F|  |TAMS 0x000000070fe00000| PB 0x000000070fe00000| Untracked 
|  90|0x0000000710000000, 0x0000000710000000, 0x0000000710200000|  0%| F|  |TAMS 0x0000000710000000| PB 0x0000000710000000| Untracked 
|  91|0x0000000710200000, 0x0000000710200000, 0x0000000710400000|  0%| F|  |TAMS 0x0000000710200000| PB 0x0000000710200000| Untracked 
|  92|0x0000000710400000, 0x0000000710400000, 0x0000000710600000|  0%| F|  |TAMS 0x0000000710400000| PB 0x0000000710400000| Untracked 
|  93|0x0000000710600000, 0x0000000710600000, 0x0000000710800000|  0%| F|  |TAMS 0x0000000710600000| PB 0x0000000710600000| Untracked 
|  94|0x0000000710800000, 0x0000000710800000, 0x0000000710a00000|  0%| F|  |TAMS 0x0000000710800000| PB 0x0000000710800000| Untracked 
|  95|0x0000000710a00000, 0x0000000710a00000, 0x0000000710c00000|  0%| F|  |TAMS 0x0000000710a00000| PB 0x0000000710a00000| Untracked 
|  96|0x0000000710c00000, 0x0000000710c00000, 0x0000000710e00000|  0%| F|  |TAMS 0x0000000710c00000| PB 0x0000000710c00000| Untracked 
|  97|0x0000000710e00000, 0x0000000710e00000, 0x0000000711000000|  0%| F|  |TAMS 0x0000000710e00000| PB 0x0000000710e00000| Untracked 
|  98|0x0000000711000000, 0x0000000711000000, 0x0000000711200000|  0%| F|  |TAMS 0x0000000711000000| PB 0x0000000711000000| Untracked 
|  99|0x0000000711200000, 0x0000000711200000, 0x0000000711400000|  0%| F|  |TAMS 0x0000000711200000| PB 0x0000000711200000| Untracked 
| 100|0x0000000711400000, 0x0000000711400000, 0x0000000711600000|  0%| F|  |TAMS 0x0000000711400000| PB 0x0000000711400000| Untracked 
| 101|0x0000000711600000, 0x0000000711600000, 0x0000000711800000|  0%| F|  |TAMS 0x0000000711600000| PB 0x0000000711600000| Untracked 
| 102|0x0000000711800000, 0x0000000711800000, 0x0000000711a00000|  0%| F|  |TAMS 0x0000000711800000| PB 0x0000000711800000| Untracked 
| 103|0x0000000711a00000, 0x0000000711a00000, 0x0000000711c00000|  0%| F|  |TAMS 0x0000000711a00000| PB 0x0000000711a00000| Untracked 
| 104|0x0000000711c00000, 0x0000000711c00000, 0x0000000711e00000|  0%| F|  |TAMS 0x0000000711c00000| PB 0x0000000711c00000| Untracked 
| 105|0x0000000711e00000, 0x0000000711e00000, 0x0000000712000000|  0%| F|  |TAMS 0x0000000711e00000| PB 0x0000000711e00000| Untracked 
| 106|0x0000000712000000, 0x0000000712000000, 0x0000000712200000|  0%| F|  |TAMS 0x0000000712000000| PB 0x0000000712000000| Untracked 
| 107|0x0000000712200000, 0x0000000712200000, 0x0000000712400000|  0%| F|  |TAMS 0x0000000712200000| PB 0x0000000712200000| Untracked 
| 108|0x0000000712400000, 0x0000000712400000, 0x0000000712600000|  0%| F|  |TAMS 0x0000000712400000| PB 0x0000000712400000| Untracked 
| 109|0x0000000712600000, 0x0000000712600000, 0x0000000712800000|  0%| F|  |TAMS 0x0000000712600000| PB 0x0000000712600000| Untracked 
| 110|0x0000000712800000, 0x0000000712800000, 0x0000000712a00000|  0%| F|  |TAMS 0x0000000712800000| PB 0x0000000712800000| Untracked 
| 111|0x0000000712a00000, 0x0000000712a00000, 0x0000000712c00000|  0%| F|  |TAMS 0x0000000712a00000| PB 0x0000000712a00000| Untracked 
| 112|0x0000000712c00000, 0x0000000712c00000, 0x0000000712e00000|  0%| F|  |TAMS 0x0000000712c00000| PB 0x0000000712c00000| Untracked 
| 113|0x0000000712e00000, 0x0000000712e00000, 0x0000000713000000|  0%| F|  |TAMS 0x0000000712e00000| PB 0x0000000712e00000| Untracked 
| 114|0x0000000713000000, 0x0000000713000000, 0x0000000713200000|  0%| F|  |TAMS 0x0000000713000000| PB 0x0000000713000000| Untracked 
| 115|0x0000000713200000, 0x0000000713200000, 0x0000000713400000|  0%| F|  |TAMS 0x0000000713200000| PB 0x0000000713200000| Untracked 
| 116|0x0000000713400000, 0x0000000713400000, 0x0000000713600000|  0%| F|  |TAMS 0x0000000713400000| PB 0x0000000713400000| Untracked 
| 117|0x0000000713600000, 0x0000000713600000, 0x0000000713800000|  0%| F|  |TAMS 0x0000000713600000| PB 0x0000000713600000| Untracked 
| 118|0x0000000713800000, 0x0000000713800000, 0x0000000713a00000|  0%| F|  |TAMS 0x0000000713800000| PB 0x0000000713800000| Untracked 
| 119|0x0000000713a00000, 0x0000000713a00000, 0x0000000713c00000|  0%| F|  |TAMS 0x0000000713a00000| PB 0x0000000713a00000| Untracked 
| 120|0x0000000713c00000, 0x0000000713c00000, 0x0000000713e00000|  0%| F|  |TAMS 0x0000000713c00000| PB 0x0000000713c00000| Untracked 
| 121|0x0000000713e00000, 0x0000000713e00000, 0x0000000714000000|  0%| F|  |TAMS 0x0000000713e00000| PB 0x0000000713e00000| Untracked 
| 122|0x0000000714000000, 0x0000000714200000, 0x0000000714200000|100%| E|  |TAMS 0x0000000714000000| PB 0x0000000714000000| Complete 
| 123|0x0000000714200000, 0x0000000714400000, 0x0000000714400000|100%| E|CS|TAMS 0x0000000714200000| PB 0x0000000714200000| Complete 
| 124|0x0000000714400000, 0x0000000714600000, 0x0000000714600000|100%| E|CS|TAMS 0x0000000714400000| PB 0x0000000714400000| Complete 
| 125|0x0000000714600000, 0x0000000714800000, 0x0000000714800000|100%| E|CS|TAMS 0x0000000714600000| PB 0x0000000714600000| Complete 

Card table byte_map: [0x000001d8edc20000,0x000001d8ee400000] _byte_map_base: 0x000001d8ea3fa000

Marking Bits: (CMBitMap*) 0x000001d8d5b5d950
 Bits: [0x000001d8ee400000, 0x000001d8f22d0000)

Polling page: 0x000001d8d4bb0000

Metaspace:

Usage:
  Non-class:      2.03 MB used.
      Class:    184.44 KB used.
       Both:      2.21 MB used.

Virtual space:
  Non-class space:       64.00 MB reserved,       2.12 MB (  3%) committed,  1 nodes.
      Class space:        1.00 GB reserved,     256.00 KB ( <1%) committed,  1 nodes.
             Both:        1.06 GB reserved,       2.38 MB ( <1%) committed. 

Chunk freelists:
   Non-Class:  11.14 MB
       Class:  15.63 MB
        Both:  26.77 MB

MaxMetaspaceSize: unlimited
CompressedClassSpaceSize: 1.00 GB
Initial GC threshold: 21.00 MB
Current GC threshold: 21.00 MB
CDS: on
 - commit_granule_bytes: 65536.
 - commit_granule_words: 8192.
 - virtual_space_node_default_size: 8388608.
 - enlarge_chunks_in_place: 1.
 - use_allocation_guard: 0.


Internal statistics:

num_allocs_failed_limit: 0.
num_arena_births: 64.
num_arena_deaths: 0.
num_vsnodes_births: 2.
num_vsnodes_deaths: 0.
num_space_committed: 38.
num_space_uncommitted: 0.
num_chunks_returned_to_freelist: 0.
num_chunks_taken_from_freelist: 119.
num_chunk_merges: 0.
num_chunk_splits: 74.
num_chunks_enlarged: 49.
num_inconsistent_stats: 0.

CodeHeap 'non-profiled nmethods': size=120000Kb used=187Kb max_used=187Kb free=119813Kb
 bounds [0x000001d8e59c0000, 0x000001d8e5c30000, 0x000001d8ecef0000]
CodeHeap 'profiled nmethods': size=120000Kb used=933Kb max_used=933Kb free=119066Kb
 bounds [0x000001d8ddef0000, 0x000001d8de160000, 0x000001d8e5420000]
CodeHeap 'non-nmethods': size=5760Kb used=1398Kb max_used=1415Kb free=4361Kb
 bounds [0x000001d8e5420000, 0x000001d8e5690000, 0x000001d8e59c0000]
 total_blobs=992 nmethods=549 adapters=348
 compilation: enabled
              stopped_count=0, restarted_count=0
 full_count=0

Compilation events (20 events):
Event: 0.419 Thread 0x000001d8f911eb10 nmethod 537 0x000001d8ddfce510 code [0x000001d8ddfce6c0, 0x000001d8ddfce908]
Event: 0.420 Thread 0x000001d8f911eb10  539       3       jdk.internal.misc.Unsafe::getLong (7 bytes)
Event: 0.420 Thread 0x000001d8f911eb10 nmethod 539 0x000001d8ddfcea10 code [0x000001d8ddfceba0, 0x000001d8ddfcecc0]
Event: 0.421 Thread 0x000001d8f911eb10  540   !   3       java.lang.String::<init> (893 bytes)
Event: 0.426 Thread 0x000001d8f911eb10 nmethod 540 0x000001d8ddfced90 code [0x000001d8ddfcf660, 0x000001d8ddfd4f58]
Event: 0.426 Thread 0x000001d8f911eb10  542       3       java.nio.Buffer::position (52 bytes)
Event: 0.427 Thread 0x000001d8f911eb10 nmethod 542 0x000001d8ddfd6e10 code [0x000001d8ddfd6fe0, 0x000001d8ddfd7288]
Event: 0.427 Thread 0x000001d8f911eb10  541       1       java.nio.HeapByteBuffer::isReadOnly (2 bytes)
Event: 0.427 Thread 0x000001d8f911eb10 nmethod 541 0x000001d8e59ec610 code [0x000001d8e59ec7a0, 0x000001d8e59ec868]
Event: 0.428 Thread 0x000001d8f9117c60 nmethod 534 0x000001d8e59ec910 code [0x000001d8e59ecb60, 0x000001d8e59ed788]
Event: 0.428 Thread 0x000001d8f9117c60  497       4       java.lang.AbstractStringBuilder::newCapacity (59 bytes)
Event: 0.429 Thread 0x000001d8f9117c60 nmethod 497 0x000001d8e59ee210 code [0x000001d8e59ee3a0, 0x000001d8e59ee4e0]
Event: 0.431 Thread 0x000001d8f911eb10  543       3       jdk.internal.module.SystemModuleFinders$SystemImage::reader (4 bytes)
Event: 0.432 Thread 0x000001d8f9117c60  548       4       jdk.internal.jimage.ImageStringsReader::unmaskedHashCode (166 bytes)
Event: 0.432 Thread 0x000001d8f911eb10 nmethod 543 0x000001d8ddfd7390 code [0x000001d8ddfd7520, 0x000001d8ddfd7618]
Event: 0.432 Thread 0x000001d8f911eb10  544       3       jdk.internal.jimage.ImageReader::verifyLocation (14 bytes)
Event: 0.432 Thread 0x000001d8f911eb10 nmethod 544 0x000001d8ddfd7690 code [0x000001d8ddfd7860, 0x000001d8ddfd7be0]
Event: 0.432 Thread 0x000001d8f911eb10  545       3       jdk.internal.jimage.ImageReader::requireOpen (18 bytes)
Event: 0.432 Thread 0x000001d8f911eb10 nmethod 545 0x000001d8ddfd7d90 code [0x000001d8ddfd7f60, 0x000001d8ddfd81a0]
Event: 0.432 Thread 0x000001d8f911eb10  546       3       jdk.internal.jimage.BasicImageReader::verifyLocation (39 bytes)

GC Heap History (0 events):
No events

Dll operation events (9 events):
Event: 0.013 Loaded shared library C:\Program Files\Java\jdk-21\bin\java.dll
Event: 0.053 Loaded shared library C:\Program Files\Java\jdk-21\bin\jsvml.dll
Event: 0.129 Loaded shared library C:\Program Files\Java\jdk-21\bin\net.dll
Event: 0.131 Loaded shared library C:\Program Files\Java\jdk-21\bin\nio.dll
Event: 0.136 Loaded shared library C:\Program Files\Java\jdk-21\bin\zip.dll
Event: 0.252 Loaded shared library C:\Program Files\Java\jdk-21\bin\verify.dll
Event: 0.259 Loaded shared library C:\Program Files\Java\jdk-21\bin\jimage.dll
Event: 0.306 Loaded shared library C:\Users\navin\AppData\Local\Temp\libgdxnavin\e787ab0a\gdx64.dll
Event: 0.381 Loaded shared library C:\Users\navin\AppData\Local\Temp\lwjglnavin\3.3.1-build-7\lwjgl.dll

Deoptimization events (18 events):
Event: 0.117 Thread 0x000001d8d2fe5940 Uncommon trap: trap_request=0xffffff45 fr.pc=0x000001d8e59c13fc relative=0x00000000000000dc
Event: 0.117 Thread 0x000001d8d2fe5940 Uncommon trap: reason=unstable_if action=reinterpret pc=0x000001d8e59c13fc method=java.lang.String.isLatin1()Z @ 10 c2
Event: 0.117 Thread 0x000001d8d2fe5940 DEOPT PACKING pc=0x000001d8e59c13fc sp=0x000000047a0ff110
Event: 0.117 Thread 0x000001d8d2fe5940 DEOPT UNPACKING pc=0x000001d8e54746a2 sp=0x000000047a0ff060 mode 2
Event: 0.149 Thread 0x000001d8d2fe5940 DEOPT PACKING pc=0x000001d8ddf06e1c sp=0x000000047a0fa1d0
Event: 0.149 Thread 0x000001d8d2fe5940 DEOPT UNPACKING pc=0x000001d8e5474e42 sp=0x000000047a0f95f0 mode 0
Event: 0.302 Thread 0x000001d8d2fe5940 Uncommon trap: trap_request=0xffffff45 fr.pc=0x000001d8e59c9f14 relative=0x0000000000000074
Event: 0.302 Thread 0x000001d8d2fe5940 Uncommon trap: reason=unstable_if action=reinterpret pc=0x000001d8e59c9f14 method=java.io.WinNTFileSystem.isSlash(C)Z @ 9 c2
Event: 0.302 Thread 0x000001d8d2fe5940 DEOPT PACKING pc=0x000001d8e59c9f14 sp=0x000000047a0feb80
Event: 0.302 Thread 0x000001d8d2fe5940 DEOPT UNPACKING pc=0x000001d8e54746a2 sp=0x000000047a0feb18 mode 2
Event: 0.328 Thread 0x000001d8d2fe5940 DEOPT PACKING pc=0x000001d8ddf1d421 sp=0x000000047a0f7100
Event: 0.328 Thread 0x000001d8d2fe5940 DEOPT UNPACKING pc=0x000001d8e5474e42 sp=0x000000047a0f6560 mode 0
Event: 0.378 Thread 0x000001d8d2fe5940 Uncommon trap: trap_request=0xffffff45 fr.pc=0x000001d8e59cdff0 relative=0x0000000000000050
Event: 0.378 Thread 0x000001d8d2fe5940 Uncommon trap: reason=unstable_if action=reinterpret pc=0x000001d8e59cdff0 method=sun.nio.fs.WindowsPathParser.isSlash(C)Z @ 9 c2
Event: 0.378 Thread 0x000001d8d2fe5940 DEOPT PACKING pc=0x000001d8e59cdff0 sp=0x000000047a0fb770
Event: 0.378 Thread 0x000001d8d2fe5940 DEOPT UNPACKING pc=0x000001d8e54746a2 sp=0x000000047a0fb708 mode 2
Event: 0.421 Thread 0x000001d8d2fe5940 DEOPT PACKING pc=0x000001d8ddf3cbbb sp=0x000000047a0fb6d0
Event: 0.421 Thread 0x000001d8d2fe5940 DEOPT UNPACKING pc=0x000001d8e5474e42 sp=0x000000047a0facb0 mode 0

Classes loaded (20 events):
Event: 0.383 Loading class java/nio/DirectShortBufferU
Event: 0.383 Loading class java/nio/DirectShortBufferU done
Event: 0.383 Loading class java/nio/DirectCharBufferU
Event: 0.383 Loading class java/nio/DirectCharBufferU done
Event: 0.383 Loading class java/nio/DirectFloatBufferU
Event: 0.383 Loading class java/nio/DirectFloatBufferU done
Event: 0.383 Loading class java/nio/DirectDoubleBufferU
Event: 0.383 Loading class java/nio/DirectDoubleBufferU done
Event: 0.383 Loading class sun/misc/Unsafe
Event: 0.383 Loading class sun/misc/Unsafe done
Event: 0.384 Loading class java/lang/invoke/DirectMethodHandle$StaticAccessor
Event: 0.384 Loading class java/lang/invoke/DirectMethodHandle$StaticAccessor done
Event: 0.386 Loading class java/util/function/LongPredicate
Event: 0.386 Loading class java/util/function/LongPredicate done
Event: 0.388 Loading class java/lang/foreign/MemorySegment
Event: 0.388 Loading class java/lang/foreign/MemorySegment done
Event: 0.394 Loading class java/nio/InvalidMarkException
Event: 0.394 Loading class java/nio/InvalidMarkException done
Event: 0.394 Loading class java/nio/BufferUnderflowException
Event: 0.394 Loading class java/nio/BufferUnderflowException done

Classes unloaded (0 events):
No events

Classes redefined (0 events):
No events

Internal exceptions (17 events):
Event: 0.339 Thread 0x000001d8d2fe5940 Exception <a 'java/lang/NoSuchMethodError'{0x0000000714054a80}: 'void java.lang.invoke.DirectMethodHandle$Holder.invokeStatic(java.lang.Object, java.lang.Object)'> (0x0000000714054a80) 
thrown [s\open\src\hotspot\share\interpreter\linkResolver.cpp, line 773]
Event: 0.340 Thread 0x000001d8d2fe5940 Exception <a 'java/lang/NoSuchMethodError'{0x0000000714059c78}: 'void java.lang.System.load(java.lang.String, java.lang.Class)'> (0x0000000714059c78) 
thrown [s\open\src\hotspot\share\interpreter\linkResolver.cpp, line 773]
Event: 0.340 Thread 0x000001d8d2fe5940 Exception <a 'java/lang/NoSuchMethodError'{0x000000071405a868}: 'void java.lang.invoke.DirectMethodHandle$Holder.invokeSpecial(java.lang.Object, java.lang.Object, java.lang.Object)'> (0x000000071405a868) 
thrown [s\open\src\hotspot\share\interpreter\linkResolver.cpp, line 773]
Event: 0.344 Thread 0x000001d8d2fe5940 Exception <a 'java/lang/NoSuchMethodError'{0x000000071406b380}: 'java.lang.Object java.lang.invoke.DirectMethodHandle$Holder.invokeStatic(java.lang.Object, java.lang.Object, int)'> (0x000000071406b380) 
thrown [s\open\src\hotspot\share\interpreter\linkResolver.cpp, line 773]
Event: 0.346 Thread 0x000001d8d2fe5940 Exception <a 'java/lang/NoSuchMethodError'{0x0000000714076a28}: 'void java.lang.invoke.DelegatingMethodHandle$Holder.delegate(java.lang.Object, java.lang.Object, int, java.lang.Object)'> (0x0000000714076a28) 
thrown [s\open\src\hotspot\share\interpreter\linkResolver.cpp, line 773]
Event: 0.347 Thread 0x000001d8d2fe5940 Exception <a 'java/lang/NoSuchMethodError'{0x000000071407a910}: 'int java.lang.invoke.DirectMethodHandle$Holder.invokeSpecial(java.lang.Object, java.lang.Object, java.lang.Object)'> (0x000000071407a910) 
thrown [s\open\src\hotspot\share\interpreter\linkResolver.cpp, line 773]
Event: 0.352 Thread 0x000001d8d2fe5940 Exception <a 'java/lang/NoSuchMethodError'{0x0000000714094a48}: 'void java.lang.System.loadLibrary(java.lang.String, java.lang.Class)'> (0x0000000714094a48) 
thrown [s\open\src\hotspot\share\interpreter\linkResolver.cpp, line 773]
Event: 0.378 Thread 0x000001d8d2fe5940 Exception <a 'sun/nio/fs/WindowsException'{0x00000007140ecb38}> (0x00000007140ecb38) 
thrown [s\open\src\hotspot\share\prims\jni.cpp, line 520]
Event: 0.378 Thread 0x000001d8d2fe5940 Exception <a 'sun/nio/fs/WindowsException'{0x00000007140ed068}> (0x00000007140ed068) 
thrown [s\open\src\hotspot\share\prims\jni.cpp, line 520]
Event: 0.387 Thread 0x000001d8d2fe5940 Exception <a 'java/lang/NoSuchMethodError'{0x0000000714122d38}: 'int java.lang.invoke.DirectMethodHandle$Holder.invokeStaticInit(java.lang.Object, java.lang.Object, int, long)'> (0x0000000714122d38) 
thrown [s\open\src\hotspot\share\interpreter\linkResolver.cpp, line 773]
Event: 0.387 Thread 0x000001d8d2fe5940 Exception <a 'java/lang/NoSuchMethodError'{0x0000000714127d60}: 'java.lang.Object java.lang.invoke.DirectMethodHandle$Holder.newInvokeSpecial(java.lang.Object, java.lang.Object, int)'> (0x0000000714127d60) 
thrown [s\open\src\hotspot\share\interpreter\linkResolver.cpp, line 773]
Event: 0.389 Thread 0x000001d8d2fe5940 Exception <a 'java/lang/NoSuchMethodError'{0x0000000714139568}: 'int java.lang.invoke.DirectMethodHandle$Holder.invokeStaticInit(java.lang.Object, java.lang.Object, long, long)'> (0x0000000714139568) 
thrown [s\open\src\hotspot\share\interpreter\linkResolver.cpp, line 773]
Event: 0.390 Thread 0x000001d8d2fe5940 Exception <a 'java/lang/NoSuchMethodError'{0x000000071413edd0}: 'java.lang.Object java.lang.invoke.DirectMethodHandle$Holder.newInvokeSpecial(java.lang.Object, java.lang.Object, long)'> (0x000000071413edd0) 
thrown [s\open\src\hotspot\share\interpreter\linkResolver.cpp, line 773]
Event: 0.390 Thread 0x000001d8d2fe5940 Exception <a 'java/lang/NoSuchMethodError'{0x0000000714142b88}: 'java.lang.Object java.lang.invoke.Invokers$Holder.linkToTargetMethod(java.lang.Object, long, java.lang.Object)'> (0x0000000714142b88) 
thrown [s\open\src\hotspot\share\interpreter\linkResolver.cpp, line 773]
Event: 0.392 Thread 0x000001d8d2fe5940 Exception <a 'java/lang/NoSuchMethodError'{0x0000000714149c10}: 'int java.lang.invoke.DirectMethodHandle$Holder.invokeStaticInit(java.lang.Object, java.lang.Object, java.lang.Object, long)'> (0x0000000714149c10) 
thrown [s\open\src\hotspot\share\interpreter\linkResolver.cpp, line 773]
Event: 0.425 Thread 0x000001d8d2fe5940 Exception <a 'sun/nio/fs/WindowsException'{0x00000007141d5270}> (0x00000007141d5270) 
thrown [s\open\src\hotspot\share\prims\jni.cpp, line 520]
Event: 0.425 Thread 0x000001d8d2fe5940 Exception <a 'sun/nio/fs/WindowsException'{0x00000007141d5600}> (0x00000007141d5600) 
thrown [s\open\src\hotspot\share\prims\jni.cpp, line 520]

ZGC Phase Switch (0 events):
No events

VM Operations (6 events):
Event: 0.159 Executing VM operation: HandshakeAllThreads (Deoptimize)
Event: 0.159 Executing VM operation: HandshakeAllThreads (Deoptimize) done
Event: 0.302 Executing VM operation: HandshakeAllThreads (Deoptimize)
Event: 0.302 Executing VM operation: HandshakeAllThreads (Deoptimize) done
Event: 0.343 Executing VM operation: HandshakeAllThreads (Deoptimize)
Event: 0.343 Executing VM operation: HandshakeAllThreads (Deoptimize) done

Events (14 events):
Event: 0.028 Thread 0x000001d8d2fe5940 Thread added: 0x000001d8d2fe5940
Event: 0.046 Thread 0x000001d8f910d070 Thread added: 0x000001d8f910d070
Event: 0.048 Thread 0x000001d8f910dd90 Thread added: 0x000001d8f910dd90
Event: 0.048 Thread 0x000001d8f910f9b0 Thread added: 0x000001d8f910f9b0
Event: 0.048 Thread 0x000001d8f9111420 Thread added: 0x000001d8f9111420
Event: 0.049 Thread 0x000001d8f91129f0 Thread added: 0x000001d8f91129f0
Event: 0.049 Thread 0x000001d8f9114890 Thread added: 0x000001d8f9114890
Event: 0.050 Thread 0x000001d8f9117c60 Thread added: 0x000001d8f9117c60
Event: 0.051 Thread 0x000001d8f911eb10 Thread added: 0x000001d8f911eb10
Event: 0.107 Thread 0x000001d8f9281170 Thread added: 0x000001d8f9281170
Event: 0.108 Thread 0x000001d8f9298fb0 Thread added: 0x000001d8f9298fb0
Event: 0.108 Thread 0x000001d8f929fc60 Thread added: 0x000001d8f929fc60
Event: 0.116 Thread 0x000001d8f92a37e0 Thread added: 0x000001d8f92a37e0
Event: 0.122 Thread 0x000001d8f92b7b80 Thread added: 0x000001d8f92b7b80


Dynamic libraries:
0x00007ff68f6e0000 - 0x00007ff68f6f0000 	C:\Program Files\Java\jdk-21\bin\java.exe
0x00007ffc2c890000 - 0x00007ffc2caa7000 	C:\WINDOWS\SYSTEM32\ntdll.dll
0x00007ffc2b650000 - 0x00007ffc2b714000 	C:\WINDOWS\System32\KERNEL32.DLL
0x00007ffc29e10000 - 0x00007ffc2a1bd000 	C:\WINDOWS\System32\KERNELBASE.dll
0x00007ffc29c20000 - 0x00007ffc29d31000 	C:\WINDOWS\System32\ucrtbase.dll
0x00007ffbfd5d0000 - 0x00007ffbfd5e9000 	C:\Program Files\Java\jdk-21\bin\jli.dll
0x00007ffc2bcb0000 - 0x00007ffc2bd62000 	C:\WINDOWS\System32\ADVAPI32.dll
0x00007ffc2bb60000 - 0x00007ffc2bc07000 	C:\WINDOWS\System32\msvcrt.dll
0x00007ffc2bab0000 - 0x00007ffc2bb59000 	C:\WINDOWS\System32\sechost.dll
0x00007ffbfdac0000 - 0x00007ffbfdadb000 	C:\Program Files\Java\jdk-21\bin\VCRUNTIME140.dll
0x00007ffc29de0000 - 0x00007ffc29e08000 	C:\WINDOWS\System32\bcrypt.dll
0x00007ffc2c170000 - 0x00007ffc2c284000 	C:\WINDOWS\System32\RPCRT4.dll
0x00007ffc2bdf0000 - 0x00007ffc2bf9e000 	C:\WINDOWS\System32\USER32.dll
0x00007ffc2a1c0000 - 0x00007ffc2a1e6000 	C:\WINDOWS\System32\win32u.dll
0x00007ffc2a820000 - 0x00007ffc2a849000 	C:\WINDOWS\System32\GDI32.dll
0x00007ffc2a4a0000 - 0x00007ffc2a5b9000 	C:\WINDOWS\System32\gdi32full.dll
0x00007ffc29d40000 - 0x00007ffc29dda000 	C:\WINDOWS\System32\msvcp_win.dll
0x00007ffbf96e0000 - 0x00007ffbf9973000 	C:\WINDOWS\WinSxS\amd64_microsoft.windows.common-controls_6595b64144ccf1df_6.0.22621.3672_none_2713b9d173822955\COMCTL32.dll
0x00007ffc1bba0000 - 0x00007ffc1bbaa000 	C:\WINDOWS\SYSTEM32\VERSION.dll
0x00007ffc2bc10000 - 0x00007ffc2bc41000 	C:\WINDOWS\System32\IMM32.DLL
0x00007ffc1fa70000 - 0x00007ffc1fbdb000 	C:\WINDOWS\system32\tmumh\20019\AddOn\8.55.0.1134\TmUmEvt64.dll
0x00007ffc2c2b0000 - 0x00007ffc2c2b8000 	C:\WINDOWS\System32\PSAPI.DLL
0x000000005b070000 - 0x000000005b1fe000 	C:\WINDOWS\system32\tmumh\20019\TmMon\2.9.0.1100\tmmon64.dll
0x00007ffc015b0000 - 0x00007ffc015bc000 	C:\Program Files\Java\jdk-21\bin\vcruntime140_1.dll
0x00007ffbd8050000 - 0x00007ffbd80de000 	C:\Program Files\Java\jdk-21\bin\msvcp140.dll
0x00007ffb7b4d0000 - 0x00007ffb7c1e5000 	C:\Program Files\Java\jdk-21\bin\server\jvm.dll
0x00007ffc2a7a0000 - 0x00007ffc2a811000 	C:\WINDOWS\System32\WS2_32.dll
0x00007ffc28aa0000 - 0x00007ffc28aed000 	C:\WINDOWS\SYSTEM32\POWRPROF.dll
0x00007ffc20ce0000 - 0x00007ffc20d14000 	C:\WINDOWS\SYSTEM32\WINMM.dll
0x00007ffc28a00000 - 0x00007ffc28a13000 	C:\WINDOWS\SYSTEM32\UMPDC.dll
0x00007ffc28c90000 - 0x00007ffc28ca8000 	C:\WINDOWS\SYSTEM32\kernel.appcore.dll
0x00007ffc010c0000 - 0x00007ffc010ca000 	C:\Program Files\Java\jdk-21\bin\jimage.dll
0x00007ffc265f0000 - 0x00007ffc26822000 	C:\WINDOWS\SYSTEM32\DBGHELP.DLL
0x00007ffc2c2c0000 - 0x00007ffc2c64d000 	C:\WINDOWS\System32\combase.dll
0x00007ffc2b720000 - 0x00007ffc2b7f7000 	C:\WINDOWS\System32\OLEAUT32.dll
0x00007ffc1d810000 - 0x00007ffc1d842000 	C:\WINDOWS\SYSTEM32\dbgcore.DLL
0x00007ffc2a1f0000 - 0x00007ffc2a26b000 	C:\WINDOWS\System32\bcryptPrimitives.dll
0x00007ffbfd3e0000 - 0x00007ffbfd41c000 	C:\Program Files\Java\jdk-21\bin\jdwp.dll
0x00007ffbfd4a0000 - 0x00007ffbfd4bf000 	C:\Program Files\Java\jdk-21\bin\java.dll
0x00007ffc2ade0000 - 0x00007ffc2b648000 	C:\WINDOWS\System32\SHELL32.dll
0x00007ffc27ab0000 - 0x00007ffc283ae000 	C:\WINDOWS\SYSTEM32\windows.storage.dll
0x00007ffc27970000 - 0x00007ffc27aaf000 	C:\WINDOWS\SYSTEM32\wintypes.dll
0x00007ffc2b800000 - 0x00007ffc2b8f9000 	C:\WINDOWS\System32\SHCORE.dll
0x00007ffc2a900000 - 0x00007ffc2a95e000 	C:\WINDOWS\System32\shlwapi.dll
0x00007ffc29ae0000 - 0x00007ffc29b01000 	C:\WINDOWS\SYSTEM32\profapi.dll
0x00007ffbcbad0000 - 0x00007ffbcbba7000 	C:\Program Files\Java\jdk-21\bin\jsvml.dll
0x00007ffc0d090000 - 0x00007ffc0d09c000 	C:\Program Files\Java\jdk-21\bin\dt_socket.dll
0x00007ffc28650000 - 0x00007ffc2867d000 	C:\WINDOWS\SYSTEM32\IPHLPAPI.DLL
0x00007ffc290f0000 - 0x00007ffc29159000 	C:\WINDOWS\system32\mswsock.dll
0x00007ffc01050000 - 0x00007ffc01060000 	C:\Program Files\Java\jdk-21\bin\net.dll
0x00007ffc247f0000 - 0x00007ffc24926000 	C:\WINDOWS\SYSTEM32\WINHTTP.dll
0x00007ffbfee30000 - 0x00007ffbfee46000 	C:\Program Files\Java\jdk-21\bin\nio.dll
0x00007ffbec740000 - 0x00007ffbec758000 	C:\Program Files\Java\jdk-21\bin\zip.dll
0x00007ffbfec70000 - 0x00007ffbfec80000 	C:\Program Files\Java\jdk-21\bin\verify.dll
0x0000000059f10000 - 0x0000000059f39000 	C:\Users\navin\AppData\Local\Temp\libgdxnavin\e787ab0a\gdx64.dll
0x00007ffbd9ef0000 - 0x00007ffbd9f65000 	C:\Users\navin\AppData\Local\Temp\lwjglnavin\3.3.1-build-7\lwjgl.dll
0x00007ffbc7670000 - 0x00007ffbc78c9000 	C:\Users\navin\AppData\Local\Temp\lwjglnavin\3.3.1-build-7\jemalloc.dll

dbghelp: loaded successfully - version: 4.0.5 - missing functions: none
symbol engine: initialized successfully - sym options: 0x614 - pdb path: .;C:\Program Files\Java\jdk-21\bin;C:\WINDOWS\SYSTEM32;C:\WINDOWS\WinSxS\amd64_microsoft.windows.common-controls_6595b64144ccf1df_6.0.22621.3672_none_2713b9d173822955;C:\WINDOWS\system32\tmumh\20019\AddOn\8.55.0.1134;C:\WINDOWS\system32\tmumh\20019\TmMon\2.9.0.1100;C:\Program Files\Java\jdk-21\bin\server;C:\Users\navin\AppData\Local\Temp\libgdxnavin\e787ab0a;C:\Users\navin\AppData\Local\Temp\lwjglnavin\3.3.1-build-7

VM Arguments:
jvm_args: -agentlib:jdwp=transport=dt_socket,server=n,suspend=y,address=127.0.0.1:51810 -Dfile.encoding=windows-1252 -Duser.country=AU -Duser.language=en -Duser.variant 
java_command: com.csse3200.game.desktop.DesktopLauncher
java_class_path (initial): C:\Users\navin\OneDrive\Desktop\2024\Engineering 2024\Sem2\CSSE3200\GameProject\source\desktop\build\classes\java\main;C:\Users\navin\OneDrive\Desktop\2024\Engineering 2024\Sem2\CSSE3200\GameProject\source\desktop\build\resources\main;C:\Users\navin\.gradle\caches\modules-2\files-2.1\com.badlogicgames.gdx\gdx-backend-lwjgl3\1.11.0\58a96db4cd349be4292d547856aa1e1c5f065f4e\gdx-backend-lwjgl3-1.11.0.jar;C:\Users\navin\.gradle\caches\modules-2\files-2.1\com.badlogicgames.gdx\gdx-platform\1.11.0\697fb13eada6d3c6ca648c9788692b0159add126\gdx-platform-1.11.0-natives-desktop.jar;C:\Users\navin\.gradle\caches\modules-2\files-2.1\com.badlogicgames.gdx\gdx-box2d-platform\1.11.0\62ff9baa1e57a11e0a4428a38c9660bf9f312fdc\gdx-box2d-platform-1.11.0-natives-desktop.jar;C:\Users\navin\.gradle\caches\modules-2\files-2.1\com.badlogicgames.gdx\gdx-tools\1.11.0\a5d30eafd0f2fbab314efdf6d98ebc27388b7c0a\gdx-tools-1.11.0.jar;C:\Users\navin\.gradle\caches\modules-2\files-2.1\com.badlogicgames.gdx-controllers\gdx-controllers-desktop\2.2.2\625b3bdbe803e9c4af181b4791202cfcf776d805\gdx-controllers-desktop-2.2.2.jar;C:\Users\navin\OneDrive\Desktop\2024\Engineering 2024\Sem2\CSSE3200\GameProject\source\core\build\libs\core-1.0.jar;C:\Users\navin\.gradle\caches\modules-2\files-2.1\com.badlogicgames.gdx\gdx-backend-lwjgl\1.11.0\33555a2cf8b4d9db4122b2fe42e7674b343d8b4\gdx-backend-lwjgl-1.11.0.jar;C:\Users\navin\.gradle\caches\modules-2\files-2.1\com.badlogicgames.gdx\gdx-freetype\1.11.0\a3634ad2e6c56d251268d6ab5c0f66eee2841f2c\gdx-freetype-1.11.0.jar;C:\Users\navin\.gradle\caches\modules-2\files-2.1\com.badlogicgames.gdx\gdx-backend-headless\1.11.0\3c3d0c951db72891d894df1725d09179fd0bca00\gdx-backend-headless-1.11.0.jar;C:\Users\navin\.gradle\caches\modules-2\files-2.1\com.badlogicgames.gdx-controllers\gdx-controllers-core\2.2.2\25473efe9273912a03a4871a9e1469b41d86face\gdx-controllers-core-2.2.2.jar;C:\Users\navin\.gradle\caches\modules-2\files-2.1\net.dermetfan.libgdx-utils\libgdx-utils-box2d\0.13.4\918d79a20ea3c898cdb3611782c5b2bfa6ec575b\libgdx-utils-box2d-0.13.4.jar;C:\Users\navin\.gradle\caches\modules-2\files-2.1\com.badlogicgames.gdx\gdx-box2d\1.11.0\ad4facee800dd945d6d6e93dea2936bc135b5f\gdx-box2d-1.11.0.jar;C:\Users\navin\.gradle\caches\modules-2\files-2.1\net.dermetfan.libgdx-utils\libgdx-utils\0.13.4\27affad2873d1c9c366a2290fc51f3927f3a5f83\libgdx-utils-0.13.4.jar;C:\Users\navin\.gradle\caches\modules-2\files-2.1\com.badlogicgames.gdx\gdx\1.11.0\ffe1206d1004cd9e40027e28964be0fea0399af7\gdx-1.11.0.jar;C:\Users\navin\.gradle\caches\modules-2\files-2.1\org.lwjgl\lwjgl-glfw\3.3.1\cbac1b8d30cb4795149c1ef540f912671a8616d0\lwjgl-glfw-3.3.1.jar;C:\Users\navin\.gradle\caches\modules-2\files-2.1\org.lwjgl\lwjgl-glfw\3.3.1\81716978214ecbda15050ca394b06ef61501a49e\lwjgl-glfw-3.3.1-natives-linux.jar;C:\Users\navin\.gradle\caches\modules-2\files-2.1\org.lwjgl\lwjgl-glfw\3.3.1\816d935933f2dd743074c4e717cc25b55720f294\lwjgl-glfw-3.3.1-natives-linux-arm32.jar;C:\Users\navin\.gradle\caches\modules-2\files-2.1\org.lwjgl\lwjgl-glfw\3.3.1\513eb39b866d0fe131a18d5c517087805433b029\lwjgl-glfw-3.3.1-natives-linux-arm64.jar;C:\Users\navin\.gradle\caches\modules-2\files-2.1\org.lwjgl\lwjgl-glfw\3.3.1\9ec4ce1fc8c85fdef03ef4ff2aace6f5775fb280\lwjgl-glfw-3.3.1-natives-macos.jar;C:\Users\navin\.gradle\caches\modules-2\files-2.1\org.lwjgl\lwjgl-glfw\3.3.1\cac0d3f712a3da7641fa174735a5f315de7ffe0a\lwjgl-glfw-3.3.1-natives-macos-arm64.jar;C:\Users\navin\.gradle\caches\modules-2\files-2.1\org.lwjgl\lwjgl-glfw\3.3.1\ed892f945cf7e79c8756796f32d00fa4ceaf573b\lwjgl-glfw-3.3.1-natives-windows.jar;C:\Users\navin\.gradle\caches\modules-2\files-2.1\org.lwjgl\lwjgl-glfw\3.3.1\b997e3391d6ce8f05487e7335d95c606043884a1\lwjgl-glfw-3.3.1-natives-windows-x86.jar;C:\Users\navin\.gradle\caches\modules-2\files-2.1\org.lwjgl\lwjgl-jemalloc\3.3.1\a817bcf213db49f710603677457567c37d53e103\lwjgl-jemalloc-3.3.1.jar;C:\Users\navin\.gradle\caches\modules-2\files-2.1\org.lwjgl\lwjgl-jemalloc\3.3.1\33dbb017b6ed6b25f993ad9d56741a49e7937718\lwjgl-jemalloc-3.3.1-natives-linux.jar;C:\Users\navin\.gradle\caches\modules-2\files-2.1\org.lwjgl\lwjgl-jemalloc\3.3.1\a96a6d6cb3876d7813fcee53c3c24f246aeba3b3\lwjgl-jemalloc-3.3.1-natives-linux-arm32.jar;C:\Users\navin\.gradle\caches\modules-2\files-2.1\org.lwjgl\lwjgl-jemalloc\3.3.1\c6606e57db075ad218a2e78d2416c159a53b6a0c\lwjgl-jemalloc-3.3.1-natives-linux-arm64.jar;C:\Users\navin\.gradle\caches\modules-2\files-2.1\org.lwjgl\lwjgl-jemalloc\3.3.1\56424dc8db3cfb8e7b594aa6d59a4f4387b7f544\lwjgl-jemalloc-3.3.1-natives-macos.jar;C:\Users\navin\.gradle\caches\modules-2\files-2.1\org.lwjgl\lwjgl-jemalloc\3.3.1\e577b87d8ad2ade361aaea2fcf226c660b15dee8\lwjgl-jemalloc-3.3.1-natives-macos-arm64.jar;C:\Users\navin\.gradle\caches\modules-2\files-2.1\org.lwjgl\lwjgl-jemalloc\3.3.1\948a89b76a16aa324b046ae9308891216ffce5f9\lwjgl-jemalloc-3.3.1-natives-windows.jar;C:\Users\navin\.gradle\caches\modules-2\files-2.1\org.lwjgl\lwjgl-jemalloc\3.3.1\fb476c8ec110e1c137ad3ce8a7f7bfe6b11c6324\lwjgl-jemalloc-3.3.1-natives-windows-x86.jar;C:\Users\navin\.gradle\caches\modules-2\files-2.1\org.lwjgl\lwjgl-openal\3.3.1\2623a6b8ae1dfcd880738656a9f0243d2e6840bd\lwjgl-openal-3.3.1.jar;C:\Users\navin\.gradle\caches\modules-2\files-2.1\org.lwjgl\lwjgl-openal\3.3.1\f906b6439f6daa66001182ea7727e3467a93681b\lwjgl-openal-3.3.1-natives-linux.jar;C:\Users\navin\.gradle\caches\modules-2\files-2.1\org.lwjgl\lwjgl-openal\3.3.1\ffbe35d7fa5ec9b7eca136a7c71f24d4025a510b\lwjgl-openal-3.3.1-natives-linux-arm32.jar;C:\Users\navin\.gradle\caches\modules-2\files-2.1\org.lwjgl\lwjgl-openal\3.3.1\cf4e303257e82981b8b2e31bba3d7f8f7b8f42b2\lwjgl-openal-3.3.1-natives-linux-arm64.jar;C:\Users\navin\.gradle\caches\modules-2\files-2.1\org.lwjgl\lwjgl-openal\3.3.1\3a57b8911835fb58b5e558d0ca0d28157e263d45\lwjgl-openal-3.3.1-natives-macos.jar;C:\Users\navin\.gradle\caches\modules-2\files-2.1\org.lwjgl\lwjgl-openal\3.3.1\23d55e7490b57495320f6c9e1936d78fd72c4ef8\lwjgl-openal-3.3.1-natives-macos-arm64.jar;C:\Users\navin\.gradle\caches\modules-2\files-2.1\org.lwjgl\lwjgl-openal\3.3.1\30a474d0e57193d7bc128849a3ab66bc9316fdb1\lwjgl-openal-3.3.1-natives-windows.jar;C:\Users\navin\.gradle\caches\modules-2\files-2.1\org.lwjgl\lwjgl-openal\3.3.1\888349f7b1be6fbae58bf8edfb9ef12def04c4e3\lwjgl-openal-3.3.1-natives-windows-x86.jar;C:\Users\navin\.gradle\caches\modules-2\files-2.1\org.lwjgl\lwjgl-opengl\3.3.1\831a5533a21a5f4f81bbc51bb13e9899319b5411\lwjgl-opengl-3.3.1.jar;C:\Users\navin\.gradle\caches\modules-2\files-2.1\org.lwjgl\lwjgl-opengl\3.3.1\ab9ab6fde3743e3550fa5d46d785ecb45b047d99\lwjgl-opengl-3.3.1-natives-linux.jar;C:\Users\navin\.gradle\caches\modules-2\files-2.1\org.lwjgl\lwjgl-opengl\3.3.1\e3550fa91097fd56e361b4370fa822220fef3595\lwjgl-opengl-3.3.1-natives-linux-arm32.jar;C:\Users\navin\.gradle\caches\modules-2\files-2.1\org.lwjgl\lwjgl-opengl\3.3.1\1c528fb258a6e63e8fceb4482d8db0f3af10a634\lwjgl-opengl-3.3.1-natives-linux-arm64.jar;C:\Users\navin\.gradle\caches\modules-2\files-2.1\org.lwjgl\lwjgl-opengl\3.3.1\a0d12697ea019a7362eff26475b0531340e876a6\lwjgl-opengl-3.3.1-natives-macos.jar;C:\Users\navin\.gradle\caches\modules-2\files-2.1\org.lwjgl\lwjgl-opengl\3.3.1\eafe34b871d966292e8db0f1f3d6b8b110d4e91d\lwjgl-opengl-3.3.1-natives-macos-arm64.jar;C:\Users\navin\.gradle\caches\modules-2\files-2.1\org.lwjgl\lwjgl-opengl\3.3.1\c1807e9bd571402787d7e37e3029776ae2513bb8\lwjgl-opengl-3.3.1-natives-windows.jar;C:\Users\navin\.gradle\caches\modules-2\files-2.1\org.lwjgl\lwjgl-opengl\3.3.1\deef3eb9b178ff2ff3ce893cc72ae741c3a17974\lwjgl-opengl-3.3.1-natives-windows-x86.jar;C:\Users\navin\.gradle\caches\modules-2\files-2.1\org.lwjgl\lwjgl-stb\3.3.1\b119297cf8ed01f247abe8685857f8e7fcf5980f\lwjgl-stb-3.3.1.jar;C:\Users\navin\.gradle\caches\modules-2\files-2.1\org.lwjgl\lwjgl-stb\3.3.1\3ee7aec8686e52867677110415566a5342a80230\lwjgl-stb-3.3.1-natives-linux.jar;C:\Users\navin\.gradle\caches\modules-2\files-2.1\org.lwjgl\lwjgl-stb\3.3.1\b08226bab162c06ae69337d8a1b0ee0a3fdf0b90\lwjgl-stb-3.3.1-natives-linux-arm32.jar;C:\Users\navin\.gradle\caches\modules-2\files-2.1\org.lwjgl\lwjgl-stb\3.3.1\8e8348a1813aad7f30aaf75ea197151ebb7beba9\lwjgl-stb-3.3.1-natives-linux-arm64.jar;C:\Users\navin\.gradle\caches\modules-2\files-2.1\org.lwjgl\lwjgl-stb\3.3.1\def8879b8d38a47a4cc1d48b1f9a7b772e51258e\lwjgl-stb-3.3.1-natives-macos.jar;C:\Users\navin\.gradle\caches\modules-2\files-2.1\org.lwjgl\lwjgl-stb\3.3.1\fcf073ed911752abdca5f0b00a53cfdf17ff8e8b\lwjgl-stb-3.3.1-natives-macos-arm64.jar;C:\Users\navin\.gradle\caches\modules-2\files-2.1\org.lwjgl\lwjgl-stb\3.3.1\86315914ac119efdb02dc9e8e978ade84f1702af\lwjgl-stb-3.3.1-natives-windows.jar;C:\Users\navin\.gradle\caches\modules-2\files-2.1\org.lwjgl\lwjgl-stb\3.3.1\a8d41f419eecb430b7c91ea2ce2c5c451cae2091\lwjgl-stb-3.3.1-natives-windows-x86.jar;C:\Users\navin\.gradle\caches\modules-2\files-2.1\org.lwjgl\lwjgl\3.3.1\ae58664f88e18a9bb2c77b063833ca7aaec484cb\lwjgl-3.3.1.jar;C:\Users\navin\.gradle\caches\modules-2\files-2.1\org.lwjgl\lwjgl\3.3.1\1de885aba434f934201b99f2f1afb142036ac189\lwjgl-3.3.1-natives-linux.jar;C:\Users\navin\.gradle\caches\modules-2\files-2.1\org.lwjgl\lwjgl\3.3.1\41a3c1dd15d6b964eb8196dde69720a3e3e5e969\lwjgl-3.3.1-natives-linux-arm32.jar;C:\Users\navin\.gradle\caches\modules-2\files-2.1\org.lwjgl\lwjgl\3.3.1\b597401014acb7196c76d97e15a6288f54f1f692\lwjgl-3.3.1-natives-linux-arm64.jar;C:\Users\navin\.gradle\caches\modules-2\files-2.1\org.lwjgl\lwjgl\3.3.1\fc6bb723dec2cd031557dccb2a95f0ab80acb9db\lwjgl-3.3.1-natives-macos.jar;C:\Users\navin\.gradle\caches\modules-2\files-2.1\org.lwjgl\lwjgl\3.3.1\71d0d5e469c9c95351eb949064497e3391616ac9\lwjgl-3.3.1-natives-macos-arm64.jar;C:\Users\navin\.gradle\caches\modules-2\files-2.1\org.lwjgl\lwjgl\3.3.1\36c37f16ab611b3aa11f3bcf80b1d509b4ce6b\lwjgl-3.3.1-natives-windows.jar;C:\Users\navin\.gradle\caches\modules-2\files-2.1\org.lwjgl\lwjgl\3.3.1\3b14f4beae9dd39791ec9e12190a9380cd8a3ce6\lwjgl-3.3.1-natives-windows-x86.jar;C:\Users\navin\.gradle\caches\modules-2\files-2.1\com.badlogicgames.jlayer\jlayer\1.0.1-gdx\7cca83cec5c1b2f011362f4d85aabd71a73b049d\jlayer-1.0.1-gdx.jar;C:\Users\navin\.gradle\caches\modules-2\files-2.1\org.jcraft\jorbis\0.0.17\8872d22b293e8f5d7d56ff92be966e6dc28ebdc6\jorbis-0.0.17.jar;C:\Users\navin\.gradle\caches\modules-2\files-2.1\com.badlogicgames.jamepad\jamepad\2.0.20.0\55eb0007fd55c9914d106dac3387b9d444572cab\jamepad-2.0.20.0.jar;C:\Users\navin\.gradle\caches\modules-2\files-2.1\org.slf4j\slf4j-jdk14\1.7.36\4a18af6554bfe48b0f76eec98119c417da23c7e1\slf4j-jdk14-1.7.36.jar;C:\Users\navin\.gradle\caches\modules-2\files-2.1\org.slf4j\slf4j-api\1.7.36\6c62681a2f655b49963a5983b8b0950a6120ae14\slf4j-api-1.7.36.jar;C:\Users\navin\.gradle\caches\modules-2\files-2.1\com.badlogicgames.gdx\gdx-jnigen-loader\2.3.1\2d472f69243631fbcb3d4c3f93dd2e137a6cb084\gdx-jnigen-loader-2.3.1.jar;C:\Users\navin\.gradle\caches\modules-2\files-2.1\org.lwjgl.lwjgl\lwjgl\2.9.3\3df168ac74e4a8c96562cdff24ad352e255bf89c\lwjgl-2.9.3.jar;C:\Users\navin\.gradle\caches\modules-2\files-2.1\org.lwjgl.lwjgl\lwjgl-platform\2.9.3\fbc2afb3e288578e9942578decb6291a490549a0\lwjgl-platform-2.9.3-natives-windows.jar;C:\Users\navin\.gradle\caches\modules-2\files-2.1\org.lwjgl.lwjgl\lwjgl-platform\2.9.3\b1eafe80093381c56415731e1d64279e6140bcd0\lwjgl-platform-2.9.3-natives-linux.jar;C:\Users\navin\.gradle\caches\modules-2\files-2.1\org.lwjgl.lwjgl\lwjgl-platform\2.9.3\6686cf6ddaa20b4290aa6599a09bc0d17369be05\lwjgl-platform-2.9.3-natives-osx.jar;C:\Users\navin\.gradle\caches\modules-2\files-2.1\net.java.jinput\jinput\2.0.5\39c7796b469a600f72380316f6b1f11db6c2c7c4\jinput-2.0.5.jar;C:\Users\navin\.gradle\caches\modules-2\files-2.1\net.java.jutils\jutils\1.0.0\e12fe1fda814bd348c1579329c86943d2cd3c6a6\jutils-1.0.0.jar;C:\Users\navin\.gradle\caches\modules-2\files-2.1\net.java.jinput\jinput-platform\2.0.5\7ff832a6eb9ab6a767f1ade2b548092d0fa64795\jinput-platform-2.0.5-natives-linux.jar;C:\Users\navin\.gradle\caches\modules-2\files-2.1\net.java.jinput\jinput-platform\2.0.5\385ee093e01f587f30ee1c8a2ee7d408fd732e16\jinput-platform-2.0.5-natives-windows.jar;C:\Users\navin\.gradle\caches\modules-2\files-2.1\net.java.jinput\jinput-platform\2.0.5\53f9c919f34d2ca9de8c51fc4e1e8282029a9232\jinput-platform-2.0.5-natives-osx.jar
Launcher Type: SUN_STANDARD

[Global flags]
     intx CICompilerCount                          = 4                                         {product} {ergonomic}
     uint ConcGCThreads                            = 3                                         {product} {ergonomic}
     uint G1ConcRefinementThreads                  = 10                                        {product} {ergonomic}
   size_t G1HeapRegionSize                         = 2097152                                   {product} {ergonomic}
    uintx GCDrainStackTargetSize                   = 64                                        {product} {ergonomic}
   size_t InitialHeapSize                          = 264241152                                 {product} {ergonomic}
   size_t MarkStackSize                            = 4194304                                   {product} {ergonomic}
   size_t MaxHeapSize                              = 4215275520                                {product} {ergonomic}
   size_t MaxNewSize                               = 2529165312                                {product} {ergonomic}
   size_t MinHeapDeltaBytes                        = 2097152                                   {product} {ergonomic}
   size_t MinHeapSize                              = 8388608                                   {product} {ergonomic}
    uintx NonNMethodCodeHeapSize                   = 5839372                                {pd product} {ergonomic}
    uintx NonProfiledCodeHeapSize                  = 122909434                              {pd product} {ergonomic}
    uintx ProfiledCodeHeapSize                     = 122909434                              {pd product} {ergonomic}
    uintx ReservedCodeCacheSize                    = 251658240                              {pd product} {ergonomic}
     bool SegmentedCodeCache                       = true                                      {product} {ergonomic}
   size_t SoftMaxHeapSize                          = 4215275520                             {manageable} {ergonomic}
     bool UseCompressedOops                        = true                           {product lp64_product} {ergonomic}
     bool UseG1GC                                  = true                                      {product} {ergonomic}
     bool UseLargePagesIndividualAllocation        = false                                  {pd product} {ergonomic}

Logging:
Log output configuration:
 #0: stdout all=warning uptime,level,tags foldmultilines=false
 #1: stderr all=off uptime,level,tags foldmultilines=false

Environment Variables:
PATH=C:\Python312\Scripts\;C:\Python312\;C:\Program Files\Common Files\Oracle\Java\javapath;C:\Program Files (x86)\Common Files\Oracle\Java\javapath;C:\WINDOWS\system32;C:\WINDOWS;C:\WINDOWS\System32\Wbem;C:\WINDOWS\System32\WindowsPowerShell\v1.0\;C:\WINDOWS\System32\OpenSSH\;C:\Program Files\MATLAB\R2021b\bin;C:\Program Files\dotnet\;C:\Program Files (x86)\Pololu\USB AVR Programmer v2\bin;C:\Program Files\PuTTY\;C:\MinGW\bin;C:\Program Files\nodejs\;C:\ProgramData\chocolatey\bin;C:\Program Files\Git\cmd;C:\Python\Python310\Scripts\;C:\Python\Python310\;C:\Users\navin\AppData\Local\Microsoft\WindowsApps;C:\Users\navin\OneDrive\Desktop\2023\Engineering\csse1001\python-3.10.10-embed-amd64.zip;C:\Users\navin\OneDrive\Desktop\2023\Engineering\csse1001\python-3.10.10-embed-amd64;;C:\Users\navin\AppData\Local\Programs\Microsoft VS Code\bin;C:\Users\navin\AppData\Local\Microsoft\WinGet\Packages\Schniz.fnm_Microsoft.Winget.Source_8wekyb3d8bbwe;C:\Users\navin\AppData\Roaming\npm
USERNAME=navin
OS=Windows_NT
PROCESSOR_IDENTIFIER=Intel64 Family 6 Model 154 Stepping 4, GenuineIntel
TMP=C:\Users\navin\AppData\Local\Temp
TEMP=C:\Users\navin\AppData\Local\Temp




Periodic native trim disabled

---------------  S Y S T E M  ---------------

OS:
 Windows 11 , 64 bit Build 22621 (10.0.22621.3958)
OS uptime: 2 days 16:28 hours
Hyper-V role detected

CPU: total 12 (initial active 12) (6 cores per cpu, 2 threads per core) family 6 model 154 stepping 4 microcode 0x432, cx8, cmov, fxsr, ht, mmx, 3dnowpref, sse, sse2, sse3, ssse3, sse4.1, sse4.2, popcnt, lzcnt, tsc, tscinvbit, avx, avx2, aes, erms, clmul, bmi1, bmi2, adx, sha, fma, vzeroupper, clflush, clflushopt, clwb, hv, serialize, rdtscp, rdpid, fsrm, f16c, cet_ibt, cet_ss
Processor Information for processor 0
  Max Mhz: 1100, Current Mhz: 1100, Mhz Limit: 1100
Processor Information for processor 1
  Max Mhz: 1100, Current Mhz: 1100, Mhz Limit: 1100
Processor Information for processor 2
  Max Mhz: 1100, Current Mhz: 1100, Mhz Limit: 1100
Processor Information for processor 3
  Max Mhz: 1100, Current Mhz: 1100, Mhz Limit: 1100
Processor Information for processor 4
  Max Mhz: 1100, Current Mhz: 800, Mhz Limit: 792
Processor Information for processor 5
  Max Mhz: 1100, Current Mhz: 800, Mhz Limit: 792
Processor Information for processor 6
  Max Mhz: 1100, Current Mhz: 800, Mhz Limit: 792
Processor Information for processor 7
  Max Mhz: 1100, Current Mhz: 800, Mhz Limit: 792
Processor Information for processor 8
  Max Mhz: 1100, Current Mhz: 800, Mhz Limit: 792
Processor Information for processor 9
  Max Mhz: 1100, Current Mhz: 800, Mhz Limit: 792
Processor Information for processor 10
  Max Mhz: 1100, Current Mhz: 800, Mhz Limit: 792
Processor Information for processor 11
  Max Mhz: 1100, Current Mhz: 800, Mhz Limit: 792

Memory: 4k page, system-wide physical 16077M (2067M free)
TotalPageFile size 24781M (AvailPageFile size 2794M)
current process WorkingSet (physical memory assigned to process): 55M, peak: 55M
current process commit charge ("private bytes"): 353M, peak: 353M

vm_info: Java HotSpot(TM) 64-Bit Server VM (21.0.1+12-LTS-29) for windows-amd64 JRE (21.0.1+12-LTS-29), built on 2023-10-05T13:27:09Z by "mach5one" with MS VC++ 17.1 (VS2022)

END.
