#
# A fatal error has been detected by the Java Runtime Environment:
#
#  EXCEPTION_ACCESS_VIOLATION (0xc0000005) at pc=0x00007ffc3a5c691c, pid=22624, tid=6308
#
# JRE version: OpenJDK Runtime Environment (21.0.2+13) (build 21.0.2+13-58)
# Java VM: OpenJDK 64-Bit Server VM (21.0.2+13-58, mixed mode, sharing, tiered, compressed oops, compressed class ptrs, g1 gc, windows-amd64)
# Problematic frame:
# C  [jdwp.dll+0x2691c]
#
# No core dump will be written. Minidumps are not enabled by default on client versions of Windows
#
# If you would like to submit a bug report, please visit:
#   https://bugreport.java.com/bugreport/crash.jsp
# The crash happened outside the Java Virtual Machine in native code.
# See problematic frame for where to report the bug.
#

---------------  S U M M A R Y ------------

Command Line: -agentlib:jdwp=transport=dt_socket,server=n,suspend=y,address=127.0.0.1:52606 -Dfile.encoding=windows-1252 -Duser.country=AU -Duser.language=en -Duser.variant com.csse3200.game.desktop.DesktopLauncher

Host: AMD Ryzen 7 5800H with Radeon Graphics         , 16 cores, 15G,  Windows 11 , 64 bit Build 22621 (10.0.22621.3958)
Time: Wed Aug 28 20:19:17 2024 E. Australia Standard Time elapsed time: 0.392486 seconds (0d 0h 0m 0s)

---------------  T H R E A D  ---------------

Current thread (0x0000028dc258f120):  JavaThread "main"             [_thread_in_native, id=6308, stack(0x000000c49a800000,0x000000c49a900000) (1024K)]

Stack: [0x000000c49a800000,0x000000c49a900000],  sp=0x000000c49a8fb698,  free space=1005k
Native frames: (J=compiled Java code, j=interpreted, Vv=VM code, C=native code)
C  [jdwp.dll+0x2691c]

Java frames: (J=compiled Java code, j=interpreted, Vv=VM code)
j  org.lwjgl.system.jemalloc.JEmalloc.nje_malloc(J)J+0
j  org.lwjgl.system.jemalloc.JEmalloc.<clinit>()V+44
v  ~StubRoutines::call_stub 0x0000028dd409100d
j  org.lwjgl.system.jemalloc.JEmallocAllocator.<clinit>()V+0
v  ~StubRoutines::call_stub 0x0000028dd409100d
j  java.lang.Class.forName0(Ljava/lang/String;ZLjava/lang/ClassLoader;Ljava/lang/Class;)Ljava/lang/Class;+0 java.base@21.0.2
j  java.lang.Class.forName(Ljava/lang/String;Ljava/lang/Class;)Ljava/lang/Class;+19 java.base@21.0.2
j  java.lang.Class.forName(Ljava/lang/String;)Ljava/lang/Class;+6 java.base@21.0.2
j  org.lwjgl.system.MemoryManage.getInstance()Lorg/lwjgl/system/MemoryUtil$MemoryAllocator;+68
j  org.lwjgl.system.MemoryUtil$LazyInit.<clinit>()V+0
v  ~StubRoutines::call_stub 0x0000028dd409100d
j  org.lwjgl.system.MemoryUtil.getAllocator(Z)Lorg/lwjgl/system/MemoryUtil$MemoryAllocator;+10
j  org.lwjgl.system.MemoryUtil.getAllocator()Lorg/lwjgl/system/MemoryUtil$MemoryAllocator;+1
j  org.lwjgl.system.Callback.<clinit>()V+217
v  ~StubRoutines::call_stub 0x0000028dd409100d
j  com.badlogic.gdx.backends.lwjgl3.Lwjgl3Application.initializeGlfw()V+21
j  com.badlogic.gdx.backends.lwjgl3.Lwjgl3Application.<init>(Lcom/badlogic/gdx/ApplicationListener;Lcom/badlogic/gdx/backends/lwjgl3/Lwjgl3ApplicationConfiguration;)V+82
j  com.csse3200.game.desktop.DesktopLauncher.main([Ljava/lang/String;)V+20
v  ~StubRoutines::call_stub 0x0000028dd409100d

siginfo: EXCEPTION_ACCESS_VIOLATION (0xc0000005), reading address 0xffffffffffffffff


Registers:
RAX=0x0000028de4991990, RBX=0x0000028de415b630, RCX=0x0000028dc258f4d8, RDX=0x0000028de415b630
RSP=0x000000c49a8fb698, RBP=0x0000000000000002, RSI=0x000000c49a8fb740, RDI=0x0000028dc258f4d8
R8 =0x0000000000010002, R9 =0x0000000000000000, R10=0x00007ffc65e30000, R11=0x000000c49a8fb668
R12=0x0000000000000007, R13=0x0000028de415b630, R14=0x00007ffc3a5d0400, R15=0x0000000000000000
RIP=0x00007ffc3a5c691c, EFLAGS=0x0000000000010206


Register to memory mapping:

RAX=0x0000028de4991990 points into unknown readable memory: 0x0000000000000000 | 00 00 00 00 00 00 00 00
RBX=0x0000028de415b630 points into unknown readable memory: 0x0000000719c09c48 | 48 9c c0 19 07 00 00 00
RCX=0x0000028dc258f4d8 points into unknown readable memory: 0x0000028de4991990 | 90 19 99 e4 8d 02 00 00
RDX=0x0000028de415b630 points into unknown readable memory: 0x0000000719c09c48 | 48 9c c0 19 07 00 00 00
RSP=0x000000c49a8fb698 is pointing into the stack for thread: 0x0000028dc258f120
RBP=0x0000000000000002 is an unknown value
RSI=0x000000c49a8fb740 is pointing into the stack for thread: 0x0000028dc258f120
RDI=0x0000028dc258f4d8 points into unknown readable memory: 0x0000028de4991990 | 90 19 99 e4 8d 02 00 00
R8 =0x0000000000010002 is an unknown value
R9 =0x0 is null
R10=0x00007ffc65e30000 VCRUNTIME140.dll
R11=0x000000c49a8fb668 is pointing into the stack for thread: 0x0000028dc258f120
R12=0x0000000000000007 is an unknown value
R13=0x0000028de415b630 points into unknown readable memory: 0x0000000719c09c48 | 48 9c c0 19 07 00 00 00
R14=0x00007ffc3a5d0400 jdwp.dll
R15=0x0 is null

Top of Stack: (sp=0x000000c49a8fb698)
0x000000c49a8fb698:   00007ffc3a5b61bf 0000028de415b630
0x000000c49a8fb6a8:   000000c49a8fb740 0000000000000000
0x000000c49a8fb6b8:   0000000000000000 0000000200000007
0x000000c49a8fb6c8:   0000028de4133ce0 0000028dc2580df0
0x000000c49a8fb6d8:   00007ffc3a5d0428 0000028dc258f6f8
0x000000c49a8fb6e8:   00007ffc3a5b283f 0000028de415b630
0x000000c49a8fb6f8:   0000000000000002 0000028dc258f4d8
0x000000c49a8fb708:   0000028de415b638 000000c49a8fb900
0x000000c49a8fb718:   0000028de3fce728 00000005e46c0100
0x000000c49a8fb728:   0000028d8101dd80 0000000000000000
0x000000c49a8fb738:   0000028de497a678 0000000000000007
0x000000c49a8fb748:   0000028de415b630 0000000000000000
0x000000c49a8fb758:   0000028de415b638 0000000000000000
0x000000c49a8fb768:   0000000000000000 0000000000000000
0x000000c49a8fb778:   0000000000000000 0000000000000000
0x000000c49a8fb788:   0000000000000000 0000000000000000
0x000000c49a8fb798:   0000028dc258f6f8 0000028d8101dd80
0x000000c49a8fb7a8:   00007ffbabc989e7 0000028de415b638
0x000000c49a8fb7b8:   0000028de436e270 0000028dc258f120
0x000000c49a8fb7c8:   00000000000003d8 0000c5f845732350
0x000000c49a8fb7d8:   0000028dc47fad60 0000000000000000
0x000000c49a8fb7e8:   0000028dc258f120 0000000000000000
0x000000c49a8fb7f8:   000000c49a8fb900 0000028d8101dd80
0x000000c49a8fb808:   0000028de54cfe01 0000028dc25d2060
0x000000c49a8fb818:   0000028dc258f790 0000028dc258f7a0
0x000000c49a8fb828:   0000028dc258fb78 00000000000003d8
0x000000c49a8fb838:   0000028dc258f120 0000028dc258f120
0x000000c49a8fb848:   0000028dc25d2760 0000028dc25673b0
0x000000c49a8fb858:   0000028dc25673f0 0000028dc2567498
0x000000c49a8fb868:   00000000000000d8 000000c49a8fb880
0x000000c49a8fb878:   00007ffbab99d761 0000028dc258f120
0x000000c49a8fb888:   0000028dc25d2760 0000028dc25673b0 

Instructions: (pc=0x00007ffc3a5c691c)
0x00007ffc3a5c681c:   05 df 08 01 00 48 8b 03 48 8b d7 4d 8b 40 30 48
0x00007ffc3a5c682c:   8b cb 48 8b 5c 24 30 48 83 c4 20 5f 48 ff a0 00
0x00007ffc3a5c683c:   01 00 00 cc 48 89 5c 24 08 57 48 83 ec 20 48 8b
0x00007ffc3a5c684c:   f9 e8 f2 ea ff ff 4c 8b 05 a7 08 01 00 48 8b d8
0x00007ffc3a5c685c:   41 f6 80 10 02 00 00 02 74 33 41 b8 20 06 00 00
0x00007ffc3a5c686c:   48 8d 15 15 c4 00 00 48 8d 0d 8a 5b 00 00 e8 d9
0x00007ffc3a5c687c:   48 ff ff 48 8d 15 52 9a 00 00 48 8d 0d 8b 5b 00
0x00007ffc3a5c688c:   00 e8 6e 49 ff ff 4c 8b 05 67 08 01 00 48 8b 03
0x00007ffc3a5c689c:   48 8b d7 4d 8b 40 38 48 8b cb 48 8b 5c 24 30 48
0x00007ffc3a5c68ac:   83 c4 20 5f 48 ff a0 00 01 00 00 cc 48 89 5c 24
0x00007ffc3a5c68bc:   08 57 48 83 ec 20 48 8b f9 e8 7a ea ff ff 48 8b
0x00007ffc3a5c68cc:   15 2f 08 01 00 48 8b d8 f6 82 10 02 00 00 02 74
0x00007ffc3a5c68dc:   2c 41 b8 12 06 00 00 48 8d 15 9e c3 00 00 48 8d
0x00007ffc3a5c68ec:   0d 13 5b 00 00 e8 62 48 ff ff 48 8d 15 f3 6b 00
0x00007ffc3a5c68fc:   00 48 8d 0d 14 5b 00 00 e8 f7 48 ff ff 48 8b 03
0x00007ffc3a5c690c:   48 8b d7 48 8b cb 48 8b 5c 24 30 48 83 c4 20 5f
0x00007ffc3a5c691c:   48 ff a0 50 07 00 00 cc 48 89 5c 24 08 48 89 74
0x00007ffc3a5c692c:   24 10 48 89 7c 24 18 41 56 48 83 ec 20 4c 63 f2
0x00007ffc3a5c693c:   49 8b d8 48 8b d1 41 8b f9 48 8b cb 4d 8d 46 ff
0x00007ffc3a5c694c:   ff 15 1e 59 00 00 85 c0 75 3c 41 0f be 44 1e ff
0x00007ffc3a5c695c:   3b c7 75 32 49 03 de eb 10 0f be c8 ff 15 f2 58
0x00007ffc3a5c696c:   00 00 85 c0 74 09 48 ff c3 8a 03 84 c0 75 ea 80
0x00007ffc3a5c697c:   3b 3b 74 12 8b d7 48 8b cb e8 38 4b 00 00 48 85
0x00007ffc3a5c698c:   c0 0f 94 c0 eb 02 32 c0 48 8b 5c 24 30 48 8b 74
0x00007ffc3a5c699c:   24 38 48 8b 7c 24 40 48 83 c4 20 41 5e c3 cc cc
0x00007ffc3a5c69ac:   0f b6 d1 83 fa 1e 0f 87 83 00 00 00 74 7b 83 fa
0x00007ffc3a5c69bc:   07 77 41 74 39 83 ea 01 74 2e 83 ea 01 74 23 83
0x00007ffc3a5c69cc:   ea 01 74 18 83 ea 01 74 0d 83 fa 02 0f 85 8a 00
0x00007ffc3a5c69dc:   00 00 8d 42 03 c3 b8 04 00 00 00 c3 b8 03 00 00
0x00007ffc3a5c69ec:   00 c3 b8 02 00 00 00 c3 b8 01 00 00 00 c3 b8 06
0x00007ffc3a5c69fc:   00 00 00 c3 b8 08 00 00 00 2b d0 74 26 83 ea 01
0x00007ffc3a5c6a0c:   0f 84 88 00 00 00 83 ea 01 74 12 b8 0a 00 00 00 


Stack slot to memory mapping:

stack at sp + 0 slots: 0x00007ffc3a5b61bf jdwp.dll
stack at sp + 1 slots: 0x0000028de415b630 points into unknown readable memory: 0x0000000719c09c48 | 48 9c c0 19 07 00 00 00
stack at sp + 2 slots: 0x000000c49a8fb740 is pointing into the stack for thread: 0x0000028dc258f120
stack at sp + 3 slots: 0x0 is null
stack at sp + 4 slots: 0x0 is null
stack at sp + 5 slots: 0x0000000200000007 is an unknown value
stack at sp + 6 slots: 0x0000028de4133ce0 points into unknown readable memory: 0x0000028dd47e0a10 | 10 0a 7e d4 8d 02 00 00
stack at sp + 7 slots: 0x0000028dc2580df0 points into unknown readable memory: 0x8000001200000001 | 01 00 00 00 12 00 00 80


---------------  P R O C E S S  ---------------

Threads class SMR info:
_java_thread_list=0x0000028de43d2730, length=17, elements={
0x0000028dc258f120, 0x0000028de4136ab0, 0x0000028de41373e0, 0x0000028de41391b0,
0x0000028de413b2d0, 0x0000028de413bf60, 0x0000028de4149730, 0x0000028de414db10,
0x0000028de4150430, 0x0000028de436fa80, 0x0000028de43abf00, 0x0000028de43c1d70,
0x0000028de43c4f50, 0x0000028de43c5df0, 0x0000028de43d4ba0, 0x0000028de43fa530,
0x0000028de476ee10
}

Java Threads: ( => current thread )
=>0x0000028dc258f120 JavaThread "main"                              [_thread_in_native, id=6308, stack(0x000000c49a800000,0x000000c49a900000) (1024K)]
  0x0000028de4136ab0 JavaThread "Reference Handler"          daemon [_thread_blocked, id=26048, stack(0x000000c49b000000,0x000000c49b100000) (1024K)]
  0x0000028de41373e0 JavaThread "Finalizer"                  daemon [_thread_blocked, id=29368, stack(0x000000c49b100000,0x000000c49b200000) (1024K)]
  0x0000028de41391b0 JavaThread "Signal Dispatcher"          daemon [_thread_blocked, id=23656, stack(0x000000c49b200000,0x000000c49b300000) (1024K)]
  0x0000028de413b2d0 JavaThread "Attach Listener"            daemon [_thread_blocked, id=1528, stack(0x000000c49b300000,0x000000c49b400000) (1024K)]
  0x0000028de413bf60 JavaThread "Service Thread"             daemon [_thread_blocked, id=22192, stack(0x000000c49b400000,0x000000c49b500000) (1024K)]
  0x0000028de4149730 JavaThread "Monitor Deflation Thread"   daemon [_thread_blocked, id=22952, stack(0x000000c49b500000,0x000000c49b600000) (1024K)]
  0x0000028de414db10 JavaThread "C2 CompilerThread0"         daemon [_thread_blocked, id=19684, stack(0x000000c49b600000,0x000000c49b700000) (1024K)]
  0x0000028de4150430 JavaThread "C1 CompilerThread0"         daemon [_thread_blocked, id=19176, stack(0x000000c49b700000,0x000000c49b800000) (1024K)]
  0x0000028de436fa80 JavaThread "C1 CompilerThread1"         daemon [_thread_blocked, id=17644, stack(0x000000c49b800000,0x000000c49b900000) (1024K)]
  0x0000028de43abf00 JavaThread "C1 CompilerThread2"         daemon [_thread_blocked, id=4596, stack(0x000000c49b900000,0x000000c49ba00000) (1024K)]
  0x0000028de43c1d70 JavaThread "JDWP Transport Listener: dt_socket" daemon [_thread_blocked, id=4220, stack(0x000000c49ba00000,0x000000c49bb00000) (1024K)]
  0x0000028de43c4f50 JavaThread "JDWP Event Helper Thread"   daemon [_thread_blocked, id=26468, stack(0x000000c49bb00000,0x000000c49bc00000) (1024K)]
  0x0000028de43c5df0 JavaThread "JDWP Command Reader"        daemon [_thread_in_native, id=7728, stack(0x000000c49bc00000,0x000000c49bd00000) (1024K)]
  0x0000028de43d4ba0 JavaThread "Notification Thread"        daemon [_thread_blocked, id=25952, stack(0x000000c49bd00000,0x000000c49be00000) (1024K)]
  0x0000028de43fa530 JavaThread "Common-Cleaner"             daemon [_thread_blocked, id=27472, stack(0x000000c49be00000,0x000000c49bf00000) (1024K)]
  0x0000028de476ee10 JavaThread "C2 CompilerThread1"         daemon [_thread_blocked, id=23744, stack(0x000000c49bf00000,0x000000c49c000000) (1024K)]
Total: 17

Other Threads:
  0x0000028de411b190 VMThread "VM Thread"                           [id=24352, stack(0x000000c49af00000,0x000000c49b000000) (1024K)]
  0x0000028de40ff2b0 WatcherThread "VM Periodic Task Thread"        [id=28356, stack(0x000000c49ae00000,0x000000c49af00000) (1024K)]
  0x0000028dc4863510 WorkerThread "GC Thread#0"                     [id=23500, stack(0x000000c49a900000,0x000000c49aa00000) (1024K)]
  0x0000028dc4873b30 ConcurrentGCThread "G1 Main Marker"            [id=25644, stack(0x000000c49aa00000,0x000000c49ab00000) (1024K)]
  0x0000028dc4874540 WorkerThread "G1 Conc#0"                       [id=25984, stack(0x000000c49ab00000,0x000000c49ac00000) (1024K)]
  0x0000028de3fd1090 ConcurrentGCThread "G1 Refine#0"               [id=17336, stack(0x000000c49ac00000,0x000000c49ad00000) (1024K)]
  0x0000028de3fd3730 ConcurrentGCThread "G1 Service"                [id=28852, stack(0x000000c49ad00000,0x000000c49ae00000) (1024K)]
Total: 7

Threads with active compile tasks:
Total: 0

VM state: not at safepoint (normal execution)

VM Mutex/Monitor currently owned by a thread: None

Heap address: 0x000000070a800000, size: 3928 MB, Compressed Oops mode: Zero based, Oop shift amount: 3

CDS archive(s) mapped at: [0x0000028d80000000-0x0000028d80c90000-0x0000028d80c90000), size 13172736, SharedBaseAddress: 0x0000028d80000000, ArchiveRelocationMode: 1.
Compressed class space mapped at: 0x0000028d81000000-0x0000028dc1000000, reserved size: 1073741824
Narrow klass base: 0x0000028d80000000, Narrow klass shift: 0, Narrow klass range: 0x100000000

GC Precious Log:
 CardTable entry size: 512
 Card Set container configuration: InlinePtr #cards 4 size 8 Array Of Cards #cards 16 size 48 Howl #buckets 8 coarsen threshold 3686 Howl Bitmap #cards 512 size 80 coarsen threshold 460 Card regions per heap region 1 cards per card region 4096
 CPUs: 16 total, 16 available
 Memory: 15711M
 Large Page Support: Disabled
 NUMA Support: Disabled
 Compressed Oops: Enabled (Zero based)
 Heap Region Size: 2M
 Heap Min Capacity: 8M
 Heap Initial Capacity: 246M
 Heap Max Capacity: 3928M
 Pre-touch: Disabled
 Parallel Workers: 13
 Concurrent Workers: 3
 Concurrent Refinement Workers: 13
 Periodic GC: Disabled

Heap:
 garbage-first heap   total 251904K, used 8192K [0x000000070a800000, 0x0000000800000000)
  region size 2048K, 5 young (10240K), 0 survivors (0K)
 Metaspace       used 2306K, committed 2432K, reserved 1114112K
  class space    used 184K, committed 256K, reserved 1048576K

Heap Regions: E=young(eden), S=young(survivor), O=old, HS=humongous(starts), HC=humongous(continues), CS=collection set, F=free, TAMS=top-at-mark-start, PB=parsable bottom
|   0|0x000000070a800000, 0x000000070a800000, 0x000000070aa00000|  0%| F|  |TAMS 0x000000070a800000| PB 0x000000070a800000| Untracked 
|   1|0x000000070aa00000, 0x000000070aa00000, 0x000000070ac00000|  0%| F|  |TAMS 0x000000070aa00000| PB 0x000000070aa00000| Untracked 
|   2|0x000000070ac00000, 0x000000070ac00000, 0x000000070ae00000|  0%| F|  |TAMS 0x000000070ac00000| PB 0x000000070ac00000| Untracked 
|   3|0x000000070ae00000, 0x000000070ae00000, 0x000000070b000000|  0%| F|  |TAMS 0x000000070ae00000| PB 0x000000070ae00000| Untracked 
|   4|0x000000070b000000, 0x000000070b000000, 0x000000070b200000|  0%| F|  |TAMS 0x000000070b000000| PB 0x000000070b000000| Untracked 
|   5|0x000000070b200000, 0x000000070b200000, 0x000000070b400000|  0%| F|  |TAMS 0x000000070b200000| PB 0x000000070b200000| Untracked 
|   6|0x000000070b400000, 0x000000070b400000, 0x000000070b600000|  0%| F|  |TAMS 0x000000070b400000| PB 0x000000070b400000| Untracked 
|   7|0x000000070b600000, 0x000000070b600000, 0x000000070b800000|  0%| F|  |TAMS 0x000000070b600000| PB 0x000000070b600000| Untracked 
|   8|0x000000070b800000, 0x000000070b800000, 0x000000070ba00000|  0%| F|  |TAMS 0x000000070b800000| PB 0x000000070b800000| Untracked 
|   9|0x000000070ba00000, 0x000000070ba00000, 0x000000070bc00000|  0%| F|  |TAMS 0x000000070ba00000| PB 0x000000070ba00000| Untracked 
|  10|0x000000070bc00000, 0x000000070bc00000, 0x000000070be00000|  0%| F|  |TAMS 0x000000070bc00000| PB 0x000000070bc00000| Untracked 
|  11|0x000000070be00000, 0x000000070be00000, 0x000000070c000000|  0%| F|  |TAMS 0x000000070be00000| PB 0x000000070be00000| Untracked 
|  12|0x000000070c000000, 0x000000070c000000, 0x000000070c200000|  0%| F|  |TAMS 0x000000070c000000| PB 0x000000070c000000| Untracked 
|  13|0x000000070c200000, 0x000000070c200000, 0x000000070c400000|  0%| F|  |TAMS 0x000000070c200000| PB 0x000000070c200000| Untracked 
|  14|0x000000070c400000, 0x000000070c400000, 0x000000070c600000|  0%| F|  |TAMS 0x000000070c400000| PB 0x000000070c400000| Untracked 
|  15|0x000000070c600000, 0x000000070c600000, 0x000000070c800000|  0%| F|  |TAMS 0x000000070c600000| PB 0x000000070c600000| Untracked 
|  16|0x000000070c800000, 0x000000070c800000, 0x000000070ca00000|  0%| F|  |TAMS 0x000000070c800000| PB 0x000000070c800000| Untracked 
|  17|0x000000070ca00000, 0x000000070ca00000, 0x000000070cc00000|  0%| F|  |TAMS 0x000000070ca00000| PB 0x000000070ca00000| Untracked 
|  18|0x000000070cc00000, 0x000000070cc00000, 0x000000070ce00000|  0%| F|  |TAMS 0x000000070cc00000| PB 0x000000070cc00000| Untracked 
|  19|0x000000070ce00000, 0x000000070ce00000, 0x000000070d000000|  0%| F|  |TAMS 0x000000070ce00000| PB 0x000000070ce00000| Untracked 
|  20|0x000000070d000000, 0x000000070d000000, 0x000000070d200000|  0%| F|  |TAMS 0x000000070d000000| PB 0x000000070d000000| Untracked 
|  21|0x000000070d200000, 0x000000070d200000, 0x000000070d400000|  0%| F|  |TAMS 0x000000070d200000| PB 0x000000070d200000| Untracked 
|  22|0x000000070d400000, 0x000000070d400000, 0x000000070d600000|  0%| F|  |TAMS 0x000000070d400000| PB 0x000000070d400000| Untracked 
|  23|0x000000070d600000, 0x000000070d600000, 0x000000070d800000|  0%| F|  |TAMS 0x000000070d600000| PB 0x000000070d600000| Untracked 
|  24|0x000000070d800000, 0x000000070d800000, 0x000000070da00000|  0%| F|  |TAMS 0x000000070d800000| PB 0x000000070d800000| Untracked 
|  25|0x000000070da00000, 0x000000070da00000, 0x000000070dc00000|  0%| F|  |TAMS 0x000000070da00000| PB 0x000000070da00000| Untracked 
|  26|0x000000070dc00000, 0x000000070dc00000, 0x000000070de00000|  0%| F|  |TAMS 0x000000070dc00000| PB 0x000000070dc00000| Untracked 
|  27|0x000000070de00000, 0x000000070de00000, 0x000000070e000000|  0%| F|  |TAMS 0x000000070de00000| PB 0x000000070de00000| Untracked 
|  28|0x000000070e000000, 0x000000070e000000, 0x000000070e200000|  0%| F|  |TAMS 0x000000070e000000| PB 0x000000070e000000| Untracked 
|  29|0x000000070e200000, 0x000000070e200000, 0x000000070e400000|  0%| F|  |TAMS 0x000000070e200000| PB 0x000000070e200000| Untracked 
|  30|0x000000070e400000, 0x000000070e400000, 0x000000070e600000|  0%| F|  |TAMS 0x000000070e400000| PB 0x000000070e400000| Untracked 
|  31|0x000000070e600000, 0x000000070e600000, 0x000000070e800000|  0%| F|  |TAMS 0x000000070e600000| PB 0x000000070e600000| Untracked 
|  32|0x000000070e800000, 0x000000070e800000, 0x000000070ea00000|  0%| F|  |TAMS 0x000000070e800000| PB 0x000000070e800000| Untracked 
|  33|0x000000070ea00000, 0x000000070ea00000, 0x000000070ec00000|  0%| F|  |TAMS 0x000000070ea00000| PB 0x000000070ea00000| Untracked 
|  34|0x000000070ec00000, 0x000000070ec00000, 0x000000070ee00000|  0%| F|  |TAMS 0x000000070ec00000| PB 0x000000070ec00000| Untracked 
|  35|0x000000070ee00000, 0x000000070ee00000, 0x000000070f000000|  0%| F|  |TAMS 0x000000070ee00000| PB 0x000000070ee00000| Untracked 
|  36|0x000000070f000000, 0x000000070f000000, 0x000000070f200000|  0%| F|  |TAMS 0x000000070f000000| PB 0x000000070f000000| Untracked 
|  37|0x000000070f200000, 0x000000070f200000, 0x000000070f400000|  0%| F|  |TAMS 0x000000070f200000| PB 0x000000070f200000| Untracked 
|  38|0x000000070f400000, 0x000000070f400000, 0x000000070f600000|  0%| F|  |TAMS 0x000000070f400000| PB 0x000000070f400000| Untracked 
|  39|0x000000070f600000, 0x000000070f600000, 0x000000070f800000|  0%| F|  |TAMS 0x000000070f600000| PB 0x000000070f600000| Untracked 
|  40|0x000000070f800000, 0x000000070f800000, 0x000000070fa00000|  0%| F|  |TAMS 0x000000070f800000| PB 0x000000070f800000| Untracked 
|  41|0x000000070fa00000, 0x000000070fa00000, 0x000000070fc00000|  0%| F|  |TAMS 0x000000070fa00000| PB 0x000000070fa00000| Untracked 
|  42|0x000000070fc00000, 0x000000070fc00000, 0x000000070fe00000|  0%| F|  |TAMS 0x000000070fc00000| PB 0x000000070fc00000| Untracked 
|  43|0x000000070fe00000, 0x000000070fe00000, 0x0000000710000000|  0%| F|  |TAMS 0x000000070fe00000| PB 0x000000070fe00000| Untracked 
|  44|0x0000000710000000, 0x0000000710000000, 0x0000000710200000|  0%| F|  |TAMS 0x0000000710000000| PB 0x0000000710000000| Untracked 
|  45|0x0000000710200000, 0x0000000710200000, 0x0000000710400000|  0%| F|  |TAMS 0x0000000710200000| PB 0x0000000710200000| Untracked 
|  46|0x0000000710400000, 0x0000000710400000, 0x0000000710600000|  0%| F|  |TAMS 0x0000000710400000| PB 0x0000000710400000| Untracked 
|  47|0x0000000710600000, 0x0000000710600000, 0x0000000710800000|  0%| F|  |TAMS 0x0000000710600000| PB 0x0000000710600000| Untracked 
|  48|0x0000000710800000, 0x0000000710800000, 0x0000000710a00000|  0%| F|  |TAMS 0x0000000710800000| PB 0x0000000710800000| Untracked 
|  49|0x0000000710a00000, 0x0000000710a00000, 0x0000000710c00000|  0%| F|  |TAMS 0x0000000710a00000| PB 0x0000000710a00000| Untracked 
|  50|0x0000000710c00000, 0x0000000710c00000, 0x0000000710e00000|  0%| F|  |TAMS 0x0000000710c00000| PB 0x0000000710c00000| Untracked 
|  51|0x0000000710e00000, 0x0000000710e00000, 0x0000000711000000|  0%| F|  |TAMS 0x0000000710e00000| PB 0x0000000710e00000| Untracked 
|  52|0x0000000711000000, 0x0000000711000000, 0x0000000711200000|  0%| F|  |TAMS 0x0000000711000000| PB 0x0000000711000000| Untracked 
|  53|0x0000000711200000, 0x0000000711200000, 0x0000000711400000|  0%| F|  |TAMS 0x0000000711200000| PB 0x0000000711200000| Untracked 
|  54|0x0000000711400000, 0x0000000711400000, 0x0000000711600000|  0%| F|  |TAMS 0x0000000711400000| PB 0x0000000711400000| Untracked 
|  55|0x0000000711600000, 0x0000000711600000, 0x0000000711800000|  0%| F|  |TAMS 0x0000000711600000| PB 0x0000000711600000| Untracked 
|  56|0x0000000711800000, 0x0000000711800000, 0x0000000711a00000|  0%| F|  |TAMS 0x0000000711800000| PB 0x0000000711800000| Untracked 
|  57|0x0000000711a00000, 0x0000000711a00000, 0x0000000711c00000|  0%| F|  |TAMS 0x0000000711a00000| PB 0x0000000711a00000| Untracked 
|  58|0x0000000711c00000, 0x0000000711c00000, 0x0000000711e00000|  0%| F|  |TAMS 0x0000000711c00000| PB 0x0000000711c00000| Untracked 
|  59|0x0000000711e00000, 0x0000000711e00000, 0x0000000712000000|  0%| F|  |TAMS 0x0000000711e00000| PB 0x0000000711e00000| Untracked 
|  60|0x0000000712000000, 0x0000000712000000, 0x0000000712200000|  0%| F|  |TAMS 0x0000000712000000| PB 0x0000000712000000| Untracked 
|  61|0x0000000712200000, 0x0000000712200000, 0x0000000712400000|  0%| F|  |TAMS 0x0000000712200000| PB 0x0000000712200000| Untracked 
|  62|0x0000000712400000, 0x0000000712400000, 0x0000000712600000|  0%| F|  |TAMS 0x0000000712400000| PB 0x0000000712400000| Untracked 
|  63|0x0000000712600000, 0x0000000712600000, 0x0000000712800000|  0%| F|  |TAMS 0x0000000712600000| PB 0x0000000712600000| Untracked 
|  64|0x0000000712800000, 0x0000000712800000, 0x0000000712a00000|  0%| F|  |TAMS 0x0000000712800000| PB 0x0000000712800000| Untracked 
|  65|0x0000000712a00000, 0x0000000712a00000, 0x0000000712c00000|  0%| F|  |TAMS 0x0000000712a00000| PB 0x0000000712a00000| Untracked 
|  66|0x0000000712c00000, 0x0000000712c00000, 0x0000000712e00000|  0%| F|  |TAMS 0x0000000712c00000| PB 0x0000000712c00000| Untracked 
|  67|0x0000000712e00000, 0x0000000712e00000, 0x0000000713000000|  0%| F|  |TAMS 0x0000000712e00000| PB 0x0000000712e00000| Untracked 
|  68|0x0000000713000000, 0x0000000713000000, 0x0000000713200000|  0%| F|  |TAMS 0x0000000713000000| PB 0x0000000713000000| Untracked 
|  69|0x0000000713200000, 0x0000000713200000, 0x0000000713400000|  0%| F|  |TAMS 0x0000000713200000| PB 0x0000000713200000| Untracked 
|  70|0x0000000713400000, 0x0000000713400000, 0x0000000713600000|  0%| F|  |TAMS 0x0000000713400000| PB 0x0000000713400000| Untracked 
|  71|0x0000000713600000, 0x0000000713600000, 0x0000000713800000|  0%| F|  |TAMS 0x0000000713600000| PB 0x0000000713600000| Untracked 
|  72|0x0000000713800000, 0x0000000713800000, 0x0000000713a00000|  0%| F|  |TAMS 0x0000000713800000| PB 0x0000000713800000| Untracked 
|  73|0x0000000713a00000, 0x0000000713a00000, 0x0000000713c00000|  0%| F|  |TAMS 0x0000000713a00000| PB 0x0000000713a00000| Untracked 
|  74|0x0000000713c00000, 0x0000000713c00000, 0x0000000713e00000|  0%| F|  |TAMS 0x0000000713c00000| PB 0x0000000713c00000| Untracked 
|  75|0x0000000713e00000, 0x0000000713e00000, 0x0000000714000000|  0%| F|  |TAMS 0x0000000713e00000| PB 0x0000000713e00000| Untracked 
|  76|0x0000000714000000, 0x0000000714000000, 0x0000000714200000|  0%| F|  |TAMS 0x0000000714000000| PB 0x0000000714000000| Untracked 
|  77|0x0000000714200000, 0x0000000714200000, 0x0000000714400000|  0%| F|  |TAMS 0x0000000714200000| PB 0x0000000714200000| Untracked 
|  78|0x0000000714400000, 0x0000000714400000, 0x0000000714600000|  0%| F|  |TAMS 0x0000000714400000| PB 0x0000000714400000| Untracked 
|  79|0x0000000714600000, 0x0000000714600000, 0x0000000714800000|  0%| F|  |TAMS 0x0000000714600000| PB 0x0000000714600000| Untracked 
|  80|0x0000000714800000, 0x0000000714800000, 0x0000000714a00000|  0%| F|  |TAMS 0x0000000714800000| PB 0x0000000714800000| Untracked 
|  81|0x0000000714a00000, 0x0000000714a00000, 0x0000000714c00000|  0%| F|  |TAMS 0x0000000714a00000| PB 0x0000000714a00000| Untracked 
|  82|0x0000000714c00000, 0x0000000714c00000, 0x0000000714e00000|  0%| F|  |TAMS 0x0000000714c00000| PB 0x0000000714c00000| Untracked 
|  83|0x0000000714e00000, 0x0000000714e00000, 0x0000000715000000|  0%| F|  |TAMS 0x0000000714e00000| PB 0x0000000714e00000| Untracked 
|  84|0x0000000715000000, 0x0000000715000000, 0x0000000715200000|  0%| F|  |TAMS 0x0000000715000000| PB 0x0000000715000000| Untracked 
|  85|0x0000000715200000, 0x0000000715200000, 0x0000000715400000|  0%| F|  |TAMS 0x0000000715200000| PB 0x0000000715200000| Untracked 
|  86|0x0000000715400000, 0x0000000715400000, 0x0000000715600000|  0%| F|  |TAMS 0x0000000715400000| PB 0x0000000715400000| Untracked 
|  87|0x0000000715600000, 0x0000000715600000, 0x0000000715800000|  0%| F|  |TAMS 0x0000000715600000| PB 0x0000000715600000| Untracked 
|  88|0x0000000715800000, 0x0000000715800000, 0x0000000715a00000|  0%| F|  |TAMS 0x0000000715800000| PB 0x0000000715800000| Untracked 
|  89|0x0000000715a00000, 0x0000000715a00000, 0x0000000715c00000|  0%| F|  |TAMS 0x0000000715a00000| PB 0x0000000715a00000| Untracked 
|  90|0x0000000715c00000, 0x0000000715c00000, 0x0000000715e00000|  0%| F|  |TAMS 0x0000000715c00000| PB 0x0000000715c00000| Untracked 
|  91|0x0000000715e00000, 0x0000000715e00000, 0x0000000716000000|  0%| F|  |TAMS 0x0000000715e00000| PB 0x0000000715e00000| Untracked 
|  92|0x0000000716000000, 0x0000000716000000, 0x0000000716200000|  0%| F|  |TAMS 0x0000000716000000| PB 0x0000000716000000| Untracked 
|  93|0x0000000716200000, 0x0000000716200000, 0x0000000716400000|  0%| F|  |TAMS 0x0000000716200000| PB 0x0000000716200000| Untracked 
|  94|0x0000000716400000, 0x0000000716400000, 0x0000000716600000|  0%| F|  |TAMS 0x0000000716400000| PB 0x0000000716400000| Untracked 
|  95|0x0000000716600000, 0x0000000716600000, 0x0000000716800000|  0%| F|  |TAMS 0x0000000716600000| PB 0x0000000716600000| Untracked 
|  96|0x0000000716800000, 0x0000000716800000, 0x0000000716a00000|  0%| F|  |TAMS 0x0000000716800000| PB 0x0000000716800000| Untracked 
|  97|0x0000000716a00000, 0x0000000716a00000, 0x0000000716c00000|  0%| F|  |TAMS 0x0000000716a00000| PB 0x0000000716a00000| Untracked 
|  98|0x0000000716c00000, 0x0000000716c00000, 0x0000000716e00000|  0%| F|  |TAMS 0x0000000716c00000| PB 0x0000000716c00000| Untracked 
|  99|0x0000000716e00000, 0x0000000716e00000, 0x0000000717000000|  0%| F|  |TAMS 0x0000000716e00000| PB 0x0000000716e00000| Untracked 
| 100|0x0000000717000000, 0x0000000717000000, 0x0000000717200000|  0%| F|  |TAMS 0x0000000717000000| PB 0x0000000717000000| Untracked 
| 101|0x0000000717200000, 0x0000000717200000, 0x0000000717400000|  0%| F|  |TAMS 0x0000000717200000| PB 0x0000000717200000| Untracked 
| 102|0x0000000717400000, 0x0000000717400000, 0x0000000717600000|  0%| F|  |TAMS 0x0000000717400000| PB 0x0000000717400000| Untracked 
| 103|0x0000000717600000, 0x0000000717600000, 0x0000000717800000|  0%| F|  |TAMS 0x0000000717600000| PB 0x0000000717600000| Untracked 
| 104|0x0000000717800000, 0x0000000717800000, 0x0000000717a00000|  0%| F|  |TAMS 0x0000000717800000| PB 0x0000000717800000| Untracked 
| 105|0x0000000717a00000, 0x0000000717a00000, 0x0000000717c00000|  0%| F|  |TAMS 0x0000000717a00000| PB 0x0000000717a00000| Untracked 
| 106|0x0000000717c00000, 0x0000000717c00000, 0x0000000717e00000|  0%| F|  |TAMS 0x0000000717c00000| PB 0x0000000717c00000| Untracked 
| 107|0x0000000717e00000, 0x0000000717e00000, 0x0000000718000000|  0%| F|  |TAMS 0x0000000717e00000| PB 0x0000000717e00000| Untracked 
| 108|0x0000000718000000, 0x0000000718000000, 0x0000000718200000|  0%| F|  |TAMS 0x0000000718000000| PB 0x0000000718000000| Untracked 
| 109|0x0000000718200000, 0x0000000718200000, 0x0000000718400000|  0%| F|  |TAMS 0x0000000718200000| PB 0x0000000718200000| Untracked 
| 110|0x0000000718400000, 0x0000000718400000, 0x0000000718600000|  0%| F|  |TAMS 0x0000000718400000| PB 0x0000000718400000| Untracked 
| 111|0x0000000718600000, 0x0000000718600000, 0x0000000718800000|  0%| F|  |TAMS 0x0000000718600000| PB 0x0000000718600000| Untracked 
| 112|0x0000000718800000, 0x0000000718800000, 0x0000000718a00000|  0%| F|  |TAMS 0x0000000718800000| PB 0x0000000718800000| Untracked 
| 113|0x0000000718a00000, 0x0000000718a00000, 0x0000000718c00000|  0%| F|  |TAMS 0x0000000718a00000| PB 0x0000000718a00000| Untracked 
| 114|0x0000000718c00000, 0x0000000718c00000, 0x0000000718e00000|  0%| F|  |TAMS 0x0000000718c00000| PB 0x0000000718c00000| Untracked 
| 115|0x0000000718e00000, 0x0000000718e00000, 0x0000000719000000|  0%| F|  |TAMS 0x0000000718e00000| PB 0x0000000718e00000| Untracked 
| 116|0x0000000719000000, 0x0000000719000000, 0x0000000719200000|  0%| F|  |TAMS 0x0000000719000000| PB 0x0000000719000000| Untracked 
| 117|0x0000000719200000, 0x0000000719200000, 0x0000000719400000|  0%| F|  |TAMS 0x0000000719200000| PB 0x0000000719200000| Untracked 
| 118|0x0000000719400000, 0x00000007195c5d38, 0x0000000719600000| 88%| E|  |TAMS 0x0000000719400000| PB 0x0000000719400000| Complete 
| 119|0x0000000719600000, 0x0000000719800000, 0x0000000719800000|100%| E|CS|TAMS 0x0000000719600000| PB 0x0000000719600000| Complete 
| 120|0x0000000719800000, 0x0000000719a00000, 0x0000000719a00000|100%| E|CS|TAMS 0x0000000719800000| PB 0x0000000719800000| Complete 
| 121|0x0000000719a00000, 0x0000000719c00000, 0x0000000719c00000|100%| E|CS|TAMS 0x0000000719a00000| PB 0x0000000719a00000| Complete 
| 122|0x0000000719c00000, 0x0000000719e00000, 0x0000000719e00000|100%| E|CS|TAMS 0x0000000719c00000| PB 0x0000000719c00000| Complete 

Card table byte_map: [0x0000028ddcc70000,0x0000028ddd420000] _byte_map_base: 0x0000028dd941c000

Marking Bits: (CMBitMap*) 0x0000028dc4863b20
 Bits: [0x0000028ddd420000, 0x0000028de1180000)

Polling page: 0x0000028dc27a0000

Metaspace:

Usage:
  Non-class:      2.07 MB used.
      Class:    184.43 KB used.
       Both:      2.25 MB used.

Virtual space:
  Non-class space:       64.00 MB reserved,       2.12 MB (  3%) committed,  1 nodes.
      Class space:        1.00 GB reserved,     256.00 KB ( <1%) committed,  1 nodes.
             Both:        1.06 GB reserved,       2.38 MB ( <1%) committed. 

Chunk freelists:
   Non-Class:  11.14 MB
       Class:  15.63 MB
        Both:  26.77 MB

MaxMetaspaceSize: unlimited
CompressedClassSpaceSize: 1.00 GB
Initial GC threshold: 21.00 MB
Current GC threshold: 21.00 MB
CDS: on
 - commit_granule_bytes: 65536.
 - commit_granule_words: 8192.
 - virtual_space_node_default_size: 8388608.
 - enlarge_chunks_in_place: 1.
 - use_allocation_guard: 0.


Internal statistics:

num_allocs_failed_limit: 0.
num_arena_births: 64.
num_arena_deaths: 0.
num_vsnodes_births: 2.
num_vsnodes_deaths: 0.
num_space_committed: 38.
num_space_uncommitted: 0.
num_chunks_returned_to_freelist: 0.
num_chunks_taken_from_freelist: 119.
num_chunk_merges: 0.
num_chunk_splits: 74.
num_chunks_enlarged: 49.
num_inconsistent_stats: 0.

CodeHeap 'non-profiled nmethods': size=119168Kb used=201Kb max_used=201Kb free=118966Kb
 bounds [0x0000028dd47e0000, 0x0000028dd4a50000, 0x0000028ddbc40000]
CodeHeap 'profiled nmethods': size=119104Kb used=1037Kb max_used=1037Kb free=118066Kb
 bounds [0x0000028dccc40000, 0x0000028dcceb0000, 0x0000028dd4090000]
CodeHeap 'non-nmethods': size=7488Kb used=2525Kb max_used=2541Kb free=4962Kb
 bounds [0x0000028dd4090000, 0x0000028dd4310000, 0x0000028dd47e0000]
 total_blobs=1068 nmethods=623 adapters=348
 compilation: enabled
              stopped_count=0, restarted_count=0
 full_count=0

Compilation events (20 events):
Event: 0.381 Thread 0x0000028de476ee10 nmethod 613% 0x0000028dd480f890 code [0x0000028dd480fa40, 0x0000028dd480fe38]
Event: 0.381 Thread 0x0000028de476ee10  616       4       jdk.internal.jimage.ImageStringsReader::unmaskedHashCode (166 bytes)
Event: 0.381 Thread 0x0000028de436fa80  617       3       jdk.internal.misc.Unsafe::getLong (7 bytes)
Event: 0.381 Thread 0x0000028de436fa80 nmethod 617 0x0000028dccd3e390 code [0x0000028dccd3e520, 0x0000028dccd3e640]
Event: 0.382 Thread 0x0000028de414db10 nmethod 570 0x0000028dd4810010 code [0x0000028dd4810260, 0x0000028dd4810e88]
Event: 0.382 Thread 0x0000028de414db10  614       4       java.lang.AbstractStringBuilder::newCapacity (59 bytes)
Event: 0.383 Thread 0x0000028de476ee10 nmethod 616 0x0000028dd4811910 code [0x0000028dd4811ac0, 0x0000028dd4811cc0]
Event: 0.383 Thread 0x0000028de414db10 nmethod 614 0x0000028dd4811f10 code [0x0000028dd48120a0, 0x0000028dd48121e0]
Event: 0.383 Thread 0x0000028de436fa80  618       1       java.nio.HeapByteBuffer::isReadOnly (2 bytes)
Event: 0.383 Thread 0x0000028de436fa80 nmethod 618 0x0000028dd4812310 code [0x0000028dd48124a0, 0x0000028dd4812568]
Event: 0.384 Thread 0x0000028de4150430  619       3       jdk.internal.loader.URLClassPath::getResource (74 bytes)
Event: 0.385 Thread 0x0000028de4150430 nmethod 619 0x0000028dccd3e710 code [0x0000028dccd3e8e0, 0x0000028dccd3ec48]
Event: 0.387 Thread 0x0000028de4150430  620       3       jdk.internal.jimage.ImageStringsReader::match (11 bytes)
Event: 0.387 Thread 0x0000028de436fa80  621       3       jdk.internal.jimage.BasicImageReader::match (37 bytes)
Event: 0.387 Thread 0x0000028de43abf00  622       3       jdk.internal.jimage.ImageStringsReader::stringFromByteBufferMatches (138 bytes)
Event: 0.388 Thread 0x0000028de4150430 nmethod 620 0x0000028dccd3ed90 code [0x0000028dccd3ef40, 0x0000028dccd3f138]
Event: 0.388 Thread 0x0000028de4150430  623       3       jdk.internal.jimage.ImageLocation::verifyName (161 bytes)
Event: 0.388 Thread 0x0000028de436fa80 nmethod 621 0x0000028dccd3f210 code [0x0000028dccd3f3e0, 0x0000028dccd3f6c8]
Event: 0.388 Thread 0x0000028de43abf00 nmethod 622 0x0000028dccd3f810 code [0x0000028dccd3fb00, 0x0000028dccd40c50]
Event: 0.388 Thread 0x0000028de4150430 nmethod 623 0x0000028dccd41390 code [0x0000028dccd416e0, 0x0000028dccd42d08]

GC Heap History (0 events):
No events

Dll operation events (9 events):
Event: 0.007 Loaded shared library C:\Program Files\jdk-21.0.2\bin\java.dll
Event: 0.029 Loaded shared library C:\Program Files\jdk-21.0.2\bin\jsvml.dll
Event: 0.225 Loaded shared library C:\Program Files\jdk-21.0.2\bin\net.dll
Event: 0.226 Loaded shared library C:\Program Files\jdk-21.0.2\bin\nio.dll
Event: 0.229 Loaded shared library C:\Program Files\jdk-21.0.2\bin\zip.dll
Event: 0.275 Loaded shared library C:\Program Files\jdk-21.0.2\bin\verify.dll
Event: 0.280 Loaded shared library C:\Program Files\jdk-21.0.2\bin\jimage.dll
Event: 0.315 Loaded shared library C:\Users\aarad\AppData\Local\Temp\libgdxaarad\e787ab0a\gdx64.dll
Event: 0.359 Loaded shared library C:\Users\aarad\AppData\Local\Temp\lwjglaarad\3.3.1-build-7\lwjgl.dll

Deoptimization events (20 events):
Event: 0.235 Thread 0x0000028dc258f120 DEOPT PACKING pc=0x0000028dccc4cbf3 sp=0x000000c49a8fa290
Event: 0.235 Thread 0x0000028dc258f120 DEOPT UNPACKING pc=0x0000028dd40e4e42 sp=0x000000c49a8f96b0 mode 0
Event: 0.240 Thread 0x0000028dc258f120 DEOPT PACKING pc=0x0000028dccc4a3d4 sp=0x000000c49a8fb010
Event: 0.240 Thread 0x0000028dc258f120 DEOPT UNPACKING pc=0x0000028dd40e4e42 sp=0x000000c49a8fa478 mode 0
Event: 0.311 Thread 0x0000028dc258f120 DEOPT PACKING pc=0x0000028dccc73a83 sp=0x000000c49a8feac0
Event: 0.311 Thread 0x0000028dc258f120 DEOPT UNPACKING pc=0x0000028dd40e4e42 sp=0x000000c49a8fdf20 mode 0
Event: 0.313 Thread 0x0000028dc258f120 Uncommon trap: trap_request=0xffffff45 fr.pc=0x0000028dd47ed814 relative=0x0000000000000074
Event: 0.313 Thread 0x0000028dc258f120 Uncommon trap: reason=unstable_if action=reinterpret pc=0x0000028dd47ed814 method=java.io.WinNTFileSystem.isSlash(C)Z @ 9 c2
Event: 0.313 Thread 0x0000028dc258f120 DEOPT PACKING pc=0x0000028dd47ed814 sp=0x000000c49a8febf0
Event: 0.313 Thread 0x0000028dc258f120 DEOPT UNPACKING pc=0x0000028dd40e46a2 sp=0x000000c49a8feb88 mode 2
Event: 0.344 Thread 0x0000028dc258f120 Uncommon trap: trap_request=0xffffff6e fr.pc=0x0000028dd47fcf88 relative=0x0000000000000448
Event: 0.344 Thread 0x0000028dc258f120 Uncommon trap: reason=loop_limit_check action=maybe_recompile pc=0x0000028dd47fcf88 method=java.lang.StringLatin1.indexOf([BI[BII)I @ 37 c2
Event: 0.344 Thread 0x0000028dc258f120 DEOPT PACKING pc=0x0000028dd47fcf88 sp=0x000000c49a8fb8f0
Event: 0.344 Thread 0x0000028dc258f120 DEOPT UNPACKING pc=0x0000028dd40e46a2 sp=0x000000c49a8fb850 mode 2
Event: 0.357 Thread 0x0000028dc258f120 Uncommon trap: trap_request=0xffffff45 fr.pc=0x0000028dd47ee3f0 relative=0x0000000000000050
Event: 0.357 Thread 0x0000028dc258f120 Uncommon trap: reason=unstable_if action=reinterpret pc=0x0000028dd47ee3f0 method=sun.nio.fs.WindowsPathParser.isSlash(C)Z @ 9 c2
Event: 0.357 Thread 0x0000028dc258f120 DEOPT PACKING pc=0x0000028dd47ee3f0 sp=0x000000c49a8fb7e0
Event: 0.357 Thread 0x0000028dc258f120 DEOPT UNPACKING pc=0x0000028dd40e46a2 sp=0x000000c49a8fb778 mode 2
Event: 0.373 Thread 0x0000028dc258f120 DEOPT PACKING pc=0x0000028dccc63e49 sp=0x000000c49a8fd310
Event: 0.373 Thread 0x0000028dc258f120 DEOPT UNPACKING pc=0x0000028dd40e4e42 sp=0x000000c49a8fc788 mode 0

Classes loaded (20 events):
Event: 0.361 Loading class java/nio/DirectShortBufferU
Event: 0.361 Loading class java/nio/DirectShortBufferU done
Event: 0.361 Loading class java/nio/DirectCharBufferU
Event: 0.361 Loading class java/nio/DirectCharBufferU done
Event: 0.361 Loading class java/nio/DirectFloatBufferU
Event: 0.361 Loading class java/nio/DirectFloatBufferU done
Event: 0.362 Loading class java/nio/DirectDoubleBufferU
Event: 0.362 Loading class java/nio/DirectDoubleBufferU done
Event: 0.362 Loading class sun/misc/Unsafe
Event: 0.362 Loading class sun/misc/Unsafe done
Event: 0.362 Loading class java/lang/invoke/DirectMethodHandle$StaticAccessor
Event: 0.362 Loading class java/lang/invoke/DirectMethodHandle$StaticAccessor done
Event: 0.365 Loading class java/util/function/LongPredicate
Event: 0.365 Loading class java/util/function/LongPredicate done
Event: 0.366 Loading class java/lang/foreign/MemorySegment
Event: 0.367 Loading class java/lang/foreign/MemorySegment done
Event: 0.371 Loading class java/nio/InvalidMarkException
Event: 0.371 Loading class java/nio/InvalidMarkException done
Event: 0.371 Loading class java/nio/BufferUnderflowException
Event: 0.371 Loading class java/nio/BufferUnderflowException done

Classes unloaded (0 events):
No events

Classes redefined (0 events):
No events

Internal exceptions (17 events):
Event: 0.333 Thread 0x0000028dc258f120 Exception <a 'java/lang/NoSuchMethodError'{0x00000007197d7ed0}: 'void java.lang.invoke.DirectMethodHandle$Holder.invokeStatic(java.lang.Object, java.lang.Object)'> (0x00000007197d7ed0) 
thrown [s\open\src\hotspot\share\interpreter\linkResolver.cpp, line 773]
Event: 0.334 Thread 0x0000028dc258f120 Exception <a 'java/lang/NoSuchMethodError'{0x00000007197dd0c8}: 'void java.lang.System.load(java.lang.String, java.lang.Class)'> (0x00000007197dd0c8) 
thrown [s\open\src\hotspot\share\interpreter\linkResolver.cpp, line 773]
Event: 0.334 Thread 0x0000028dc258f120 Exception <a 'java/lang/NoSuchMethodError'{0x00000007197ddcb8}: 'void java.lang.invoke.DirectMethodHandle$Holder.invokeSpecial(java.lang.Object, java.lang.Object, java.lang.Object)'> (0x00000007197ddcb8) 
thrown [s\open\src\hotspot\share\interpreter\linkResolver.cpp, line 773]
Event: 0.336 Thread 0x0000028dc258f120 Exception <a 'java/lang/NoSuchMethodError'{0x00000007197ee7d0}: 'java.lang.Object java.lang.invoke.DirectMethodHandle$Holder.invokeStatic(java.lang.Object, java.lang.Object, int)'> (0x00000007197ee7d0) 
thrown [s\open\src\hotspot\share\interpreter\linkResolver.cpp, line 773]
Event: 0.337 Thread 0x0000028dc258f120 Exception <a 'java/lang/NoSuchMethodError'{0x00000007197f9c20}: 'void java.lang.invoke.DelegatingMethodHandle$Holder.delegate(java.lang.Object, java.lang.Object, int, java.lang.Object)'> (0x00000007197f9c20) 
thrown [s\open\src\hotspot\share\interpreter\linkResolver.cpp, line 773]
Event: 0.337 Thread 0x0000028dc258f120 Exception <a 'java/lang/NoSuchMethodError'{0x00000007197fdb08}: 'int java.lang.invoke.DirectMethodHandle$Holder.invokeSpecial(java.lang.Object, java.lang.Object, java.lang.Object)'> (0x00000007197fdb08) 
thrown [s\open\src\hotspot\share\interpreter\linkResolver.cpp, line 773]
Event: 0.340 Thread 0x0000028dc258f120 Exception <a 'java/lang/NoSuchMethodError'{0x0000000719418458}: 'void java.lang.System.loadLibrary(java.lang.String, java.lang.Class)'> (0x0000000719418458) 
thrown [s\open\src\hotspot\share\interpreter\linkResolver.cpp, line 773]
Event: 0.357 Thread 0x0000028dc258f120 Exception <a 'sun/nio/fs/WindowsException'{0x00000007194709c0}> (0x00000007194709c0) 
thrown [s\open\src\hotspot\share\prims\jni.cpp, line 520]
Event: 0.358 Thread 0x0000028dc258f120 Exception <a 'sun/nio/fs/WindowsException'{0x0000000719470ef0}> (0x0000000719470ef0) 
thrown [s\open\src\hotspot\share\prims\jni.cpp, line 520]
Event: 0.365 Thread 0x0000028dc258f120 Exception <a 'java/lang/NoSuchMethodError'{0x00000007194a7260}: 'int java.lang.invoke.DirectMethodHandle$Holder.invokeStaticInit(java.lang.Object, java.lang.Object, int, long)'> (0x00000007194a7260) 
thrown [s\open\src\hotspot\share\interpreter\linkResolver.cpp, line 773]
Event: 0.366 Thread 0x0000028dc258f120 Exception <a 'java/lang/NoSuchMethodError'{0x00000007194ac288}: 'java.lang.Object java.lang.invoke.DirectMethodHandle$Holder.newInvokeSpecial(java.lang.Object, java.lang.Object, int)'> (0x00000007194ac288) 
thrown [s\open\src\hotspot\share\interpreter\linkResolver.cpp, line 773]
Event: 0.368 Thread 0x0000028dc258f120 Exception <a 'java/lang/NoSuchMethodError'{0x00000007194bdba8}: 'int java.lang.invoke.DirectMethodHandle$Holder.invokeStaticInit(java.lang.Object, java.lang.Object, long, long)'> (0x00000007194bdba8) 
thrown [s\open\src\hotspot\share\interpreter\linkResolver.cpp, line 773]
Event: 0.368 Thread 0x0000028dc258f120 Exception <a 'java/lang/NoSuchMethodError'{0x00000007194c3410}: 'java.lang.Object java.lang.invoke.DirectMethodHandle$Holder.newInvokeSpecial(java.lang.Object, java.lang.Object, long)'> (0x00000007194c3410) 
thrown [s\open\src\hotspot\share\interpreter\linkResolver.cpp, line 773]
Event: 0.369 Thread 0x0000028dc258f120 Exception <a 'java/lang/NoSuchMethodError'{0x00000007194c7200}: 'java.lang.Object java.lang.invoke.Invokers$Holder.linkToTargetMethod(java.lang.Object, long, java.lang.Object)'> (0x00000007194c7200) 
thrown [s\open\src\hotspot\share\interpreter\linkResolver.cpp, line 773]
Event: 0.370 Thread 0x0000028dc258f120 Exception <a 'java/lang/NoSuchMethodError'{0x00000007194ce288}: 'int java.lang.invoke.DirectMethodHandle$Holder.invokeStaticInit(java.lang.Object, java.lang.Object, java.lang.Object, long)'> (0x00000007194ce288) 
thrown [s\open\src\hotspot\share\interpreter\linkResolver.cpp, line 773]
Event: 0.384 Thread 0x0000028dc258f120 Exception <a 'sun/nio/fs/WindowsException'{0x000000071955a098}> (0x000000071955a098) 
thrown [s\open\src\hotspot\share\prims\jni.cpp, line 520]
Event: 0.384 Thread 0x0000028dc258f120 Exception <a 'sun/nio/fs/WindowsException'{0x000000071955a428}> (0x000000071955a428) 
thrown [s\open\src\hotspot\share\prims\jni.cpp, line 520]

ZGC Phase Switch (0 events):
No events

VM Operations (6 events):
Event: 0.237 Executing VM operation: HandshakeAllThreads (Deoptimize)
Event: 0.237 Executing VM operation: HandshakeAllThreads (Deoptimize) done
Event: 0.313 Executing VM operation: HandshakeAllThreads (Deoptimize)
Event: 0.313 Executing VM operation: HandshakeAllThreads (Deoptimize) done
Event: 0.336 Executing VM operation: HandshakeAllThreads (Deoptimize)
Event: 0.336 Executing VM operation: HandshakeAllThreads (Deoptimize) done

Events (17 events):
Event: 0.018 Thread 0x0000028dc258f120 Thread added: 0x0000028dc258f120
Event: 0.027 Thread 0x0000028de4136ab0 Thread added: 0x0000028de4136ab0
Event: 0.027 Thread 0x0000028de41373e0 Thread added: 0x0000028de41373e0
Event: 0.027 Thread 0x0000028de41391b0 Thread added: 0x0000028de41391b0
Event: 0.027 Thread 0x0000028de413b2d0 Thread added: 0x0000028de413b2d0
Event: 0.027 Thread 0x0000028de413bf60 Thread added: 0x0000028de413bf60
Event: 0.027 Thread 0x0000028de4149730 Thread added: 0x0000028de4149730
Event: 0.027 Thread 0x0000028de414db10 Thread added: 0x0000028de414db10
Event: 0.027 Thread 0x0000028de4150430 Thread added: 0x0000028de4150430
Event: 0.073 Thread 0x0000028de436fa80 Thread added: 0x0000028de436fa80
Event: 0.074 Thread 0x0000028de43abf00 Thread added: 0x0000028de43abf00
Event: 0.080 Thread 0x0000028de43c1d70 Thread added: 0x0000028de43c1d70
Event: 0.080 Thread 0x0000028de43c4f50 Thread added: 0x0000028de43c4f50
Event: 0.080 Thread 0x0000028de43c5df0 Thread added: 0x0000028de43c5df0
Event: 0.217 Thread 0x0000028de43d4ba0 Thread added: 0x0000028de43d4ba0
Event: 0.220 Thread 0x0000028de43fa530 Thread added: 0x0000028de43fa530
Event: 0.257 Thread 0x0000028de476ee10 Thread added: 0x0000028de476ee10


Dynamic libraries:
0x00007ff6b5230000 - 0x00007ff6b523e000 	C:\Program Files\jdk-21.0.2\bin\java.exe
0x00007ffc743d0000 - 0x00007ffc745e7000 	C:\WINDOWS\SYSTEM32\ntdll.dll
0x00007ffc734c0000 - 0x00007ffc73584000 	C:\WINDOWS\System32\KERNEL32.DLL
0x00007ffc71a40000 - 0x00007ffc71ded000 	C:\WINDOWS\System32\KERNELBASE.dll
0x00007ffc71fe0000 - 0x00007ffc720f1000 	C:\WINDOWS\System32\ucrtbase.dll
0x00007ffc6b0e0000 - 0x00007ffc6b0f8000 	C:\Program Files\jdk-21.0.2\bin\jli.dll
0x00007ffc65e30000 - 0x00007ffc65e4b000 	C:\Program Files\jdk-21.0.2\bin\VCRUNTIME140.dll
0x00007ffc73bd0000 - 0x00007ffc73d7e000 	C:\WINDOWS\System32\USER32.dll
0x00007ffc49890000 - 0x00007ffc49b23000 	C:\WINDOWS\WinSxS\amd64_microsoft.windows.common-controls_6595b64144ccf1df_6.0.22621.3672_none_2713b9d173822955\COMCTL32.dll
0x00007ffc71fb0000 - 0x00007ffc71fd6000 	C:\WINDOWS\System32\win32u.dll
0x00007ffc73410000 - 0x00007ffc734b7000 	C:\WINDOWS\System32\msvcrt.dll
0x00007ffc735e0000 - 0x00007ffc73609000 	C:\WINDOWS\System32\GDI32.dll
0x00007ffc716f0000 - 0x00007ffc71809000 	C:\WINDOWS\System32\gdi32full.dll
0x00007ffc71df0000 - 0x00007ffc71e8a000 	C:\WINDOWS\System32\msvcp_win.dll
0x00007ffc73210000 - 0x00007ffc73241000 	C:\WINDOWS\System32\IMM32.DLL
0x00007ffc6b5f0000 - 0x00007ffc6b5fc000 	C:\Program Files\jdk-21.0.2\bin\vcruntime140_1.dll
0x00007ffc2ee60000 - 0x00007ffc2eeee000 	C:\Program Files\jdk-21.0.2\bin\msvcp140.dll
0x00007ffbab710000 - 0x00007ffbac427000 	C:\Program Files\jdk-21.0.2\bin\server\jvm.dll
0x00007ffc73250000 - 0x00007ffc73302000 	C:\WINDOWS\System32\ADVAPI32.dll
0x00007ffc72fd0000 - 0x00007ffc73079000 	C:\WINDOWS\System32\sechost.dll
0x00007ffc71f80000 - 0x00007ffc71fa8000 	C:\WINDOWS\System32\bcrypt.dll
0x00007ffc736c0000 - 0x00007ffc737d4000 	C:\WINDOWS\System32\RPCRT4.dll
0x00007ffc72410000 - 0x00007ffc72481000 	C:\WINDOWS\System32\WS2_32.dll
0x00007ffc70560000 - 0x00007ffc705ad000 	C:\WINDOWS\SYSTEM32\POWRPROF.dll
0x00007ffc6aed0000 - 0x00007ffc6af04000 	C:\WINDOWS\SYSTEM32\WINMM.dll
0x00007ffc69710000 - 0x00007ffc6971a000 	C:\WINDOWS\SYSTEM32\VERSION.dll
0x00007ffc70540000 - 0x00007ffc70553000 	C:\WINDOWS\SYSTEM32\UMPDC.dll
0x00007ffc707f0000 - 0x00007ffc70808000 	C:\WINDOWS\SYSTEM32\kernel.appcore.dll
0x00007ffc65dc0000 - 0x00007ffc65dca000 	C:\Program Files\jdk-21.0.2\bin\jimage.dll
0x00007ffc67660000 - 0x00007ffc67892000 	C:\WINDOWS\SYSTEM32\DBGHELP.DLL
0x00007ffc73840000 - 0x00007ffc73bce000 	C:\WINDOWS\System32\combase.dll
0x00007ffc73e10000 - 0x00007ffc73ee7000 	C:\WINDOWS\System32\OLEAUT32.dll
0x00007ffc66750000 - 0x00007ffc66782000 	C:\WINDOWS\SYSTEM32\dbgcore.DLL
0x00007ffc71e90000 - 0x00007ffc71f0b000 	C:\WINDOWS\System32\bcryptPrimitives.dll
0x00007ffc3a5a0000 - 0x00007ffc3a5dc000 	C:\Program Files\jdk-21.0.2\bin\jdwp.dll
0x00007ffc3a580000 - 0x00007ffc3a59f000 	C:\Program Files\jdk-21.0.2\bin\java.dll
0x00007ffc72490000 - 0x00007ffc72cf7000 	C:\WINDOWS\System32\SHELL32.dll
0x00007ffc6f630000 - 0x00007ffc6ff2f000 	C:\WINDOWS\SYSTEM32\windows.storage.dll
0x00007ffc6f4f0000 - 0x00007ffc6f62f000 	C:\WINDOWS\SYSTEM32\wintypes.dll
0x00007ffc73310000 - 0x00007ffc73409000 	C:\WINDOWS\System32\SHCORE.dll
0x00007ffc73db0000 - 0x00007ffc73e0e000 	C:\WINDOWS\System32\shlwapi.dll
0x00007ffc71620000 - 0x00007ffc71647000 	C:\WINDOWS\SYSTEM32\profapi.dll
0x00007ffc1f930000 - 0x00007ffc1fa07000 	C:\Program Files\jdk-21.0.2\bin\jsvml.dll
0x00007ffc6b5b0000 - 0x00007ffc6b5bc000 	C:\Program Files\jdk-21.0.2\bin\dt_socket.dll
0x00007ffc70240000 - 0x00007ffc7026d000 	C:\WINDOWS\SYSTEM32\IPHLPAPI.DLL
0x00007ffc70c60000 - 0x00007ffc70cc9000 	C:\WINDOWS\system32\mswsock.dll
0x00007ffc61c30000 - 0x00007ffc61c40000 	C:\Program Files\jdk-21.0.2\bin\net.dll
0x00007ffc6e080000 - 0x00007ffc6e1b6000 	C:\WINDOWS\SYSTEM32\WINHTTP.dll
0x00007ffc2ee20000 - 0x00007ffc2ee36000 	C:\Program Files\jdk-21.0.2\bin\nio.dll
0x00007ffc2ee40000 - 0x00007ffc2ee58000 	C:\Program Files\jdk-21.0.2\bin\zip.dll
0x00007ffc38d00000 - 0x00007ffc38d10000 	C:\Program Files\jdk-21.0.2\bin\verify.dll
0x0000000061360000 - 0x0000000061389000 	C:\Users\aarad\AppData\Local\Temp\libgdxaarad\e787ab0a\gdx64.dll
0x00007ffc33bf0000 - 0x00007ffc33c65000 	C:\Users\aarad\AppData\Local\Temp\lwjglaarad\3.3.1-build-7\lwjgl.dll
0x00007ffbf7420000 - 0x00007ffbf7679000 	C:\Users\aarad\AppData\Local\Temp\lwjglaarad\3.3.1-build-7\jemalloc.dll

dbghelp: loaded successfully - version: 4.0.5 - missing functions: none
symbol engine: initialized successfully - sym options: 0x614 - pdb path: .;C:\Program Files\jdk-21.0.2\bin;C:\WINDOWS\SYSTEM32;C:\WINDOWS\WinSxS\amd64_microsoft.windows.common-controls_6595b64144ccf1df_6.0.22621.3672_none_2713b9d173822955;C:\Program Files\jdk-21.0.2\bin\server;C:\Users\aarad\AppData\Local\Temp\libgdxaarad\e787ab0a;C:\Users\aarad\AppData\Local\Temp\lwjglaarad\3.3.1-build-7

VM Arguments:
jvm_args: -agentlib:jdwp=transport=dt_socket,server=n,suspend=y,address=127.0.0.1:52606 -Dfile.encoding=windows-1252 -Duser.country=AU -Duser.language=en -Duser.variant 
java_command: com.csse3200.game.desktop.DesktopLauncher
java_class_path (initial): C:\Users\aarad\OneDrive\Desktop\College bullsit\UQ\Software Design, Testing and Implementation\Git\2024-studio-2\source\desktop\build\classes\java\main;C:\Users\aarad\OneDrive\Desktop\College bullsit\UQ\Software Design, Testing and Implementation\Git\2024-studio-2\source\desktop\build\resources\main;C:\Users\aarad\.gradle\caches\modules-2\files-2.1\com.badlogicgames.gdx\gdx-backend-lwjgl3\1.11.0\58a96db4cd349be4292d547856aa1e1c5f065f4e\gdx-backend-lwjgl3-1.11.0.jar;C:\Users\aarad\.gradle\caches\modules-2\files-2.1\com.badlogicgames.gdx\gdx-platform\1.11.0\697fb13eada6d3c6ca648c9788692b0159add126\gdx-platform-1.11.0-natives-desktop.jar;C:\Users\aarad\.gradle\caches\modules-2\files-2.1\com.badlogicgames.gdx\gdx-box2d-platform\1.11.0\62ff9baa1e57a11e0a4428a38c9660bf9f312fdc\gdx-box2d-platform-1.11.0-natives-desktop.jar;C:\Users\aarad\.gradle\caches\modules-2\files-2.1\com.badlogicgames.gdx\gdx-tools\1.11.0\a5d30eafd0f2fbab314efdf6d98ebc27388b7c0a\gdx-tools-1.11.0.jar;C:\Users\aarad\.gradle\caches\modules-2\files-2.1\com.badlogicgames.gdx-controllers\gdx-controllers-desktop\2.2.2\625b3bdbe803e9c4af181b4791202cfcf776d805\gdx-controllers-desktop-2.2.2.jar;C:\Users\aarad\OneDrive\Desktop\College bullsit\UQ\Software Design, Testing and Implementation\Git\2024-studio-2\source\core\build\libs\core-1.0.jar;C:\Users\aarad\.gradle\caches\modules-2\files-2.1\com.badlogicgames.gdx\gdx-backend-lwjgl\1.11.0\33555a2cf8b4d9db4122b2fe42e7674b343d8b4\gdx-backend-lwjgl-1.11.0.jar;C:\Users\aarad\.gradle\caches\modules-2\files-2.1\com.badlogicgames.gdx\gdx-freetype\1.11.0\a3634ad2e6c56d251268d6ab5c0f66eee2841f2c\gdx-freetype-1.11.0.jar;C:\Users\aarad\.gradle\caches\modules-2\files-2.1\com.badlogicgames.gdx\gdx-backend-headless\1.11.0\3c3d0c951db72891d894df1725d09179fd0bca00\gdx-backend-headless-1.11.0.jar;C:\Users\aarad\.gradle\caches\modules-2\files-2.1\com.badlogicgames.gdx-controllers\gdx-controllers-core\2.2.2\25473efe9273912a03a4871a9e1469b41d86face\gdx-controllers-core-2.2.2.jar;C:\Users\aarad\.gradle\caches\modules-2\files-2.1\net.dermetfan.libgdx-utils\libgdx-utils-box2d\0.13.4\918d79a20ea3c898cdb3611782c5b2bfa6ec575b\libgdx-utils-box2d-0.13.4.jar;C:\Users\aarad\.gradle\caches\modules-2\files-2.1\com.badlogicgames.gdx\gdx-box2d\1.11.0\ad4facee800dd945d6d6e93dea2936bc135b5f\gdx-box2d-1.11.0.jar;C:\Users\aarad\.gradle\caches\modules-2\files-2.1\net.dermetfan.libgdx-utils\libgdx-utils\0.13.4\27affad2873d1c9c366a2290fc51f3927f3a5f83\libgdx-utils-0.13.4.jar;C:\Users\aarad\.gradle\caches\modules-2\files-2.1\com.badlogicgames.gdx\gdx\1.11.0\ffe1206d1004cd9e40027e28964be0fea0399af7\gdx-1.11.0.jar;C:\Users\aarad\.gradle\caches\modules-2\files-2.1\org.lwjgl\lwjgl-glfw\3.3.1\cbac1b8d30cb4795149c1ef540f912671a8616d0\lwjgl-glfw-3.3.1.jar;C:\Users\aarad\.gradle\caches\modules-2\files-2.1\org.lwjgl\lwjgl-glfw\3.3.1\81716978214ecbda15050ca394b06ef61501a49e\lwjgl-glfw-3.3.1-natives-linux.jar;C:\Users\aarad\.gradle\caches\modules-2\files-2.1\org.lwjgl\lwjgl-glfw\3.3.1\816d935933f2dd743074c4e717cc25b55720f294\lwjgl-glfw-3.3.1-natives-linux-arm32.jar;C:\Users\aarad\.gradle\caches\modules-2\files-2.1\org.lwjgl\lwjgl-glfw\3.3.1\513eb39b866d0fe131a18d5c517087805433b029\lwjgl-glfw-3.3.1-natives-linux-arm64.jar;C:\Users\aarad\.gradle\caches\modules-2\files-2.1\org.lwjgl\lwjgl-glfw\3.3.1\9ec4ce1fc8c85fdef03ef4ff2aace6f5775fb280\lwjgl-glfw-3.3.1-natives-macos.jar;C:\Users\aarad\.gradle\caches\modules-2\files-2.1\org.lwjgl\lwjgl-glfw\3.3.1\cac0d3f712a3da7641fa174735a5f315de7ffe0a\lwjgl-glfw-3.3.1-natives-macos-arm64.jar;C:\Users\aarad\.gradle\caches\modules-2\files-2.1\org.lwjgl\lwjgl-glfw\3.3.1\ed892f945cf7e79c8756796f32d00fa4ceaf573b\lwjgl-glfw-3.3.1-natives-windows.jar;C:\Users\aarad\.gradle\caches\modules-2\files-2.1\org.lwjgl\lwjgl-glfw\3.3.1\b997e3391d6ce8f05487e7335d95c606043884a1\lwjgl-glfw-3.3.1-natives-windows-x86.jar;C:\Users\aarad\.gradle\caches\modules-2\files-2.1\org.lwjgl\lwjgl-jemalloc\3.3.1\a817bcf213db49f710603677457567c37d53e103\lwjgl-jemalloc-3.3.1.jar;C:\Users\aarad\.gradle\caches\modules-2\files-2.1\org.lwjgl\lwjgl-jemalloc\3.3.1\33dbb017b6ed6b25f993ad9d56741a49e7937718\lwjgl-jemalloc-3.3.1-natives-linux.jar;C:\Users\aarad\.gradle\caches\modules-2\files-2.1\org.lwjgl\lwjgl-jemalloc\3.3.1\a96a6d6cb3876d7813fcee53c3c24f246aeba3b3\lwjgl-jemalloc-3.3.1-natives-linux-arm32.jar;C:\Users\aarad\.gradle\caches\modules-2\files-2.1\org.lwjgl\lwjgl-jemalloc\3.3.1\c6606e57db075ad218a2e78d2416c159a53b6a0c\lwjgl-jemalloc-3.3.1-natives-linux-arm64.jar;C:\Users\aarad\.gradle\caches\modules-2\files-2.1\org.lwjgl\lwjgl-jemalloc\3.3.1\56424dc8db3cfb8e7b594aa6d59a4f4387b7f544\lwjgl-jemalloc-3.3.1-natives-macos.jar;C:\Users\aarad\.gradle\caches\modules-2\files-2.1\org.lwjgl\lwjgl-jemalloc\3.3.1\e577b87d8ad2ade361aaea2fcf226c660b15dee8\lwjgl-jemalloc-3.3.1-natives-macos-arm64.jar;C:\Users\aarad\.gradle\caches\modules-2\files-2.1\org.lwjgl\lwjgl-jemalloc\3.3.1\948a89b76a16aa324b046ae9308891216ffce5f9\lwjgl-jemalloc-3.3.1-natives-windows.jar;C:\Users\aarad\.gradle\caches\modules-2\files-2.1\org.lwjgl\lwjgl-jemalloc\3.3.1\fb476c8ec110e1c137ad3ce8a7f7bfe6b11c6324\lwjgl-jemalloc-3.3.1-natives-windows-x86.jar;C:\Users\aarad\.gradle\caches\modules-2\files-2.1\org.lwjgl\lwjgl-openal\3.3.1\2623a6b8ae1dfcd880738656a9f0243d2e6840bd\lwjgl-openal-3.3.1.jar;C:\Users\aarad\.gradle\caches\modules-2\files-2.1\org.lwjgl\lwjgl-openal\3.3.1\f906b6439f6daa66001182ea7727e3467a93681b\lwjgl-openal-3.3.1-natives-linux.jar;C:\Users\aarad\.gradle\caches\modules-2\files-2.1\org.lwjgl\lwjgl-openal\3.3.1\ffbe35d7fa5ec9b7eca136a7c71f24d4025a510b\lwjgl-openal-3.3.1-natives-linux-arm32.jar;C:\Users\aarad\.gradle\caches\modules-2\files-2.1\org.lwjgl\lwjgl-openal\3.3.1\cf4e303257e82981b8b2e31bba3d7f8f7b8f42b2\lwjgl-openal-3.3.1-natives-linux-arm64.jar;C:\Users\aarad\.gradle\caches\modules-2\files-2.1\org.lwjgl\lwjgl-openal\3.3.1\3a57b8911835fb58b5e558d0ca0d28157e263d45\lwjgl-openal-3.3.1-natives-macos.jar;C:\Users\aarad\.gradle\caches\modules-2\files-2.1\org.lwjgl\lwjgl-openal\3.3.1\23d55e7490b57495320f6c9e1936d78fd72c4ef8\lwjgl-openal-3.3.1-natives-macos-arm64.jar;C:\Users\aarad\.gradle\caches\modules-2\files-2.1\org.lwjgl\lwjgl-openal\3.3.1\30a474d0e57193d7bc128849a3ab66bc9316fdb1\lwjgl-openal-3.3.1-natives-windows.jar;C:\Users\aarad\.gradle\caches\modules-2\files-2.1\org.lwjgl\lwjgl-openal\3.3.1\888349f7b1be6fbae58bf8edfb9ef12def04c4e3\lwjgl-openal-3.3.1-natives-windows-x86.jar;C:\Users\aarad\.gradle\caches\modules-2\files-2.1\org.lwjgl\lwjgl-opengl\3.3.1\831a5533a21a5f4f81bbc51bb13e9899319b5411\lwjgl-opengl-3.3.1.jar;C:\Users\aarad\.gradle\caches\modules-2\files-2.1\org.lwjgl\lwjgl-opengl\3.3.1\ab9ab6fde3743e3550fa5d46d785ecb45b047d99\lwjgl-opengl-3.3.1-natives-linux.jar;C:\Users\aarad\.gradle\caches\modules-2\files-2.1\org.lwjgl\lwjgl-opengl\3.3.1\e3550fa91097fd56e361b4370fa822220fef3595\lwjgl-opengl-3.3.1-natives-linux-arm32.jar;C:\Users\aarad\.gradle\caches\modules-2\files-2.1\org.lwjgl\lwjgl-opengl\3.3.1\1c528fb258a6e63e8fceb4482d8db0f3af10a634\lwjgl-opengl-3.3.1-natives-linux-arm64.jar;C:\Users\aarad\.gradle\caches\modules-2\files-2.1\org.lwjgl\lwjgl-opengl\3.3.1\a0d12697ea019a7362eff26475b0531340e876a6\lwjgl-opengl-3.3.1-natives-macos.jar;C:\Users\aarad\.gradle\caches\modules-2\files-2.1\org.lwjgl\lwjgl-opengl\3.3.1\eafe34b871d966292e8db0f1f3d6b8b110d4e91d\lwjgl-opengl-3.3.1-natives-macos-arm64.jar;C:\Users\aarad\.gradle\caches\modules-2\files-2.1\org.lwjgl\lwjgl-opengl\3.3.1\c1807e9bd571402787d7e37e3029776ae2513bb8\lwjgl-opengl-3.3.1-natives-windows.jar;C:\Users\aarad\.gradle\caches\modules-2\files-2.1\org.lwjgl\lwjgl-opengl\3.3.1\deef3eb9b178ff2ff3ce893cc72ae741c3a17974\lwjgl-opengl-3.3.1-natives-windows-x86.jar;C:\Users\aarad\.gradle\caches\modules-2\files-2.1\org.lwjgl\lwjgl-stb\3.3.1\b119297cf8ed01f247abe8685857f8e7fcf5980f\lwjgl-stb-3.3.1.jar;C:\Users\aarad\.gradle\caches\modules-2\files-2.1\org.lwjgl\lwjgl-stb\3.3.1\3ee7aec8686e52867677110415566a5342a80230\lwjgl-stb-3.3.1-natives-linux.jar;C:\Users\aarad\.gradle\caches\modules-2\files-2.1\org.lwjgl\lwjgl-stb\3.3.1\b08226bab162c06ae69337d8a1b0ee0a3fdf0b90\lwjgl-stb-3.3.1-natives-linux-arm32.jar;C:\Users\aarad\.gradle\caches\modules-2\files-2.1\org.lwjgl\lwjgl-stb\3.3.1\8e8348a1813aad7f30aaf75ea197151ebb7beba9\lwjgl-stb-3.3.1-natives-linux-arm64.jar;C:\Users\aarad\.gradle\caches\modules-2\files-2.1\org.lwjgl\lwjgl-stb\3.3.1\def8879b8d38a47a4cc1d48b1f9a7b772e51258e\lwjgl-stb-3.3.1-natives-macos.jar;C:\Users\aarad\.gradle\caches\modules-2\files-2.1\org.lwjgl\lwjgl-stb\3.3.1\fcf073ed911752abdca5f0b00a53cfdf17ff8e8b\lwjgl-stb-3.3.1-natives-macos-arm64.jar;C:\Users\aarad\.gradle\caches\modules-2\files-2.1\org.lwjgl\lwjgl-stb\3.3.1\86315914ac119efdb02dc9e8e978ade84f1702af\lwjgl-stb-3.3.1-natives-windows.jar;C:\Users\aarad\.gradle\caches\modules-2\files-2.1\org.lwjgl\lwjgl-stb\3.3.1\a8d41f419eecb430b7c91ea2ce2c5c451cae2091\lwjgl-stb-3.3.1-natives-windows-x86.jar;C:\Users\aarad\.gradle\caches\modules-2\files-2.1\org.lwjgl\lwjgl\3.3.1\ae58664f88e18a9bb2c77b063833ca7aaec484cb\lwjgl-3.3.1.jar;C:\Users\aarad\.gradle\caches\modules-2\files-2.1\org.lwjgl\lwjgl\3.3.1\1de885aba434f934201b99f2f1afb142036ac189\lwjgl-3.3.1-natives-linux.jar;C:\Users\aarad\.gradle\caches\modules-2\files-2.1\org.lwjgl\lwjgl\3.3.1\41a3c1dd15d6b964eb8196dde69720a3e3e5e969\lwjgl-3.3.1-natives-linux-arm32.jar;C:\Users\aarad\.gradle\caches\modules-2\files-2.1\org.lwjgl\lwjgl\3.3.1\b597401014acb7196c76d97e15a6288f54f1f692\lwjgl-3.3.1-natives-linux-arm64.jar;C:\Users\aarad\.gradle\caches\modules-2\files-2.1\org.lwjgl\lwjgl\3.3.1\fc6bb723dec2cd031557dccb2a95f0ab80acb9db\lwjgl-3.3.1-natives-macos.jar;C:\Users\aarad\.gradle\caches\modules-2\files-2.1\org.lwjgl\lwjgl\3.3.1\71d0d5e469c9c95351eb949064497e3391616ac9\lwjgl-3.3.1-natives-macos-arm64.jar;C:\Users\aarad\.gradle\caches\modules-2\files-2.1\org.lwjgl\lwjgl\3.3.1\36c37f16ab611b3aa11f3bcf80b1d509b4ce6b\lwjgl-3.3.1-natives-windows.jar;C:\Users\aarad\.gradle\caches\modules-2\files-2.1\org.lwjgl\lwjgl\3.3.1\3b14f4beae9dd39791ec9e12190a9380cd8a3ce6\lwjgl-3.3.1-natives-windows-x86.jar;C:\Users\aarad\.gradle\caches\modules-2\files-2.1\com.badlogicgames.jlayer\jlayer\1.0.1-gdx\7cca83cec5c1b2f011362f4d85aabd71a73b049d\jlayer-1.0.1-gdx.jar;C:\Users\aarad\.gradle\caches\modules-2\files-2.1\org.jcraft\jorbis\0.0.17\8872d22b293e8f5d7d56ff92be966e6dc28ebdc6\jorbis-0.0.17.jar;C:\Users\aarad\.gradle\caches\modules-2\files-2.1\com.badlogicgames.jamepad\jamepad\2.0.20.0\55eb0007fd55c9914d106dac3387b9d444572cab\jamepad-2.0.20.0.jar;C:\Users\aarad\.gradle\caches\modules-2\files-2.1\org.slf4j\slf4j-jdk14\1.7.36\4a18af6554bfe48b0f76eec98119c417da23c7e1\slf4j-jdk14-1.7.36.jar;C:\Users\aarad\.gradle\caches\modules-2\files-2.1\org.slf4j\slf4j-api\1.7.36\6c62681a2f655b49963a5983b8b0950a6120ae14\slf4j-api-1.7.36.jar;C:\Users\aarad\.gradle\caches\modules-2\files-2.1\com.badlogicgames.gdx\gdx-jnigen-loader\2.3.1\2d472f69243631fbcb3d4c3f93dd2e137a6cb084\gdx-jnigen-loader-2.3.1.jar;C:\Users\aarad\.gradle\caches\modules-2\files-2.1\org.lwjgl.lwjgl\lwjgl\2.9.3\3df168ac74e4a8c96562cdff24ad352e255bf89c\lwjgl-2.9.3.jar;C:\Users\aarad\.gradle\caches\modules-2\files-2.1\org.lwjgl.lwjgl\lwjgl-platform\2.9.3\fbc2afb3e288578e9942578decb6291a490549a0\lwjgl-platform-2.9.3-natives-windows.jar;C:\Users\aarad\.gradle\caches\modules-2\files-2.1\org.lwjgl.lwjgl\lwjgl-platform\2.9.3\b1eafe80093381c56415731e1d64279e6140bcd0\lwjgl-platform-2.9.3-natives-linux.jar;C:\Users\aarad\.gradle\caches\modules-2\files-2.1\org.lwjgl.lwjgl\lwjgl-platform\2.9.3\6686cf6ddaa20b4290aa6599a09bc0d17369be05\lwjgl-platform-2.9.3-natives-osx.jar;C:\Users\aarad\.gradle\caches\modules-2\files-2.1\net.java.jinput\jinput\2.0.5\39c7796b469a600f72380316f6b1f11db6c2c7c4\jinput-2.0.5.jar;C:\Users\aarad\.gradle\caches\modules-2\files-2.1\net.java.jutils\jutils\1.0.0\e12fe1fda814bd348c1579329c86943d2cd3c6a6\jutils-1.0.0.jar;C:\Users\aarad\.gradle\caches\modules-2\files-2.1\net.java.jinput\jinput-platform\2.0.5\7ff832a6eb9ab6a767f1ade2b548092d0fa64795\jinput-platform-2.0.5-natives-linux.jar;C:\Users\aarad\.gradle\caches\modules-2\files-2.1\net.java.jinput\jinput-platform\2.0.5\385ee093e01f587f30ee1c8a2ee7d408fd732e16\jinput-platform-2.0.5-natives-windows.jar;C:\Users\aarad\.gradle\caches\modules-2\files-2.1\net.java.jinput\jinput-platform\2.0.5\53f9c919f34d2ca9de8c51fc4e1e8282029a9232\jinput-platform-2.0.5-natives-osx.jar
Launcher Type: SUN_STANDARD

[Global flags]
     intx CICompilerCount                          = 12                                        {product} {ergonomic}
     uint ConcGCThreads                            = 3                                         {product} {ergonomic}
     uint G1ConcRefinementThreads                  = 13                                        {product} {ergonomic}
   size_t G1HeapRegionSize                         = 2097152                                   {product} {ergonomic}
    uintx GCDrainStackTargetSize                   = 64                                        {product} {ergonomic}
   size_t InitialHeapSize                          = 257949696                                 {product} {ergonomic}
   size_t MarkStackSize                            = 4194304                                   {product} {ergonomic}
   size_t MaxHeapSize                              = 4118806528                                {product} {ergonomic}
   size_t MaxNewSize                               = 2470445056                                {product} {ergonomic}
   size_t MinHeapDeltaBytes                        = 2097152                                   {product} {ergonomic}
   size_t MinHeapSize                              = 8388608                                   {product} {ergonomic}
    uintx NonNMethodCodeHeapSize                   = 7602480                                {pd product} {ergonomic}
    uintx NonProfiledCodeHeapSize                  = 122027880                              {pd product} {ergonomic}
    uintx ProfiledCodeHeapSize                     = 122027880                              {pd product} {ergonomic}
    uintx ReservedCodeCacheSize                    = 251658240                              {pd product} {ergonomic}
     bool SegmentedCodeCache                       = true                                      {product} {ergonomic}
   size_t SoftMaxHeapSize                          = 4118806528                             {manageable} {ergonomic}
     bool UseCompressedOops                        = true                           {product lp64_product} {ergonomic}
     bool UseG1GC                                  = true                                      {product} {ergonomic}
     bool UseLargePagesIndividualAllocation        = false                                  {pd product} {ergonomic}

Logging:
Log output configuration:
 #0: stdout all=warning uptime,level,tags foldmultilines=false
 #1: stderr all=off uptime,level,tags foldmultilines=false

Environment Variables:
JAVA_HOME=C:\Program Files\jdk-21.0.2
PATH=C:\Program Files (x86)\Common Files\Oracle\Java\java8path;C:\Program Files (x86)\Common Files\Oracle\Java\javapath;C:\Python312\Scripts\;C:\Python312\;C:\windows\system32;C:\windows;C:\windows\System32\Wbem;C:\windows\System32\WindowsPowerShell\v1.0\;C:\windows\System32\OpenSSH\;C:\Program Files (x86)\NVIDIA Corporation\PhysX\Common;C:\Program Files\NVIDIA Corporation\NVIDIA NvDLISR;C:\WINDOWS\system32;C:\WINDOWS;C:\WINDOWS\System32\Wbem;C:\WINDOWS\System32\WindowsPowerShell\v1.0\;C:\WINDOWS\System32\OpenSSH\;C:\Program Files\dotnet\;C:\Program Files\Microsoft SQL Server\150\Tools\Binn\;C:\Program Files\Microsoft SQL Server\Client SDK\ODBC\170\Tools\Binn\;C:\msys64\mingw64\bin;C:\Program Files\MATLAB\R2023a\bin;C:\Program Files\Git\cmd;C:\ProgramData\chocolatey\bin;C:\Program Files\Cloudflare\Cloudflare WARP\;C:\Program Files\Docker\Docker\resources\bin;C:\Program Files\nodejs\;C:\Users\aarad\AppData\Local\Programs\Python\Python310\Scripts\;C:\Users\aarad\AppData\Local\Programs\Python\Python310\;C:\Users\aarad\AppData\Local\Programs\Python\Launcher\;C:\Program Files\MySQL\MySQL Shell 8.0\bin\;C:\Users\aarad\AppData\Local\Programs\Python\Python311\Scripts\;C:\Users\aarad\AppData\Local\Programs\Python\Python311\;C:\Users\aarad\AppData\Local\Microsoft\WindowsApps;C:\Users\aarad\.dotnet\tools;C:\Users\aarad\AppData\Local\Programs\Microsoft VS Code\bin;C:\Program Files\JetBrains\IntelliJ IDEA 2024.1.4\bin;;C:\Users\aarad\AppData\Roaming\npm
USERNAME=aarad
OS=Windows_NT
PROCESSOR_IDENTIFIER=AMD64 Family 25 Model 80 Stepping 0, AuthenticAMD
TMP=C:\Users\aarad\AppData\Local\Temp
TEMP=C:\Users\aarad\AppData\Local\Temp




Periodic native trim disabled

---------------  S Y S T E M  ---------------

OS:
 Windows 11 , 64 bit Build 22621 (10.0.22621.3958)
OS uptime: 0 days 5:11 hours
Hyper-V role detected

CPU: total 16 (initial active 16) (16 cores per cpu, 2 threads per core) family 25 model 80 stepping 0 microcode 0x0, cx8, cmov, fxsr, ht, mmx, 3dnowpref, sse, sse2, sse3, ssse3, sse4a, sse4.1, sse4.2, popcnt, lzcnt, tsc, tscinvbit, avx, avx2, aes, erms, clmul, bmi1, bmi2, adx, sha, fma, vzeroupper, clflush, clflushopt, hv, rdtscp, rdpid, fsrm, f16c, cet_ss
Processor Information for all 16 processors :
  Max Mhz: 3201, Current Mhz: 3201, Mhz Limit: 3201

Memory: 4k page, system-wide physical 15711M (4244M free)
TotalPageFile size 24927M (AvailPageFile size 4944M)
current process WorkingSet (physical memory assigned to process): 52M, peak: 52M
current process commit charge ("private bytes"): 350M, peak: 350M

vm_info: OpenJDK 64-Bit Server VM (21.0.2+13-58) for windows-amd64 JRE (21.0.2+13-58), built on 2024-01-05T18:32:24Z by "mach5one" with MS VC++ 17.1 (VS2022)

END.
