#
# A fatal error has been detected by the Java Runtime Environment:
#
#  EXCEPTION_ACCESS_VIOLATION (0xc0000005) at pc=0x00007ffdbb57691c, pid=23952, tid=1812
#
# JRE version: OpenJDK Runtime Environment (21.0.2+13) (build 21.0.2+13-58)
# Java VM: OpenJDK 64-Bit Server VM (21.0.2+13-58, mixed mode, sharing, tiered, compressed oops, compressed class ptrs, g1 gc, windows-amd64)
# Problematic frame:
# C  [jdwp.dll+0x2691c]
#
# No core dump will be written. Minidumps are not enabled by default on client versions of Windows
#
# If you would like to submit a bug report, please visit:
#   https://bugreport.java.com/bugreport/crash.jsp
# The crash happened outside the Java Virtual Machine in native code.
# See problematic frame for where to report the bug.
#

---------------  S U M M A R Y ------------

Command Line: -agentlib:jdwp=transport=dt_socket,server=n,suspend=y,address=127.0.0.1:55092 -Dfile.encoding=windows-1252 -Duser.country=US -Duser.language=en -Duser.variant com.csse3200.game.desktop.DesktopLauncher

Host: 11th Gen Intel(R) Core(TM) i7-1165G7 @ 2.80GHz, 8 cores, 15G,  Windows 11 , 64 bit Build 22621 (10.0.22621.3958)
Time: Wed Aug 28 20:05:47 2024 E. Australia Standard Time elapsed time: 0.701016 seconds (0d 0h 0m 0s)

---------------  T H R E A D  ---------------

Current thread (0x000002affb650790):  JavaThread "main"             [_thread_in_native, id=1812, stack(0x000000f847200000,0x000000f847300000) (1024K)]

Stack: [0x000000f847200000,0x000000f847300000],  sp=0x000000f8472fb0a8,  free space=1004k
Native frames: (J=compiled Java code, j=interpreted, Vv=VM code, C=native code)
C  [jdwp.dll+0x2691c]

Java frames: (J=compiled Java code, j=interpreted, Vv=VM code)
j  org.lwjgl.system.jemalloc.JEmalloc.nje_malloc(J)J+0
j  org.lwjgl.system.jemalloc.JEmalloc.<clinit>()V+44
v  ~StubRoutines::call_stub 0x000002af8f8c10e7
j  org.lwjgl.system.jemalloc.JEmallocAllocator.<clinit>()V+0
v  ~StubRoutines::call_stub 0x000002af8f8c10e7
j  java.lang.Class.forName0(Ljava/lang/String;ZLjava/lang/ClassLoader;Ljava/lang/Class;)Ljava/lang/Class;+0 java.base@21.0.2
j  java.lang.Class.forName(Ljava/lang/String;Ljava/lang/Class;)Ljava/lang/Class;+19 java.base@21.0.2
j  java.lang.Class.forName(Ljava/lang/String;)Ljava/lang/Class;+6 java.base@21.0.2
j  org.lwjgl.system.MemoryManage.getInstance()Lorg/lwjgl/system/MemoryUtil$MemoryAllocator;+68
j  org.lwjgl.system.MemoryUtil$LazyInit.<clinit>()V+0
v  ~StubRoutines::call_stub 0x000002af8f8c10e7
j  org.lwjgl.system.MemoryUtil.getAllocator(Z)Lorg/lwjgl/system/MemoryUtil$MemoryAllocator;+10
j  org.lwjgl.system.MemoryUtil.getAllocator()Lorg/lwjgl/system/MemoryUtil$MemoryAllocator;+1
j  org.lwjgl.system.Callback.<clinit>()V+217
v  ~StubRoutines::call_stub 0x000002af8f8c10e7
j  com.badlogic.gdx.backends.lwjgl3.Lwjgl3Application.initializeGlfw()V+21
j  com.badlogic.gdx.backends.lwjgl3.Lwjgl3Application.<init>(Lcom/badlogic/gdx/ApplicationListener;Lcom/badlogic/gdx/backends/lwjgl3/Lwjgl3ApplicationConfiguration;)V+82
j  com.csse3200.game.desktop.DesktopLauncher.main([Ljava/lang/String;)V+20
v  ~StubRoutines::call_stub 0x000002af8f8c10e7

siginfo: EXCEPTION_ACCESS_VIOLATION (0xc0000005), reading address 0xffffffffffffffff


Registers:
RAX=0x000002af9db0fe90, RBX=0x000002af9d39b450, RCX=0x000002affb650b48, RDX=0x000002af9d39b450
RSP=0x000000f8472fb0a8, RBP=0x0000000000000002, RSI=0x000000f8472fb150, RDI=0x000002affb650b48
R8 =0x0000000000010002, R9 =0x0000000000000000, R10=0x00007ffdc2080000, R11=0x000000f8472fb078
R12=0x0000000000000007, R13=0x000002af9d39b450, R14=0x00007ffdbb580400, R15=0x0000000000000000
RIP=0x00007ffdbb57691c, EFLAGS=0x0000000000010206


Register to memory mapping:

RAX=0x000002af9db0fe90 points into unknown readable memory: 0x0000000000000000 | 00 00 00 00 00 00 00 00
RBX=0x000002af9d39b450 points into unknown readable memory: 0x0000000714409c48 | 48 9c 40 14 07 00 00 00
RCX=0x000002affb650b48 points into unknown readable memory: 0x000002af9db0fe90 | 90 fe b0 9d af 02 00 00
RDX=0x000002af9d39b450 points into unknown readable memory: 0x0000000714409c48 | 48 9c 40 14 07 00 00 00
RSP=0x000000f8472fb0a8 is pointing into the stack for thread: 0x000002affb650790
RBP=0x0000000000000002 is an unknown value
RSI=0x000000f8472fb150 is pointing into the stack for thread: 0x000002affb650790
RDI=0x000002affb650b48 points into unknown readable memory: 0x000002af9db0fe90 | 90 fe b0 9d af 02 00 00
R8 =0x0000000000010002 is an unknown value
R9 =0x0 is null
R10=0x00007ffdc2080000 VCRUNTIME140.dll
R11=0x000000f8472fb078 is pointing into the stack for thread: 0x000002affb650790
R12=0x0000000000000007 is an unknown value
R13=0x000002af9d39b450 points into unknown readable memory: 0x0000000714409c48 | 48 9c 40 14 07 00 00 00
R14=0x00007ffdbb580400 jdwp.dll
R15=0x0 is null

Top of Stack: (sp=0x000000f8472fb0a8)
0x000000f8472fb0a8:   00007ffdbb5661bf 000002af9d39b450
0x000000f8472fb0b8:   000000f8472fb150 0000000000000000
0x000000f8472fb0c8:   0000000000000000 0000000200000007
0x000000f8472fb0d8:   000002afff68b180 000002affb637230
0x000000f8472fb0e8:   00007ffdbb580428 000002affb650d68
0x000000f8472fb0f8:   00007ffdbb56283f 000002af9d39b450
0x000000f8472fb108:   0000000000000002 000002affb650b48
0x000000f8472fb118:   000002af9d39b458 000000f8472fb310
0x000000f8472fb128:   000002afff529d78 000000059db30100
0x000000f8472fb138:   000002af9f01dd80 0000000000000000
0x000000f8472fb148:   000002af9da80a28 0000000000000007
0x000000f8472fb158:   000002af9d39b450 0000000000000000
0x000000f8472fb168:   000002af9d39b458 0000000000000000
0x000000f8472fb178:   0000000000000000 0000000000000000
0x000000f8472fb188:   0000000000000000 0000000000000000
0x000000f8472fb198:   0000000000000000 0000000000000000
0x000000f8472fb1a8:   000002affb650d68 000002af9f01dd80
0x000000f8472fb1b8:   00007ffd87ae89e7 000002af9d39b458
0x000000f8472fb1c8:   000002af9d46d200 000002affb650790
0x000000f8472fb1d8:   00000000000003d8 00000a31cae789fa
0x000000f8472fb1e8:   000002affd88d720 0000000000000000
0x000000f8472fb1f8:   000002affb650790 0000000000000000
0x000000f8472fb208:   000000f8472fb310 000002af9f01dd80
0x000000f8472fb218:   000002afdf4cfe01 000002affb69cba0
0x000000f8472fb228:   000002affb650e00 000002affb650e10
0x000000f8472fb238:   000002affb6511e8 00000000000003d8
0x000000f8472fb248:   000002affb650790 000002affb650790
0x000000f8472fb258:   000002affb69c9e0 000002affb707e50
0x000000f8472fb268:   000002affb707e90 000002affb707f38
0x000000f8472fb278:   00000000000000d8 000000f8472fb290
0x000000f8472fb288:   00007ffd877ed761 000002affb650790
0x000000f8472fb298:   000002affb69c9e0 000002affb707e50 

Instructions: (pc=0x00007ffdbb57691c)
0x00007ffdbb57681c:   05 df 08 01 00 48 8b 03 48 8b d7 4d 8b 40 30 48
0x00007ffdbb57682c:   8b cb 48 8b 5c 24 30 48 83 c4 20 5f 48 ff a0 00
0x00007ffdbb57683c:   01 00 00 cc 48 89 5c 24 08 57 48 83 ec 20 48 8b
0x00007ffdbb57684c:   f9 e8 f2 ea ff ff 4c 8b 05 a7 08 01 00 48 8b d8
0x00007ffdbb57685c:   41 f6 80 10 02 00 00 02 74 33 41 b8 20 06 00 00
0x00007ffdbb57686c:   48 8d 15 15 c4 00 00 48 8d 0d 8a 5b 00 00 e8 d9
0x00007ffdbb57687c:   48 ff ff 48 8d 15 52 9a 00 00 48 8d 0d 8b 5b 00
0x00007ffdbb57688c:   00 e8 6e 49 ff ff 4c 8b 05 67 08 01 00 48 8b 03
0x00007ffdbb57689c:   48 8b d7 4d 8b 40 38 48 8b cb 48 8b 5c 24 30 48
0x00007ffdbb5768ac:   83 c4 20 5f 48 ff a0 00 01 00 00 cc 48 89 5c 24
0x00007ffdbb5768bc:   08 57 48 83 ec 20 48 8b f9 e8 7a ea ff ff 48 8b
0x00007ffdbb5768cc:   15 2f 08 01 00 48 8b d8 f6 82 10 02 00 00 02 74
0x00007ffdbb5768dc:   2c 41 b8 12 06 00 00 48 8d 15 9e c3 00 00 48 8d
0x00007ffdbb5768ec:   0d 13 5b 00 00 e8 62 48 ff ff 48 8d 15 f3 6b 00
0x00007ffdbb5768fc:   00 48 8d 0d 14 5b 00 00 e8 f7 48 ff ff 48 8b 03
0x00007ffdbb57690c:   48 8b d7 48 8b cb 48 8b 5c 24 30 48 83 c4 20 5f
0x00007ffdbb57691c:   48 ff a0 50 07 00 00 cc 48 89 5c 24 08 48 89 74
0x00007ffdbb57692c:   24 10 48 89 7c 24 18 41 56 48 83 ec 20 4c 63 f2
0x00007ffdbb57693c:   49 8b d8 48 8b d1 41 8b f9 48 8b cb 4d 8d 46 ff
0x00007ffdbb57694c:   ff 15 1e 59 00 00 85 c0 75 3c 41 0f be 44 1e ff
0x00007ffdbb57695c:   3b c7 75 32 49 03 de eb 10 0f be c8 ff 15 f2 58
0x00007ffdbb57696c:   00 00 85 c0 74 09 48 ff c3 8a 03 84 c0 75 ea 80
0x00007ffdbb57697c:   3b 3b 74 12 8b d7 48 8b cb e8 38 4b 00 00 48 85
0x00007ffdbb57698c:   c0 0f 94 c0 eb 02 32 c0 48 8b 5c 24 30 48 8b 74
0x00007ffdbb57699c:   24 38 48 8b 7c 24 40 48 83 c4 20 41 5e c3 cc cc
0x00007ffdbb5769ac:   0f b6 d1 83 fa 1e 0f 87 83 00 00 00 74 7b 83 fa
0x00007ffdbb5769bc:   07 77 41 74 39 83 ea 01 74 2e 83 ea 01 74 23 83
0x00007ffdbb5769cc:   ea 01 74 18 83 ea 01 74 0d 83 fa 02 0f 85 8a 00
0x00007ffdbb5769dc:   00 00 8d 42 03 c3 b8 04 00 00 00 c3 b8 03 00 00
0x00007ffdbb5769ec:   00 c3 b8 02 00 00 00 c3 b8 01 00 00 00 c3 b8 06
0x00007ffdbb5769fc:   00 00 00 c3 b8 08 00 00 00 2b d0 74 26 83 ea 01
0x00007ffdbb576a0c:   0f 84 88 00 00 00 83 ea 01 74 12 b8 0a 00 00 00 


Stack slot to memory mapping:

stack at sp + 0 slots: 0x00007ffdbb5661bf jdwp.dll
stack at sp + 1 slots: 0x000002af9d39b450 points into unknown readable memory: 0x0000000714409c48 | 48 9c 40 14 07 00 00 00
stack at sp + 2 slots: 0x000000f8472fb150 is pointing into the stack for thread: 0x000002affb650790
stack at sp + 3 slots: 0x0 is null
stack at sp + 4 slots: 0x0 is null
stack at sp + 5 slots: 0x0000000200000007 is an unknown value
stack at sp + 6 slots: 0x000002afff68b180 points into unknown readable memory: 0x000002af8fe60a10 | 10 0a e6 8f af 02 00 00
stack at sp + 7 slots: 0x000002affb637230 points into unknown readable memory: 0x8000001200000001 | 01 00 00 00 12 00 00 80


---------------  P R O C E S S  ---------------

Threads class SMR info:
_java_thread_list=0x000002af9d68e620, length=15, elements={
0x000002affb650790, 0x000002afff68ec10, 0x000002afff68fb30, 0x000002afff692100,
0x000002afff6950f0, 0x000002afff695c40, 0x000002afff69b930, 0x000002afff6a7a50,
0x000002afff6a9240, 0x000002af9d4ab330, 0x000002af9d4aed30, 0x000002af9d4af3b0,
0x000002af9d4c0b00, 0x000002af9d4e3f50, 0x000002af9d61a090
}

Java Threads: ( => current thread )
=>0x000002affb650790 JavaThread "main"                              [_thread_in_native, id=1812, stack(0x000000f847200000,0x000000f847300000) (1024K)]
  0x000002afff68ec10 JavaThread "Reference Handler"          daemon [_thread_blocked, id=25760, stack(0x000000f847a00000,0x000000f847b00000) (1024K)]
  0x000002afff68fb30 JavaThread "Finalizer"                  daemon [_thread_blocked, id=24924, stack(0x000000f847b00000,0x000000f847c00000) (1024K)]
  0x000002afff692100 JavaThread "Signal Dispatcher"          daemon [_thread_blocked, id=22472, stack(0x000000f847c00000,0x000000f847d00000) (1024K)]
  0x000002afff6950f0 JavaThread "Attach Listener"            daemon [_thread_blocked, id=2772, stack(0x000000f847d00000,0x000000f847e00000) (1024K)]
  0x000002afff695c40 JavaThread "Service Thread"             daemon [_thread_blocked, id=17800, stack(0x000000f847e00000,0x000000f847f00000) (1024K)]
  0x000002afff69b930 JavaThread "Monitor Deflation Thread"   daemon [_thread_blocked, id=28332, stack(0x000000f847f00000,0x000000f848000000) (1024K)]
  0x000002afff6a7a50 JavaThread "C2 CompilerThread0"         daemon [_thread_blocked, id=20572, stack(0x000000f848000000,0x000000f848100000) (1024K)]
  0x000002afff6a9240 JavaThread "C1 CompilerThread0"         daemon [_thread_blocked, id=22452, stack(0x000000f848100000,0x000000f848200000) (1024K)]
  0x000002af9d4ab330 JavaThread "JDWP Transport Listener: dt_socket" daemon [_thread_blocked, id=10484, stack(0x000000f848200000,0x000000f848300000) (1024K)]
  0x000002af9d4aed30 JavaThread "JDWP Event Helper Thread"   daemon [_thread_blocked, id=8964, stack(0x000000f848300000,0x000000f848400000) (1024K)]
  0x000002af9d4af3b0 JavaThread "JDWP Command Reader"        daemon [_thread_in_native, id=6848, stack(0x000000f848400000,0x000000f848500000) (1024K)]
  0x000002af9d4c0b00 JavaThread "Notification Thread"        daemon [_thread_blocked, id=7908, stack(0x000000f848500000,0x000000f848600000) (1024K)]
  0x000002af9d4e3f50 JavaThread "Common-Cleaner"             daemon [_thread_blocked, id=11856, stack(0x000000f848600000,0x000000f848700000) (1024K)]
  0x000002af9d61a090 JavaThread "C2 CompilerThread1"         daemon [_thread_blocked, id=14036, stack(0x000000f848700000,0x000000f848800000) (1024K)]
Total: 15

Other Threads:
  0x000002afff66e520 VMThread "VM Thread"                           [id=14568, stack(0x000000f847900000,0x000000f847a00000) (1024K)]
  0x000002afff656c20 WatcherThread "VM Periodic Task Thread"        [id=25524, stack(0x000000f847800000,0x000000f847900000) (1024K)]
  0x000002affd8f1410 WorkerThread "GC Thread#0"                     [id=5764, stack(0x000000f847300000,0x000000f847400000) (1024K)]
  0x000002affd9020f0 ConcurrentGCThread "G1 Main Marker"            [id=28648, stack(0x000000f847400000,0x000000f847500000) (1024K)]
  0x000002affd902bf0 WorkerThread "G1 Conc#0"                       [id=27780, stack(0x000000f847500000,0x000000f847600000) (1024K)]
  0x000002afff52b590 ConcurrentGCThread "G1 Refine#0"               [id=23056, stack(0x000000f847600000,0x000000f847700000) (1024K)]
  0x000002afff52bf10 ConcurrentGCThread "G1 Service"                [id=19744, stack(0x000000f847700000,0x000000f847800000) (1024K)]
Total: 7

Threads with active compile tasks:
Total: 0

VM state: not at safepoint (normal execution)

VM Mutex/Monitor currently owned by a thread: None

Heap address: 0x0000000704a00000, size: 4022 MB, Compressed Oops mode: Zero based, Oop shift amount: 3

CDS archive(s) mapped at: [0x000002af9e000000-0x000002af9ec90000-0x000002af9ec90000), size 13172736, SharedBaseAddress: 0x000002af9e000000, ArchiveRelocationMode: 1.
Compressed class space mapped at: 0x000002af9f000000-0x000002afdf000000, reserved size: 1073741824
Narrow klass base: 0x000002af9e000000, Narrow klass shift: 0, Narrow klass range: 0x100000000

GC Precious Log:
 CardTable entry size: 512
 Card Set container configuration: InlinePtr #cards 4 size 8 Array Of Cards #cards 16 size 48 Howl #buckets 8 coarsen threshold 3686 Howl Bitmap #cards 512 size 80 coarsen threshold 460 Card regions per heap region 1 cards per card region 4096
 CPUs: 8 total, 8 available
 Memory: 16082M
 Large Page Support: Disabled
 NUMA Support: Disabled
 Compressed Oops: Enabled (Zero based)
 Heap Region Size: 2M
 Heap Min Capacity: 8M
 Heap Initial Capacity: 252M
 Heap Max Capacity: 4022M
 Pre-touch: Disabled
 Parallel Workers: 8
 Concurrent Workers: 2
 Concurrent Refinement Workers: 8
 Periodic GC: Disabled

Heap:
 garbage-first heap   total 258048K, used 8192K [0x0000000704a00000, 0x0000000800000000)
  region size 2048K, 5 young (10240K), 0 survivors (0K)
 Metaspace       used 2268K, committed 2432K, reserved 1114112K
  class space    used 184K, committed 256K, reserved 1048576K

Heap Regions: E=young(eden), S=young(survivor), O=old, HS=humongous(starts), HC=humongous(continues), CS=collection set, F=free, TAMS=top-at-mark-start, PB=parsable bottom
|   0|0x0000000704a00000, 0x0000000704a00000, 0x0000000704c00000|  0%| F|  |TAMS 0x0000000704a00000| PB 0x0000000704a00000| Untracked 
|   1|0x0000000704c00000, 0x0000000704c00000, 0x0000000704e00000|  0%| F|  |TAMS 0x0000000704c00000| PB 0x0000000704c00000| Untracked 
|   2|0x0000000704e00000, 0x0000000704e00000, 0x0000000705000000|  0%| F|  |TAMS 0x0000000704e00000| PB 0x0000000704e00000| Untracked 
|   3|0x0000000705000000, 0x0000000705000000, 0x0000000705200000|  0%| F|  |TAMS 0x0000000705000000| PB 0x0000000705000000| Untracked 
|   4|0x0000000705200000, 0x0000000705200000, 0x0000000705400000|  0%| F|  |TAMS 0x0000000705200000| PB 0x0000000705200000| Untracked 
|   5|0x0000000705400000, 0x0000000705400000, 0x0000000705600000|  0%| F|  |TAMS 0x0000000705400000| PB 0x0000000705400000| Untracked 
|   6|0x0000000705600000, 0x0000000705600000, 0x0000000705800000|  0%| F|  |TAMS 0x0000000705600000| PB 0x0000000705600000| Untracked 
|   7|0x0000000705800000, 0x0000000705800000, 0x0000000705a00000|  0%| F|  |TAMS 0x0000000705800000| PB 0x0000000705800000| Untracked 
|   8|0x0000000705a00000, 0x0000000705a00000, 0x0000000705c00000|  0%| F|  |TAMS 0x0000000705a00000| PB 0x0000000705a00000| Untracked 
|   9|0x0000000705c00000, 0x0000000705c00000, 0x0000000705e00000|  0%| F|  |TAMS 0x0000000705c00000| PB 0x0000000705c00000| Untracked 
|  10|0x0000000705e00000, 0x0000000705e00000, 0x0000000706000000|  0%| F|  |TAMS 0x0000000705e00000| PB 0x0000000705e00000| Untracked 
|  11|0x0000000706000000, 0x0000000706000000, 0x0000000706200000|  0%| F|  |TAMS 0x0000000706000000| PB 0x0000000706000000| Untracked 
|  12|0x0000000706200000, 0x0000000706200000, 0x0000000706400000|  0%| F|  |TAMS 0x0000000706200000| PB 0x0000000706200000| Untracked 
|  13|0x0000000706400000, 0x0000000706400000, 0x0000000706600000|  0%| F|  |TAMS 0x0000000706400000| PB 0x0000000706400000| Untracked 
|  14|0x0000000706600000, 0x0000000706600000, 0x0000000706800000|  0%| F|  |TAMS 0x0000000706600000| PB 0x0000000706600000| Untracked 
|  15|0x0000000706800000, 0x0000000706800000, 0x0000000706a00000|  0%| F|  |TAMS 0x0000000706800000| PB 0x0000000706800000| Untracked 
|  16|0x0000000706a00000, 0x0000000706a00000, 0x0000000706c00000|  0%| F|  |TAMS 0x0000000706a00000| PB 0x0000000706a00000| Untracked 
|  17|0x0000000706c00000, 0x0000000706c00000, 0x0000000706e00000|  0%| F|  |TAMS 0x0000000706c00000| PB 0x0000000706c00000| Untracked 
|  18|0x0000000706e00000, 0x0000000706e00000, 0x0000000707000000|  0%| F|  |TAMS 0x0000000706e00000| PB 0x0000000706e00000| Untracked 
|  19|0x0000000707000000, 0x0000000707000000, 0x0000000707200000|  0%| F|  |TAMS 0x0000000707000000| PB 0x0000000707000000| Untracked 
|  20|0x0000000707200000, 0x0000000707200000, 0x0000000707400000|  0%| F|  |TAMS 0x0000000707200000| PB 0x0000000707200000| Untracked 
|  21|0x0000000707400000, 0x0000000707400000, 0x0000000707600000|  0%| F|  |TAMS 0x0000000707400000| PB 0x0000000707400000| Untracked 
|  22|0x0000000707600000, 0x0000000707600000, 0x0000000707800000|  0%| F|  |TAMS 0x0000000707600000| PB 0x0000000707600000| Untracked 
|  23|0x0000000707800000, 0x0000000707800000, 0x0000000707a00000|  0%| F|  |TAMS 0x0000000707800000| PB 0x0000000707800000| Untracked 
|  24|0x0000000707a00000, 0x0000000707a00000, 0x0000000707c00000|  0%| F|  |TAMS 0x0000000707a00000| PB 0x0000000707a00000| Untracked 
|  25|0x0000000707c00000, 0x0000000707c00000, 0x0000000707e00000|  0%| F|  |TAMS 0x0000000707c00000| PB 0x0000000707c00000| Untracked 
|  26|0x0000000707e00000, 0x0000000707e00000, 0x0000000708000000|  0%| F|  |TAMS 0x0000000707e00000| PB 0x0000000707e00000| Untracked 
|  27|0x0000000708000000, 0x0000000708000000, 0x0000000708200000|  0%| F|  |TAMS 0x0000000708000000| PB 0x0000000708000000| Untracked 
|  28|0x0000000708200000, 0x0000000708200000, 0x0000000708400000|  0%| F|  |TAMS 0x0000000708200000| PB 0x0000000708200000| Untracked 
|  29|0x0000000708400000, 0x0000000708400000, 0x0000000708600000|  0%| F|  |TAMS 0x0000000708400000| PB 0x0000000708400000| Untracked 
|  30|0x0000000708600000, 0x0000000708600000, 0x0000000708800000|  0%| F|  |TAMS 0x0000000708600000| PB 0x0000000708600000| Untracked 
|  31|0x0000000708800000, 0x0000000708800000, 0x0000000708a00000|  0%| F|  |TAMS 0x0000000708800000| PB 0x0000000708800000| Untracked 
|  32|0x0000000708a00000, 0x0000000708a00000, 0x0000000708c00000|  0%| F|  |TAMS 0x0000000708a00000| PB 0x0000000708a00000| Untracked 
|  33|0x0000000708c00000, 0x0000000708c00000, 0x0000000708e00000|  0%| F|  |TAMS 0x0000000708c00000| PB 0x0000000708c00000| Untracked 
|  34|0x0000000708e00000, 0x0000000708e00000, 0x0000000709000000|  0%| F|  |TAMS 0x0000000708e00000| PB 0x0000000708e00000| Untracked 
|  35|0x0000000709000000, 0x0000000709000000, 0x0000000709200000|  0%| F|  |TAMS 0x0000000709000000| PB 0x0000000709000000| Untracked 
|  36|0x0000000709200000, 0x0000000709200000, 0x0000000709400000|  0%| F|  |TAMS 0x0000000709200000| PB 0x0000000709200000| Untracked 
|  37|0x0000000709400000, 0x0000000709400000, 0x0000000709600000|  0%| F|  |TAMS 0x0000000709400000| PB 0x0000000709400000| Untracked 
|  38|0x0000000709600000, 0x0000000709600000, 0x0000000709800000|  0%| F|  |TAMS 0x0000000709600000| PB 0x0000000709600000| Untracked 
|  39|0x0000000709800000, 0x0000000709800000, 0x0000000709a00000|  0%| F|  |TAMS 0x0000000709800000| PB 0x0000000709800000| Untracked 
|  40|0x0000000709a00000, 0x0000000709a00000, 0x0000000709c00000|  0%| F|  |TAMS 0x0000000709a00000| PB 0x0000000709a00000| Untracked 
|  41|0x0000000709c00000, 0x0000000709c00000, 0x0000000709e00000|  0%| F|  |TAMS 0x0000000709c00000| PB 0x0000000709c00000| Untracked 
|  42|0x0000000709e00000, 0x0000000709e00000, 0x000000070a000000|  0%| F|  |TAMS 0x0000000709e00000| PB 0x0000000709e00000| Untracked 
|  43|0x000000070a000000, 0x000000070a000000, 0x000000070a200000|  0%| F|  |TAMS 0x000000070a000000| PB 0x000000070a000000| Untracked 
|  44|0x000000070a200000, 0x000000070a200000, 0x000000070a400000|  0%| F|  |TAMS 0x000000070a200000| PB 0x000000070a200000| Untracked 
|  45|0x000000070a400000, 0x000000070a400000, 0x000000070a600000|  0%| F|  |TAMS 0x000000070a400000| PB 0x000000070a400000| Untracked 
|  46|0x000000070a600000, 0x000000070a600000, 0x000000070a800000|  0%| F|  |TAMS 0x000000070a600000| PB 0x000000070a600000| Untracked 
|  47|0x000000070a800000, 0x000000070a800000, 0x000000070aa00000|  0%| F|  |TAMS 0x000000070a800000| PB 0x000000070a800000| Untracked 
|  48|0x000000070aa00000, 0x000000070aa00000, 0x000000070ac00000|  0%| F|  |TAMS 0x000000070aa00000| PB 0x000000070aa00000| Untracked 
|  49|0x000000070ac00000, 0x000000070ac00000, 0x000000070ae00000|  0%| F|  |TAMS 0x000000070ac00000| PB 0x000000070ac00000| Untracked 
|  50|0x000000070ae00000, 0x000000070ae00000, 0x000000070b000000|  0%| F|  |TAMS 0x000000070ae00000| PB 0x000000070ae00000| Untracked 
|  51|0x000000070b000000, 0x000000070b000000, 0x000000070b200000|  0%| F|  |TAMS 0x000000070b000000| PB 0x000000070b000000| Untracked 
|  52|0x000000070b200000, 0x000000070b200000, 0x000000070b400000|  0%| F|  |TAMS 0x000000070b200000| PB 0x000000070b200000| Untracked 
|  53|0x000000070b400000, 0x000000070b400000, 0x000000070b600000|  0%| F|  |TAMS 0x000000070b400000| PB 0x000000070b400000| Untracked 
|  54|0x000000070b600000, 0x000000070b600000, 0x000000070b800000|  0%| F|  |TAMS 0x000000070b600000| PB 0x000000070b600000| Untracked 
|  55|0x000000070b800000, 0x000000070b800000, 0x000000070ba00000|  0%| F|  |TAMS 0x000000070b800000| PB 0x000000070b800000| Untracked 
|  56|0x000000070ba00000, 0x000000070ba00000, 0x000000070bc00000|  0%| F|  |TAMS 0x000000070ba00000| PB 0x000000070ba00000| Untracked 
|  57|0x000000070bc00000, 0x000000070bc00000, 0x000000070be00000|  0%| F|  |TAMS 0x000000070bc00000| PB 0x000000070bc00000| Untracked 
|  58|0x000000070be00000, 0x000000070be00000, 0x000000070c000000|  0%| F|  |TAMS 0x000000070be00000| PB 0x000000070be00000| Untracked 
|  59|0x000000070c000000, 0x000000070c000000, 0x000000070c200000|  0%| F|  |TAMS 0x000000070c000000| PB 0x000000070c000000| Untracked 
|  60|0x000000070c200000, 0x000000070c200000, 0x000000070c400000|  0%| F|  |TAMS 0x000000070c200000| PB 0x000000070c200000| Untracked 
|  61|0x000000070c400000, 0x000000070c400000, 0x000000070c600000|  0%| F|  |TAMS 0x000000070c400000| PB 0x000000070c400000| Untracked 
|  62|0x000000070c600000, 0x000000070c600000, 0x000000070c800000|  0%| F|  |TAMS 0x000000070c600000| PB 0x000000070c600000| Untracked 
|  63|0x000000070c800000, 0x000000070c800000, 0x000000070ca00000|  0%| F|  |TAMS 0x000000070c800000| PB 0x000000070c800000| Untracked 
|  64|0x000000070ca00000, 0x000000070ca00000, 0x000000070cc00000|  0%| F|  |TAMS 0x000000070ca00000| PB 0x000000070ca00000| Untracked 
|  65|0x000000070cc00000, 0x000000070cc00000, 0x000000070ce00000|  0%| F|  |TAMS 0x000000070cc00000| PB 0x000000070cc00000| Untracked 
|  66|0x000000070ce00000, 0x000000070ce00000, 0x000000070d000000|  0%| F|  |TAMS 0x000000070ce00000| PB 0x000000070ce00000| Untracked 
|  67|0x000000070d000000, 0x000000070d000000, 0x000000070d200000|  0%| F|  |TAMS 0x000000070d000000| PB 0x000000070d000000| Untracked 
|  68|0x000000070d200000, 0x000000070d200000, 0x000000070d400000|  0%| F|  |TAMS 0x000000070d200000| PB 0x000000070d200000| Untracked 
|  69|0x000000070d400000, 0x000000070d400000, 0x000000070d600000|  0%| F|  |TAMS 0x000000070d400000| PB 0x000000070d400000| Untracked 
|  70|0x000000070d600000, 0x000000070d600000, 0x000000070d800000|  0%| F|  |TAMS 0x000000070d600000| PB 0x000000070d600000| Untracked 
|  71|0x000000070d800000, 0x000000070d800000, 0x000000070da00000|  0%| F|  |TAMS 0x000000070d800000| PB 0x000000070d800000| Untracked 
|  72|0x000000070da00000, 0x000000070da00000, 0x000000070dc00000|  0%| F|  |TAMS 0x000000070da00000| PB 0x000000070da00000| Untracked 
|  73|0x000000070dc00000, 0x000000070dc00000, 0x000000070de00000|  0%| F|  |TAMS 0x000000070dc00000| PB 0x000000070dc00000| Untracked 
|  74|0x000000070de00000, 0x000000070de00000, 0x000000070e000000|  0%| F|  |TAMS 0x000000070de00000| PB 0x000000070de00000| Untracked 
|  75|0x000000070e000000, 0x000000070e000000, 0x000000070e200000|  0%| F|  |TAMS 0x000000070e000000| PB 0x000000070e000000| Untracked 
|  76|0x000000070e200000, 0x000000070e200000, 0x000000070e400000|  0%| F|  |TAMS 0x000000070e200000| PB 0x000000070e200000| Untracked 
|  77|0x000000070e400000, 0x000000070e400000, 0x000000070e600000|  0%| F|  |TAMS 0x000000070e400000| PB 0x000000070e400000| Untracked 
|  78|0x000000070e600000, 0x000000070e600000, 0x000000070e800000|  0%| F|  |TAMS 0x000000070e600000| PB 0x000000070e600000| Untracked 
|  79|0x000000070e800000, 0x000000070e800000, 0x000000070ea00000|  0%| F|  |TAMS 0x000000070e800000| PB 0x000000070e800000| Untracked 
|  80|0x000000070ea00000, 0x000000070ea00000, 0x000000070ec00000|  0%| F|  |TAMS 0x000000070ea00000| PB 0x000000070ea00000| Untracked 
|  81|0x000000070ec00000, 0x000000070ec00000, 0x000000070ee00000|  0%| F|  |TAMS 0x000000070ec00000| PB 0x000000070ec00000| Untracked 
|  82|0x000000070ee00000, 0x000000070ee00000, 0x000000070f000000|  0%| F|  |TAMS 0x000000070ee00000| PB 0x000000070ee00000| Untracked 
|  83|0x000000070f000000, 0x000000070f000000, 0x000000070f200000|  0%| F|  |TAMS 0x000000070f000000| PB 0x000000070f000000| Untracked 
|  84|0x000000070f200000, 0x000000070f200000, 0x000000070f400000|  0%| F|  |TAMS 0x000000070f200000| PB 0x000000070f200000| Untracked 
|  85|0x000000070f400000, 0x000000070f400000, 0x000000070f600000|  0%| F|  |TAMS 0x000000070f400000| PB 0x000000070f400000| Untracked 
|  86|0x000000070f600000, 0x000000070f600000, 0x000000070f800000|  0%| F|  |TAMS 0x000000070f600000| PB 0x000000070f600000| Untracked 
|  87|0x000000070f800000, 0x000000070f800000, 0x000000070fa00000|  0%| F|  |TAMS 0x000000070f800000| PB 0x000000070f800000| Untracked 
|  88|0x000000070fa00000, 0x000000070fa00000, 0x000000070fc00000|  0%| F|  |TAMS 0x000000070fa00000| PB 0x000000070fa00000| Untracked 
|  89|0x000000070fc00000, 0x000000070fc00000, 0x000000070fe00000|  0%| F|  |TAMS 0x000000070fc00000| PB 0x000000070fc00000| Untracked 
|  90|0x000000070fe00000, 0x000000070fe00000, 0x0000000710000000|  0%| F|  |TAMS 0x000000070fe00000| PB 0x000000070fe00000| Untracked 
|  91|0x0000000710000000, 0x0000000710000000, 0x0000000710200000|  0%| F|  |TAMS 0x0000000710000000| PB 0x0000000710000000| Untracked 
|  92|0x0000000710200000, 0x0000000710200000, 0x0000000710400000|  0%| F|  |TAMS 0x0000000710200000| PB 0x0000000710200000| Untracked 
|  93|0x0000000710400000, 0x0000000710400000, 0x0000000710600000|  0%| F|  |TAMS 0x0000000710400000| PB 0x0000000710400000| Untracked 
|  94|0x0000000710600000, 0x0000000710600000, 0x0000000710800000|  0%| F|  |TAMS 0x0000000710600000| PB 0x0000000710600000| Untracked 
|  95|0x0000000710800000, 0x0000000710800000, 0x0000000710a00000|  0%| F|  |TAMS 0x0000000710800000| PB 0x0000000710800000| Untracked 
|  96|0x0000000710a00000, 0x0000000710a00000, 0x0000000710c00000|  0%| F|  |TAMS 0x0000000710a00000| PB 0x0000000710a00000| Untracked 
|  97|0x0000000710c00000, 0x0000000710c00000, 0x0000000710e00000|  0%| F|  |TAMS 0x0000000710c00000| PB 0x0000000710c00000| Untracked 
|  98|0x0000000710e00000, 0x0000000710e00000, 0x0000000711000000|  0%| F|  |TAMS 0x0000000710e00000| PB 0x0000000710e00000| Untracked 
|  99|0x0000000711000000, 0x0000000711000000, 0x0000000711200000|  0%| F|  |TAMS 0x0000000711000000| PB 0x0000000711000000| Untracked 
| 100|0x0000000711200000, 0x0000000711200000, 0x0000000711400000|  0%| F|  |TAMS 0x0000000711200000| PB 0x0000000711200000| Untracked 
| 101|0x0000000711400000, 0x0000000711400000, 0x0000000711600000|  0%| F|  |TAMS 0x0000000711400000| PB 0x0000000711400000| Untracked 
| 102|0x0000000711600000, 0x0000000711600000, 0x0000000711800000|  0%| F|  |TAMS 0x0000000711600000| PB 0x0000000711600000| Untracked 
| 103|0x0000000711800000, 0x0000000711800000, 0x0000000711a00000|  0%| F|  |TAMS 0x0000000711800000| PB 0x0000000711800000| Untracked 
| 104|0x0000000711a00000, 0x0000000711a00000, 0x0000000711c00000|  0%| F|  |TAMS 0x0000000711a00000| PB 0x0000000711a00000| Untracked 
| 105|0x0000000711c00000, 0x0000000711c00000, 0x0000000711e00000|  0%| F|  |TAMS 0x0000000711c00000| PB 0x0000000711c00000| Untracked 
| 106|0x0000000711e00000, 0x0000000711e00000, 0x0000000712000000|  0%| F|  |TAMS 0x0000000711e00000| PB 0x0000000711e00000| Untracked 
| 107|0x0000000712000000, 0x0000000712000000, 0x0000000712200000|  0%| F|  |TAMS 0x0000000712000000| PB 0x0000000712000000| Untracked 
| 108|0x0000000712200000, 0x0000000712200000, 0x0000000712400000|  0%| F|  |TAMS 0x0000000712200000| PB 0x0000000712200000| Untracked 
| 109|0x0000000712400000, 0x0000000712400000, 0x0000000712600000|  0%| F|  |TAMS 0x0000000712400000| PB 0x0000000712400000| Untracked 
| 110|0x0000000712600000, 0x0000000712600000, 0x0000000712800000|  0%| F|  |TAMS 0x0000000712600000| PB 0x0000000712600000| Untracked 
| 111|0x0000000712800000, 0x0000000712800000, 0x0000000712a00000|  0%| F|  |TAMS 0x0000000712800000| PB 0x0000000712800000| Untracked 
| 112|0x0000000712a00000, 0x0000000712a00000, 0x0000000712c00000|  0%| F|  |TAMS 0x0000000712a00000| PB 0x0000000712a00000| Untracked 
| 113|0x0000000712c00000, 0x0000000712c00000, 0x0000000712e00000|  0%| F|  |TAMS 0x0000000712c00000| PB 0x0000000712c00000| Untracked 
| 114|0x0000000712e00000, 0x0000000712e00000, 0x0000000713000000|  0%| F|  |TAMS 0x0000000712e00000| PB 0x0000000712e00000| Untracked 
| 115|0x0000000713000000, 0x0000000713000000, 0x0000000713200000|  0%| F|  |TAMS 0x0000000713000000| PB 0x0000000713000000| Untracked 
| 116|0x0000000713200000, 0x0000000713200000, 0x0000000713400000|  0%| F|  |TAMS 0x0000000713200000| PB 0x0000000713200000| Untracked 
| 117|0x0000000713400000, 0x0000000713400000, 0x0000000713600000|  0%| F|  |TAMS 0x0000000713400000| PB 0x0000000713400000| Untracked 
| 118|0x0000000713600000, 0x0000000713600000, 0x0000000713800000|  0%| F|  |TAMS 0x0000000713600000| PB 0x0000000713600000| Untracked 
| 119|0x0000000713800000, 0x0000000713800000, 0x0000000713a00000|  0%| F|  |TAMS 0x0000000713800000| PB 0x0000000713800000| Untracked 
| 120|0x0000000713a00000, 0x0000000713a00000, 0x0000000713c00000|  0%| F|  |TAMS 0x0000000713a00000| PB 0x0000000713a00000| Untracked 
| 121|0x0000000713c00000, 0x0000000713ce27a0, 0x0000000713e00000| 44%| E|  |TAMS 0x0000000713c00000| PB 0x0000000713c00000| Complete 
| 122|0x0000000713e00000, 0x0000000714000000, 0x0000000714000000|100%| E|CS|TAMS 0x0000000713e00000| PB 0x0000000713e00000| Complete 
| 123|0x0000000714000000, 0x0000000714200000, 0x0000000714200000|100%| E|CS|TAMS 0x0000000714000000| PB 0x0000000714000000| Complete 
| 124|0x0000000714200000, 0x0000000714400000, 0x0000000714400000|100%| E|CS|TAMS 0x0000000714200000| PB 0x0000000714200000| Complete 
| 125|0x0000000714400000, 0x0000000714600000, 0x0000000714600000|100%| E|CS|TAMS 0x0000000714400000| PB 0x0000000714400000| Complete 

Card table byte_map: [0x000002affe450000,0x000002affec30000] _byte_map_base: 0x000002affac2b000

Marking Bits: (CMBitMap*) 0x000002affd8f1b10
 Bits: [0x000002af97390000, 0x000002af9b268000)

Polling page: 0x000002affd040000

Metaspace:

Usage:
  Non-class:      2.04 MB used.
      Class:    184.43 KB used.
       Both:      2.22 MB used.

Virtual space:
  Non-class space:       64.00 MB reserved,       2.12 MB (  3%) committed,  1 nodes.
      Class space:        1.00 GB reserved,     256.00 KB ( <1%) committed,  1 nodes.
             Both:        1.06 GB reserved,       2.38 MB ( <1%) committed. 

Chunk freelists:
   Non-Class:  11.14 MB
       Class:  15.63 MB
        Both:  26.77 MB

MaxMetaspaceSize: unlimited
CompressedClassSpaceSize: 1.00 GB
Initial GC threshold: 21.00 MB
Current GC threshold: 21.00 MB
CDS: on
 - commit_granule_bytes: 65536.
 - commit_granule_words: 8192.
 - virtual_space_node_default_size: 8388608.
 - enlarge_chunks_in_place: 1.
 - use_allocation_guard: 0.


Internal statistics:

num_allocs_failed_limit: 0.
num_arena_births: 64.
num_arena_deaths: 0.
num_vsnodes_births: 2.
num_vsnodes_deaths: 0.
num_space_committed: 38.
num_space_uncommitted: 0.
num_chunks_returned_to_freelist: 0.
num_chunks_taken_from_freelist: 119.
num_chunk_merges: 0.
num_chunk_splits: 74.
num_chunks_enlarged: 49.
num_inconsistent_stats: 0.

CodeHeap 'non-profiled nmethods': size=120000Kb used=200Kb max_used=200Kb free=119799Kb
 bounds [0x000002af8fe60000, 0x000002af900d0000, 0x000002af97390000]
CodeHeap 'profiled nmethods': size=120000Kb used=932Kb max_used=932Kb free=119067Kb
 bounds [0x000002af88390000, 0x000002af88600000, 0x000002af8f8c0000]
CodeHeap 'non-nmethods': size=5760Kb used=1525Kb max_used=1542Kb free=4234Kb
 bounds [0x000002af8f8c0000, 0x000002af8fb30000, 0x000002af8fe60000]
 total_blobs=1011 nmethods=568 adapters=348
 compilation: enabled
              stopped_count=0, restarted_count=0
 full_count=0

Compilation events (20 events):
Event: 0.665 Thread 0x000002afff6a9240  556   !   3       java.util.zip.ZipFile$ZipFileInputStream::close (59 bytes)
Event: 0.665 Thread 0x000002afff6a9240 nmethod 556 0x000002af88475390 code [0x000002af88475560, 0x000002af88475938]
Event: 0.665 Thread 0x000002afff6a9240  557       3       java.util.Collections$SetFromMap::remove (19 bytes)
Event: 0.665 Thread 0x000002afff6a9240 nmethod 557 0x000002af88475b90 code [0x000002af88475d40, 0x000002af88475f88]
Event: 0.666 Thread 0x000002afff6a9240  559       3       jdk.internal.misc.Unsafe::getLong (7 bytes)
Event: 0.666 Thread 0x000002afff6a9240 nmethod 559 0x000002af88476090 code [0x000002af88476220, 0x000002af88476340]
Event: 0.666 Thread 0x000002af9d61a090 nmethod 552% 0x000002af8fe8ec10 code [0x000002af8fe8eda0, 0x000002af8fe8f1a0]
Event: 0.667 Thread 0x000002af9d61a090  554       4       java.lang.String::startsWith (123 bytes)
Event: 0.670 Thread 0x000002afff6a9240  560       1       java.nio.HeapByteBuffer::isReadOnly (2 bytes)
Event: 0.670 Thread 0x000002afff6a9240 nmethod 560 0x000002af8fe8f310 code [0x000002af8fe8f4a0, 0x000002af8fe8f568]
Event: 0.670 Thread 0x000002afff6a9240  561       3       java.nio.Buffer::position (52 bytes)
Event: 0.671 Thread 0x000002afff6a9240 nmethod 561 0x000002af88476410 code [0x000002af884765e0, 0x000002af88476870]
Event: 0.671 Thread 0x000002afff6a7a50 nmethod 548 0x000002af8fe8f610 code [0x000002af8fe8f880, 0x000002af8fe906c8]
Event: 0.672 Thread 0x000002afff6a9240  562       3       jdk.internal.loader.URLClassPath::getResource (74 bytes)
Event: 0.672 Thread 0x000002afff6a9240 nmethod 562 0x000002af88476990 code [0x000002af88476b60, 0x000002af88476ec8]
Event: 0.674 Thread 0x000002af9d61a090 nmethod 554 0x000002af8fe91190 code [0x000002af8fe91340, 0x000002af8fe917e8]
Event: 0.683 Thread 0x000002af9d61a090  563       4       jdk.internal.jimage.ImageStringsReader::unmaskedHashCode (166 bytes)
Event: 0.683 Thread 0x000002afff6a9240  564       3       jdk.internal.jimage.BasicImageReader::getLocationIndex (52 bytes)
Event: 0.684 Thread 0x000002afff6a9240 nmethod 564 0x000002af88477010 code [0x000002af88477220, 0x000002af884776d8]
Event: 0.684 Thread 0x000002afff6a9240  565       3       jdk.internal.jimage.ImageStringsReader::hashCode (8 bytes)

GC Heap History (0 events):
No events

Dll operation events (9 events):
Event: 0.013 Loaded shared library C:\Users\jayth\.jdks\openjdk-21.0.2\bin\java.dll
Event: 0.082 Loaded shared library C:\Users\jayth\.jdks\openjdk-21.0.2\bin\jsvml.dll
Event: 0.239 Loaded shared library C:\Users\jayth\.jdks\openjdk-21.0.2\bin\net.dll
Event: 0.241 Loaded shared library C:\Users\jayth\.jdks\openjdk-21.0.2\bin\nio.dll
Event: 0.247 Loaded shared library C:\Users\jayth\.jdks\openjdk-21.0.2\bin\zip.dll
Event: 0.354 Loaded shared library C:\Users\jayth\.jdks\openjdk-21.0.2\bin\verify.dll
Event: 0.369 Loaded shared library C:\Users\jayth\.jdks\openjdk-21.0.2\bin\jimage.dll
Event: 0.473 Loaded shared library C:\Users\jayth\AppData\Local\Temp\libgdxjayth\e787ab0a\gdx64.dll
Event: 0.604 Loaded shared library C:\Users\jayth\AppData\Local\Temp\lwjgljayth\3.3.1-build-7\lwjgl.dll

Deoptimization events (20 events):
Event: 0.263 Thread 0x000002affb650790 DEOPT PACKING pc=0x000002af883983d4 sp=0x000000f8472fa000
Event: 0.263 Thread 0x000002affb650790 DEOPT UNPACKING pc=0x000002af8f9188e2 sp=0x000000f8472f9468 mode 0
Event: 0.405 Thread 0x000002affb650790 Uncommon trap: trap_request=0xffffff45 fr.pc=0x000002af8fe705f8 relative=0x00000000000002b8
Event: 0.405 Thread 0x000002affb650790 Uncommon trap: reason=unstable_if action=reinterpret pc=0x000002af8fe705f8 method=java.lang.StringLatin1.hashCode([B)I @ 2 c2
Event: 0.405 Thread 0x000002affb650790 DEOPT PACKING pc=0x000002af8fe705f8 sp=0x000000f8472fa1e0
Event: 0.405 Thread 0x000002affb650790 DEOPT UNPACKING pc=0x000002af8f917da2 sp=0x000000f8472fa118 mode 2
Event: 0.467 Thread 0x000002affb650790 Uncommon trap: trap_request=0xffffff45 fr.pc=0x000002af8fe6a014 relative=0x0000000000000074
Event: 0.467 Thread 0x000002affb650790 Uncommon trap: reason=unstable_if action=reinterpret pc=0x000002af8fe6a014 method=java.io.WinNTFileSystem.isSlash(C)Z @ 9 c2
Event: 0.467 Thread 0x000002affb650790 DEOPT PACKING pc=0x000002af8fe6a014 sp=0x000000f8472fe600
Event: 0.467 Thread 0x000002affb650790 DEOPT UNPACKING pc=0x000002af8f917da2 sp=0x000000f8472fe598 mode 2
Event: 0.524 Thread 0x000002affb650790 DEOPT PACKING pc=0x000002af883bc403 sp=0x000000f8472fa440
Event: 0.524 Thread 0x000002affb650790 DEOPT UNPACKING pc=0x000002af8f9188e2 sp=0x000000f8472f98a0 mode 0
Event: 0.565 Thread 0x000002affb650790 Uncommon trap: trap_request=0xffffff6e fr.pc=0x000002af8fe83a08 relative=0x0000000000000448
Event: 0.565 Thread 0x000002affb650790 Uncommon trap: reason=loop_limit_check action=maybe_recompile pc=0x000002af8fe83a08 method=java.lang.StringLatin1.indexOf([BI[BII)I @ 37 c2
Event: 0.565 Thread 0x000002affb650790 DEOPT PACKING pc=0x000002af8fe83a08 sp=0x000000f8472fb300
Event: 0.565 Thread 0x000002affb650790 DEOPT UNPACKING pc=0x000002af8f917da2 sp=0x000000f8472fb260 mode 2
Event: 0.600 Thread 0x000002affb650790 Uncommon trap: trap_request=0xffffff45 fr.pc=0x000002af8fe6daf0 relative=0x0000000000000050
Event: 0.601 Thread 0x000002affb650790 Uncommon trap: reason=unstable_if action=reinterpret pc=0x000002af8fe6daf0 method=sun.nio.fs.WindowsPathParser.isSlash(C)Z @ 9 c2
Event: 0.601 Thread 0x000002affb650790 DEOPT PACKING pc=0x000002af8fe6daf0 sp=0x000000f8472fb1f0
Event: 0.601 Thread 0x000002affb650790 DEOPT UNPACKING pc=0x000002af8f917da2 sp=0x000000f8472fb188 mode 2

Classes loaded (20 events):
Event: 0.612 Loading class java/nio/DirectShortBufferU
Event: 0.613 Loading class java/nio/DirectShortBufferU done
Event: 0.613 Loading class java/nio/DirectCharBufferU
Event: 0.613 Loading class java/nio/DirectCharBufferU done
Event: 0.614 Loading class java/nio/DirectFloatBufferU
Event: 0.614 Loading class java/nio/DirectFloatBufferU done
Event: 0.614 Loading class java/nio/DirectDoubleBufferU
Event: 0.614 Loading class java/nio/DirectDoubleBufferU done
Event: 0.614 Loading class sun/misc/Unsafe
Event: 0.615 Loading class sun/misc/Unsafe done
Event: 0.616 Loading class java/lang/invoke/DirectMethodHandle$StaticAccessor
Event: 0.616 Loading class java/lang/invoke/DirectMethodHandle$StaticAccessor done
Event: 0.622 Loading class java/util/function/LongPredicate
Event: 0.622 Loading class java/util/function/LongPredicate done
Event: 0.626 Loading class java/lang/foreign/MemorySegment
Event: 0.627 Loading class java/lang/foreign/MemorySegment done
Event: 0.635 Loading class java/nio/InvalidMarkException
Event: 0.635 Loading class java/nio/InvalidMarkException done
Event: 0.635 Loading class java/nio/BufferUnderflowException
Event: 0.635 Loading class java/nio/BufferUnderflowException done

Classes unloaded (0 events):
No events

Classes redefined (0 events):
No events

Internal exceptions (17 events):
Event: 0.527 Thread 0x000002affb650790 Exception <a 'java/lang/NoSuchMethodError'{0x0000000713ef0f78}: 'void java.lang.invoke.DirectMethodHandle$Holder.invokeStatic(java.lang.Object, java.lang.Object)'> (0x0000000713ef0f78) 
thrown [s\open\src\hotspot\share\interpreter\linkResolver.cpp, line 773]
Event: 0.529 Thread 0x000002affb650790 Exception <a 'java/lang/NoSuchMethodError'{0x0000000713ef6600}: 'void java.lang.System.load(java.lang.String, java.lang.Class)'> (0x0000000713ef6600) 
thrown [s\open\src\hotspot\share\interpreter\linkResolver.cpp, line 773]
Event: 0.529 Thread 0x000002affb650790 Exception <a 'java/lang/NoSuchMethodError'{0x0000000713ef71f0}: 'void java.lang.invoke.DirectMethodHandle$Holder.invokeSpecial(java.lang.Object, java.lang.Object, java.lang.Object)'> (0x0000000713ef71f0) 
thrown [s\open\src\hotspot\share\interpreter\linkResolver.cpp, line 773]
Event: 0.535 Thread 0x000002affb650790 Exception <a 'java/lang/NoSuchMethodError'{0x0000000713f07d08}: 'java.lang.Object java.lang.invoke.DirectMethodHandle$Holder.invokeStatic(java.lang.Object, java.lang.Object, int)'> (0x0000000713f07d08) 
thrown [s\open\src\hotspot\share\interpreter\linkResolver.cpp, line 773]
Event: 0.540 Thread 0x000002affb650790 Exception <a 'java/lang/NoSuchMethodError'{0x0000000713f13158}: 'void java.lang.invoke.DelegatingMethodHandle$Holder.delegate(java.lang.Object, java.lang.Object, int, java.lang.Object)'> (0x0000000713f13158) 
thrown [s\open\src\hotspot\share\interpreter\linkResolver.cpp, line 773]
Event: 0.543 Thread 0x000002affb650790 Exception <a 'java/lang/NoSuchMethodError'{0x0000000713f17040}: 'int java.lang.invoke.DirectMethodHandle$Holder.invokeSpecial(java.lang.Object, java.lang.Object, java.lang.Object)'> (0x0000000713f17040) 
thrown [s\open\src\hotspot\share\interpreter\linkResolver.cpp, line 773]
Event: 0.554 Thread 0x000002affb650790 Exception <a 'java/lang/NoSuchMethodError'{0x0000000713f31200}: 'void java.lang.System.loadLibrary(java.lang.String, java.lang.Class)'> (0x0000000713f31200) 
thrown [s\open\src\hotspot\share\interpreter\linkResolver.cpp, line 773]
Event: 0.601 Thread 0x000002affb650790 Exception <a 'sun/nio/fs/WindowsException'{0x0000000713f88df8}> (0x0000000713f88df8) 
thrown [s\open\src\hotspot\share\prims\jni.cpp, line 520]
Event: 0.601 Thread 0x000002affb650790 Exception <a 'sun/nio/fs/WindowsException'{0x0000000713f89328}> (0x0000000713f89328) 
thrown [s\open\src\hotspot\share\prims\jni.cpp, line 520]
Event: 0.623 Thread 0x000002affb650790 Exception <a 'java/lang/NoSuchMethodError'{0x0000000713fbee00}: 'int java.lang.invoke.DirectMethodHandle$Holder.invokeStaticInit(java.lang.Object, java.lang.Object, int, long)'> (0x0000000713fbee00) 
thrown [s\open\src\hotspot\share\interpreter\linkResolver.cpp, line 773]
Event: 0.625 Thread 0x000002affb650790 Exception <a 'java/lang/NoSuchMethodError'{0x0000000713fc3e28}: 'java.lang.Object java.lang.invoke.DirectMethodHandle$Holder.newInvokeSpecial(java.lang.Object, java.lang.Object, int)'> (0x0000000713fc3e28) 
thrown [s\open\src\hotspot\share\interpreter\linkResolver.cpp, line 773]
Event: 0.630 Thread 0x000002affb650790 Exception <a 'java/lang/NoSuchMethodError'{0x0000000713fd5850}: 'int java.lang.invoke.DirectMethodHandle$Holder.invokeStaticInit(java.lang.Object, java.lang.Object, long, long)'> (0x0000000713fd5850) 
thrown [s\open\src\hotspot\share\interpreter\linkResolver.cpp, line 773]
Event: 0.631 Thread 0x000002affb650790 Exception <a 'java/lang/NoSuchMethodError'{0x0000000713fdb0b8}: 'java.lang.Object java.lang.invoke.DirectMethodHandle$Holder.newInvokeSpecial(java.lang.Object, java.lang.Object, long)'> (0x0000000713fdb0b8) 
thrown [s\open\src\hotspot\share\interpreter\linkResolver.cpp, line 773]
Event: 0.631 Thread 0x000002affb650790 Exception <a 'java/lang/NoSuchMethodError'{0x0000000713fdee70}: 'java.lang.Object java.lang.invoke.Invokers$Holder.linkToTargetMethod(java.lang.Object, long, java.lang.Object)'> (0x0000000713fdee70) 
thrown [s\open\src\hotspot\share\interpreter\linkResolver.cpp, line 773]
Event: 0.633 Thread 0x000002affb650790 Exception <a 'java/lang/NoSuchMethodError'{0x0000000713fe5f30}: 'int java.lang.invoke.DirectMethodHandle$Holder.invokeStaticInit(java.lang.Object, java.lang.Object, java.lang.Object, long)'> (0x0000000713fe5f30) 
thrown [s\open\src\hotspot\share\interpreter\linkResolver.cpp, line 773]
Event: 0.671 Thread 0x000002affb650790 Exception <a 'sun/nio/fs/WindowsException'{0x0000000713c705d8}> (0x0000000713c705d8) 
thrown [s\open\src\hotspot\share\prims\jni.cpp, line 520]
Event: 0.671 Thread 0x000002affb650790 Exception <a 'sun/nio/fs/WindowsException'{0x0000000713c70968}> (0x0000000713c70968) 
thrown [s\open\src\hotspot\share\prims\jni.cpp, line 520]

ZGC Phase Switch (0 events):
No events

VM Operations (6 events):
Event: 0.266 Executing VM operation: HandshakeAllThreads (Deoptimize)
Event: 0.267 Executing VM operation: HandshakeAllThreads (Deoptimize) done
Event: 0.467 Executing VM operation: HandshakeAllThreads (Deoptimize)
Event: 0.467 Executing VM operation: HandshakeAllThreads (Deoptimize) done
Event: 0.534 Executing VM operation: HandshakeAllThreads (Deoptimize)
Event: 0.534 Executing VM operation: HandshakeAllThreads (Deoptimize) done

Events (15 events):
Event: 0.049 Thread 0x000002affb650790 Thread added: 0x000002affb650790
Event: 0.078 Thread 0x000002afff68ec10 Thread added: 0x000002afff68ec10
Event: 0.078 Thread 0x000002afff68fb30 Thread added: 0x000002afff68fb30
Event: 0.078 Thread 0x000002afff692100 Thread added: 0x000002afff692100
Event: 0.078 Thread 0x000002afff6950f0 Thread added: 0x000002afff6950f0
Event: 0.078 Thread 0x000002afff695c40 Thread added: 0x000002afff695c40
Event: 0.079 Thread 0x000002afff69b930 Thread added: 0x000002afff69b930
Event: 0.079 Thread 0x000002afff6a7a50 Thread added: 0x000002afff6a7a50
Event: 0.079 Thread 0x000002afff6a9240 Thread added: 0x000002afff6a9240
Event: 0.208 Thread 0x000002af9d4ab330 Thread added: 0x000002af9d4ab330
Event: 0.209 Thread 0x000002af9d4aed30 Thread added: 0x000002af9d4aed30
Event: 0.209 Thread 0x000002af9d4af3b0 Thread added: 0x000002af9d4af3b0
Event: 0.218 Thread 0x000002af9d4c0b00 Thread added: 0x000002af9d4c0b00
Event: 0.224 Thread 0x000002af9d4e3f50 Thread added: 0x000002af9d4e3f50
Event: 0.298 Thread 0x000002af9d61a090 Thread added: 0x000002af9d61a090


Dynamic libraries:
0x00007ff692cd0000 - 0x00007ff692cde000 	C:\Users\jayth\.jdks\openjdk-21.0.2\bin\java.exe
0x00007ffde2f90000 - 0x00007ffde31a7000 	C:\WINDOWS\SYSTEM32\ntdll.dll
0x00007ffde1470000 - 0x00007ffde1534000 	C:\WINDOWS\System32\KERNEL32.DLL
0x00007ffde02b0000 - 0x00007ffde065d000 	C:\WINDOWS\System32\KERNELBASE.dll
0x00007ffde0660000 - 0x00007ffde0771000 	C:\WINDOWS\System32\ucrtbase.dll
0x00007ffdc1c00000 - 0x00007ffdc1c18000 	C:\Users\jayth\.jdks\openjdk-21.0.2\bin\jli.dll
0x00007ffdc2080000 - 0x00007ffdc209b000 	C:\Users\jayth\.jdks\openjdk-21.0.2\bin\VCRUNTIME140.dll
0x00007ffde16b0000 - 0x00007ffde185e000 	C:\WINDOWS\System32\USER32.dll
0x00007ffde0780000 - 0x00007ffde07a6000 	C:\WINDOWS\System32\win32u.dll
0x00007ffdc8970000 - 0x00007ffdc8c03000 	C:\WINDOWS\WinSxS\amd64_microsoft.windows.common-controls_6595b64144ccf1df_6.0.22621.3672_none_2713b9d173822955\COMCTL32.dll
0x00007ffde2e20000 - 0x00007ffde2e49000 	C:\WINDOWS\System32\GDI32.dll
0x00007ffde0fd0000 - 0x00007ffde1077000 	C:\WINDOWS\System32\msvcrt.dll
0x00007ffde0ab0000 - 0x00007ffde0bc9000 	C:\WINDOWS\System32\gdi32full.dll
0x00007ffde0920000 - 0x00007ffde09ba000 	C:\WINDOWS\System32\msvcp_win.dll
0x00007ffde1230000 - 0x00007ffde1261000 	C:\WINDOWS\System32\IMM32.DLL
0x00007ffdd01b0000 - 0x00007ffdd01bc000 	C:\Users\jayth\.jdks\openjdk-21.0.2\bin\vcruntime140_1.dll
0x00007ffdafd00000 - 0x00007ffdafd8e000 	C:\Users\jayth\.jdks\openjdk-21.0.2\bin\msvcp140.dll
0x00007ffd87560000 - 0x00007ffd88277000 	C:\Users\jayth\.jdks\openjdk-21.0.2\bin\server\jvm.dll
0x00007ffde0f10000 - 0x00007ffde0fc2000 	C:\WINDOWS\System32\ADVAPI32.dll
0x00007ffde2d60000 - 0x00007ffde2e09000 	C:\WINDOWS\System32\sechost.dll
0x00007ffde0a80000 - 0x00007ffde0aa8000 	C:\WINDOWS\System32\bcrypt.dll
0x00007ffde1d70000 - 0x00007ffde1e84000 	C:\WINDOWS\System32\RPCRT4.dll
0x00007ffde1cf0000 - 0x00007ffde1d61000 	C:\WINDOWS\System32\WS2_32.dll
0x00007ffddf100000 - 0x00007ffddf14d000 	C:\WINDOWS\SYSTEM32\POWRPROF.dll
0x00007ffdda660000 - 0x00007ffdda694000 	C:\WINDOWS\SYSTEM32\WINMM.dll
0x00007ffdcfd60000 - 0x00007ffdcfd6a000 	C:\WINDOWS\SYSTEM32\VERSION.dll
0x00007ffddf0e0000 - 0x00007ffddf0f3000 	C:\WINDOWS\SYSTEM32\UMPDC.dll
0x00007ffddf390000 - 0x00007ffddf3a8000 	C:\WINDOWS\SYSTEM32\kernel.appcore.dll
0x00007ffdc51b0000 - 0x00007ffdc51ba000 	C:\Users\jayth\.jdks\openjdk-21.0.2\bin\jimage.dll
0x00007ffddd690000 - 0x00007ffddd8c2000 	C:\WINDOWS\SYSTEM32\DBGHELP.DLL
0x00007ffde2970000 - 0x00007ffde2cfd000 	C:\WINDOWS\System32\combase.dll
0x00007ffde2780000 - 0x00007ffde2857000 	C:\WINDOWS\System32\OLEAUT32.dll
0x00007ffdda620000 - 0x00007ffdda652000 	C:\WINDOWS\SYSTEM32\dbgcore.DLL
0x00007ffde0bd0000 - 0x00007ffde0c4b000 	C:\WINDOWS\System32\bcryptPrimitives.dll
0x00007ffdbb550000 - 0x00007ffdbb58c000 	C:\Users\jayth\.jdks\openjdk-21.0.2\bin\jdwp.dll
0x00007ffdc1ad0000 - 0x00007ffdc1aef000 	C:\Users\jayth\.jdks\openjdk-21.0.2\bin\java.dll
0x00007ffde1f10000 - 0x00007ffde2778000 	C:\WINDOWS\System32\SHELL32.dll
0x00007ffdde1b0000 - 0x00007ffddeaae000 	C:\WINDOWS\SYSTEM32\windows.storage.dll
0x00007ffdde070000 - 0x00007ffdde1af000 	C:\WINDOWS\SYSTEM32\wintypes.dll
0x00007ffde2860000 - 0x00007ffde2959000 	C:\WINDOWS\System32\SHCORE.dll
0x00007ffde2d00000 - 0x00007ffde2d5e000 	C:\WINDOWS\System32\shlwapi.dll
0x00007ffde01e0000 - 0x00007ffde0201000 	C:\WINDOWS\SYSTEM32\profapi.dll
0x00007ffdaf970000 - 0x00007ffdafa47000 	C:\Users\jayth\.jdks\openjdk-21.0.2\bin\jsvml.dll
0x00007ffdda2a0000 - 0x00007ffdda2ac000 	C:\Users\jayth\.jdks\openjdk-21.0.2\bin\dt_socket.dll
0x00007ffdded10000 - 0x00007ffdded3d000 	C:\WINDOWS\SYSTEM32\IPHLPAPI.DLL
0x00007ffddf7f0000 - 0x00007ffddf859000 	C:\WINDOWS\system32\mswsock.dll
0x00007ffdc24a0000 - 0x00007ffdc24b0000 	C:\Users\jayth\.jdks\openjdk-21.0.2\bin\net.dll
0x00007ffdd5a70000 - 0x00007ffdd5ba6000 	C:\WINDOWS\SYSTEM32\WINHTTP.dll
0x00007ffdbea90000 - 0x00007ffdbeaa6000 	C:\Users\jayth\.jdks\openjdk-21.0.2\bin\nio.dll
0x00007ffdbdb80000 - 0x00007ffdbdb98000 	C:\Users\jayth\.jdks\openjdk-21.0.2\bin\zip.dll
0x00007ffdc2130000 - 0x00007ffdc2140000 	C:\Users\jayth\.jdks\openjdk-21.0.2\bin\verify.dll
0x0000000057550000 - 0x0000000057579000 	C:\Users\jayth\AppData\Local\Temp\libgdxjayth\e787ab0a\gdx64.dll
0x00007ffdbb4d0000 - 0x00007ffdbb545000 	C:\Users\jayth\AppData\Local\Temp\lwjgljayth\3.3.1-build-7\lwjgl.dll
0x00007ffd99b00000 - 0x00007ffd99d59000 	C:\Users\jayth\AppData\Local\Temp\lwjgljayth\3.3.1-build-7\jemalloc.dll

dbghelp: loaded successfully - version: 4.0.5 - missing functions: none
symbol engine: initialized successfully - sym options: 0x614 - pdb path: .;C:\Users\jayth\.jdks\openjdk-21.0.2\bin;C:\WINDOWS\SYSTEM32;C:\WINDOWS\WinSxS\amd64_microsoft.windows.common-controls_6595b64144ccf1df_6.0.22621.3672_none_2713b9d173822955;C:\Users\jayth\.jdks\openjdk-21.0.2\bin\server;C:\Users\jayth\AppData\Local\Temp\libgdxjayth\e787ab0a;C:\Users\jayth\AppData\Local\Temp\lwjgljayth\3.3.1-build-7

VM Arguments:
jvm_args: -agentlib:jdwp=transport=dt_socket,server=n,suspend=y,address=127.0.0.1:55092 -Dfile.encoding=windows-1252 -Duser.country=US -Duser.language=en -Duser.variant 
java_command: com.csse3200.game.desktop.DesktopLauncher
java_class_path (initial): C:\Users\jayth\OneDrive\UQ\Semester 2 2024\CSSE3200\2024-studio-2\source\desktop\build\classes\java\main;C:\Users\jayth\OneDrive\UQ\Semester 2 2024\CSSE3200\2024-studio-2\source\desktop\build\resources\main;C:\Users\jayth\.gradle\caches\modules-2\files-2.1\com.badlogicgames.gdx\gdx-backend-lwjgl3\1.11.0\58a96db4cd349be4292d547856aa1e1c5f065f4e\gdx-backend-lwjgl3-1.11.0.jar;C:\Users\jayth\.gradle\caches\modules-2\files-2.1\com.badlogicgames.gdx\gdx-platform\1.11.0\697fb13eada6d3c6ca648c9788692b0159add126\gdx-platform-1.11.0-natives-desktop.jar;C:\Users\jayth\.gradle\caches\modules-2\files-2.1\com.badlogicgames.gdx\gdx-box2d-platform\1.11.0\62ff9baa1e57a11e0a4428a38c9660bf9f312fdc\gdx-box2d-platform-1.11.0-natives-desktop.jar;C:\Users\jayth\.gradle\caches\modules-2\files-2.1\com.badlogicgames.gdx\gdx-tools\1.11.0\a5d30eafd0f2fbab314efdf6d98ebc27388b7c0a\gdx-tools-1.11.0.jar;C:\Users\jayth\.gradle\caches\modules-2\files-2.1\com.badlogicgames.gdx-controllers\gdx-controllers-desktop\2.2.2\625b3bdbe803e9c4af181b4791202cfcf776d805\gdx-controllers-desktop-2.2.2.jar;C:\Users\jayth\OneDrive\UQ\Semester 2 2024\CSSE3200\2024-studio-2\source\core\build\libs\core-1.0.jar;C:\Users\jayth\.gradle\caches\modules-2\files-2.1\com.badlogicgames.gdx\gdx-backend-lwjgl\1.11.0\33555a2cf8b4d9db4122b2fe42e7674b343d8b4\gdx-backend-lwjgl-1.11.0.jar;C:\Users\jayth\.gradle\caches\modules-2\files-2.1\com.badlogicgames.gdx\gdx-freetype\1.11.0\a3634ad2e6c56d251268d6ab5c0f66eee2841f2c\gdx-freetype-1.11.0.jar;C:\Users\jayth\.gradle\caches\modules-2\files-2.1\com.badlogicgames.gdx\gdx-backend-headless\1.11.0\3c3d0c951db72891d894df1725d09179fd0bca00\gdx-backend-headless-1.11.0.jar;C:\Users\jayth\.gradle\caches\modules-2\files-2.1\com.badlogicgames.gdx-controllers\gdx-controllers-core\2.2.2\25473efe9273912a03a4871a9e1469b41d86face\gdx-controllers-core-2.2.2.jar;C:\Users\jayth\.gradle\caches\modules-2\files-2.1\net.dermetfan.libgdx-utils\libgdx-utils-box2d\0.13.4\918d79a20ea3c898cdb3611782c5b2bfa6ec575b\libgdx-utils-box2d-0.13.4.jar;C:\Users\jayth\.gradle\caches\modules-2\files-2.1\com.badlogicgames.gdx\gdx-box2d\1.11.0\ad4facee800dd945d6d6e93dea2936bc135b5f\gdx-box2d-1.11.0.jar;C:\Users\jayth\.gradle\caches\modules-2\files-2.1\net.dermetfan.libgdx-utils\libgdx-utils\0.13.4\27affad2873d1c9c366a2290fc51f3927f3a5f83\libgdx-utils-0.13.4.jar;C:\Users\jayth\.gradle\caches\modules-2\files-2.1\com.badlogicgames.gdx\gdx\1.11.0\ffe1206d1004cd9e40027e28964be0fea0399af7\gdx-1.11.0.jar;C:\Users\jayth\.gradle\caches\modules-2\files-2.1\org.lwjgl\lwjgl-glfw\3.3.1\cbac1b8d30cb4795149c1ef540f912671a8616d0\lwjgl-glfw-3.3.1.jar;C:\Users\jayth\.gradle\caches\modules-2\files-2.1\org.lwjgl\lwjgl-glfw\3.3.1\81716978214ecbda15050ca394b06ef61501a49e\lwjgl-glfw-3.3.1-natives-linux.jar;C:\Users\jayth\.gradle\caches\modules-2\files-2.1\org.lwjgl\lwjgl-glfw\3.3.1\816d935933f2dd743074c4e717cc25b55720f294\lwjgl-glfw-3.3.1-natives-linux-arm32.jar;C:\Users\jayth\.gradle\caches\modules-2\files-2.1\org.lwjgl\lwjgl-glfw\3.3.1\513eb39b866d0fe131a18d5c517087805433b029\lwjgl-glfw-3.3.1-natives-linux-arm64.jar;C:\Users\jayth\.gradle\caches\modules-2\files-2.1\org.lwjgl\lwjgl-glfw\3.3.1\9ec4ce1fc8c85fdef03ef4ff2aace6f5775fb280\lwjgl-glfw-3.3.1-natives-macos.jar;C:\Users\jayth\.gradle\caches\modules-2\files-2.1\org.lwjgl\lwjgl-glfw\3.3.1\cac0d3f712a3da7641fa174735a5f315de7ffe0a\lwjgl-glfw-3.3.1-natives-macos-arm64.jar;C:\Users\jayth\.gradle\caches\modules-2\files-2.1\org.lwjgl\lwjgl-glfw\3.3.1\ed892f945cf7e79c8756796f32d00fa4ceaf573b\lwjgl-glfw-3.3.1-natives-windows.jar;C:\Users\jayth\.gradle\caches\modules-2\files-2.1\org.lwjgl\lwjgl-glfw\3.3.1\b997e3391d6ce8f05487e7335d95c606043884a1\lwjgl-glfw-3.3.1-natives-windows-x86.jar;C:\Users\jayth\.gradle\caches\modules-2\files-2.1\org.lwjgl\lwjgl-jemalloc\3.3.1\a817bcf213db49f710603677457567c37d53e103\lwjgl-jemalloc-3.3.1.jar;C:\Users\jayth\.gradle\caches\modules-2\files-2.1\org.lwjgl\lwjgl-jemalloc\3.3.1\33dbb017b6ed6b25f993ad9d56741a49e7937718\lwjgl-jemalloc-3.3.1-natives-linux.jar;C:\Users\jayth\.gradle\caches\modules-2\files-2.1\org.lwjgl\lwjgl-jemalloc\3.3.1\a96a6d6cb3876d7813fcee53c3c24f246aeba3b3\lwjgl-jemalloc-3.3.1-natives-linux-arm32.jar;C:\Users\jayth\.gradle\caches\modules-2\files-2.1\org.lwjgl\lwjgl-jemalloc\3.3.1\c6606e57db075ad218a2e78d2416c159a53b6a0c\lwjgl-jemalloc-3.3.1-natives-linux-arm64.jar;C:\Users\jayth\.gradle\caches\modules-2\files-2.1\org.lwjgl\lwjgl-jemalloc\3.3.1\56424dc8db3cfb8e7b594aa6d59a4f4387b7f544\lwjgl-jemalloc-3.3.1-natives-macos.jar;C:\Users\jayth\.gradle\caches\modules-2\files-2.1\org.lwjgl\lwjgl-jemalloc\3.3.1\e577b87d8ad2ade361aaea2fcf226c660b15dee8\lwjgl-jemalloc-3.3.1-natives-macos-arm64.jar;C:\Users\jayth\.gradle\caches\modules-2\files-2.1\org.lwjgl\lwjgl-jemalloc\3.3.1\948a89b76a16aa324b046ae9308891216ffce5f9\lwjgl-jemalloc-3.3.1-natives-windows.jar;C:\Users\jayth\.gradle\caches\modules-2\files-2.1\org.lwjgl\lwjgl-jemalloc\3.3.1\fb476c8ec110e1c137ad3ce8a7f7bfe6b11c6324\lwjgl-jemalloc-3.3.1-natives-windows-x86.jar;C:\Users\jayth\.gradle\caches\modules-2\files-2.1\org.lwjgl\lwjgl-openal\3.3.1\2623a6b8ae1dfcd880738656a9f0243d2e6840bd\lwjgl-openal-3.3.1.jar;C:\Users\jayth\.gradle\caches\modules-2\files-2.1\org.lwjgl\lwjgl-openal\3.3.1\f906b6439f6daa66001182ea7727e3467a93681b\lwjgl-openal-3.3.1-natives-linux.jar;C:\Users\jayth\.gradle\caches\modules-2\files-2.1\org.lwjgl\lwjgl-openal\3.3.1\ffbe35d7fa5ec9b7eca136a7c71f24d4025a510b\lwjgl-openal-3.3.1-natives-linux-arm32.jar;C:\Users\jayth\.gradle\caches\modules-2\files-2.1\org.lwjgl\lwjgl-openal\3.3.1\cf4e303257e82981b8b2e31bba3d7f8f7b8f42b2\lwjgl-openal-3.3.1-natives-linux-arm64.jar;C:\Users\jayth\.gradle\caches\modules-2\files-2.1\org.lwjgl\lwjgl-openal\3.3.1\3a57b8911835fb58b5e558d0ca0d28157e263d45\lwjgl-openal-3.3.1-natives-macos.jar;C:\Users\jayth\.gradle\caches\modules-2\files-2.1\org.lwjgl\lwjgl-openal\3.3.1\23d55e7490b57495320f6c9e1936d78fd72c4ef8\lwjgl-openal-3.3.1-natives-macos-arm64.jar;C:\Users\jayth\.gradle\caches\modules-2\files-2.1\org.lwjgl\lwjgl-openal\3.3.1\30a474d0e57193d7bc128849a3ab66bc9316fdb1\lwjgl-openal-3.3.1-natives-windows.jar;C:\Users\jayth\.gradle\caches\modules-2\files-2.1\org.lwjgl\lwjgl-openal\3.3.1\888349f7b1be6fbae58bf8edfb9ef12def04c4e3\lwjgl-openal-3.3.1-natives-windows-x86.jar;C:\Users\jayth\.gradle\caches\modules-2\files-2.1\org.lwjgl\lwjgl-opengl\3.3.1\831a5533a21a5f4f81bbc51bb13e9899319b5411\lwjgl-opengl-3.3.1.jar;C:\Users\jayth\.gradle\caches\modules-2\files-2.1\org.lwjgl\lwjgl-opengl\3.3.1\ab9ab6fde3743e3550fa5d46d785ecb45b047d99\lwjgl-opengl-3.3.1-natives-linux.jar;C:\Users\jayth\.gradle\caches\modules-2\files-2.1\org.lwjgl\lwjgl-opengl\3.3.1\e3550fa91097fd56e361b4370fa822220fef3595\lwjgl-opengl-3.3.1-natives-linux-arm32.jar;C:\Users\jayth\.gradle\caches\modules-2\files-2.1\org.lwjgl\lwjgl-opengl\3.3.1\1c528fb258a6e63e8fceb4482d8db0f3af10a634\lwjgl-opengl-3.3.1-natives-linux-arm64.jar;C:\Users\jayth\.gradle\caches\modules-2\files-2.1\org.lwjgl\lwjgl-opengl\3.3.1\a0d12697ea019a7362eff26475b0531340e876a6\lwjgl-opengl-3.3.1-natives-macos.jar;C:\Users\jayth\.gradle\caches\modules-2\files-2.1\org.lwjgl\lwjgl-opengl\3.3.1\eafe34b871d966292e8db0f1f3d6b8b110d4e91d\lwjgl-opengl-3.3.1-natives-macos-arm64.jar;C:\Users\jayth\.gradle\caches\modules-2\files-2.1\org.lwjgl\lwjgl-opengl\3.3.1\c1807e9bd571402787d7e37e3029776ae2513bb8\lwjgl-opengl-3.3.1-natives-windows.jar;C:\Users\jayth\.gradle\caches\modules-2\files-2.1\org.lwjgl\lwjgl-opengl\3.3.1\deef3eb9b178ff2ff3ce893cc72ae741c3a17974\lwjgl-opengl-3.3.1-natives-windows-x86.jar;C:\Users\jayth\.gradle\caches\modules-2\files-2.1\org.lwjgl\lwjgl-stb\3.3.1\b119297cf8ed01f247abe8685857f8e7fcf5980f\lwjgl-stb-3.3.1.jar;C:\Users\jayth\.gradle\caches\modules-2\files-2.1\org.lwjgl\lwjgl-stb\3.3.1\3ee7aec8686e52867677110415566a5342a80230\lwjgl-stb-3.3.1-natives-linux.jar;C:\Users\jayth\.gradle\caches\modules-2\files-2.1\org.lwjgl\lwjgl-stb\3.3.1\b08226bab162c06ae69337d8a1b0ee0a3fdf0b90\lwjgl-stb-3.3.1-natives-linux-arm32.jar;C:\Users\jayth\.gradle\caches\modules-2\files-2.1\org.lwjgl\lwjgl-stb\3.3.1\8e8348a1813aad7f30aaf75ea197151ebb7beba9\lwjgl-stb-3.3.1-natives-linux-arm64.jar;C:\Users\jayth\.gradle\caches\modules-2\files-2.1\org.lwjgl\lwjgl-stb\3.3.1\def8879b8d38a47a4cc1d48b1f9a7b772e51258e\lwjgl-stb-3.3.1-natives-macos.jar;C:\Users\jayth\.gradle\caches\modules-2\files-2.1\org.lwjgl\lwjgl-stb\3.3.1\fcf073ed911752abdca5f0b00a53cfdf17ff8e8b\lwjgl-stb-3.3.1-natives-macos-arm64.jar;C:\Users\jayth\.gradle\caches\modules-2\files-2.1\org.lwjgl\lwjgl-stb\3.3.1\86315914ac119efdb02dc9e8e978ade84f1702af\lwjgl-stb-3.3.1-natives-windows.jar;C:\Users\jayth\.gradle\caches\modules-2\files-2.1\org.lwjgl\lwjgl-stb\3.3.1\a8d41f419eecb430b7c91ea2ce2c5c451cae2091\lwjgl-stb-3.3.1-natives-windows-x86.jar;C:\Users\jayth\.gradle\caches\modules-2\files-2.1\org.lwjgl\lwjgl\3.3.1\ae58664f88e18a9bb2c77b063833ca7aaec484cb\lwjgl-3.3.1.jar;C:\Users\jayth\.gradle\caches\modules-2\files-2.1\org.lwjgl\lwjgl\3.3.1\1de885aba434f934201b99f2f1afb142036ac189\lwjgl-3.3.1-natives-linux.jar;C:\Users\jayth\.gradle\caches\modules-2\files-2.1\org.lwjgl\lwjgl\3.3.1\41a3c1dd15d6b964eb8196dde69720a3e3e5e969\lwjgl-3.3.1-natives-linux-arm32.jar;C:\Users\jayth\.gradle\caches\modules-2\files-2.1\org.lwjgl\lwjgl\3.3.1\b597401014acb7196c76d97e15a6288f54f1f692\lwjgl-3.3.1-natives-linux-arm64.jar;C:\Users\jayth\.gradle\caches\modules-2\files-2.1\org.lwjgl\lwjgl\3.3.1\fc6bb723dec2cd031557dccb2a95f0ab80acb9db\lwjgl-3.3.1-natives-macos.jar;C:\Users\jayth\.gradle\caches\modules-2\files-2.1\org.lwjgl\lwjgl\3.3.1\71d0d5e469c9c95351eb949064497e3391616ac9\lwjgl-3.3.1-natives-macos-arm64.jar;C:\Users\jayth\.gradle\caches\modules-2\files-2.1\org.lwjgl\lwjgl\3.3.1\36c37f16ab611b3aa11f3bcf80b1d509b4ce6b\lwjgl-3.3.1-natives-windows.jar;C:\Users\jayth\.gradle\caches\modules-2\files-2.1\org.lwjgl\lwjgl\3.3.1\3b14f4beae9dd39791ec9e12190a9380cd8a3ce6\lwjgl-3.3.1-natives-windows-x86.jar;C:\Users\jayth\.gradle\caches\modules-2\files-2.1\com.badlogicgames.jlayer\jlayer\1.0.1-gdx\7cca83cec5c1b2f011362f4d85aabd71a73b049d\jlayer-1.0.1-gdx.jar;C:\Users\jayth\.gradle\caches\modules-2\files-2.1\org.jcraft\jorbis\0.0.17\8872d22b293e8f5d7d56ff92be966e6dc28ebdc6\jorbis-0.0.17.jar;C:\Users\jayth\.gradle\caches\modules-2\files-2.1\com.badlogicgames.jamepad\jamepad\2.0.20.0\55eb0007fd55c9914d106dac3387b9d444572cab\jamepad-2.0.20.0.jar;C:\Users\jayth\.gradle\caches\modules-2\files-2.1\org.slf4j\slf4j-jdk14\1.7.36\4a18af6554bfe48b0f76eec98119c417da23c7e1\slf4j-jdk14-1.7.36.jar;C:\Users\jayth\.gradle\caches\modules-2\files-2.1\org.slf4j\slf4j-api\1.7.36\6c62681a2f655b49963a5983b8b0950a6120ae14\slf4j-api-1.7.36.jar;C:\Users\jayth\.gradle\caches\modules-2\files-2.1\com.badlogicgames.gdx\gdx-jnigen-loader\2.3.1\2d472f69243631fbcb3d4c3f93dd2e137a6cb084\gdx-jnigen-loader-2.3.1.jar;C:\Users\jayth\.gradle\caches\modules-2\files-2.1\org.lwjgl.lwjgl\lwjgl\2.9.3\3df168ac74e4a8c96562cdff24ad352e255bf89c\lwjgl-2.9.3.jar;C:\Users\jayth\.gradle\caches\modules-2\files-2.1\org.lwjgl.lwjgl\lwjgl-platform\2.9.3\fbc2afb3e288578e9942578decb6291a490549a0\lwjgl-platform-2.9.3-natives-windows.jar;C:\Users\jayth\.gradle\caches\modules-2\files-2.1\org.lwjgl.lwjgl\lwjgl-platform\2.9.3\b1eafe80093381c56415731e1d64279e6140bcd0\lwjgl-platform-2.9.3-natives-linux.jar;C:\Users\jayth\.gradle\caches\modules-2\files-2.1\org.lwjgl.lwjgl\lwjgl-platform\2.9.3\6686cf6ddaa20b4290aa6599a09bc0d17369be05\lwjgl-platform-2.9.3-natives-osx.jar;C:\Users\jayth\.gradle\caches\modules-2\files-2.1\net.java.jinput\jinput\2.0.5\39c7796b469a600f72380316f6b1f11db6c2c7c4\jinput-2.0.5.jar;C:\Users\jayth\.gradle\caches\modules-2\files-2.1\net.java.jutils\jutils\1.0.0\e12fe1fda814bd348c1579329c86943d2cd3c6a6\jutils-1.0.0.jar;C:\Users\jayth\.gradle\caches\modules-2\files-2.1\net.java.jinput\jinput-platform\2.0.5\7ff832a6eb9ab6a767f1ade2b548092d0fa64795\jinput-platform-2.0.5-natives-linux.jar;C:\Users\jayth\.gradle\caches\modules-2\files-2.1\net.java.jinput\jinput-platform\2.0.5\385ee093e01f587f30ee1c8a2ee7d408fd732e16\jinput-platform-2.0.5-natives-windows.jar;C:\Users\jayth\.gradle\caches\modules-2\files-2.1\net.java.jinput\jinput-platform\2.0.5\53f9c919f34d2ca9de8c51fc4e1e8282029a9232\jinput-platform-2.0.5-natives-osx.jar
Launcher Type: SUN_STANDARD

[Global flags]
     intx CICompilerCount                          = 4                                         {product} {ergonomic}
     uint ConcGCThreads                            = 2                                         {product} {ergonomic}
     uint G1ConcRefinementThreads                  = 8                                         {product} {ergonomic}
   size_t G1HeapRegionSize                         = 2097152                                   {product} {ergonomic}
    uintx GCDrainStackTargetSize                   = 64                                        {product} {ergonomic}
   size_t InitialHeapSize                          = 264241152                                 {product} {ergonomic}
   size_t MarkStackSize                            = 4194304                                   {product} {ergonomic}
   size_t MaxHeapSize                              = 4217372672                                {product} {ergonomic}
   size_t MaxNewSize                               = 2529165312                                {product} {ergonomic}
   size_t MinHeapDeltaBytes                        = 2097152                                   {product} {ergonomic}
   size_t MinHeapSize                              = 8388608                                   {product} {ergonomic}
    uintx NonNMethodCodeHeapSize                   = 5839372                                {pd product} {ergonomic}
    uintx NonProfiledCodeHeapSize                  = 122909434                              {pd product} {ergonomic}
    uintx ProfiledCodeHeapSize                     = 122909434                              {pd product} {ergonomic}
    uintx ReservedCodeCacheSize                    = 251658240                              {pd product} {ergonomic}
     bool SegmentedCodeCache                       = true                                      {product} {ergonomic}
   size_t SoftMaxHeapSize                          = 4217372672                             {manageable} {ergonomic}
     bool UseCompressedOops                        = true                           {product lp64_product} {ergonomic}
     bool UseG1GC                                  = true                                      {product} {ergonomic}
     bool UseLargePagesIndividualAllocation        = false                                  {pd product} {ergonomic}

Logging:
Log output configuration:
 #0: stdout all=warning uptime,level,tags foldmultilines=false
 #1: stderr all=off uptime,level,tags foldmultilines=false

Environment Variables:
JAVA_HOME=C:\Program Files\Java\jdk-21.0.2
PATH=C:\Program Files (x86)\Common Files\Oracle\Java\javapath;C:\Windows\system32;C:\Windows;C:\Windows\System32\Wbem;C:\Windows\System32\WindowsPowerShell\v1.0\;C:\Windows\System32\OpenSSH\;C:\Program Files (x86)\NVIDIA Corporation\PhysX\Common;C:\Program Files\dotnet\;C:\WINDOWS\system32;C:\WINDOWS;C:\WINDOWS\System32\Wbem;C:\WINDOWS\System32\WindowsPowerShell\v1.0\;C:\WINDOWS\System32\OpenSSH\;C:\Program Files\MATLAB\R2021b\bin;C:\Program Files (x86)\Pololu\USB AVR Programmer v2\bin;C:\Program Files\PuTTY\;C:\Program Files\Git\cmd;C:\Users\jayth\AppData\Local\Programs\Python\Python312\Scripts\;C:\Users\jayth\AppData\Local\Programs\Python\Python312\;C:\Users\jayth\AppData\Local\Programs\Python\Python311\Scripts\;C:\Users\jayth\AppData\Local\Programs\Python\Python311\;C:\Windows\system32;C:\Windows;C:\Windows\System32\Wbem;C:\Windows\System32\WindowsPowerShell\v1.0\;C:\Windows\System32\OpenSSH\;C:\Program Files (x86)\NVIDIA Corporation\PhysX\Common;C:\Program Files\dotnet\;C:\WINDOWS\system32;C:\WINDOWS;C:\WINDOWS\System32\Wbem;C:\WINDOWS\System32\WindowsPowerShell\v1.0\;C:\WINDOWS\System32\OpenSSH\;C:\Program Files\MATLAB\R2021b\bin;C:\Users\jayth\AppData\Local\Microsoft\WindowsApps;C:\Users\jayth\AppData\Local\Programs\Microsoft VS Code\bin;C:\Python34\Scripts;C:\Users\jayth\AppData\Local\GitHubDesktop\bin;C:\Program Files\Vim\vim91;
USERNAME=jayth
OS=Windows_NT
PROCESSOR_IDENTIFIER=Intel64 Family 6 Model 140 Stepping 1, GenuineIntel
TMP=C:\Users\jayth\AppData\Local\Temp
TEMP=C:\Users\jayth\AppData\Local\Temp




Periodic native trim disabled

---------------  S Y S T E M  ---------------

OS:
 Windows 11 , 64 bit Build 22621 (10.0.22621.3958)
OS uptime: 6 days 5:05 hours
Hyper-V role detected

CPU: total 8 (initial active 8) (4 cores per cpu, 2 threads per core) family 6 model 140 stepping 1 microcode 0x86, cx8, cmov, fxsr, ht, mmx, 3dnowpref, sse, sse2, sse3, ssse3, sse4.1, sse4.2, popcnt, lzcnt, tsc, tscinvbit, avx, avx2, aes, erms, clmul, bmi1, bmi2, adx, avx512f, avx512dq, avx512cd, avx512bw, avx512vl, sha, fma, vzeroupper, avx512_vpopcntdq, avx512_vpclmulqdq, avx512_vaes, avx512_vnni, clflush, clflushopt, clwb, avx512_vbmi2, avx512_vbmi, hv, rdtscp, rdpid, fsrm, gfni, avx512_bitalg, f16c, cet_ibt, cet_ss, avx512_ifma
Processor Information for all 8 processors :
  Max Mhz: 2803, Current Mhz: 2803, Mhz Limit: 2803

Memory: 4k page, system-wide physical 16082M (3668M free)
TotalPageFile size 21467M (AvailPageFile size 4081M)
current process WorkingSet (physical memory assigned to process): 53M, peak: 53M
current process commit charge ("private bytes"): 347M, peak: 347M

vm_info: OpenJDK 64-Bit Server VM (21.0.2+13-58) for windows-amd64 JRE (21.0.2+13-58), built on 2024-01-05T18:32:24Z by "mach5one" with MS VC++ 17.1 (VS2022)

END.
