#
# A fatal error has been detected by the Java Runtime Environment:
#
#  EXCEPTION_ACCESS_VIOLATION (0xc0000005) at pc=0x00007ffcc819691c, pid=15112, tid=20912
#
# JRE version: OpenJDK Runtime Environment (21.0.2+13) (build 21.0.2+13-58)
# Java VM: OpenJDK 64-Bit Server VM (21.0.2+13-58, mixed mode, sharing, tiered, compressed oops, compressed class ptrs, g1 gc, windows-amd64)
# Problematic frame:
# C  [jdwp.dll+0x2691c]
#
# No core dump will be written. Minidumps are not enabled by default on client versions of Windows
#
# If you would like to submit a bug report, please visit:
#   https://bugreport.java.com/bugreport/crash.jsp
# The crash happened outside the Java Virtual Machine in native code.
# See problematic frame for where to report the bug.
#

---------------  S U M M A R Y ------------

Command Line: -agentlib:jdwp=transport=dt_socket,server=n,suspend=y,address=127.0.0.1:52656 -Dfile.encoding=windows-1252 -Duser.country=AU -Duser.language=en -Duser.variant com.csse3200.game.desktop.DesktopLauncher

Host: AMD Ryzen 5 5625U with Radeon Graphics         , 12 cores, 7G,  Windows 11 , 64 bit Build 22621 (10.0.22621.3958)
Time: Tue Oct  8 18:53:21 2024 India Standard Time elapsed time: 1.300798 seconds (0d 0h 0m 1s)

---------------  T H R E A D  ---------------

Current thread (0x0000022bb46cb690):  JavaThread "main"             [_thread_in_native, id=20912, stack(0x0000008ade100000,0x0000008ade200000) (1024K)]

Stack: [0x0000008ade100000,0x0000008ade200000],  sp=0x0000008ade1fb388,  free space=1004k
Native frames: (J=compiled Java code, j=interpreted, Vv=VM code, C=native code)
C  [jdwp.dll+0x2691c]

Java frames: (J=compiled Java code, j=interpreted, Vv=VM code)
j  org.lwjgl.system.jemalloc.JEmalloc.nje_malloc(J)J+0
j  org.lwjgl.system.jemalloc.JEmalloc.<clinit>()V+44
v  ~StubRoutines::call_stub 0x0000022bc404100d
j  org.lwjgl.system.jemalloc.JEmallocAllocator.<clinit>()V+0
v  ~StubRoutines::call_stub 0x0000022bc404100d
j  java.lang.Class.forName0(Ljava/lang/String;ZLjava/lang/ClassLoader;Ljava/lang/Class;)Ljava/lang/Class;+0 java.base@21.0.2
j  java.lang.Class.forName(Ljava/lang/String;Ljava/lang/Class;)Ljava/lang/Class;+19 java.base@21.0.2
j  java.lang.Class.forName(Ljava/lang/String;)Ljava/lang/Class;+6 java.base@21.0.2
j  org.lwjgl.system.MemoryManage.getInstance()Lorg/lwjgl/system/MemoryUtil$MemoryAllocator;+68
j  org.lwjgl.system.MemoryUtil$LazyInit.<clinit>()V+0
v  ~StubRoutines::call_stub 0x0000022bc404100d
j  org.lwjgl.system.MemoryUtil.getAllocator(Z)Lorg/lwjgl/system/MemoryUtil$MemoryAllocator;+10
j  org.lwjgl.system.MemoryUtil.getAllocator()Lorg/lwjgl/system/MemoryUtil$MemoryAllocator;+1
j  org.lwjgl.system.Callback.<clinit>()V+217
v  ~StubRoutines::call_stub 0x0000022bc404100d
j  com.badlogic.gdx.backends.lwjgl3.Lwjgl3Application.initializeGlfw()V+21
j  com.badlogic.gdx.backends.lwjgl3.Lwjgl3Application.<init>(Lcom/badlogic/gdx/ApplicationListener;Lcom/badlogic/gdx/backends/lwjgl3/Lwjgl3ApplicationConfiguration;)V+82
j  com.csse3200.game.desktop.DesktopLauncher.main([Ljava/lang/String;)V+39
v  ~StubRoutines::call_stub 0x0000022bc404100d

siginfo: EXCEPTION_ACCESS_VIOLATION (0xc0000005), reading address 0xffffffffffffffff


Registers:
RAX=0x0000022bd1afdec0, RBX=0x0000022bd11bee20, RCX=0x0000022bb46cba48, RDX=0x0000022bd11bee20
RSP=0x0000008ade1fb388, RBP=0x0000000000000002, RSI=0x0000008ade1fb430, RDI=0x0000022bb46cba48
R8 =0x0000000000010002, R9 =0x0000000000000000, R10=0x00007ffccac00000, R11=0x0000008ade1fb358
R12=0x0000000000000007, R13=0x0000022bd11bee20, R14=0x00007ffcc81a0400, R15=0x0000000000000000
RIP=0x00007ffcc819691c, EFLAGS=0x0000000000010202


Register to memory mapping:

RAX=0x0000022bd1afdec0 points into unknown readable memory: 0x0000000000000000 | 00 00 00 00 00 00 00 00
RBX=0x0000022bd11bee20 points into unknown readable memory: 0x0000000091909c48 | 48 9c 90 91 00 00 00 00
RCX=0x0000022bb46cba48 points into unknown readable memory: 0x0000022bd1afdec0 | c0 de af d1 2b 02 00 00
RDX=0x0000022bd11bee20 points into unknown readable memory: 0x0000000091909c48 | 48 9c 90 91 00 00 00 00
RSP=0x0000008ade1fb388 is pointing into the stack for thread: 0x0000022bb46cb690
RBP=0x0000000000000002 is an unknown value
RSI=0x0000008ade1fb430 is pointing into the stack for thread: 0x0000022bb46cb690
RDI=0x0000022bb46cba48 points into unknown readable memory: 0x0000022bd1afdec0 | c0 de af d1 2b 02 00 00
R8 =0x0000000000010002 is an unknown value
R9 =0x0 is null
R10=0x00007ffccac00000 VCRUNTIME140.dll
R11=0x0000008ade1fb358 is pointing into the stack for thread: 0x0000022bb46cb690
R12=0x0000000000000007 is an unknown value
R13=0x0000022bd11bee20 points into unknown readable memory: 0x0000000091909c48 | 48 9c 90 91 00 00 00 00
R14=0x00007ffcc81a0400 jdwp.dll
R15=0x0 is null

Top of Stack: (sp=0x0000008ade1fb388)
0x0000008ade1fb388:   00007ffcc81861bf 0000022bd11bee20
0x0000008ade1fb398:   0000008ade1fb430 0000000000000000
0x0000008ade1fb3a8:   0000000000000000 0000000200000007
0x0000008ade1fb3b8:   0000022bd1192e10 0000022bb2547650
0x0000008ade1fb3c8:   00007ffcc81a0428 0000022bb46cbc68
0x0000008ade1fb3d8:   00007ffcc818283f 0000022bd11bee20
0x0000008ade1fb3e8:   0000000000000002 0000022bb46cba48
0x0000008ade1fb3f8:   0000022bd11bee28 0000008ade1fb5f0
0x0000008ade1fb408:   0000022bd1031528 00000005d1990100
0x0000008ade1fb418:   0000022bd301dd80 0000000000000000
0x0000008ade1fb428:   0000022bd1a7e888 0000000000000007
0x0000008ade1fb438:   0000022bd11bee20 0000000000000000
0x0000008ade1fb448:   0000022bd11bee28 0000000000000000
0x0000008ade1fb458:   0000000000000000 0000000000000000
0x0000008ade1fb468:   0000000000000000 0000000000000000
0x0000008ade1fb478:   0000000000000000 0000000000000000
0x0000008ade1fb488:   0000022bb46cbc68 0000022bd301dd80
0x0000008ade1fb498:   00007ffc325489e7 0000022bd11bee28
0x0000008ade1fb4a8:   0000022bd1432d60 0000022bb46cb690
0x0000008ade1fb4b8:   00000000000003d8 00003eb964486f34
0x0000008ade1fb4c8:   0000022bb46c8e90 0000000000000000
0x0000008ade1fb4d8:   0000022bb46cb690 0000000000000000
0x0000008ade1fb4e8:   0000008ade1fb5f0 0000022bd301dd80
0x0000008ade1fb4f8:   0000022c134d1c01 0000022bb25af740
0x0000008ade1fb508:   0000022bb2540670 0000022bb2540680
0x0000008ade1fb518:   0000022bb2540a58 00000000000003d8
0x0000008ade1fb528:   0000022bb46cb690 0000022bb46cb690
0x0000008ade1fb538:   0000022bb25af540 0000022bb252c620
0x0000008ade1fb548:   0000022bb252c660 0000022bb252c708
0x0000008ade1fb558:   00000000000000d8 0000008ade1fb570
0x0000008ade1fb568:   00007ffc3224d761 0000022bb46cb690
0x0000008ade1fb578:   0000022bb25af540 0000022bb252c620 

Instructions: (pc=0x00007ffcc819691c)
0x00007ffcc819681c:   05 df 08 01 00 48 8b 03 48 8b d7 4d 8b 40 30 48
0x00007ffcc819682c:   8b cb 48 8b 5c 24 30 48 83 c4 20 5f 48 ff a0 00
0x00007ffcc819683c:   01 00 00 cc 48 89 5c 24 08 57 48 83 ec 20 48 8b
0x00007ffcc819684c:   f9 e8 f2 ea ff ff 4c 8b 05 a7 08 01 00 48 8b d8
0x00007ffcc819685c:   41 f6 80 10 02 00 00 02 74 33 41 b8 20 06 00 00
0x00007ffcc819686c:   48 8d 15 15 c4 00 00 48 8d 0d 8a 5b 00 00 e8 d9
0x00007ffcc819687c:   48 ff ff 48 8d 15 52 9a 00 00 48 8d 0d 8b 5b 00
0x00007ffcc819688c:   00 e8 6e 49 ff ff 4c 8b 05 67 08 01 00 48 8b 03
0x00007ffcc819689c:   48 8b d7 4d 8b 40 38 48 8b cb 48 8b 5c 24 30 48
0x00007ffcc81968ac:   83 c4 20 5f 48 ff a0 00 01 00 00 cc 48 89 5c 24
0x00007ffcc81968bc:   08 57 48 83 ec 20 48 8b f9 e8 7a ea ff ff 48 8b
0x00007ffcc81968cc:   15 2f 08 01 00 48 8b d8 f6 82 10 02 00 00 02 74
0x00007ffcc81968dc:   2c 41 b8 12 06 00 00 48 8d 15 9e c3 00 00 48 8d
0x00007ffcc81968ec:   0d 13 5b 00 00 e8 62 48 ff ff 48 8d 15 f3 6b 00
0x00007ffcc81968fc:   00 48 8d 0d 14 5b 00 00 e8 f7 48 ff ff 48 8b 03
0x00007ffcc819690c:   48 8b d7 48 8b cb 48 8b 5c 24 30 48 83 c4 20 5f
0x00007ffcc819691c:   48 ff a0 50 07 00 00 cc 48 89 5c 24 08 48 89 74
0x00007ffcc819692c:   24 10 48 89 7c 24 18 41 56 48 83 ec 20 4c 63 f2
0x00007ffcc819693c:   49 8b d8 48 8b d1 41 8b f9 48 8b cb 4d 8d 46 ff
0x00007ffcc819694c:   ff 15 1e 59 00 00 85 c0 75 3c 41 0f be 44 1e ff
0x00007ffcc819695c:   3b c7 75 32 49 03 de eb 10 0f be c8 ff 15 f2 58
0x00007ffcc819696c:   00 00 85 c0 74 09 48 ff c3 8a 03 84 c0 75 ea 80
0x00007ffcc819697c:   3b 3b 74 12 8b d7 48 8b cb e8 38 4b 00 00 48 85
0x00007ffcc819698c:   c0 0f 94 c0 eb 02 32 c0 48 8b 5c 24 30 48 8b 74
0x00007ffcc819699c:   24 38 48 8b 7c 24 40 48 83 c4 20 41 5e c3 cc cc
0x00007ffcc81969ac:   0f b6 d1 83 fa 1e 0f 87 83 00 00 00 74 7b 83 fa
0x00007ffcc81969bc:   07 77 41 74 39 83 ea 01 74 2e 83 ea 01 74 23 83
0x00007ffcc81969cc:   ea 01 74 18 83 ea 01 74 0d 83 fa 02 0f 85 8a 00
0x00007ffcc81969dc:   00 00 8d 42 03 c3 b8 04 00 00 00 c3 b8 03 00 00
0x00007ffcc81969ec:   00 c3 b8 02 00 00 00 c3 b8 01 00 00 00 c3 b8 06
0x00007ffcc81969fc:   00 00 00 c3 b8 08 00 00 00 2b d0 74 26 83 ea 01
0x00007ffcc8196a0c:   0f 84 88 00 00 00 83 ea 01 74 12 b8 0a 00 00 00 


Stack slot to memory mapping:

stack at sp + 0 slots: 0x00007ffcc81861bf jdwp.dll
stack at sp + 1 slots: 0x0000022bd11bee20 points into unknown readable memory: 0x0000000091909c48 | 48 9c 90 91 00 00 00 00
stack at sp + 2 slots: 0x0000008ade1fb430 is pointing into the stack for thread: 0x0000022bb46cb690
stack at sp + 3 slots: 0x0 is null
stack at sp + 4 slots: 0x0 is null
stack at sp + 5 slots: 0x0000000200000007 is an unknown value
stack at sp + 6 slots: 0x0000022bd1192e10 points into unknown readable memory: 0x0000022bc45e0610 | 10 06 5e c4 2b 02 00 00
stack at sp + 7 slots: 0x0000022bb2547650 points into unknown readable memory: 0x8000001200000001 | 01 00 00 00 12 00 00 80


---------------  P R O C E S S  ---------------

Threads class SMR info:
_java_thread_list=0x0000022bd148bc00, length=14, elements={
0x0000022bb46cb690, 0x0000022bd1193f90, 0x0000022bd1194a70, 0x0000022bd1196660,
0x0000022bd1198f80, 0x0000022bd1198210, 0x0000022bd11befa0, 0x0000022bd11c7b00,
0x0000022bd11cb6b0, 0x0000022bd14618c0, 0x0000022bd1472810, 0x0000022bd1464fe0,
0x0000022bd14912b0, 0x0000022bd148ff00
}

Java Threads: ( => current thread )
=>0x0000022bb46cb690 JavaThread "main"                              [_thread_in_native, id=20912, stack(0x0000008ade100000,0x0000008ade200000) (1024K)]
  0x0000022bd1193f90 JavaThread "Reference Handler"          daemon [_thread_blocked, id=15636, stack(0x0000008ade900000,0x0000008adea00000) (1024K)]
  0x0000022bd1194a70 JavaThread "Finalizer"                  daemon [_thread_blocked, id=12248, stack(0x0000008adea00000,0x0000008adeb00000) (1024K)]
  0x0000022bd1196660 JavaThread "Signal Dispatcher"          daemon [_thread_blocked, id=4472, stack(0x0000008adeb00000,0x0000008adec00000) (1024K)]
  0x0000022bd1198f80 JavaThread "Attach Listener"            daemon [_thread_blocked, id=19812, stack(0x0000008adec00000,0x0000008aded00000) (1024K)]
  0x0000022bd1198210 JavaThread "Service Thread"             daemon [_thread_blocked, id=12128, stack(0x0000008aded00000,0x0000008adee00000) (1024K)]
  0x0000022bd11befa0 JavaThread "Monitor Deflation Thread"   daemon [_thread_blocked, id=21812, stack(0x0000008adee00000,0x0000008adef00000) (1024K)]
  0x0000022bd11c7b00 JavaThread "C2 CompilerThread0"         daemon [_thread_blocked, id=9492, stack(0x0000008adef00000,0x0000008adf000000) (1024K)]
  0x0000022bd11cb6b0 JavaThread "C1 CompilerThread0"         daemon [_thread_blocked, id=17300, stack(0x0000008adf000000,0x0000008adf100000) (1024K)]
  0x0000022bd14618c0 JavaThread "JDWP Transport Listener: dt_socket" daemon [_thread_blocked, id=18804, stack(0x0000008adf100000,0x0000008adf200000) (1024K)]
  0x0000022bd1472810 JavaThread "JDWP Event Helper Thread"   daemon [_thread_blocked, id=21916, stack(0x0000008adf200000,0x0000008adf300000) (1024K)]
  0x0000022bd1464fe0 JavaThread "JDWP Command Reader"        daemon [_thread_in_native, id=3960, stack(0x0000008adf300000,0x0000008adf400000) (1024K)]
  0x0000022bd14912b0 JavaThread "Notification Thread"        daemon [_thread_blocked, id=9108, stack(0x0000008adf400000,0x0000008adf500000) (1024K)]
  0x0000022bd148ff00 JavaThread "Common-Cleaner"             daemon [_thread_blocked, id=19380, stack(0x0000008adf500000,0x0000008adf600000) (1024K)]
Total: 14

Other Threads:
  0x0000022bd1175050 VMThread "VM Thread"                           [id=21416, stack(0x0000008ade800000,0x0000008ade900000) (1024K)]
  0x0000022bd115bec0 WatcherThread "VM Periodic Task Thread"        [id=284, stack(0x0000008ade700000,0x0000008ade800000) (1024K)]
  0x0000022bb471dbc0 WorkerThread "GC Thread#0"                     [id=8184, stack(0x0000008ade200000,0x0000008ade300000) (1024K)]
  0x0000022bb472d7e0 ConcurrentGCThread "G1 Main Marker"            [id=17528, stack(0x0000008ade300000,0x0000008ade400000) (1024K)]
  0x0000022bb472e1f0 WorkerThread "G1 Conc#0"                       [id=22440, stack(0x0000008ade400000,0x0000008ade500000) (1024K)]
  0x0000022bb477eba0 ConcurrentGCThread "G1 Refine#0"               [id=2916, stack(0x0000008ade500000,0x0000008ade600000) (1024K)]
  0x0000022bd10303d0 ConcurrentGCThread "G1 Service"                [id=5016, stack(0x0000008ade600000,0x0000008ade700000) (1024K)]
Total: 7

Threads with active compile tasks:
Total: 0

VM state: not at safepoint (normal execution)

VM Mutex/Monitor currently owned by a thread: None

Heap address: 0x000000008a400000, size: 1884 MB, Compressed Oops mode: 32-bit

CDS archive(s) mapped at: [0x0000022bd2000000-0x0000022bd2c90000-0x0000022bd2c90000), size 13172736, SharedBaseAddress: 0x0000022bd2000000, ArchiveRelocationMode: 1.
Compressed class space mapped at: 0x0000022bd3000000-0x0000022c13000000, reserved size: 1073741824
Narrow klass base: 0x0000022bd2000000, Narrow klass shift: 0, Narrow klass range: 0x100000000

GC Precious Log:
 CardTable entry size: 512
 Card Set container configuration: InlinePtr #cards 5 size 8 Array Of Cards #cards 12 size 40 Howl #buckets 4 coarsen threshold 1843 Howl Bitmap #cards 512 size 80 coarsen threshold 460 Card regions per heap region 1 cards per card region 2048
 CPUs: 12 total, 12 available
 Memory: 7528M
 Large Page Support: Disabled
 NUMA Support: Disabled
 Compressed Oops: Enabled (32-bit)
 Heap Region Size: 1M
 Heap Min Capacity: 8M
 Heap Initial Capacity: 118M
 Heap Max Capacity: 1884M
 Pre-touch: Disabled
 Parallel Workers: 10
 Concurrent Workers: 3
 Concurrent Refinement Workers: 10
 Periodic GC: Disabled

Heap:
 garbage-first heap   total 120832K, used 7168K [0x000000008a400000, 0x0000000100000000)
  region size 1024K, 8 young (8192K), 0 survivors (0K)
 Metaspace       used 2263K, committed 2432K, reserved 1114112K
  class space    used 183K, committed 256K, reserved 1048576K

Heap Regions: E=young(eden), S=young(survivor), O=old, HS=humongous(starts), HC=humongous(continues), CS=collection set, F=free, TAMS=top-at-mark-start, PB=parsable bottom
|   0|0x000000008a400000, 0x000000008a400000, 0x000000008a500000|  0%| F|  |TAMS 0x000000008a400000| PB 0x000000008a400000| Untracked 
|   1|0x000000008a500000, 0x000000008a500000, 0x000000008a600000|  0%| F|  |TAMS 0x000000008a500000| PB 0x000000008a500000| Untracked 
|   2|0x000000008a600000, 0x000000008a600000, 0x000000008a700000|  0%| F|  |TAMS 0x000000008a600000| PB 0x000000008a600000| Untracked 
|   3|0x000000008a700000, 0x000000008a700000, 0x000000008a800000|  0%| F|  |TAMS 0x000000008a700000| PB 0x000000008a700000| Untracked 
|   4|0x000000008a800000, 0x000000008a800000, 0x000000008a900000|  0%| F|  |TAMS 0x000000008a800000| PB 0x000000008a800000| Untracked 
|   5|0x000000008a900000, 0x000000008a900000, 0x000000008aa00000|  0%| F|  |TAMS 0x000000008a900000| PB 0x000000008a900000| Untracked 
|   6|0x000000008aa00000, 0x000000008aa00000, 0x000000008ab00000|  0%| F|  |TAMS 0x000000008aa00000| PB 0x000000008aa00000| Untracked 
|   7|0x000000008ab00000, 0x000000008ab00000, 0x000000008ac00000|  0%| F|  |TAMS 0x000000008ab00000| PB 0x000000008ab00000| Untracked 
|   8|0x000000008ac00000, 0x000000008ac00000, 0x000000008ad00000|  0%| F|  |TAMS 0x000000008ac00000| PB 0x000000008ac00000| Untracked 
|   9|0x000000008ad00000, 0x000000008ad00000, 0x000000008ae00000|  0%| F|  |TAMS 0x000000008ad00000| PB 0x000000008ad00000| Untracked 
|  10|0x000000008ae00000, 0x000000008ae00000, 0x000000008af00000|  0%| F|  |TAMS 0x000000008ae00000| PB 0x000000008ae00000| Untracked 
|  11|0x000000008af00000, 0x000000008af00000, 0x000000008b000000|  0%| F|  |TAMS 0x000000008af00000| PB 0x000000008af00000| Untracked 
|  12|0x000000008b000000, 0x000000008b000000, 0x000000008b100000|  0%| F|  |TAMS 0x000000008b000000| PB 0x000000008b000000| Untracked 
|  13|0x000000008b100000, 0x000000008b100000, 0x000000008b200000|  0%| F|  |TAMS 0x000000008b100000| PB 0x000000008b100000| Untracked 
|  14|0x000000008b200000, 0x000000008b200000, 0x000000008b300000|  0%| F|  |TAMS 0x000000008b200000| PB 0x000000008b200000| Untracked 
|  15|0x000000008b300000, 0x000000008b300000, 0x000000008b400000|  0%| F|  |TAMS 0x000000008b300000| PB 0x000000008b300000| Untracked 
|  16|0x000000008b400000, 0x000000008b400000, 0x000000008b500000|  0%| F|  |TAMS 0x000000008b400000| PB 0x000000008b400000| Untracked 
|  17|0x000000008b500000, 0x000000008b500000, 0x000000008b600000|  0%| F|  |TAMS 0x000000008b500000| PB 0x000000008b500000| Untracked 
|  18|0x000000008b600000, 0x000000008b600000, 0x000000008b700000|  0%| F|  |TAMS 0x000000008b600000| PB 0x000000008b600000| Untracked 
|  19|0x000000008b700000, 0x000000008b700000, 0x000000008b800000|  0%| F|  |TAMS 0x000000008b700000| PB 0x000000008b700000| Untracked 
|  20|0x000000008b800000, 0x000000008b800000, 0x000000008b900000|  0%| F|  |TAMS 0x000000008b800000| PB 0x000000008b800000| Untracked 
|  21|0x000000008b900000, 0x000000008b900000, 0x000000008ba00000|  0%| F|  |TAMS 0x000000008b900000| PB 0x000000008b900000| Untracked 
|  22|0x000000008ba00000, 0x000000008ba00000, 0x000000008bb00000|  0%| F|  |TAMS 0x000000008ba00000| PB 0x000000008ba00000| Untracked 
|  23|0x000000008bb00000, 0x000000008bb00000, 0x000000008bc00000|  0%| F|  |TAMS 0x000000008bb00000| PB 0x000000008bb00000| Untracked 
|  24|0x000000008bc00000, 0x000000008bc00000, 0x000000008bd00000|  0%| F|  |TAMS 0x000000008bc00000| PB 0x000000008bc00000| Untracked 
|  25|0x000000008bd00000, 0x000000008bd00000, 0x000000008be00000|  0%| F|  |TAMS 0x000000008bd00000| PB 0x000000008bd00000| Untracked 
|  26|0x000000008be00000, 0x000000008be00000, 0x000000008bf00000|  0%| F|  |TAMS 0x000000008be00000| PB 0x000000008be00000| Untracked 
|  27|0x000000008bf00000, 0x000000008bf00000, 0x000000008c000000|  0%| F|  |TAMS 0x000000008bf00000| PB 0x000000008bf00000| Untracked 
|  28|0x000000008c000000, 0x000000008c000000, 0x000000008c100000|  0%| F|  |TAMS 0x000000008c000000| PB 0x000000008c000000| Untracked 
|  29|0x000000008c100000, 0x000000008c100000, 0x000000008c200000|  0%| F|  |TAMS 0x000000008c100000| PB 0x000000008c100000| Untracked 
|  30|0x000000008c200000, 0x000000008c200000, 0x000000008c300000|  0%| F|  |TAMS 0x000000008c200000| PB 0x000000008c200000| Untracked 
|  31|0x000000008c300000, 0x000000008c300000, 0x000000008c400000|  0%| F|  |TAMS 0x000000008c300000| PB 0x000000008c300000| Untracked 
|  32|0x000000008c400000, 0x000000008c400000, 0x000000008c500000|  0%| F|  |TAMS 0x000000008c400000| PB 0x000000008c400000| Untracked 
|  33|0x000000008c500000, 0x000000008c500000, 0x000000008c600000|  0%| F|  |TAMS 0x000000008c500000| PB 0x000000008c500000| Untracked 
|  34|0x000000008c600000, 0x000000008c600000, 0x000000008c700000|  0%| F|  |TAMS 0x000000008c600000| PB 0x000000008c600000| Untracked 
|  35|0x000000008c700000, 0x000000008c700000, 0x000000008c800000|  0%| F|  |TAMS 0x000000008c700000| PB 0x000000008c700000| Untracked 
|  36|0x000000008c800000, 0x000000008c800000, 0x000000008c900000|  0%| F|  |TAMS 0x000000008c800000| PB 0x000000008c800000| Untracked 
|  37|0x000000008c900000, 0x000000008c900000, 0x000000008ca00000|  0%| F|  |TAMS 0x000000008c900000| PB 0x000000008c900000| Untracked 
|  38|0x000000008ca00000, 0x000000008ca00000, 0x000000008cb00000|  0%| F|  |TAMS 0x000000008ca00000| PB 0x000000008ca00000| Untracked 
|  39|0x000000008cb00000, 0x000000008cb00000, 0x000000008cc00000|  0%| F|  |TAMS 0x000000008cb00000| PB 0x000000008cb00000| Untracked 
|  40|0x000000008cc00000, 0x000000008cc00000, 0x000000008cd00000|  0%| F|  |TAMS 0x000000008cc00000| PB 0x000000008cc00000| Untracked 
|  41|0x000000008cd00000, 0x000000008cd00000, 0x000000008ce00000|  0%| F|  |TAMS 0x000000008cd00000| PB 0x000000008cd00000| Untracked 
|  42|0x000000008ce00000, 0x000000008ce00000, 0x000000008cf00000|  0%| F|  |TAMS 0x000000008ce00000| PB 0x000000008ce00000| Untracked 
|  43|0x000000008cf00000, 0x000000008cf00000, 0x000000008d000000|  0%| F|  |TAMS 0x000000008cf00000| PB 0x000000008cf00000| Untracked 
|  44|0x000000008d000000, 0x000000008d000000, 0x000000008d100000|  0%| F|  |TAMS 0x000000008d000000| PB 0x000000008d000000| Untracked 
|  45|0x000000008d100000, 0x000000008d100000, 0x000000008d200000|  0%| F|  |TAMS 0x000000008d100000| PB 0x000000008d100000| Untracked 
|  46|0x000000008d200000, 0x000000008d200000, 0x000000008d300000|  0%| F|  |TAMS 0x000000008d200000| PB 0x000000008d200000| Untracked 
|  47|0x000000008d300000, 0x000000008d300000, 0x000000008d400000|  0%| F|  |TAMS 0x000000008d300000| PB 0x000000008d300000| Untracked 
|  48|0x000000008d400000, 0x000000008d400000, 0x000000008d500000|  0%| F|  |TAMS 0x000000008d400000| PB 0x000000008d400000| Untracked 
|  49|0x000000008d500000, 0x000000008d500000, 0x000000008d600000|  0%| F|  |TAMS 0x000000008d500000| PB 0x000000008d500000| Untracked 
|  50|0x000000008d600000, 0x000000008d600000, 0x000000008d700000|  0%| F|  |TAMS 0x000000008d600000| PB 0x000000008d600000| Untracked 
|  51|0x000000008d700000, 0x000000008d700000, 0x000000008d800000|  0%| F|  |TAMS 0x000000008d700000| PB 0x000000008d700000| Untracked 
|  52|0x000000008d800000, 0x000000008d800000, 0x000000008d900000|  0%| F|  |TAMS 0x000000008d800000| PB 0x000000008d800000| Untracked 
|  53|0x000000008d900000, 0x000000008d900000, 0x000000008da00000|  0%| F|  |TAMS 0x000000008d900000| PB 0x000000008d900000| Untracked 
|  54|0x000000008da00000, 0x000000008da00000, 0x000000008db00000|  0%| F|  |TAMS 0x000000008da00000| PB 0x000000008da00000| Untracked 
|  55|0x000000008db00000, 0x000000008db00000, 0x000000008dc00000|  0%| F|  |TAMS 0x000000008db00000| PB 0x000000008db00000| Untracked 
|  56|0x000000008dc00000, 0x000000008dc00000, 0x000000008dd00000|  0%| F|  |TAMS 0x000000008dc00000| PB 0x000000008dc00000| Untracked 
|  57|0x000000008dd00000, 0x000000008dd00000, 0x000000008de00000|  0%| F|  |TAMS 0x000000008dd00000| PB 0x000000008dd00000| Untracked 
|  58|0x000000008de00000, 0x000000008de00000, 0x000000008df00000|  0%| F|  |TAMS 0x000000008de00000| PB 0x000000008de00000| Untracked 
|  59|0x000000008df00000, 0x000000008df00000, 0x000000008e000000|  0%| F|  |TAMS 0x000000008df00000| PB 0x000000008df00000| Untracked 
|  60|0x000000008e000000, 0x000000008e000000, 0x000000008e100000|  0%| F|  |TAMS 0x000000008e000000| PB 0x000000008e000000| Untracked 
|  61|0x000000008e100000, 0x000000008e100000, 0x000000008e200000|  0%| F|  |TAMS 0x000000008e100000| PB 0x000000008e100000| Untracked 
|  62|0x000000008e200000, 0x000000008e200000, 0x000000008e300000|  0%| F|  |TAMS 0x000000008e200000| PB 0x000000008e200000| Untracked 
|  63|0x000000008e300000, 0x000000008e300000, 0x000000008e400000|  0%| F|  |TAMS 0x000000008e300000| PB 0x000000008e300000| Untracked 
|  64|0x000000008e400000, 0x000000008e400000, 0x000000008e500000|  0%| F|  |TAMS 0x000000008e400000| PB 0x000000008e400000| Untracked 
|  65|0x000000008e500000, 0x000000008e500000, 0x000000008e600000|  0%| F|  |TAMS 0x000000008e500000| PB 0x000000008e500000| Untracked 
|  66|0x000000008e600000, 0x000000008e600000, 0x000000008e700000|  0%| F|  |TAMS 0x000000008e600000| PB 0x000000008e600000| Untracked 
|  67|0x000000008e700000, 0x000000008e700000, 0x000000008e800000|  0%| F|  |TAMS 0x000000008e700000| PB 0x000000008e700000| Untracked 
|  68|0x000000008e800000, 0x000000008e800000, 0x000000008e900000|  0%| F|  |TAMS 0x000000008e800000| PB 0x000000008e800000| Untracked 
|  69|0x000000008e900000, 0x000000008e900000, 0x000000008ea00000|  0%| F|  |TAMS 0x000000008e900000| PB 0x000000008e900000| Untracked 
|  70|0x000000008ea00000, 0x000000008ea00000, 0x000000008eb00000|  0%| F|  |TAMS 0x000000008ea00000| PB 0x000000008ea00000| Untracked 
|  71|0x000000008eb00000, 0x000000008eb00000, 0x000000008ec00000|  0%| F|  |TAMS 0x000000008eb00000| PB 0x000000008eb00000| Untracked 
|  72|0x000000008ec00000, 0x000000008ec00000, 0x000000008ed00000|  0%| F|  |TAMS 0x000000008ec00000| PB 0x000000008ec00000| Untracked 
|  73|0x000000008ed00000, 0x000000008ed00000, 0x000000008ee00000|  0%| F|  |TAMS 0x000000008ed00000| PB 0x000000008ed00000| Untracked 
|  74|0x000000008ee00000, 0x000000008ee00000, 0x000000008ef00000|  0%| F|  |TAMS 0x000000008ee00000| PB 0x000000008ee00000| Untracked 
|  75|0x000000008ef00000, 0x000000008ef00000, 0x000000008f000000|  0%| F|  |TAMS 0x000000008ef00000| PB 0x000000008ef00000| Untracked 
|  76|0x000000008f000000, 0x000000008f000000, 0x000000008f100000|  0%| F|  |TAMS 0x000000008f000000| PB 0x000000008f000000| Untracked 
|  77|0x000000008f100000, 0x000000008f100000, 0x000000008f200000|  0%| F|  |TAMS 0x000000008f100000| PB 0x000000008f100000| Untracked 
|  78|0x000000008f200000, 0x000000008f200000, 0x000000008f300000|  0%| F|  |TAMS 0x000000008f200000| PB 0x000000008f200000| Untracked 
|  79|0x000000008f300000, 0x000000008f300000, 0x000000008f400000|  0%| F|  |TAMS 0x000000008f300000| PB 0x000000008f300000| Untracked 
|  80|0x000000008f400000, 0x000000008f400000, 0x000000008f500000|  0%| F|  |TAMS 0x000000008f400000| PB 0x000000008f400000| Untracked 
|  81|0x000000008f500000, 0x000000008f500000, 0x000000008f600000|  0%| F|  |TAMS 0x000000008f500000| PB 0x000000008f500000| Untracked 
|  82|0x000000008f600000, 0x000000008f600000, 0x000000008f700000|  0%| F|  |TAMS 0x000000008f600000| PB 0x000000008f600000| Untracked 
|  83|0x000000008f700000, 0x000000008f700000, 0x000000008f800000|  0%| F|  |TAMS 0x000000008f700000| PB 0x000000008f700000| Untracked 
|  84|0x000000008f800000, 0x000000008f800000, 0x000000008f900000|  0%| F|  |TAMS 0x000000008f800000| PB 0x000000008f800000| Untracked 
|  85|0x000000008f900000, 0x000000008f900000, 0x000000008fa00000|  0%| F|  |TAMS 0x000000008f900000| PB 0x000000008f900000| Untracked 
|  86|0x000000008fa00000, 0x000000008fa00000, 0x000000008fb00000|  0%| F|  |TAMS 0x000000008fa00000| PB 0x000000008fa00000| Untracked 
|  87|0x000000008fb00000, 0x000000008fb00000, 0x000000008fc00000|  0%| F|  |TAMS 0x000000008fb00000| PB 0x000000008fb00000| Untracked 
|  88|0x000000008fc00000, 0x000000008fc00000, 0x000000008fd00000|  0%| F|  |TAMS 0x000000008fc00000| PB 0x000000008fc00000| Untracked 
|  89|0x000000008fd00000, 0x000000008fd00000, 0x000000008fe00000|  0%| F|  |TAMS 0x000000008fd00000| PB 0x000000008fd00000| Untracked 
|  90|0x000000008fe00000, 0x000000008fe00000, 0x000000008ff00000|  0%| F|  |TAMS 0x000000008fe00000| PB 0x000000008fe00000| Untracked 
|  91|0x000000008ff00000, 0x000000008ff00000, 0x0000000090000000|  0%| F|  |TAMS 0x000000008ff00000| PB 0x000000008ff00000| Untracked 
|  92|0x0000000090000000, 0x0000000090000000, 0x0000000090100000|  0%| F|  |TAMS 0x0000000090000000| PB 0x0000000090000000| Untracked 
|  93|0x0000000090100000, 0x0000000090100000, 0x0000000090200000|  0%| F|  |TAMS 0x0000000090100000| PB 0x0000000090100000| Untracked 
|  94|0x0000000090200000, 0x0000000090200000, 0x0000000090300000|  0%| F|  |TAMS 0x0000000090200000| PB 0x0000000090200000| Untracked 
|  95|0x0000000090300000, 0x0000000090300000, 0x0000000090400000|  0%| F|  |TAMS 0x0000000090300000| PB 0x0000000090300000| Untracked 
|  96|0x0000000090400000, 0x0000000090400000, 0x0000000090500000|  0%| F|  |TAMS 0x0000000090400000| PB 0x0000000090400000| Untracked 
|  97|0x0000000090500000, 0x0000000090500000, 0x0000000090600000|  0%| F|  |TAMS 0x0000000090500000| PB 0x0000000090500000| Untracked 
|  98|0x0000000090600000, 0x0000000090600000, 0x0000000090700000|  0%| F|  |TAMS 0x0000000090600000| PB 0x0000000090600000| Untracked 
|  99|0x0000000090700000, 0x0000000090700000, 0x0000000090800000|  0%| F|  |TAMS 0x0000000090700000| PB 0x0000000090700000| Untracked 
| 100|0x0000000090800000, 0x0000000090800000, 0x0000000090900000|  0%| F|  |TAMS 0x0000000090800000| PB 0x0000000090800000| Untracked 
| 101|0x0000000090900000, 0x0000000090900000, 0x0000000090a00000|  0%| F|  |TAMS 0x0000000090900000| PB 0x0000000090900000| Untracked 
| 102|0x0000000090a00000, 0x0000000090a00000, 0x0000000090b00000|  0%| F|  |TAMS 0x0000000090a00000| PB 0x0000000090a00000| Untracked 
| 103|0x0000000090b00000, 0x0000000090b00000, 0x0000000090c00000|  0%| F|  |TAMS 0x0000000090b00000| PB 0x0000000090b00000| Untracked 
| 104|0x0000000090c00000, 0x0000000090c00000, 0x0000000090d00000|  0%| F|  |TAMS 0x0000000090c00000| PB 0x0000000090c00000| Untracked 
| 105|0x0000000090d00000, 0x0000000090d00000, 0x0000000090e00000|  0%| F|  |TAMS 0x0000000090d00000| PB 0x0000000090d00000| Untracked 
| 106|0x0000000090e00000, 0x0000000090e00000, 0x0000000090f00000|  0%| F|  |TAMS 0x0000000090e00000| PB 0x0000000090e00000| Untracked 
| 107|0x0000000090f00000, 0x0000000090f00000, 0x0000000091000000|  0%| F|  |TAMS 0x0000000090f00000| PB 0x0000000090f00000| Untracked 
| 108|0x0000000091000000, 0x0000000091000000, 0x0000000091100000|  0%| F|  |TAMS 0x0000000091000000| PB 0x0000000091000000| Untracked 
| 109|0x0000000091100000, 0x0000000091100000, 0x0000000091200000|  0%| F|  |TAMS 0x0000000091100000| PB 0x0000000091100000| Untracked 
| 110|0x0000000091200000, 0x00000000912f00e0, 0x0000000091300000| 93%| E|  |TAMS 0x0000000091200000| PB 0x0000000091200000| Complete 
| 111|0x0000000091300000, 0x0000000091400000, 0x0000000091400000|100%| E|CS|TAMS 0x0000000091300000| PB 0x0000000091300000| Complete 
| 112|0x0000000091400000, 0x0000000091500000, 0x0000000091500000|100%| E|CS|TAMS 0x0000000091400000| PB 0x0000000091400000| Complete 
| 113|0x0000000091500000, 0x0000000091600000, 0x0000000091600000|100%| E|CS|TAMS 0x0000000091500000| PB 0x0000000091500000| Complete 
| 114|0x0000000091600000, 0x0000000091700000, 0x0000000091700000|100%| E|CS|TAMS 0x0000000091600000| PB 0x0000000091600000| Complete 
| 115|0x0000000091700000, 0x0000000091800000, 0x0000000091800000|100%| E|CS|TAMS 0x0000000091700000| PB 0x0000000091700000| Complete 
| 116|0x0000000091800000, 0x0000000091900000, 0x0000000091900000|100%| E|CS|TAMS 0x0000000091800000| PB 0x0000000091800000| Complete 
| 117|0x0000000091900000, 0x0000000091a00000, 0x0000000091a00000|100%| E|CS|TAMS 0x0000000091900000| PB 0x0000000091900000| Complete 

Card table byte_map: [0x0000022bcc420000,0x0000022bcc7d0000] _byte_map_base: 0x0000022bcbfce000

Marking Bits: (CMBitMap*) 0x0000022bb471e1d0
 Bits: [0x0000022bcc7d0000, 0x0000022bce540000)

Polling page: 0x0000022bb3e80000

Metaspace:

Usage:
  Non-class:      2.03 MB used.
      Class:    183.84 KB used.
       Both:      2.21 MB used.

Virtual space:
  Non-class space:       64.00 MB reserved,       2.12 MB (  3%) committed,  1 nodes.
      Class space:        1.00 GB reserved,     256.00 KB ( <1%) committed,  1 nodes.
             Both:        1.06 GB reserved,       2.38 MB ( <1%) committed. 

Chunk freelists:
   Non-Class:  11.12 MB
       Class:  15.63 MB
        Both:  26.76 MB

MaxMetaspaceSize: unlimited
CompressedClassSpaceSize: 1.00 GB
Initial GC threshold: 21.00 MB
Current GC threshold: 21.00 MB
CDS: on
 - commit_granule_bytes: 65536.
 - commit_granule_words: 8192.
 - virtual_space_node_default_size: 8388608.
 - enlarge_chunks_in_place: 1.
 - use_allocation_guard: 0.


Internal statistics:

num_allocs_failed_limit: 0.
num_arena_births: 64.
num_arena_deaths: 0.
num_vsnodes_births: 2.
num_vsnodes_deaths: 0.
num_space_committed: 38.
num_space_uncommitted: 0.
num_chunks_returned_to_freelist: 0.
num_chunks_taken_from_freelist: 120.
num_chunk_merges: 0.
num_chunk_splits: 73.
num_chunks_enlarged: 49.
num_inconsistent_stats: 0.

CodeHeap 'non-profiled nmethods': size=120000Kb used=201Kb max_used=201Kb free=119798Kb
 bounds [0x0000022bc45e0000, 0x0000022bc4850000, 0x0000022bcbb10000]
CodeHeap 'profiled nmethods': size=120000Kb used=914Kb max_used=914Kb free=119085Kb
 bounds [0x0000022bbcb10000, 0x0000022bbcd80000, 0x0000022bc4040000]
CodeHeap 'non-nmethods': size=5760Kb used=1397Kb max_used=1414Kb free=4362Kb
 bounds [0x0000022bc4040000, 0x0000022bc42b0000, 0x0000022bc45e0000]
 total_blobs=1020 nmethods=577 adapters=348
 compilation: enabled
              stopped_count=0, restarted_count=0
 full_count=0

Compilation events (20 events):
Event: 1.272 Thread 0x0000022bd11cb6b0  568       1       java.nio.HeapByteBuffer::isReadOnly (2 bytes)
Event: 1.273 Thread 0x0000022bd11cb6b0 nmethod 568 0x0000022bc460ed10 code [0x0000022bc460eea0, 0x0000022bc460ef68]
Event: 1.275 Thread 0x0000022bd11cb6b0  569       3       java.nio.Buffer::position (52 bytes)
Event: 1.276 Thread 0x0000022bd11cb6b0 nmethod 569 0x0000022bbcbf1a10 code [0x0000022bbcbf1be0, 0x0000022bbcbf1e70]
Event: 1.276 Thread 0x0000022bd11cb6b0  570       3       java.nio.ByteBuffer::position (8 bytes)
Event: 1.276 Thread 0x0000022bd11cb6b0 nmethod 570 0x0000022bbcbf1f90 code [0x0000022bbcbf2140, 0x0000022bbcbf2298]
Event: 1.276 Thread 0x0000022bd11c7b00 nmethod 565 0x0000022bc460f010 code [0x0000022bc460f240, 0x0000022bc460fa48]
Event: 1.276 Thread 0x0000022bd11c7b00  566   !   4       java.util.zip.ZipFile::getEntry (59 bytes)
Event: 1.280 Thread 0x0000022bd11cb6b0  572       3       java.lang.String::equalsIgnoreCase (45 bytes)
Event: 1.280 Thread 0x0000022bd11cb6b0 nmethod 572 0x0000022bbcbf2390 code [0x0000022bbcbf2580, 0x0000022bbcbf2ad8]
Event: 1.287 Thread 0x0000022bd11cb6b0  573       3       jdk.internal.jimage.BasicImageReader::getLocationIndex (52 bytes)
Event: 1.288 Thread 0x0000022bd11cb6b0 nmethod 573 0x0000022bbcbf2c90 code [0x0000022bbcbf2ea0, 0x0000022bbcbf3350]
Event: 1.288 Thread 0x0000022bd11cb6b0  574       3       jdk.internal.jimage.ImageStringsReader::hashCode (8 bytes)
Event: 1.288 Thread 0x0000022bd11cb6b0 nmethod 574 0x0000022bbcbf3610 code [0x0000022bbcbf37c0, 0x0000022bbcbf3988]
Event: 1.288 Thread 0x0000022bd11cb6b0  576       3       jdk.internal.loader.URLClassPath$JarLoader::findResource (18 bytes)
Event: 1.288 Thread 0x0000022bd11cb6b0 nmethod 576 0x0000022bbcbf3a90 code [0x0000022bbcbf3c60, 0x0000022bbcbf3f10]
Event: 1.288 Thread 0x0000022bd11cb6b0  575       3       jdk.internal.jimage.ImageStringsReader::match (11 bytes)
Event: 1.288 Thread 0x0000022bd11cb6b0 nmethod 575 0x0000022bbcbf4010 code [0x0000022bbcbf41c0, 0x0000022bbcbf43b8]
Event: 1.289 Thread 0x0000022bd11cb6b0  577       3       java.io.FilterInputStream::<init> (10 bytes)
Event: 1.289 Thread 0x0000022bd11cb6b0 nmethod 577 0x0000022bbcbf4490 code [0x0000022bbcbf4640, 0x0000022bbcbf4868]

GC Heap History (0 events):
No events

Dll operation events (9 events):
Event: 0.023 Loaded shared library C:\Program Files\Java\jdk-21.0.2\bin\java.dll
Event: 0.083 Loaded shared library C:\Program Files\Java\jdk-21.0.2\bin\jsvml.dll
Event: 0.687 Loaded shared library C:\Program Files\Java\jdk-21.0.2\bin\net.dll
Event: 0.690 Loaded shared library C:\Program Files\Java\jdk-21.0.2\bin\nio.dll
Event: 0.699 Loaded shared library C:\Program Files\Java\jdk-21.0.2\bin\zip.dll
Event: 0.927 Loaded shared library C:\Program Files\Java\jdk-21.0.2\bin\verify.dll
Event: 0.943 Loaded shared library C:\Program Files\Java\jdk-21.0.2\bin\jimage.dll
Event: 1.057 Loaded shared library C:\Users\sneha\AppData\Local\Temp\libgdxSneha\e787ab0a\gdx64.dll
Event: 1.200 Loaded shared library C:\Users\sneha\AppData\Local\Temp\lwjglSneha\3.3.1-build-7\lwjgl.dll

Deoptimization events (20 events):
Event: 0.719 Thread 0x0000022bb46cb690 DEOPT PACKING pc=0x0000022bbcb2ec55 sp=0x0000008ade1f9fc0
Event: 0.719 Thread 0x0000022bb46cb690 DEOPT UNPACKING pc=0x0000022bc4094e42 sp=0x0000008ade1f9430 mode 0
Event: 0.729 Thread 0x0000022bb46cb690 DEOPT PACKING pc=0x0000022bbcb1caf3 sp=0x0000008ade1f9f30
Event: 0.729 Thread 0x0000022bb46cb690 DEOPT UNPACKING pc=0x0000022bc4094e42 sp=0x0000008ade1f9350 mode 0
Event: 0.736 Thread 0x0000022bb46cb690 DEOPT PACKING pc=0x0000022bbcb18854 sp=0x0000008ade1f9ef0
Event: 0.736 Thread 0x0000022bb46cb690 DEOPT UNPACKING pc=0x0000022bc4094e42 sp=0x0000008ade1f9358 mode 0
Event: 1.047 Thread 0x0000022bb46cb690 Uncommon trap: trap_request=0xffffff45 fr.pc=0x0000022bc45eb114 relative=0x0000000000000074
Event: 1.047 Thread 0x0000022bb46cb690 Uncommon trap: reason=unstable_if action=reinterpret pc=0x0000022bc45eb114 method=java.io.WinNTFileSystem.isSlash(C)Z @ 9 c2
Event: 1.047 Thread 0x0000022bb46cb690 DEOPT PACKING pc=0x0000022bc45eb114 sp=0x0000008ade1fe8e0
Event: 1.047 Thread 0x0000022bb46cb690 DEOPT UNPACKING pc=0x0000022bc40946a2 sp=0x0000008ade1fe878 mode 2
Event: 1.194 Thread 0x0000022bb46cb690 Uncommon trap: trap_request=0xffffff45 fr.pc=0x0000022bc45ee370 relative=0x0000000000000050
Event: 1.194 Thread 0x0000022bb46cb690 Uncommon trap: reason=unstable_if action=reinterpret pc=0x0000022bc45ee370 method=sun.nio.fs.WindowsPathParser.isSlash(C)Z @ 9 c2
Event: 1.194 Thread 0x0000022bb46cb690 DEOPT PACKING pc=0x0000022bc45ee370 sp=0x0000008ade1fb4d0
Event: 1.194 Thread 0x0000022bb46cb690 DEOPT UNPACKING pc=0x0000022bc40946a2 sp=0x0000008ade1fb468 mode 2
Event: 1.239 Thread 0x0000022bb46cb690 DEOPT PACKING pc=0x0000022bbcb3f903 sp=0x0000008ade1fc9d0
Event: 1.239 Thread 0x0000022bb46cb690 DEOPT UNPACKING pc=0x0000022bc4094e42 sp=0x0000008ade1fbe30 mode 0
Event: 1.263 Thread 0x0000022bb46cb690 Uncommon trap: trap_request=0xffffff6e fr.pc=0x0000022bc460e564 relative=0x0000000000000424
Event: 1.263 Thread 0x0000022bb46cb690 Uncommon trap: reason=loop_limit_check action=maybe_recompile pc=0x0000022bc460e564 method=java.lang.StringLatin1.indexOf([BI[BII)I @ 37 c2
Event: 1.263 Thread 0x0000022bb46cb690 DEOPT PACKING pc=0x0000022bc460e564 sp=0x0000008ade1fb860
Event: 1.263 Thread 0x0000022bb46cb690 DEOPT UNPACKING pc=0x0000022bc40946a2 sp=0x0000008ade1fb7c0 mode 2

Classes loaded (20 events):
Event: 1.206 Loading class java/nio/DirectShortBufferU
Event: 1.206 Loading class java/nio/DirectShortBufferU done
Event: 1.207 Loading class java/nio/DirectCharBufferU
Event: 1.207 Loading class java/nio/DirectCharBufferU done
Event: 1.208 Loading class java/nio/DirectFloatBufferU
Event: 1.208 Loading class java/nio/DirectFloatBufferU done
Event: 1.208 Loading class java/nio/DirectDoubleBufferU
Event: 1.209 Loading class java/nio/DirectDoubleBufferU done
Event: 1.209 Loading class sun/misc/Unsafe
Event: 1.209 Loading class sun/misc/Unsafe done
Event: 1.210 Loading class java/lang/invoke/DirectMethodHandle$StaticAccessor
Event: 1.210 Loading class java/lang/invoke/DirectMethodHandle$StaticAccessor done
Event: 1.215 Loading class java/util/function/LongPredicate
Event: 1.215 Loading class java/util/function/LongPredicate done
Event: 1.220 Loading class java/lang/foreign/MemorySegment
Event: 1.221 Loading class java/lang/foreign/MemorySegment done
Event: 1.235 Loading class java/nio/InvalidMarkException
Event: 1.236 Loading class java/nio/InvalidMarkException done
Event: 1.236 Loading class java/nio/BufferUnderflowException
Event: 1.236 Loading class java/nio/BufferUnderflowException done

Classes unloaded (0 events):
No events

Classes redefined (0 events):
No events

Internal exceptions (17 events):
Event: 1.117 Thread 0x0000022bb46cb690 Exception <a 'java/lang/NoSuchMethodError'{0x000000009133ae70}: 'void java.lang.invoke.DirectMethodHandle$Holder.invokeStatic(java.lang.Object, java.lang.Object)'> (0x000000009133ae70) 
thrown [s\open\src\hotspot\share\interpreter\linkResolver.cpp, line 773]
Event: 1.119 Thread 0x0000022bb46cb690 Exception <a 'java/lang/NoSuchMethodError'{0x0000000091340068}: 'void java.lang.System.load(java.lang.String, java.lang.Class)'> (0x0000000091340068) 
thrown [s\open\src\hotspot\share\interpreter\linkResolver.cpp, line 773]
Event: 1.119 Thread 0x0000022bb46cb690 Exception <a 'java/lang/NoSuchMethodError'{0x0000000091340c58}: 'void java.lang.invoke.DirectMethodHandle$Holder.invokeSpecial(java.lang.Object, java.lang.Object, java.lang.Object)'> (0x0000000091340c58) 
thrown [s\open\src\hotspot\share\interpreter\linkResolver.cpp, line 773]
Event: 1.125 Thread 0x0000022bb46cb690 Exception <a 'java/lang/NoSuchMethodError'{0x0000000091351770}: 'java.lang.Object java.lang.invoke.DirectMethodHandle$Holder.invokeStatic(java.lang.Object, java.lang.Object, int)'> (0x0000000091351770) 
thrown [s\open\src\hotspot\share\interpreter\linkResolver.cpp, line 773]
Event: 1.127 Thread 0x0000022bb46cb690 Exception <a 'java/lang/NoSuchMethodError'{0x000000009135cbc0}: 'void java.lang.invoke.DelegatingMethodHandle$Holder.delegate(java.lang.Object, java.lang.Object, int, java.lang.Object)'> (0x000000009135cbc0) 
thrown [s\open\src\hotspot\share\interpreter\linkResolver.cpp, line 773]
Event: 1.128 Thread 0x0000022bb46cb690 Exception <a 'java/lang/NoSuchMethodError'{0x0000000091360aa8}: 'int java.lang.invoke.DirectMethodHandle$Holder.invokeSpecial(java.lang.Object, java.lang.Object, java.lang.Object)'> (0x0000000091360aa8) 
thrown [s\open\src\hotspot\share\interpreter\linkResolver.cpp, line 773]
Event: 1.141 Thread 0x0000022bb46cb690 Exception <a 'java/lang/NoSuchMethodError'{0x000000009137abe0}: 'void java.lang.System.loadLibrary(java.lang.String, java.lang.Class)'> (0x000000009137abe0) 
thrown [s\open\src\hotspot\share\interpreter\linkResolver.cpp, line 773]
Event: 1.195 Thread 0x0000022bb46cb690 Exception <a 'sun/nio/fs/WindowsException'{0x00000000913d2158}> (0x00000000913d2158) 
thrown [s\open\src\hotspot\share\prims\jni.cpp, line 520]
Event: 1.196 Thread 0x0000022bb46cb690 Exception <a 'sun/nio/fs/WindowsException'{0x00000000913d2688}> (0x00000000913d2688) 
thrown [s\open\src\hotspot\share\prims\jni.cpp, line 520]
Event: 1.216 Thread 0x0000022bb46cb690 Exception <a 'java/lang/NoSuchMethodError'{0x0000000091208e08}: 'int java.lang.invoke.DirectMethodHandle$Holder.invokeStaticInit(java.lang.Object, java.lang.Object, int, long)'> (0x0000000091208e08) 
thrown [s\open\src\hotspot\share\interpreter\linkResolver.cpp, line 773]
Event: 1.219 Thread 0x0000022bb46cb690 Exception <a 'java/lang/NoSuchMethodError'{0x000000009120de30}: 'java.lang.Object java.lang.invoke.DirectMethodHandle$Holder.newInvokeSpecial(java.lang.Object, java.lang.Object, int)'> (0x000000009120de30) 
thrown [s\open\src\hotspot\share\interpreter\linkResolver.cpp, line 773]
Event: 1.227 Thread 0x0000022bb46cb690 Exception <a 'java/lang/NoSuchMethodError'{0x000000009121f4f8}: 'int java.lang.invoke.DirectMethodHandle$Holder.invokeStaticInit(java.lang.Object, java.lang.Object, long, long)'> (0x000000009121f4f8) 
thrown [s\open\src\hotspot\share\interpreter\linkResolver.cpp, line 773]
Event: 1.229 Thread 0x0000022bb46cb690 Exception <a 'java/lang/NoSuchMethodError'{0x0000000091224d60}: 'java.lang.Object java.lang.invoke.DirectMethodHandle$Holder.newInvokeSpecial(java.lang.Object, java.lang.Object, long)'> (0x0000000091224d60) 
thrown [s\open\src\hotspot\share\interpreter\linkResolver.cpp, line 773]
Event: 1.229 Thread 0x0000022bb46cb690 Exception <a 'java/lang/NoSuchMethodError'{0x0000000091228b50}: 'java.lang.Object java.lang.invoke.Invokers$Holder.linkToTargetMethod(java.lang.Object, long, java.lang.Object)'> (0x0000000091228b50) 
thrown [s\open\src\hotspot\share\interpreter\linkResolver.cpp, line 773]
Event: 1.231 Thread 0x0000022bb46cb690 Exception <a 'java/lang/NoSuchMethodError'{0x000000009122fbd8}: 'int java.lang.invoke.DirectMethodHandle$Holder.invokeStaticInit(java.lang.Object, java.lang.Object, java.lang.Object, long)'> (0x000000009122fbd8) 
thrown [s\open\src\hotspot\share\interpreter\linkResolver.cpp, line 773]
Event: 1.276 Thread 0x0000022bb46cb690 Exception <a 'sun/nio/fs/WindowsException'{0x00000000912b8718}> (0x00000000912b8718) 
thrown [s\open\src\hotspot\share\prims\jni.cpp, line 520]
Event: 1.277 Thread 0x0000022bb46cb690 Exception <a 'sun/nio/fs/WindowsException'{0x00000000912b8aa8}> (0x00000000912b8aa8) 
thrown [s\open\src\hotspot\share\prims\jni.cpp, line 520]

ZGC Phase Switch (0 events):
No events

VM Operations (8 events):
Event: 0.742 Executing VM operation: HandshakeAllThreads (Deoptimize)
Event: 0.742 Executing VM operation: HandshakeAllThreads (Deoptimize) done
Event: 1.046 Executing VM operation: HandshakeAllThreads (Deoptimize)
Event: 1.046 Executing VM operation: HandshakeAllThreads (Deoptimize) done
Event: 1.124 Executing VM operation: HandshakeAllThreads (Deoptimize)
Event: 1.124 Executing VM operation: HandshakeAllThreads (Deoptimize) done
Event: 1.124 Executing VM operation: Cleanup
Event: 1.124 Executing VM operation: Cleanup done

Events (14 events):
Event: 0.053 Thread 0x0000022bb46cb690 Thread added: 0x0000022bb46cb690
Event: 0.080 Thread 0x0000022bd1193f90 Thread added: 0x0000022bd1193f90
Event: 0.080 Thread 0x0000022bd1194a70 Thread added: 0x0000022bd1194a70
Event: 0.080 Thread 0x0000022bd1196660 Thread added: 0x0000022bd1196660
Event: 0.080 Thread 0x0000022bd1198f80 Thread added: 0x0000022bd1198f80
Event: 0.080 Thread 0x0000022bd1198210 Thread added: 0x0000022bd1198210
Event: 0.080 Thread 0x0000022bd11befa0 Thread added: 0x0000022bd11befa0
Event: 0.081 Thread 0x0000022bd11c7b00 Thread added: 0x0000022bd11c7b00
Event: 0.081 Thread 0x0000022bd11cb6b0 Thread added: 0x0000022bd11cb6b0
Event: 0.307 Thread 0x0000022bd14618c0 Thread added: 0x0000022bd14618c0
Event: 0.308 Thread 0x0000022bd1472810 Thread added: 0x0000022bd1472810
Event: 0.308 Thread 0x0000022bd1464fe0 Thread added: 0x0000022bd1464fe0
Event: 0.662 Thread 0x0000022bd14912b0 Thread added: 0x0000022bd14912b0
Event: 0.670 Thread 0x0000022bd148ff00 Thread added: 0x0000022bd148ff00


Dynamic libraries:
0x00007ff74eae0000 - 0x00007ff74eaee000 	C:\Program Files\Java\jdk-21.0.2\bin\java.exe
0x00007ffce25b0000 - 0x00007ffce27c7000 	C:\WINDOWS\SYSTEM32\ntdll.dll
0x00007ffce03b0000 - 0x00007ffce0474000 	C:\WINDOWS\System32\KERNEL32.DLL
0x00007ffcdf8c0000 - 0x00007ffcdfc77000 	C:\WINDOWS\System32\KERNELBASE.dll
0x00007ffcdff40000 - 0x00007ffce0051000 	C:\WINDOWS\System32\ucrtbase.dll
0x00007ffccac00000 - 0x00007ffccac1b000 	C:\Program Files\Java\jdk-21.0.2\bin\VCRUNTIME140.dll
0x00007ffccb250000 - 0x00007ffccb268000 	C:\Program Files\Java\jdk-21.0.2\bin\jli.dll
0x00007ffce0870000 - 0x00007ffce0a1f000 	C:\WINDOWS\System32\USER32.dll
0x00007ffcdfee0000 - 0x00007ffcdff06000 	C:\WINDOWS\System32\win32u.dll
0x00007ffcce530000 - 0x00007ffcce7c3000 	C:\WINDOWS\WinSxS\amd64_microsoft.windows.common-controls_6595b64144ccf1df_6.0.22621.3672_none_2713b9d173822955\COMCTL32.dll
0x00007ffce0d30000 - 0x00007ffce0d59000 	C:\WINDOWS\System32\GDI32.dll
0x00007ffce02e0000 - 0x00007ffce0387000 	C:\WINDOWS\System32\msvcrt.dll
0x00007ffcdfd40000 - 0x00007ffcdfe58000 	C:\WINDOWS\System32\gdi32full.dll
0x00007ffce0060000 - 0x00007ffce00fa000 	C:\WINDOWS\System32\msvcp_win.dll
0x00007ffce0cf0000 - 0x00007ffce0d21000 	C:\WINDOWS\System32\IMM32.DLL
0x00007ffcdab30000 - 0x00007ffcdab3c000 	C:\Program Files\Java\jdk-21.0.2\bin\vcruntime140_1.dll
0x00007ffcca1b0000 - 0x00007ffcca23e000 	C:\Program Files\Java\jdk-21.0.2\bin\msvcp140.dll
0x00007ffc31fc0000 - 0x00007ffc32cd7000 	C:\Program Files\Java\jdk-21.0.2\bin\server\jvm.dll
0x00007ffce1ea0000 - 0x00007ffce1f52000 	C:\WINDOWS\System32\ADVAPI32.dll
0x00007ffce1f60000 - 0x00007ffce2008000 	C:\WINDOWS\System32\sechost.dll
0x00007ffcdff10000 - 0x00007ffcdff38000 	C:\WINDOWS\System32\bcrypt.dll
0x00007ffce1020000 - 0x00007ffce1134000 	C:\WINDOWS\System32\RPCRT4.dll
0x00007ffce1240000 - 0x00007ffce12b1000 	C:\WINDOWS\System32\WS2_32.dll
0x00007ffcdf1f0000 - 0x00007ffcdf23d000 	C:\WINDOWS\SYSTEM32\POWRPROF.dll
0x00007ffcd63b0000 - 0x00007ffcd63e4000 	C:\WINDOWS\SYSTEM32\WINMM.dll
0x00007ffcd6120000 - 0x00007ffcd612a000 	C:\WINDOWS\SYSTEM32\VERSION.dll
0x00007ffcdf170000 - 0x00007ffcdf183000 	C:\WINDOWS\SYSTEM32\UMPDC.dll
0x00007ffcde910000 - 0x00007ffcde928000 	C:\WINDOWS\SYSTEM32\kernel.appcore.dll
0x00007ffccded0000 - 0x00007ffccdeda000 	C:\Program Files\Java\jdk-21.0.2\bin\jimage.dll
0x00007ffcd4ae0000 - 0x00007ffcd4d12000 	C:\WINDOWS\SYSTEM32\DBGHELP.DLL
0x00007ffce04e0000 - 0x00007ffce086e000 	C:\WINDOWS\System32\combase.dll
0x00007ffce0a20000 - 0x00007ffce0af7000 	C:\WINDOWS\System32\OLEAUT32.dll
0x00007ffcc6a00000 - 0x00007ffcc6a32000 	C:\WINDOWS\SYSTEM32\dbgcore.DLL
0x00007ffcdfe60000 - 0x00007ffcdfedb000 	C:\WINDOWS\System32\bcryptPrimitives.dll
0x00007ffcc8170000 - 0x00007ffcc81ac000 	C:\Program Files\Java\jdk-21.0.2\bin\jdwp.dll
0x00007ffcca4f0000 - 0x00007ffcca50f000 	C:\Program Files\Java\jdk-21.0.2\bin\java.dll
0x00007ffce1530000 - 0x00007ffce1d99000 	C:\WINDOWS\System32\SHELL32.dll
0x00007ffcdd7f0000 - 0x00007ffcde0ef000 	C:\WINDOWS\SYSTEM32\windows.storage.dll
0x00007ffcdd6b0000 - 0x00007ffcdd7ef000 	C:\WINDOWS\SYSTEM32\wintypes.dll
0x00007ffce1140000 - 0x00007ffce1239000 	C:\WINDOWS\System32\SHCORE.dll
0x00007ffce0480000 - 0x00007ffce04de000 	C:\WINDOWS\System32\shlwapi.dll
0x00007ffcdf7f0000 - 0x00007ffcdf817000 	C:\WINDOWS\SYSTEM32\profapi.dll
0x00007ffcab7f0000 - 0x00007ffcab8c7000 	C:\Program Files\Java\jdk-21.0.2\bin\jsvml.dll
0x00007ffcd69e0000 - 0x00007ffcd69ec000 	C:\Program Files\Java\jdk-21.0.2\bin\dt_socket.dll
0x00007ffcde350000 - 0x00007ffcde37d000 	C:\WINDOWS\SYSTEM32\IPHLPAPI.DLL
0x00007ffcded80000 - 0x00007ffcdede9000 	C:\WINDOWS\system32\mswsock.dll
0x00007ffccb2b0000 - 0x00007ffccb2c0000 	C:\Program Files\Java\jdk-21.0.2\bin\net.dll
0x00007ffcd86a0000 - 0x00007ffcd87d6000 	C:\WINDOWS\SYSTEM32\WINHTTP.dll
0x00007ffcca190000 - 0x00007ffcca1a6000 	C:\Program Files\Java\jdk-21.0.2\bin\nio.dll
0x00007ffcca4d0000 - 0x00007ffcca4e8000 	C:\Program Files\Java\jdk-21.0.2\bin\zip.dll
0x00007ffccb1c0000 - 0x00007ffccb1d0000 	C:\Program Files\Java\jdk-21.0.2\bin\verify.dll
0x00000000502e0000 - 0x0000000050309000 	C:\Users\sneha\AppData\Local\Temp\libgdxSneha\e787ab0a\gdx64.dll
0x00007ffcb30c0000 - 0x00007ffcb3135000 	C:\Users\sneha\AppData\Local\Temp\lwjglSneha\3.3.1-build-7\lwjgl.dll
0x00007ffca6cf0000 - 0x00007ffca6f49000 	C:\Users\sneha\AppData\Local\Temp\lwjglSneha\3.3.1-build-7\jemalloc.dll

dbghelp: loaded successfully - version: 4.0.5 - missing functions: none
symbol engine: initialized successfully - sym options: 0x614 - pdb path: .;C:\Program Files\Java\jdk-21.0.2\bin;C:\WINDOWS\SYSTEM32;C:\WINDOWS\WinSxS\amd64_microsoft.windows.common-controls_6595b64144ccf1df_6.0.22621.3672_none_2713b9d173822955;C:\Program Files\Java\jdk-21.0.2\bin\server;C:\Users\sneha\AppData\Local\Temp\libgdxSneha\e787ab0a;C:\Users\sneha\AppData\Local\Temp\lwjglSneha\3.3.1-build-7

VM Arguments:
jvm_args: -agentlib:jdwp=transport=dt_socket,server=n,suspend=y,address=127.0.0.1:52656 -Dfile.encoding=windows-1252 -Duser.country=AU -Duser.language=en -Duser.variant 
java_command: com.csse3200.game.desktop.DesktopLauncher
java_class_path (initial): C:\Users\sneha\IdeaProjects\2024-studio-2\source\desktop\build\classes\java\main;C:\Users\sneha\IdeaProjects\2024-studio-2\source\desktop\build\resources\main;C:\Users\sneha\.gradle\caches\modules-2\files-2.1\com.badlogicgames.gdx\gdx-backend-lwjgl3\1.11.0\58a96db4cd349be4292d547856aa1e1c5f065f4e\gdx-backend-lwjgl3-1.11.0.jar;C:\Users\sneha\IdeaProjects\2024-studio-2\source\core\build\libs\core-1.0.jar;C:\Users\sneha\IdeaProjects\2024-studio-2\source\core\assets\libs\client-sdk-0.224.240830.jar;C:\Users\sneha\IdeaProjects\2024-studio-2\source\core\assets\libs\gson-2.8.0.jar;C:\Users\sneha\.gradle\caches\modules-2\files-2.1\com.badlogicgames.gdx\gdx-platform\1.11.0\697fb13eada6d3c6ca648c9788692b0159add126\gdx-platform-1.11.0-natives-desktop.jar;C:\Users\sneha\.gradle\caches\modules-2\files-2.1\com.badlogicgames.gdx\gdx-box2d-platform\1.11.0\62ff9baa1e57a11e0a4428a38c9660bf9f312fdc\gdx-box2d-platform-1.11.0-natives-desktop.jar;C:\Users\sneha\.gradle\caches\modules-2\files-2.1\com.badlogicgames.gdx\gdx-tools\1.11.0\a5d30eafd0f2fbab314efdf6d98ebc27388b7c0a\gdx-tools-1.11.0.jar;C:\Users\sneha\.gradle\caches\modules-2\files-2.1\com.badlogicgames.gdx-controllers\gdx-controllers-desktop\2.2.2\625b3bdbe803e9c4af181b4791202cfcf776d805\gdx-controllers-desktop-2.2.2.jar;C:\Users\sneha\.gradle\caches\modules-2\files-2.1\com.badlogicgames.gdx\gdx-backend-lwjgl\1.11.0\33555a2cf8b4d9db4122b2fe42e7674b343d8b4\gdx-backend-lwjgl-1.11.0.jar;C:\Users\sneha\.gradle\caches\modules-2\files-2.1\com.badlogicgames.gdx\gdx-freetype\1.11.0\a3634ad2e6c56d251268d6ab5c0f66eee2841f2c\gdx-freetype-1.11.0.jar;C:\Users\sneha\.gradle\caches\modules-2\files-2.1\com.badlogicgames.gdx\gdx-backend-headless\1.11.0\3c3d0c951db72891d894df1725d09179fd0bca00\gdx-backend-headless-1.11.0.jar;C:\Users\sneha\.gradle\caches\modules-2\files-2.1\com.badlogicgames.gdx-controllers\gdx-controllers-core\2.2.2\25473efe9273912a03a4871a9e1469b41d86face\gdx-controllers-core-2.2.2.jar;C:\Users\sneha\.gradle\caches\modules-2\files-2.1\net.dermetfan.libgdx-utils\libgdx-utils-box2d\0.13.4\918d79a20ea3c898cdb3611782c5b2bfa6ec575b\libgdx-utils-box2d-0.13.4.jar;C:\Users\sneha\.gradle\caches\modules-2\files-2.1\com.badlogicgames.box2dlights\box2dlights\1.5\6902dbcd250c95a27973aa24a147a95b3828d348\box2dlights-1.5.jar;C:\Users\sneha\.gradle\caches\modules-2\files-2.1\com.badlogicgames.gdx\gdx-box2d\1.11.0\ad4facee800dd945d6d6e93dea2936bc135b5f\gdx-box2d-1.11.0.jar;C:\Users\sneha\.gradle\caches\modules-2\files-2.1\net.dermetfan.libgdx-utils\libgdx-utils\0.13.4\27affad2873d1c9c366a2290fc51f3927f3a5f83\libgdx-utils-0.13.4.jar;C:\Users\sneha\.gradle\caches\modules-2\files-2.1\com.badlogicgames.gdx\gdx\1.11.0\ffe1206d1004cd9e40027e28964be0fea0399af7\gdx-1.11.0.jar;C:\Users\sneha\.gradle\caches\modules-2\files-2.1\org.lwjgl\lwjgl-glfw\3.3.1\cbac1b8d30cb4795149c1ef540f912671a8616d0\lwjgl-glfw-3.3.1.jar;C:\Users\sneha\.gradle\caches\modules-2\files-2.1\org.lwjgl\lwjgl-glfw\3.3.1\81716978214ecbda15050ca394b06ef61501a49e\lwjgl-glfw-3.3.1-natives-linux.jar;C:\Users\sneha\.gradle\caches\modules-2\files-2.1\org.lwjgl\lwjgl-glfw\3.3.1\816d935933f2dd743074c4e717cc25b55720f294\lwjgl-glfw-3.3.1-natives-linux-arm32.jar;C:\Users\sneha\.gradle\caches\modules-2\files-2.1\org.lwjgl\lwjgl-glfw\3.3.1\513eb39b866d0fe131a18d5c517087805433b029\lwjgl-glfw-3.3.1-natives-linux-arm64.jar;C:\Users\sneha\.gradle\caches\modules-2\files-2.1\org.lwjgl\lwjgl-glfw\3.3.1\9ec4ce1fc8c85fdef03ef4ff2aace6f5775fb280\lwjgl-glfw-3.3.1-natives-macos.jar;C:\Users\sneha\.gradle\caches\modules-2\files-2.1\org.lwjgl\lwjgl-glfw\3.3.1\cac0d3f712a3da7641fa174735a5f315de7ffe0a\lwjgl-glfw-3.3.1-natives-macos-arm64.jar;C:\Users\sneha\.gradle\caches\modules-2\files-2.1\org.lwjgl\lwjgl-glfw\3.3.1\ed892f945cf7e79c8756796f32d00fa4ceaf573b\lwjgl-glfw-3.3.1-natives-windows.jar;C:\Users\sneha\.gradle\caches\modules-2\files-2.1\org.lwjgl\lwjgl-glfw\3.3.1\b997e3391d6ce8f05487e7335d95c606043884a1\lwjgl-glfw-3.3.1-natives-windows-x86.jar;C:\Users\sneha\.gradle\caches\modules-2\files-2.1\org.lwjgl\lwjgl-jemalloc\3.3.1\a817bcf213db49f710603677457567c37d53e103\lwjgl-jemalloc-3.3.1.jar;C:\Users\sneha\.gradle\caches\modules-2\files-2.1\org.lwjgl\lwjgl-jemalloc\3.3.1\33dbb017b6ed6b25f993ad9d56741a49e7937718\lwjgl-jemalloc-3.3.1-natives-linux.jar;C:\Users\sneha\.gradle\caches\modules-2\files-2.1\org.lwjgl\lwjgl-jemalloc\3.3.1\a96a6d6cb3876d7813fcee53c3c24f246aeba3b3\lwjgl-jemalloc-3.3.1-natives-linux-arm32.jar;C:\Users\sneha\.gradle\caches\modules-2\files-2.1\org.lwjgl\lwjgl-jemalloc\3.3.1\c6606e57db075ad218a2e78d2416c159a53b6a0c\lwjgl-jemalloc-3.3.1-natives-linux-arm64.jar;C:\Users\sneha\.gradle\caches\modules-2\files-2.1\org.lwjgl\lwjgl-jemalloc\3.3.1\56424dc8db3cfb8e7b594aa6d59a4f4387b7f544\lwjgl-jemalloc-3.3.1-natives-macos.jar;C:\Users\sneha\.gradle\caches\modules-2\files-2.1\org.lwjgl\lwjgl-jemalloc\3.3.1\e577b87d8ad2ade361aaea2fcf226c660b15dee8\lwjgl-jemalloc-3.3.1-natives-macos-arm64.jar;C:\Users\sneha\.gradle\caches\modules-2\files-2.1\org.lwjgl\lwjgl-jemalloc\3.3.1\948a89b76a16aa324b046ae9308891216ffce5f9\lwjgl-jemalloc-3.3.1-natives-windows.jar;C:\Users\sneha\.gradle\caches\modules-2\files-2.1\org.lwjgl\lwjgl-jemalloc\3.3.1\fb476c8ec110e1c137ad3ce8a7f7bfe6b11c6324\lwjgl-jemalloc-3.3.1-natives-windows-x86.jar;C:\Users\sneha\.gradle\caches\modules-2\files-2.1\org.lwjgl\lwjgl-openal\3.3.1\2623a6b8ae1dfcd880738656a9f0243d2e6840bd\lwjgl-openal-3.3.1.jar;C:\Users\sneha\.gradle\caches\modules-2\files-2.1\org.lwjgl\lwjgl-openal\3.3.1\f906b6439f6daa66001182ea7727e3467a93681b\lwjgl-openal-3.3.1-natives-linux.jar;C:\Users\sneha\.gradle\caches\modules-2\files-2.1\org.lwjgl\lwjgl-openal\3.3.1\ffbe35d7fa5ec9b7eca136a7c71f24d4025a510b\lwjgl-openal-3.3.1-natives-linux-arm32.jar;C:\Users\sneha\.gradle\caches\modules-2\files-2.1\org.lwjgl\lwjgl-openal\3.3.1\cf4e303257e82981b8b2e31bba3d7f8f7b8f42b2\lwjgl-openal-3.3.1-natives-linux-arm64.jar;C:\Users\sneha\.gradle\caches\modules-2\files-2.1\org.lwjgl\lwjgl-openal\3.3.1\3a57b8911835fb58b5e558d0ca0d28157e263d45\lwjgl-openal-3.3.1-natives-macos.jar;C:\Users\sneha\.gradle\caches\modules-2\files-2.1\org.lwjgl\lwjgl-openal\3.3.1\23d55e7490b57495320f6c9e1936d78fd72c4ef8\lwjgl-openal-3.3.1-natives-macos-arm64.jar;C:\Users\sneha\.gradle\caches\modules-2\files-2.1\org.lwjgl\lwjgl-openal\3.3.1\30a474d0e57193d7bc128849a3ab66bc9316fdb1\lwjgl-openal-3.3.1-natives-windows.jar;C:\Users\sneha\.gradle\caches\modules-2\files-2.1\org.lwjgl\lwjgl-openal\3.3.1\888349f7b1be6fbae58bf8edfb9ef12def04c4e3\lwjgl-openal-3.3.1-natives-windows-x86.jar;C:\Users\sneha\.gradle\caches\modules-2\files-2.1\org.lwjgl\lwjgl-opengl\3.3.1\831a5533a21a5f4f81bbc51bb13e9899319b5411\lwjgl-opengl-3.3.1.jar;C:\Users\sneha\.gradle\caches\modules-2\files-2.1\org.lwjgl\lwjgl-opengl\3.3.1\ab9ab6fde3743e3550fa5d46d785ecb45b047d99\lwjgl-opengl-3.3.1-natives-linux.jar;C:\Users\sneha\.gradle\caches\modules-2\files-2.1\org.lwjgl\lwjgl-opengl\3.3.1\e3550fa91097fd56e361b4370fa822220fef3595\lwjgl-opengl-3.3.1-natives-linux-arm32.jar;C:\Users\sneha\.gradle\caches\modules-2\files-2.1\org.lwjgl\lwjgl-opengl\3.3.1\1c528fb258a6e63e8fceb4482d8db0f3af10a634\lwjgl-opengl-3.3.1-natives-linux-arm64.jar;C:\Users\sneha\.gradle\caches\modules-2\files-2.1\org.lwjgl\lwjgl-opengl\3.3.1\a0d12697ea019a7362eff26475b0531340e876a6\lwjgl-opengl-3.3.1-natives-macos.jar;C:\Users\sneha\.gradle\caches\modules-2\files-2.1\org.lwjgl\lwjgl-opengl\3.3.1\eafe34b871d966292e8db0f1f3d6b8b110d4e91d\lwjgl-opengl-3.3.1-natives-macos-arm64.jar;C:\Users\sneha\.gradle\caches\modules-2\files-2.1\org.lwjgl\lwjgl-opengl\3.3.1\c1807e9bd571402787d7e37e3029776ae2513bb8\lwjgl-opengl-3.3.1-natives-windows.jar;C:\Users\sneha\.gradle\caches\modules-2\files-2.1\org.lwjgl\lwjgl-opengl\3.3.1\deef3eb9b178ff2ff3ce893cc72ae741c3a17974\lwjgl-opengl-3.3.1-natives-windows-x86.jar;C:\Users\sneha\.gradle\caches\modules-2\files-2.1\org.lwjgl\lwjgl-stb\3.3.1\b119297cf8ed01f247abe8685857f8e7fcf5980f\lwjgl-stb-3.3.1.jar;C:\Users\sneha\.gradle\caches\modules-2\files-2.1\org.lwjgl\lwjgl-stb\3.3.1\3ee7aec8686e52867677110415566a5342a80230\lwjgl-stb-3.3.1-natives-linux.jar;C:\Users\sneha\.gradle\caches\modules-2\files-2.1\org.lwjgl\lwjgl-stb\3.3.1\b08226bab162c06ae69337d8a1b0ee0a3fdf0b90\lwjgl-stb-3.3.1-natives-linux-arm32.jar;C:\Users\sneha\.gradle\caches\modules-2\files-2.1\org.lwjgl\lwjgl-stb\3.3.1\8e8348a1813aad7f30aaf75ea197151ebb7beba9\lwjgl-stb-3.3.1-natives-linux-arm64.jar;C:\Users\sneha\.gradle\caches\modules-2\files-2.1\org.lwjgl\lwjgl-stb\3.3.1\def8879b8d38a47a4cc1d48b1f9a7b772e51258e\lwjgl-stb-3.3.1-natives-macos.jar;C:\Users\sneha\.gradle\caches\modules-2\files-2.1\org.lwjgl\lwjgl-stb\3.3.1\fcf073ed911752abdca5f0b00a53cfdf17ff8e8b\lwjgl-stb-3.3.1-natives-macos-arm64.jar;C:\Users\sneha\.gradle\caches\modules-2\files-2.1\org.lwjgl\lwjgl-stb\3.3.1\86315914ac119efdb02dc9e8e978ade84f1702af\lwjgl-stb-3.3.1-natives-windows.jar;C:\Users\sneha\.gradle\caches\modules-2\files-2.1\org.lwjgl\lwjgl-stb\3.3.1\a8d41f419eecb430b7c91ea2ce2c5c451cae2091\lwjgl-stb-3.3.1-natives-windows-x86.jar;C:\Users\sneha\.gradle\caches\modules-2\files-2.1\org.lwjgl\lwjgl\3.3.1\ae58664f88e18a9bb2c77b063833ca7aaec484cb\lwjgl-3.3.1.jar;C:\Users\sneha\.gradle\caches\modules-2\files-2.1\org.lwjgl\lwjgl\3.3.1\1de885aba434f934201b99f2f1afb142036ac189\lwjgl-3.3.1-natives-linux.jar;C:\Users\sneha\.gradle\caches\modules-2\files-2.1\org.lwjgl\lwjgl\3.3.1\41a3c1dd15d6b964eb8196dde69720a3e3e5e969\lwjgl-3.3.1-natives-linux-arm32.jar;C:\Users\sneha\.gradle\caches\modules-2\files-2.1\org.lwjgl\lwjgl\3.3.1\b597401014acb7196c76d97e15a6288f54f1f692\lwjgl-3.3.1-natives-linux-arm64.jar;C:\Users\sneha\.gradle\caches\modules-2\files-2.1\org.lwjgl\lwjgl\3.3.1\fc6bb723dec2cd031557dccb2a95f0ab80acb9db\lwjgl-3.3.1-natives-macos.jar;C:\Users\sneha\.gradle\caches\modules-2\files-2.1\org.lwjgl\lwjgl\3.3.1\71d0d5e469c9c95351eb949064497e3391616ac9\lwjgl-3.3.1-natives-macos-arm64.jar;C:\Users\sneha\.gradle\caches\modules-2\files-2.1\org.lwjgl\lwjgl\3.3.1\36c37f16ab611b3aa11f3bcf80b1d509b4ce6b\lwjgl-3.3.1-natives-windows.jar;C:\Users\sneha\.gradle\caches\modules-2\files-2.1\org.lwjgl\lwjgl\3.3.1\3b14f4beae9dd39791ec9e12190a9380cd8a3ce6\lwjgl-3.3.1-natives-windows-x86.jar;C:\Users\sneha\.gradle\caches\modules-2\files-2.1\com.badlogicgames.jlayer\jlayer\1.0.1-gdx\7cca83cec5c1b2f011362f4d85aabd71a73b049d\jlayer-1.0.1-gdx.jar;C:\Users\sneha\.gradle\caches\modules-2\files-2.1\org.jcraft\jorbis\0.0.17\8872d22b293e8f5d7d56ff92be966e6dc28ebdc6\jorbis-0.0.17.jar;C:\Users\sneha\.gradle\caches\modules-2\files-2.1\com.badlogicgames.jamepad\jamepad\2.0.20.0\55eb0007fd55c9914d106dac3387b9d444572cab\jamepad-2.0.20.0.jar;C:\Users\sneha\.gradle\caches\modules-2\files-2.1\org.slf4j\slf4j-jdk14\1.7.36\4a18af6554bfe48b0f76eec98119c417da23c7e1\slf4j-jdk14-1.7.36.jar;C:\Users\sneha\.gradle\caches\modules-2\files-2.1\org.slf4j\slf4j-api\1.7.36\6c62681a2f655b49963a5983b8b0950a6120ae14\slf4j-api-1.7.36.jar;C:\Users\sneha\.gradle\caches\modules-2\files-2.1\com.badlogicgames.gdx\gdx-jnigen-loader\2.3.1\2d472f69243631fbcb3d4c3f93dd2e137a6cb084\gdx-jnigen-loader-2.3.1.jar;C:\Users\sneha\.gradle\caches\modules-2\files-2.1\org.lwjgl.lwjgl\lwjgl\2.9.3\3df168ac74e4a8c96562cdff24ad352e255bf89c\lwjgl-2.9.3.jar;C:\Users\sneha\.gradle\caches\modules-2\files-2.1\org.lwjgl.lwjgl\lwjgl-platform\2.9.3\fbc2afb3e288578e9942578decb6291a490549a0\lwjgl-platform-2.9.3-natives-windows.jar;C:\Users\sneha\.gradle\caches\modules-2\files-2.1\org.lwjgl.lwjgl\lwjgl-platform\2.9.3\b1eafe80093381c56415731e1d64279e6140bcd0\lwjgl-platform-2.9.3-natives-linux.jar;C:\Users\sneha\.gradle\caches\modules-2\files-2.1\org.lwjgl.lwjgl\lwjgl-platform\2.9.3\6686cf6ddaa20b4290aa6599a09bc0d17369be05\lwjgl-platform-2.9.3-natives-osx.jar;C:\Users\sneha\.gradle\caches\modules-2\files-2.1\net.java.jinput\jinput\2.0.5\39c7796b469a600f72380316f6b1f11db6c2c7c4\jinput-2.0.5.jar;C:\Users\sneha\.gradle\caches\modules-2\files-2.1\net.java.jutils\jutils\1.0.0\e12fe1fda814bd348c1579329c86943d2cd3c6a6\jutils-1.0.0.jar;C:\Users\sneha\.gradle\caches\modules-2\files-2.1\net.java.jinput\jinput-platform\2.0.5\7ff832a6eb9ab6a767f1ade2b548092d0fa64795\jinput-platform-2.0.5-natives-linux.jar;C:\Users\sneha\.gradle\caches\modules-2\files-2.1\net.java.jinput\jinput-platform\2.0.5\385ee093e01f587f30ee1c8a2ee7d408fd732e16\jinput-platform-2.0.5-natives-windows.jar;C:\Users\sneha\.gradle\caches\modules-2\files-2.1\net.java.jinput\jinput-platform\2.0.5\53f9c919f34d2ca9de8c51fc4e1e8282029a9232\jinput-platform-2.0.5-natives-osx.jar
Launcher Type: SUN_STANDARD

[Global flags]
     intx CICompilerCount                          = 4                                         {product} {ergonomic}
     uint ConcGCThreads                            = 3                                         {product} {ergonomic}
     uint G1ConcRefinementThreads                  = 10                                        {product} {ergonomic}
   size_t G1HeapRegionSize                         = 1048576                                   {product} {ergonomic}
    uintx GCDrainStackTargetSize                   = 64                                        {product} {ergonomic}
   size_t InitialHeapSize                          = 123731968                                 {product} {ergonomic}
   size_t MarkStackSize                            = 4194304                                   {product} {ergonomic}
   size_t MaxHeapSize                              = 1975517184                                {product} {ergonomic}
   size_t MaxNewSize                               = 1184890880                                {product} {ergonomic}
   size_t MinHeapDeltaBytes                        = 1048576                                   {product} {ergonomic}
   size_t MinHeapSize                              = 8388608                                   {product} {ergonomic}
    uintx NonNMethodCodeHeapSize                   = 5839372                                {pd product} {ergonomic}
    uintx NonProfiledCodeHeapSize                  = 122909434                              {pd product} {ergonomic}
    uintx ProfiledCodeHeapSize                     = 122909434                              {pd product} {ergonomic}
    uintx ReservedCodeCacheSize                    = 251658240                              {pd product} {ergonomic}
     bool SegmentedCodeCache                       = true                                      {product} {ergonomic}
   size_t SoftMaxHeapSize                          = 1975517184                             {manageable} {ergonomic}
     bool UseCompressedOops                        = true                           {product lp64_product} {ergonomic}
     bool UseG1GC                                  = true                                      {product} {ergonomic}
     bool UseLargePagesIndividualAllocation        = false                                  {pd product} {ergonomic}

Logging:
Log output configuration:
 #0: stdout all=warning uptime,level,tags foldmultilines=false
 #1: stderr all=off uptime,level,tags foldmultilines=false

Environment Variables:
JAVA_HOME=C:\Program Files\Java\jdk-21.0.2
PATH=C:\Program Files\Common Files\Oracle\Java\javapath;C:\WINDOWS\system32;C:\WINDOWS;C:\WINDOWS\System32\Wbem;C:\WINDOWS\System32\WindowsPowerShell\v1.0\;C:\WINDOWS\System32\OpenSSH\;C:\Program Files\dotnet\;C:\Program Files\Git\cmd;C:\Program Files\MySQL\MySQL Shell 8.3\bin\;C:\Program Files\MySQL\MySQL Shell 8.0\bin\;C:\Users\sneha\AppData\Local\Microsoft\WindowsApps;C:\Users\sneha\AppData\Local\Programs\Microsoft VS Code\bin;C:\Users\sneha\Downloads\jdk-20_windows-x64_bin.exe;C:\Users\sneha\.dotnet\tools;C:\Program Files\Java\jdk-20\bin;C:\Users\sneha\AppData\Local\GitHubDesktop\bin;C:\Program Files\JetBrains\IntelliJ IDEA 2024.1.4\bin;
USERNAME=Sneha
OS=Windows_NT
PROCESSOR_IDENTIFIER=AMD64 Family 25 Model 80 Stepping 0, AuthenticAMD
TMP=C:\Users\sneha\AppData\Local\Temp
TEMP=C:\Users\sneha\AppData\Local\Temp




Periodic native trim disabled

---------------  S Y S T E M  ---------------

OS:
 Windows 11 , 64 bit Build 22621 (10.0.22621.3958)
OS uptime: 0 days 6:31 hours
Hyper-V role detected

CPU: total 12 (initial active 12) (12 cores per cpu, 2 threads per core) family 25 model 80 stepping 0 microcode 0x0, cx8, cmov, fxsr, ht, mmx, 3dnowpref, sse, sse2, sse3, ssse3, sse4a, sse4.1, sse4.2, popcnt, lzcnt, tsc, tscinvbit, avx, avx2, aes, erms, clmul, bmi1, bmi2, adx, sha, fma, vzeroupper, clflush, clflushopt, hv, rdtscp, rdpid, fsrm, f16c, cet_ss
Processor Information for processor 0
  Max Mhz: 2301, Current Mhz: 1904, Mhz Limit: 2301
Processor Information for processor 1
  Max Mhz: 2301, Current Mhz: 1904, Mhz Limit: 2301
Processor Information for processor 2
  Max Mhz: 2301, Current Mhz: 1798, Mhz Limit: 2301
Processor Information for processor 3
  Max Mhz: 2301, Current Mhz: 1904, Mhz Limit: 2301
Processor Information for processor 4
  Max Mhz: 2301, Current Mhz: 1904, Mhz Limit: 2301
Processor Information for processor 5
  Max Mhz: 2301, Current Mhz: 1904, Mhz Limit: 2301
Processor Information for processor 6
  Max Mhz: 2301, Current Mhz: 1904, Mhz Limit: 2301
Processor Information for processor 7
  Max Mhz: 2301, Current Mhz: 1798, Mhz Limit: 2301
Processor Information for processor 8
  Max Mhz: 2301, Current Mhz: 1798, Mhz Limit: 2301
Processor Information for processor 9
  Max Mhz: 2301, Current Mhz: 1798, Mhz Limit: 2301
Processor Information for processor 10
  Max Mhz: 2301, Current Mhz: 1904, Mhz Limit: 2301
Processor Information for processor 11
  Max Mhz: 2301, Current Mhz: 1798, Mhz Limit: 2301

Memory: 4k page, system-wide physical 7528M (976M free)
TotalPageFile size 22888M (AvailPageFile size 6135M)
current process WorkingSet (physical memory assigned to process): 52M, peak: 52M
current process commit charge ("private bytes"): 213M, peak: 213M

vm_info: OpenJDK 64-Bit Server VM (21.0.2+13-58) for windows-amd64 JRE (21.0.2+13-58), built on 2024-01-05T18:32:24Z by "mach5one" with MS VC++ 17.1 (VS2022)

END.
