#
# A fatal error has been detected by the Java Runtime Environment:
#
#  EXCEPTION_ACCESS_VIOLATION (0xc0000005) at pc=0x0000000000000000, pid=119932, tid=124312
#
# JRE version: OpenJDK Runtime Environment (21.0.2+13) (build 21.0.2+13-58)
# Java VM: OpenJDK 64-Bit Server VM (21.0.2+13-58, mixed mode, sharing, tiered, compressed oops, compressed class ptrs, g1 gc, windows-amd64)
# Problematic frame:
# C  [jdwp.dll+0x161bf]
#
# No core dump will be written. Minidumps are not enabled by default on client versions of Windows
#
# If you would like to submit a bug report, please visit:
#   https://bugreport.java.com/bugreport/crash.jsp
# The crash happened outside the Java Virtual Machine in native code.
# See problematic frame for where to report the bug.
#

---------------  S U M M A R Y ------------

Command Line: -agentlib:jdwp=transport=dt_socket,server=n,suspend=y,address=127.0.0.1:57378 -Dfile.encoding=windows-1252 -Duser.country=AU -Duser.language=en -Duser.variant com.csse3200.game.desktop.DesktopLauncher

Host: 13th Gen Intel(R) Core(TM) i7-13620H, 16 cores, 15G,  Windows 11 , 64 bit Build 22621 (10.0.22621.3958)
Time: Sun Aug 25 19:58:50 2024 E. Australia Standard Time elapsed time: 0.399887 seconds (0d 0h 0m 0s)

---------------  T H R E A D  ---------------

Current thread (0x0000028861cb2b20):  JavaThread "main"             [_thread_in_native, id=124312, stack(0x000000d93a900000,0x000000d93aa00000) (1024K)]

Stack: [0x000000d93a900000,0x000000d93aa00000],  sp=0x000000d93a9fb790,  free space=1005k
Native frames: (J=compiled Java code, j=interpreted, Vv=VM code, C=native code)

Java frames: (J=compiled Java code, j=interpreted, Vv=VM code)
j  org.lwjgl.system.jemalloc.JEmalloc.nje_malloc(J)J+0
j  org.lwjgl.system.jemalloc.JEmalloc.<clinit>()V+44
v  ~StubRoutines::call_stub 0x00000288737b100d
j  org.lwjgl.system.jemalloc.JEmallocAllocator.<clinit>()V+0
v  ~StubRoutines::call_stub 0x00000288737b100d
j  java.lang.Class.forName0(Ljava/lang/String;ZLjava/lang/ClassLoader;Ljava/lang/Class;)Ljava/lang/Class;+0 java.base@21.0.2
j  java.lang.Class.forName(Ljava/lang/String;Ljava/lang/Class;)Ljava/lang/Class;+19 java.base@21.0.2
j  java.lang.Class.forName(Ljava/lang/String;)Ljava/lang/Class;+6 java.base@21.0.2
j  org.lwjgl.system.MemoryManage.getInstance()Lorg/lwjgl/system/MemoryUtil$MemoryAllocator;+68
j  org.lwjgl.system.MemoryUtil$LazyInit.<clinit>()V+0
v  ~StubRoutines::call_stub 0x00000288737b100d
j  org.lwjgl.system.MemoryUtil.getAllocator(Z)Lorg/lwjgl/system/MemoryUtil$MemoryAllocator;+10
j  org.lwjgl.system.MemoryUtil.getAllocator()Lorg/lwjgl/system/MemoryUtil$MemoryAllocator;+1
j  org.lwjgl.system.Callback.<clinit>()V+217
v  ~StubRoutines::call_stub 0x00000288737b100d
j  com.badlogic.gdx.backends.lwjgl3.Lwjgl3Application.initializeGlfw()V+21
j  com.badlogic.gdx.backends.lwjgl3.Lwjgl3Application.<init>(Lcom/badlogic/gdx/ApplicationListener;Lcom/badlogic/gdx/backends/lwjgl3/Lwjgl3ApplicationConfiguration;)V+82
j  com.csse3200.game.desktop.DesktopLauncher.main([Ljava/lang/String;)V+20
v  ~StubRoutines::call_stub 0x00000288737b100d

siginfo: EXCEPTION_ACCESS_VIOLATION (0xc0000005), data execution prevention violation at address 0x0000000000000000


Registers:
RAX=0x0000028849840d80, RBX=0x000002884906f710, RCX=0x0000028861cb2ed8, RDX=0x000002884906f710
RSP=0x000000d93a9fb788, RBP=0x0000000000000002, RSI=0x000000d93a9fb830, RDI=0x0000028861cb2ed8
R8 =0x0000000000010002, R9 =0x0000000000000000, R10=0x00007ffc8d100000, R11=0x000000d93a9fb758
R12=0x0000000000000007, R13=0x000002884906f710, R14=0x00007ffc79180400, R15=0x0000000000000000
RIP=0x0000000000000000, EFLAGS=0x0000000000010202


Register to memory mapping:

RAX=0x0000028849840d80 points into unknown readable memory: 0x0000000000000000 | 00 00 00 00 00 00 00 00
RBX=0x000002884906f710 points into unknown readable memory: 0x0000000714209c48 | 48 9c 20 14 07 00 00 00
RCX=0x0000028861cb2ed8 points into unknown readable memory: 0x0000028849840d80 | 80 0d 84 49 88 02 00 00
RDX=0x000002884906f710 points into unknown readable memory: 0x0000000714209c48 | 48 9c 20 14 07 00 00 00
RSP=0x000000d93a9fb788 is pointing into the stack for thread: 0x0000028861cb2b20
RBP=0x0000000000000002 is an unknown value
RSI=0x000000d93a9fb830 is pointing into the stack for thread: 0x0000028861cb2b20
RDI=0x0000028861cb2ed8 points into unknown readable memory: 0x0000028849840d80 | 80 0d 84 49 88 02 00 00
R8 =0x0000000000010002 is an unknown value
R9 =0x0 is null
R10=0x00007ffc8d100000 VCRUNTIME140.dll
R11=0x000000d93a9fb758 is pointing into the stack for thread: 0x0000028861cb2b20
R12=0x0000000000000007 is an unknown value
R13=0x000002884906f710 points into unknown readable memory: 0x0000000714209c48 | 48 9c 20 14 07 00 00 00
R14=0x00007ffc79180400 jdwp.dll
R15=0x0 is null

Top of Stack: (sp=0x000000d93a9fb788)
0x000000d93a9fb788:   00007ffc791661bf 000002884906f710
0x000000d93a9fb798:   000000d93a9fb830 0000000000000000
0x000000d93a9fb7a8:   0000000000000000 0000000200000007
0x000000d93a9fb7b8:   000002884910cd20 0000028861c68530
0x000000d93a9fb7c8:   00007ffc79180428 0000028861cb30f8
0x000000d93a9fb7d8:   00007ffc7916283f 000002884906f710
0x000000d93a9fb7e8:   0000000000000002 0000028861cb2ed8
0x000000d93a9fb7f8:   000002884906f718 000000d93a9fb9f0
0x000000d93a9fb808:   000002887ef37650 0000000549490100
0x000000d93a9fb818:   000002880501dd80 0000000000000000
0x000000d93a9fb828:   00000288496feab8 0000000000000007
0x000000d93a9fb838:   000002884906f710 0000000000000000
0x000000d93a9fb848:   000002884906f718 0000000000000000
0x000000d93a9fb858:   0000000000000000 0000000000000000
0x000000d93a9fb868:   0000000000000000 0000000000000000
0x000000d93a9fb878:   0000000000000000 0000000000000000
0x000000d93a9fb888:   0000028861cb30f8 000002880501dd80
0x000000d93a9fb898:   00007ffc318289e7 000002884906f718
0x000000d93a9fb8a8:   0000028849195530 0000028861cb2b20
0x000000d93a9fb8b8:   00000000000003d8 000030412f245fd2
0x000000d93a9fb8c8:   0000028863f499a0 0000000000000000
0x000000d93a9fb8d8:   0000028861cb2b20 0000000000000000
0x000000d93a9fb8e8:   000000d93a9fb9f0 000002880501dd80
0x000000d93a9fb8f8:   00000288454cfd01 0000028861d4cfd0
0x000000d93a9fb908:   0000028861cb3190 0000028861cb31a0
0x000000d93a9fb918:   0000028861cb3578 00000000000003d8
0x000000d93a9fb928:   0000028861cb2b20 0000028861cb2b20
0x000000d93a9fb938:   0000028861d4c990 0000028863f4bc10
0x000000d93a9fb948:   0000028863f4bc50 0000028863f4bcf8
0x000000d93a9fb958:   00000000000000d8 000000d93a9fb970
0x000000d93a9fb968:   00007ffc3152d761 0000028861cb2b20
0x000000d93a9fb978:   0000028861d4c990 0000028863f4bc10 

Instructions: (pc=0x00007ffc791661bf)
0x00007ffc791660bf:   2c 41 b8 61 02 00 00 48 8d 0d cb 6e 01 00 48 8b
0x00007ffc791660cf:   d3 e8 83 50 00 00 41 8b cc e8 33 a0 ff ff 48 8b
0x00007ffc791660df:   d0 48 8d 0d 89 a4 01 00 e8 14 51 00 00 4c 8b 4e
0x00007ffc791660ef:   28 48 8d 0d 91 a4 01 00 4c 8b 46 20 48 8b 56 08
0x00007ffc791660ff:   e8 50 0d 01 00 48 8b 05 f5 0f 02 00 f6 80 10 02
0x00007ffc7916610f:   00 00 02 74 28 41 b8 6a 02 00 00 48 8d 0d e3 62
0x00007ffc7916611f:   01 00 48 8b d3 e8 2f 50 00 00 48 8d 15 c8 63 01
0x00007ffc7916612f:   00 48 8d 0d e1 62 01 00 e8 c4 50 00 00 48 8b 07
0x00007ffc7916613f:   48 8b cf ff 50 78 48 8b 0d b4 0f 02 00 4c 8b f8
0x00007ffc7916614f:   f6 81 10 02 00 00 02 74 28 41 b8 6b 02 00 00 48
0x00007ffc7916615f:   8d 0d 9f 62 01 00 48 8b d3 e8 eb 4f 00 00 48 8d
0x00007ffc7916616f:   15 bc 63 01 00 48 8d 0d 9d 62 01 00 e8 80 50 00
0x00007ffc7916617f:   00 48 8b 07 48 8b cf ff 90 88 00 00 00 83 3d 29
0x00007ffc7916618f:   0b 02 00 00 76 0c e8 ce 5b ff ff 83 25 1b 0b 02
0x00007ffc7916619f:   00 00 48 8b 5e 08 48 85 db 74 4b 48 8b 05 4f 0f
0x00007ffc791661af:   02 00 80 78 13 00 74 0b 48 8b cb e8 f9 06 01 00
0x00007ffc791661bf:   88 46 10 4d 8b c7 48 8b d6 41 8a ce e8 0c a1 00
0x00007ffc791661cf:   00 48 8b e8 48 85 c0 75 25 48 8b cb e8 c4 44 00
0x00007ffc791661df:   00 84 c0 0f 84 ea 00 00 00 48 8b d3 41 8a ce e8
0x00007ffc791661ef:   ad 13 00 00 eb e3 e8 0e 0e 00 00 48 8b e8 4c 8b
0x00007ffc791661ff:   cd 44 88 74 24 20 45 8b c4 48 8b d6 48 8b cf e8
0x00007ffc7916620f:   e1 00 00 00 83 3e 14 75 0b 48 8b 05 e1 0e 02 00
0x00007ffc7916621f:   c6 40 10 01 48 85 db 75 08 48 8b cd e8 0c 53 ff
0x00007ffc7916622f:   ff 48 8b 05 c9 0e 02 00 4d 85 ff 74 43 f6 80 10
0x00007ffc7916623f:   02 00 00 02 74 2c 41 b8 b3 02 00 00 48 8d 15 d6
0x00007ffc7916624f:   a1 01 00 48 8d 0d ab 61 01 00 e8 fa 4e 00 00 48
0x00007ffc7916625f:   8d 15 1b 7d 01 00 48 8d 0d ac 61 01 00 e8 8f 4f
0x00007ffc7916626f:   00 00 48 8b 07 49 8b d7 48 8b cf ff 50 68 eb 41
0x00007ffc7916627f:   f6 80 10 02 00 00 02 74 2c 41 b8 b5 02 00 00 48
0x00007ffc7916628f:   8d 15 93 a1 01 00 48 8d 0d 68 61 01 00 e8 b7 4e
0x00007ffc7916629f:   00 00 48 8d 15 88 62 01 00 48 8d 0d 69 61 01 00
0x00007ffc791662af:   e8 4c 4f 00 00 48 8b 07 48 8b cf ff 90 88 00 00 


Stack slot to memory mapping:

stack at sp + 0 slots: 0x000002884906f710 points into unknown readable memory: 0x0000000714209c48 | 48 9c 20 14 07 00 00 00
stack at sp + 1 slots: 0x000000d93a9fb830 is pointing into the stack for thread: 0x0000028861cb2b20
stack at sp + 2 slots: 0x0 is null
stack at sp + 3 slots: 0x0 is null
stack at sp + 4 slots: 0x0000000200000007 is an unknown value
stack at sp + 5 slots: 0x000002884910cd20 points into unknown readable memory: 0x0000028873f00610 | 10 06 f0 73 88 02 00 00
stack at sp + 6 slots: 0x0000028861c68530 points into unknown readable memory: 0x8000001200000001 | 01 00 00 00 12 00 00 80
stack at sp + 7 slots: 0x00007ffc79180428 jdwp.dll


---------------  P R O C E S S  ---------------

Threads class SMR info:
_java_thread_list=0x00000288496ec700, length=16, elements={
0x0000028861cb2b20, 0x0000028849006ea0, 0x0000028849007dc0, 0x000002884900e1b0,
0x000002884900f0a0, 0x0000028849011720, 0x0000028849011d90, 0x0000028849015880,
0x0000028849023d80, 0x00000288490f62b0, 0x00000288491d1f00, 0x00000288491d4dd0,
0x00000288491ebb90, 0x00000288491ee190, 0x0000028849215660, 0x00000288497ad820
}

Java Threads: ( => current thread )
=>0x0000028861cb2b20 JavaThread "main"                              [_thread_in_native, id=124312, stack(0x000000d93a900000,0x000000d93aa00000) (1024K)]
  0x0000028849006ea0 JavaThread "Reference Handler"          daemon [_thread_blocked, id=130060, stack(0x000000d93b100000,0x000000d93b200000) (1024K)]
  0x0000028849007dc0 JavaThread "Finalizer"                  daemon [_thread_blocked, id=130452, stack(0x000000d93b200000,0x000000d93b300000) (1024K)]
  0x000002884900e1b0 JavaThread "Signal Dispatcher"          daemon [_thread_blocked, id=14052, stack(0x000000d93b300000,0x000000d93b400000) (1024K)]
  0x000002884900f0a0 JavaThread "Attach Listener"            daemon [_thread_blocked, id=113372, stack(0x000000d93b400000,0x000000d93b500000) (1024K)]
  0x0000028849011720 JavaThread "Service Thread"             daemon [_thread_blocked, id=113872, stack(0x000000d93b500000,0x000000d93b600000) (1024K)]
  0x0000028849011d90 JavaThread "Monitor Deflation Thread"   daemon [_thread_blocked, id=131012, stack(0x000000d93b600000,0x000000d93b700000) (1024K)]
  0x0000028849015880 JavaThread "C2 CompilerThread0"         daemon [_thread_blocked, id=129172, stack(0x000000d93b700000,0x000000d93b800000) (1024K)]
  0x0000028849023d80 JavaThread "C1 CompilerThread0"         daemon [_thread_blocked, id=119376, stack(0x000000d93b800000,0x000000d93b900000) (1024K)]
  0x00000288490f62b0 JavaThread "C1 CompilerThread1"         daemon [_thread_blocked, id=129296, stack(0x000000d93b900000,0x000000d93ba00000) (1024K)]
  0x00000288491d1f00 JavaThread "JDWP Transport Listener: dt_socket" daemon [_thread_blocked, id=116624, stack(0x000000d93ba00000,0x000000d93bb00000) (1024K)]
  0x00000288491d4dd0 JavaThread "JDWP Event Helper Thread"   daemon [_thread_blocked, id=101736, stack(0x000000d93bb00000,0x000000d93bc00000) (1024K)]
  0x00000288491ebb90 JavaThread "JDWP Command Reader"        daemon [_thread_in_native, id=123884, stack(0x000000d93bc00000,0x000000d93bd00000) (1024K)]
  0x00000288491ee190 JavaThread "Notification Thread"        daemon [_thread_blocked, id=95008, stack(0x000000d93bd00000,0x000000d93be00000) (1024K)]
  0x0000028849215660 JavaThread "Common-Cleaner"             daemon [_thread_blocked, id=130760, stack(0x000000d93be00000,0x000000d93bf00000) (1024K)]
  0x00000288497ad820 JavaThread "C2 CompilerThread1"         daemon [_thread_blocked, id=103784, stack(0x000000d93bf00000,0x000000d93c000000) (1024K)]
Total: 16

Other Threads:
  0x000002887f079520 VMThread "VM Thread"                           [id=68280, stack(0x000000d93b000000,0x000000d93b100000) (1024K)]
  0x000002887f0622c0 WatcherThread "VM Periodic Task Thread"        [id=105708, stack(0x000000d93af00000,0x000000d93b000000) (1024K)]
  0x0000028863fb3470 WorkerThread "GC Thread#0"                     [id=129376, stack(0x000000d93aa00000,0x000000d93ab00000) (1024K)]
  0x0000028863fc3fd0 ConcurrentGCThread "G1 Main Marker"            [id=129636, stack(0x000000d93ab00000,0x000000d93ac00000) (1024K)]
  0x0000028863fc4dd0 WorkerThread "G1 Conc#0"                       [id=115216, stack(0x000000d93ac00000,0x000000d93ad00000) (1024K)]
  0x000002887ef39040 ConcurrentGCThread "G1 Refine#0"               [id=130956, stack(0x000000d93ad00000,0x000000d93ae00000) (1024K)]
  0x000002887ef39ac0 ConcurrentGCThread "G1 Service"                [id=128440, stack(0x000000d93ae00000,0x000000d93af00000) (1024K)]
Total: 7

Threads with active compile tasks:
Total: 0

VM state: not at safepoint (normal execution)

VM Mutex/Monitor currently owned by a thread: None

Heap address: 0x0000000704800000, size: 4024 MB, Compressed Oops mode: Zero based, Oop shift amount: 3

CDS archive(s) mapped at: [0x0000028804000000-0x0000028804c90000-0x0000028804c90000), size 13172736, SharedBaseAddress: 0x0000028804000000, ArchiveRelocationMode: 1.
Compressed class space mapped at: 0x0000028805000000-0x0000028845000000, reserved size: 1073741824
Narrow klass base: 0x0000028804000000, Narrow klass shift: 0, Narrow klass range: 0x100000000

GC Precious Log:
 CardTable entry size: 512
 Card Set container configuration: InlinePtr #cards 4 size 8 Array Of Cards #cards 16 size 48 Howl #buckets 8 coarsen threshold 3686 Howl Bitmap #cards 512 size 80 coarsen threshold 460 Card regions per heap region 1 cards per card region 4096
 CPUs: 16 total, 16 available
 Memory: 16088M
 Large Page Support: Disabled
 NUMA Support: Disabled
 Compressed Oops: Enabled (Zero based)
 Heap Region Size: 2M
 Heap Min Capacity: 8M
 Heap Initial Capacity: 252M
 Heap Max Capacity: 4024M
 Pre-touch: Disabled
 Parallel Workers: 13
 Concurrent Workers: 3
 Concurrent Refinement Workers: 13
 Periodic GC: Disabled

Heap:
 garbage-first heap   total 258048K, used 8192K [0x0000000704800000, 0x0000000800000000)
  region size 2048K, 5 young (10240K), 0 survivors (0K)
 Metaspace       used 2291K, committed 2432K, reserved 1114112K
  class space    used 183K, committed 256K, reserved 1048576K

Heap Regions: E=young(eden), S=young(survivor), O=old, HS=humongous(starts), HC=humongous(continues), CS=collection set, F=free, TAMS=top-at-mark-start, PB=parsable bottom
|   0|0x0000000704800000, 0x0000000704800000, 0x0000000704a00000|  0%| F|  |TAMS 0x0000000704800000| PB 0x0000000704800000| Untracked 
|   1|0x0000000704a00000, 0x0000000704a00000, 0x0000000704c00000|  0%| F|  |TAMS 0x0000000704a00000| PB 0x0000000704a00000| Untracked 
|   2|0x0000000704c00000, 0x0000000704c00000, 0x0000000704e00000|  0%| F|  |TAMS 0x0000000704c00000| PB 0x0000000704c00000| Untracked 
|   3|0x0000000704e00000, 0x0000000704e00000, 0x0000000705000000|  0%| F|  |TAMS 0x0000000704e00000| PB 0x0000000704e00000| Untracked 
|   4|0x0000000705000000, 0x0000000705000000, 0x0000000705200000|  0%| F|  |TAMS 0x0000000705000000| PB 0x0000000705000000| Untracked 
|   5|0x0000000705200000, 0x0000000705200000, 0x0000000705400000|  0%| F|  |TAMS 0x0000000705200000| PB 0x0000000705200000| Untracked 
|   6|0x0000000705400000, 0x0000000705400000, 0x0000000705600000|  0%| F|  |TAMS 0x0000000705400000| PB 0x0000000705400000| Untracked 
|   7|0x0000000705600000, 0x0000000705600000, 0x0000000705800000|  0%| F|  |TAMS 0x0000000705600000| PB 0x0000000705600000| Untracked 
|   8|0x0000000705800000, 0x0000000705800000, 0x0000000705a00000|  0%| F|  |TAMS 0x0000000705800000| PB 0x0000000705800000| Untracked 
|   9|0x0000000705a00000, 0x0000000705a00000, 0x0000000705c00000|  0%| F|  |TAMS 0x0000000705a00000| PB 0x0000000705a00000| Untracked 
|  10|0x0000000705c00000, 0x0000000705c00000, 0x0000000705e00000|  0%| F|  |TAMS 0x0000000705c00000| PB 0x0000000705c00000| Untracked 
|  11|0x0000000705e00000, 0x0000000705e00000, 0x0000000706000000|  0%| F|  |TAMS 0x0000000705e00000| PB 0x0000000705e00000| Untracked 
|  12|0x0000000706000000, 0x0000000706000000, 0x0000000706200000|  0%| F|  |TAMS 0x0000000706000000| PB 0x0000000706000000| Untracked 
|  13|0x0000000706200000, 0x0000000706200000, 0x0000000706400000|  0%| F|  |TAMS 0x0000000706200000| PB 0x0000000706200000| Untracked 
|  14|0x0000000706400000, 0x0000000706400000, 0x0000000706600000|  0%| F|  |TAMS 0x0000000706400000| PB 0x0000000706400000| Untracked 
|  15|0x0000000706600000, 0x0000000706600000, 0x0000000706800000|  0%| F|  |TAMS 0x0000000706600000| PB 0x0000000706600000| Untracked 
|  16|0x0000000706800000, 0x0000000706800000, 0x0000000706a00000|  0%| F|  |TAMS 0x0000000706800000| PB 0x0000000706800000| Untracked 
|  17|0x0000000706a00000, 0x0000000706a00000, 0x0000000706c00000|  0%| F|  |TAMS 0x0000000706a00000| PB 0x0000000706a00000| Untracked 
|  18|0x0000000706c00000, 0x0000000706c00000, 0x0000000706e00000|  0%| F|  |TAMS 0x0000000706c00000| PB 0x0000000706c00000| Untracked 
|  19|0x0000000706e00000, 0x0000000706e00000, 0x0000000707000000|  0%| F|  |TAMS 0x0000000706e00000| PB 0x0000000706e00000| Untracked 
|  20|0x0000000707000000, 0x0000000707000000, 0x0000000707200000|  0%| F|  |TAMS 0x0000000707000000| PB 0x0000000707000000| Untracked 
|  21|0x0000000707200000, 0x0000000707200000, 0x0000000707400000|  0%| F|  |TAMS 0x0000000707200000| PB 0x0000000707200000| Untracked 
|  22|0x0000000707400000, 0x0000000707400000, 0x0000000707600000|  0%| F|  |TAMS 0x0000000707400000| PB 0x0000000707400000| Untracked 
|  23|0x0000000707600000, 0x0000000707600000, 0x0000000707800000|  0%| F|  |TAMS 0x0000000707600000| PB 0x0000000707600000| Untracked 
|  24|0x0000000707800000, 0x0000000707800000, 0x0000000707a00000|  0%| F|  |TAMS 0x0000000707800000| PB 0x0000000707800000| Untracked 
|  25|0x0000000707a00000, 0x0000000707a00000, 0x0000000707c00000|  0%| F|  |TAMS 0x0000000707a00000| PB 0x0000000707a00000| Untracked 
|  26|0x0000000707c00000, 0x0000000707c00000, 0x0000000707e00000|  0%| F|  |TAMS 0x0000000707c00000| PB 0x0000000707c00000| Untracked 
|  27|0x0000000707e00000, 0x0000000707e00000, 0x0000000708000000|  0%| F|  |TAMS 0x0000000707e00000| PB 0x0000000707e00000| Untracked 
|  28|0x0000000708000000, 0x0000000708000000, 0x0000000708200000|  0%| F|  |TAMS 0x0000000708000000| PB 0x0000000708000000| Untracked 
|  29|0x0000000708200000, 0x0000000708200000, 0x0000000708400000|  0%| F|  |TAMS 0x0000000708200000| PB 0x0000000708200000| Untracked 
|  30|0x0000000708400000, 0x0000000708400000, 0x0000000708600000|  0%| F|  |TAMS 0x0000000708400000| PB 0x0000000708400000| Untracked 
|  31|0x0000000708600000, 0x0000000708600000, 0x0000000708800000|  0%| F|  |TAMS 0x0000000708600000| PB 0x0000000708600000| Untracked 
|  32|0x0000000708800000, 0x0000000708800000, 0x0000000708a00000|  0%| F|  |TAMS 0x0000000708800000| PB 0x0000000708800000| Untracked 
|  33|0x0000000708a00000, 0x0000000708a00000, 0x0000000708c00000|  0%| F|  |TAMS 0x0000000708a00000| PB 0x0000000708a00000| Untracked 
|  34|0x0000000708c00000, 0x0000000708c00000, 0x0000000708e00000|  0%| F|  |TAMS 0x0000000708c00000| PB 0x0000000708c00000| Untracked 
|  35|0x0000000708e00000, 0x0000000708e00000, 0x0000000709000000|  0%| F|  |TAMS 0x0000000708e00000| PB 0x0000000708e00000| Untracked 
|  36|0x0000000709000000, 0x0000000709000000, 0x0000000709200000|  0%| F|  |TAMS 0x0000000709000000| PB 0x0000000709000000| Untracked 
|  37|0x0000000709200000, 0x0000000709200000, 0x0000000709400000|  0%| F|  |TAMS 0x0000000709200000| PB 0x0000000709200000| Untracked 
|  38|0x0000000709400000, 0x0000000709400000, 0x0000000709600000|  0%| F|  |TAMS 0x0000000709400000| PB 0x0000000709400000| Untracked 
|  39|0x0000000709600000, 0x0000000709600000, 0x0000000709800000|  0%| F|  |TAMS 0x0000000709600000| PB 0x0000000709600000| Untracked 
|  40|0x0000000709800000, 0x0000000709800000, 0x0000000709a00000|  0%| F|  |TAMS 0x0000000709800000| PB 0x0000000709800000| Untracked 
|  41|0x0000000709a00000, 0x0000000709a00000, 0x0000000709c00000|  0%| F|  |TAMS 0x0000000709a00000| PB 0x0000000709a00000| Untracked 
|  42|0x0000000709c00000, 0x0000000709c00000, 0x0000000709e00000|  0%| F|  |TAMS 0x0000000709c00000| PB 0x0000000709c00000| Untracked 
|  43|0x0000000709e00000, 0x0000000709e00000, 0x000000070a000000|  0%| F|  |TAMS 0x0000000709e00000| PB 0x0000000709e00000| Untracked 
|  44|0x000000070a000000, 0x000000070a000000, 0x000000070a200000|  0%| F|  |TAMS 0x000000070a000000| PB 0x000000070a000000| Untracked 
|  45|0x000000070a200000, 0x000000070a200000, 0x000000070a400000|  0%| F|  |TAMS 0x000000070a200000| PB 0x000000070a200000| Untracked 
|  46|0x000000070a400000, 0x000000070a400000, 0x000000070a600000|  0%| F|  |TAMS 0x000000070a400000| PB 0x000000070a400000| Untracked 
|  47|0x000000070a600000, 0x000000070a600000, 0x000000070a800000|  0%| F|  |TAMS 0x000000070a600000| PB 0x000000070a600000| Untracked 
|  48|0x000000070a800000, 0x000000070a800000, 0x000000070aa00000|  0%| F|  |TAMS 0x000000070a800000| PB 0x000000070a800000| Untracked 
|  49|0x000000070aa00000, 0x000000070aa00000, 0x000000070ac00000|  0%| F|  |TAMS 0x000000070aa00000| PB 0x000000070aa00000| Untracked 
|  50|0x000000070ac00000, 0x000000070ac00000, 0x000000070ae00000|  0%| F|  |TAMS 0x000000070ac00000| PB 0x000000070ac00000| Untracked 
|  51|0x000000070ae00000, 0x000000070ae00000, 0x000000070b000000|  0%| F|  |TAMS 0x000000070ae00000| PB 0x000000070ae00000| Untracked 
|  52|0x000000070b000000, 0x000000070b000000, 0x000000070b200000|  0%| F|  |TAMS 0x000000070b000000| PB 0x000000070b000000| Untracked 
|  53|0x000000070b200000, 0x000000070b200000, 0x000000070b400000|  0%| F|  |TAMS 0x000000070b200000| PB 0x000000070b200000| Untracked 
|  54|0x000000070b400000, 0x000000070b400000, 0x000000070b600000|  0%| F|  |TAMS 0x000000070b400000| PB 0x000000070b400000| Untracked 
|  55|0x000000070b600000, 0x000000070b600000, 0x000000070b800000|  0%| F|  |TAMS 0x000000070b600000| PB 0x000000070b600000| Untracked 
|  56|0x000000070b800000, 0x000000070b800000, 0x000000070ba00000|  0%| F|  |TAMS 0x000000070b800000| PB 0x000000070b800000| Untracked 
|  57|0x000000070ba00000, 0x000000070ba00000, 0x000000070bc00000|  0%| F|  |TAMS 0x000000070ba00000| PB 0x000000070ba00000| Untracked 
|  58|0x000000070bc00000, 0x000000070bc00000, 0x000000070be00000|  0%| F|  |TAMS 0x000000070bc00000| PB 0x000000070bc00000| Untracked 
|  59|0x000000070be00000, 0x000000070be00000, 0x000000070c000000|  0%| F|  |TAMS 0x000000070be00000| PB 0x000000070be00000| Untracked 
|  60|0x000000070c000000, 0x000000070c000000, 0x000000070c200000|  0%| F|  |TAMS 0x000000070c000000| PB 0x000000070c000000| Untracked 
|  61|0x000000070c200000, 0x000000070c200000, 0x000000070c400000|  0%| F|  |TAMS 0x000000070c200000| PB 0x000000070c200000| Untracked 
|  62|0x000000070c400000, 0x000000070c400000, 0x000000070c600000|  0%| F|  |TAMS 0x000000070c400000| PB 0x000000070c400000| Untracked 
|  63|0x000000070c600000, 0x000000070c600000, 0x000000070c800000|  0%| F|  |TAMS 0x000000070c600000| PB 0x000000070c600000| Untracked 
|  64|0x000000070c800000, 0x000000070c800000, 0x000000070ca00000|  0%| F|  |TAMS 0x000000070c800000| PB 0x000000070c800000| Untracked 
|  65|0x000000070ca00000, 0x000000070ca00000, 0x000000070cc00000|  0%| F|  |TAMS 0x000000070ca00000| PB 0x000000070ca00000| Untracked 
|  66|0x000000070cc00000, 0x000000070cc00000, 0x000000070ce00000|  0%| F|  |TAMS 0x000000070cc00000| PB 0x000000070cc00000| Untracked 
|  67|0x000000070ce00000, 0x000000070ce00000, 0x000000070d000000|  0%| F|  |TAMS 0x000000070ce00000| PB 0x000000070ce00000| Untracked 
|  68|0x000000070d000000, 0x000000070d000000, 0x000000070d200000|  0%| F|  |TAMS 0x000000070d000000| PB 0x000000070d000000| Untracked 
|  69|0x000000070d200000, 0x000000070d200000, 0x000000070d400000|  0%| F|  |TAMS 0x000000070d200000| PB 0x000000070d200000| Untracked 
|  70|0x000000070d400000, 0x000000070d400000, 0x000000070d600000|  0%| F|  |TAMS 0x000000070d400000| PB 0x000000070d400000| Untracked 
|  71|0x000000070d600000, 0x000000070d600000, 0x000000070d800000|  0%| F|  |TAMS 0x000000070d600000| PB 0x000000070d600000| Untracked 
|  72|0x000000070d800000, 0x000000070d800000, 0x000000070da00000|  0%| F|  |TAMS 0x000000070d800000| PB 0x000000070d800000| Untracked 
|  73|0x000000070da00000, 0x000000070da00000, 0x000000070dc00000|  0%| F|  |TAMS 0x000000070da00000| PB 0x000000070da00000| Untracked 
|  74|0x000000070dc00000, 0x000000070dc00000, 0x000000070de00000|  0%| F|  |TAMS 0x000000070dc00000| PB 0x000000070dc00000| Untracked 
|  75|0x000000070de00000, 0x000000070de00000, 0x000000070e000000|  0%| F|  |TAMS 0x000000070de00000| PB 0x000000070de00000| Untracked 
|  76|0x000000070e000000, 0x000000070e000000, 0x000000070e200000|  0%| F|  |TAMS 0x000000070e000000| PB 0x000000070e000000| Untracked 
|  77|0x000000070e200000, 0x000000070e200000, 0x000000070e400000|  0%| F|  |TAMS 0x000000070e200000| PB 0x000000070e200000| Untracked 
|  78|0x000000070e400000, 0x000000070e400000, 0x000000070e600000|  0%| F|  |TAMS 0x000000070e400000| PB 0x000000070e400000| Untracked 
|  79|0x000000070e600000, 0x000000070e600000, 0x000000070e800000|  0%| F|  |TAMS 0x000000070e600000| PB 0x000000070e600000| Untracked 
|  80|0x000000070e800000, 0x000000070e800000, 0x000000070ea00000|  0%| F|  |TAMS 0x000000070e800000| PB 0x000000070e800000| Untracked 
|  81|0x000000070ea00000, 0x000000070ea00000, 0x000000070ec00000|  0%| F|  |TAMS 0x000000070ea00000| PB 0x000000070ea00000| Untracked 
|  82|0x000000070ec00000, 0x000000070ec00000, 0x000000070ee00000|  0%| F|  |TAMS 0x000000070ec00000| PB 0x000000070ec00000| Untracked 
|  83|0x000000070ee00000, 0x000000070ee00000, 0x000000070f000000|  0%| F|  |TAMS 0x000000070ee00000| PB 0x000000070ee00000| Untracked 
|  84|0x000000070f000000, 0x000000070f000000, 0x000000070f200000|  0%| F|  |TAMS 0x000000070f000000| PB 0x000000070f000000| Untracked 
|  85|0x000000070f200000, 0x000000070f200000, 0x000000070f400000|  0%| F|  |TAMS 0x000000070f200000| PB 0x000000070f200000| Untracked 
|  86|0x000000070f400000, 0x000000070f400000, 0x000000070f600000|  0%| F|  |TAMS 0x000000070f400000| PB 0x000000070f400000| Untracked 
|  87|0x000000070f600000, 0x000000070f600000, 0x000000070f800000|  0%| F|  |TAMS 0x000000070f600000| PB 0x000000070f600000| Untracked 
|  88|0x000000070f800000, 0x000000070f800000, 0x000000070fa00000|  0%| F|  |TAMS 0x000000070f800000| PB 0x000000070f800000| Untracked 
|  89|0x000000070fa00000, 0x000000070fa00000, 0x000000070fc00000|  0%| F|  |TAMS 0x000000070fa00000| PB 0x000000070fa00000| Untracked 
|  90|0x000000070fc00000, 0x000000070fc00000, 0x000000070fe00000|  0%| F|  |TAMS 0x000000070fc00000| PB 0x000000070fc00000| Untracked 
|  91|0x000000070fe00000, 0x000000070fe00000, 0x0000000710000000|  0%| F|  |TAMS 0x000000070fe00000| PB 0x000000070fe00000| Untracked 
|  92|0x0000000710000000, 0x0000000710000000, 0x0000000710200000|  0%| F|  |TAMS 0x0000000710000000| PB 0x0000000710000000| Untracked 
|  93|0x0000000710200000, 0x0000000710200000, 0x0000000710400000|  0%| F|  |TAMS 0x0000000710200000| PB 0x0000000710200000| Untracked 
|  94|0x0000000710400000, 0x0000000710400000, 0x0000000710600000|  0%| F|  |TAMS 0x0000000710400000| PB 0x0000000710400000| Untracked 
|  95|0x0000000710600000, 0x0000000710600000, 0x0000000710800000|  0%| F|  |TAMS 0x0000000710600000| PB 0x0000000710600000| Untracked 
|  96|0x0000000710800000, 0x0000000710800000, 0x0000000710a00000|  0%| F|  |TAMS 0x0000000710800000| PB 0x0000000710800000| Untracked 
|  97|0x0000000710a00000, 0x0000000710a00000, 0x0000000710c00000|  0%| F|  |TAMS 0x0000000710a00000| PB 0x0000000710a00000| Untracked 
|  98|0x0000000710c00000, 0x0000000710c00000, 0x0000000710e00000|  0%| F|  |TAMS 0x0000000710c00000| PB 0x0000000710c00000| Untracked 
|  99|0x0000000710e00000, 0x0000000710e00000, 0x0000000711000000|  0%| F|  |TAMS 0x0000000710e00000| PB 0x0000000710e00000| Untracked 
| 100|0x0000000711000000, 0x0000000711000000, 0x0000000711200000|  0%| F|  |TAMS 0x0000000711000000| PB 0x0000000711000000| Untracked 
| 101|0x0000000711200000, 0x0000000711200000, 0x0000000711400000|  0%| F|  |TAMS 0x0000000711200000| PB 0x0000000711200000| Untracked 
| 102|0x0000000711400000, 0x0000000711400000, 0x0000000711600000|  0%| F|  |TAMS 0x0000000711400000| PB 0x0000000711400000| Untracked 
| 103|0x0000000711600000, 0x0000000711600000, 0x0000000711800000|  0%| F|  |TAMS 0x0000000711600000| PB 0x0000000711600000| Untracked 
| 104|0x0000000711800000, 0x0000000711800000, 0x0000000711a00000|  0%| F|  |TAMS 0x0000000711800000| PB 0x0000000711800000| Untracked 
| 105|0x0000000711a00000, 0x0000000711a00000, 0x0000000711c00000|  0%| F|  |TAMS 0x0000000711a00000| PB 0x0000000711a00000| Untracked 
| 106|0x0000000711c00000, 0x0000000711c00000, 0x0000000711e00000|  0%| F|  |TAMS 0x0000000711c00000| PB 0x0000000711c00000| Untracked 
| 107|0x0000000711e00000, 0x0000000711e00000, 0x0000000712000000|  0%| F|  |TAMS 0x0000000711e00000| PB 0x0000000711e00000| Untracked 
| 108|0x0000000712000000, 0x0000000712000000, 0x0000000712200000|  0%| F|  |TAMS 0x0000000712000000| PB 0x0000000712000000| Untracked 
| 109|0x0000000712200000, 0x0000000712200000, 0x0000000712400000|  0%| F|  |TAMS 0x0000000712200000| PB 0x0000000712200000| Untracked 
| 110|0x0000000712400000, 0x0000000712400000, 0x0000000712600000|  0%| F|  |TAMS 0x0000000712400000| PB 0x0000000712400000| Untracked 
| 111|0x0000000712600000, 0x0000000712600000, 0x0000000712800000|  0%| F|  |TAMS 0x0000000712600000| PB 0x0000000712600000| Untracked 
| 112|0x0000000712800000, 0x0000000712800000, 0x0000000712a00000|  0%| F|  |TAMS 0x0000000712800000| PB 0x0000000712800000| Untracked 
| 113|0x0000000712a00000, 0x0000000712a00000, 0x0000000712c00000|  0%| F|  |TAMS 0x0000000712a00000| PB 0x0000000712a00000| Untracked 
| 114|0x0000000712c00000, 0x0000000712c00000, 0x0000000712e00000|  0%| F|  |TAMS 0x0000000712c00000| PB 0x0000000712c00000| Untracked 
| 115|0x0000000712e00000, 0x0000000712e00000, 0x0000000713000000|  0%| F|  |TAMS 0x0000000712e00000| PB 0x0000000712e00000| Untracked 
| 116|0x0000000713000000, 0x0000000713000000, 0x0000000713200000|  0%| F|  |TAMS 0x0000000713000000| PB 0x0000000713000000| Untracked 
| 117|0x0000000713200000, 0x0000000713200000, 0x0000000713400000|  0%| F|  |TAMS 0x0000000713200000| PB 0x0000000713200000| Untracked 
| 118|0x0000000713400000, 0x0000000713400000, 0x0000000713600000|  0%| F|  |TAMS 0x0000000713400000| PB 0x0000000713400000| Untracked 
| 119|0x0000000713600000, 0x0000000713600000, 0x0000000713800000|  0%| F|  |TAMS 0x0000000713600000| PB 0x0000000713600000| Untracked 
| 120|0x0000000713800000, 0x0000000713800000, 0x0000000713a00000|  0%| F|  |TAMS 0x0000000713800000| PB 0x0000000713800000| Untracked 
| 121|0x0000000713a00000, 0x0000000713ae1ce0, 0x0000000713c00000| 44%| E|  |TAMS 0x0000000713a00000| PB 0x0000000713a00000| Complete 
| 122|0x0000000713c00000, 0x0000000713e00000, 0x0000000713e00000|100%| E|CS|TAMS 0x0000000713c00000| PB 0x0000000713c00000| Complete 
| 123|0x0000000713e00000, 0x0000000714000000, 0x0000000714000000|100%| E|CS|TAMS 0x0000000713e00000| PB 0x0000000713e00000| Complete 
| 124|0x0000000714000000, 0x0000000714200000, 0x0000000714200000|100%| E|CS|TAMS 0x0000000714000000| PB 0x0000000714000000| Complete 
| 125|0x0000000714200000, 0x0000000714400000, 0x0000000714400000|100%| E|CS|TAMS 0x0000000714200000| PB 0x0000000714200000| Complete 

Card table byte_map: [0x000002887c3c0000,0x000002887cba0000] _byte_map_base: 0x0000028878b9c000

Marking Bits: (CMBitMap*) 0x0000028863fb3b70
 Bits: [0x0000028800000000, 0x0000028803ee0000)

Polling page: 0x00000288636d0000

Metaspace:

Usage:
  Non-class:      2.06 MB used.
      Class:    183.84 KB used.
       Both:      2.24 MB used.

Virtual space:
  Non-class space:       64.00 MB reserved,       2.12 MB (  3%) committed,  1 nodes.
      Class space:        1.00 GB reserved,     256.00 KB ( <1%) committed,  1 nodes.
             Both:        1.06 GB reserved,       2.38 MB ( <1%) committed. 

Chunk freelists:
   Non-Class:  11.14 MB
       Class:  15.63 MB
        Both:  26.77 MB

MaxMetaspaceSize: unlimited
CompressedClassSpaceSize: 1.00 GB
Initial GC threshold: 21.00 MB
Current GC threshold: 21.00 MB
CDS: on
 - commit_granule_bytes: 65536.
 - commit_granule_words: 8192.
 - virtual_space_node_default_size: 8388608.
 - enlarge_chunks_in_place: 1.
 - use_allocation_guard: 0.


Internal statistics:

num_allocs_failed_limit: 0.
num_arena_births: 64.
num_arena_deaths: 0.
num_vsnodes_births: 2.
num_vsnodes_deaths: 0.
num_space_committed: 38.
num_space_uncommitted: 0.
num_chunks_returned_to_freelist: 0.
num_chunks_taken_from_freelist: 119.
num_chunk_merges: 0.
num_chunk_splits: 73.
num_chunks_enlarged: 49.
num_inconsistent_stats: 0.

CodeHeap 'non-profiled nmethods': size=119168Kb used=193Kb max_used=193Kb free=118975Kb
 bounds [0x0000028873f00000, 0x0000028874170000, 0x000002887b360000]
CodeHeap 'profiled nmethods': size=119104Kb used=1024Kb max_used=1024Kb free=118079Kb
 bounds [0x000002886c360000, 0x000002886c5d0000, 0x00000288737b0000]
CodeHeap 'non-nmethods': size=7488Kb used=1961Kb max_used=1978Kb free=5526Kb
 bounds [0x00000288737b0000, 0x0000028873a20000, 0x0000028873f00000]
 total_blobs=1055 nmethods=611 adapters=348
 compilation: enabled
              stopped_count=0, restarted_count=0
 full_count=0

Compilation events (20 events):
Event: 0.388 Thread 0x00000288490f62b0  604       3       jdk.internal.misc.Unsafe::getLong (7 bytes)
Event: 0.388 Thread 0x00000288490f62b0 nmethod 604 0x000002886c45ab90 code [0x000002886c45ad20, 0x000002886c45ae40]
Event: 0.391 Thread 0x0000028849023d80  605       1       java.nio.HeapByteBuffer::isReadOnly (2 bytes)
Event: 0.391 Thread 0x0000028849023d80 nmethod 605 0x0000028873f2d410 code [0x0000028873f2d5a0, 0x0000028873f2d668]
Event: 0.391 Thread 0x00000288497ad820 nmethod 601 0x0000028873f2d710 code [0x0000028873f2d8c0, 0x0000028873f2de48]
Event: 0.391 Thread 0x00000288497ad820  603       4       jdk.internal.jimage.ImageStringsReader::unmaskedHashCode (166 bytes)
Event: 0.392 Thread 0x0000028849023d80  606       3       jdk.internal.loader.URLClassPath::getResource (74 bytes)
Event: 0.392 Thread 0x0000028849023d80 nmethod 606 0x000002886c45af10 code [0x000002886c45b0e0, 0x000002886c45b448]
Event: 0.393 Thread 0x00000288497ad820 nmethod 603 0x0000028873f2e110 code [0x0000028873f2e2c0, 0x0000028873f2e4c0]
Event: 0.393 Thread 0x00000288497ad820  560       4       java.lang.AbstractStringBuilder::newCapacity (59 bytes)
Event: 0.394 Thread 0x00000288497ad820 nmethod 560 0x0000028873f2e710 code [0x0000028873f2e8a0, 0x0000028873f2e9e0]
Event: 0.395 Thread 0x0000028849015880 nmethod 600 0x0000028873f2eb10 code [0x0000028873f2ed60, 0x0000028873f2f988]
Event: 0.395 Thread 0x0000028849023d80  607       3       jdk.internal.jimage.ImageStringsReader::hashCode (8 bytes)
Event: 0.396 Thread 0x00000288490f62b0  608       3       jdk.internal.jimage.ImageStringsReader::match (11 bytes)
Event: 0.396 Thread 0x00000288490f62b0 nmethod 608 0x000002886c45b590 code [0x000002886c45b740, 0x000002886c45b938]
Event: 0.396 Thread 0x0000028849023d80 nmethod 607 0x000002886c45ba10 code [0x000002886c45bbc0, 0x000002886c45bd88]
Event: 0.396 Thread 0x00000288490f62b0  610       3       jdk.internal.jimage.ImageStringsReader::stringFromByteBufferMatches (138 bytes)
Event: 0.396 Thread 0x0000028849023d80  609       3       jdk.internal.jimage.BasicImageReader::match (37 bytes)
Event: 0.396 Thread 0x0000028849023d80 nmethod 609 0x000002886c45be90 code [0x000002886c45c060, 0x000002886c45c348]
Event: 0.396 Thread 0x0000028849023d80  611       3       jdk.internal.jimage.ImageLocation::verifyName (161 bytes)

GC Heap History (0 events):
No events

Dll operation events (9 events):
Event: 0.011 Loaded shared library C:\Users\nikki\Downloads\openjdk-21.0.2_windows-x64_bin\jdk-21.0.2\bin\java.dll
Event: 0.056 Loaded shared library C:\Users\nikki\Downloads\openjdk-21.0.2_windows-x64_bin\jdk-21.0.2\bin\jsvml.dll
Event: 0.151 Loaded shared library C:\Users\nikki\Downloads\openjdk-21.0.2_windows-x64_bin\jdk-21.0.2\bin\net.dll
Event: 0.153 Loaded shared library C:\Users\nikki\Downloads\openjdk-21.0.2_windows-x64_bin\jdk-21.0.2\bin\nio.dll
Event: 0.156 Loaded shared library C:\Users\nikki\Downloads\openjdk-21.0.2_windows-x64_bin\jdk-21.0.2\bin\zip.dll
Event: 0.215 Loaded shared library C:\Users\nikki\Downloads\openjdk-21.0.2_windows-x64_bin\jdk-21.0.2\bin\verify.dll
Event: 0.220 Loaded shared library C:\Users\nikki\Downloads\openjdk-21.0.2_windows-x64_bin\jdk-21.0.2\bin\jimage.dll
Event: 0.276 Loaded shared library C:\Users\nikki\AppData\Local\Temp\libgdxnikki\e787ab0a\gdx64.dll
Event: 0.357 Loaded shared library C:\Users\nikki\AppData\Local\Temp\lwjglnikki\3.3.1-build-7\lwjgl.dll

Deoptimization events (20 events):
Event: 0.165 Thread 0x0000028861cb2b20 DEOPT PACKING pc=0x000002886c382a55 sp=0x000000d93a9fa3c0
Event: 0.165 Thread 0x0000028861cb2b20 DEOPT UNPACKING pc=0x0000028873804e42 sp=0x000000d93a9f9830 mode 0
Event: 0.165 Thread 0x0000028861cb2b20 DEOPT PACKING pc=0x000002886c382a55 sp=0x000000d93a9fa3c0
Event: 0.165 Thread 0x0000028861cb2b20 DEOPT UNPACKING pc=0x0000028873804e42 sp=0x000000d93a9f9830 mode 0
Event: 0.165 Thread 0x0000028861cb2b20 DEOPT PACKING pc=0x000002886c382a55 sp=0x000000d93a9fa3c0
Event: 0.165 Thread 0x0000028861cb2b20 DEOPT UNPACKING pc=0x0000028873804e42 sp=0x000000d93a9f9830 mode 0
Event: 0.165 Thread 0x0000028861cb2b20 DEOPT PACKING pc=0x000002886c382a55 sp=0x000000d93a9fa3c0
Event: 0.165 Thread 0x0000028861cb2b20 DEOPT UNPACKING pc=0x0000028873804e42 sp=0x000000d93a9f9830 mode 0
Event: 0.166 Thread 0x0000028861cb2b20 DEOPT PACKING pc=0x000002886c382a55 sp=0x000000d93a9fa3c0
Event: 0.166 Thread 0x0000028861cb2b20 DEOPT UNPACKING pc=0x0000028873804e42 sp=0x000000d93a9f9830 mode 0
Event: 0.271 Thread 0x0000028861cb2b20 Uncommon trap: trap_request=0xffffff45 fr.pc=0x0000028873f09f94 relative=0x0000000000000074
Event: 0.271 Thread 0x0000028861cb2b20 Uncommon trap: reason=unstable_if action=reinterpret pc=0x0000028873f09f94 method=java.io.WinNTFileSystem.isSlash(C)Z @ 9 c2
Event: 0.271 Thread 0x0000028861cb2b20 DEOPT PACKING pc=0x0000028873f09f94 sp=0x000000d93a9fece0
Event: 0.271 Thread 0x0000028861cb2b20 DEOPT UNPACKING pc=0x00000288738046a2 sp=0x000000d93a9fec78 mode 2
Event: 0.355 Thread 0x0000028861cb2b20 Uncommon trap: trap_request=0xffffff45 fr.pc=0x0000028873f0dff0 relative=0x0000000000000050
Event: 0.355 Thread 0x0000028861cb2b20 Uncommon trap: reason=unstable_if action=reinterpret pc=0x0000028873f0dff0 method=sun.nio.fs.WindowsPathParser.isSlash(C)Z @ 9 c2
Event: 0.355 Thread 0x0000028861cb2b20 DEOPT PACKING pc=0x0000028873f0dff0 sp=0x000000d93a9fb8d0
Event: 0.355 Thread 0x0000028861cb2b20 DEOPT UNPACKING pc=0x00000288738046a2 sp=0x000000d93a9fb868 mode 2
Event: 0.384 Thread 0x0000028861cb2b20 DEOPT PACKING pc=0x000002886c390983 sp=0x000000d93a9f9780
Event: 0.384 Thread 0x0000028861cb2b20 DEOPT UNPACKING pc=0x0000028873804e42 sp=0x000000d93a9f8be0 mode 0

Classes loaded (20 events):
Event: 0.359 Loading class java/nio/DirectShortBufferU
Event: 0.359 Loading class java/nio/DirectShortBufferU done
Event: 0.360 Loading class java/nio/DirectCharBufferU
Event: 0.360 Loading class java/nio/DirectCharBufferU done
Event: 0.360 Loading class java/nio/DirectFloatBufferU
Event: 0.360 Loading class java/nio/DirectFloatBufferU done
Event: 0.361 Loading class java/nio/DirectDoubleBufferU
Event: 0.361 Loading class java/nio/DirectDoubleBufferU done
Event: 0.361 Loading class sun/misc/Unsafe
Event: 0.361 Loading class sun/misc/Unsafe done
Event: 0.361 Loading class java/lang/invoke/DirectMethodHandle$StaticAccessor
Event: 0.361 Loading class java/lang/invoke/DirectMethodHandle$StaticAccessor done
Event: 0.365 Loading class java/util/function/LongPredicate
Event: 0.365 Loading class java/util/function/LongPredicate done
Event: 0.368 Loading class java/lang/foreign/MemorySegment
Event: 0.368 Loading class java/lang/foreign/MemorySegment done
Event: 0.374 Loading class java/nio/InvalidMarkException
Event: 0.374 Loading class java/nio/InvalidMarkException done
Event: 0.374 Loading class java/nio/BufferUnderflowException
Event: 0.374 Loading class java/nio/BufferUnderflowException done

Classes unloaded (0 events):
No events

Classes redefined (0 events):
No events

Internal exceptions (17 events):
Event: 0.316 Thread 0x0000028861cb2b20 Exception <a 'java/lang/NoSuchMethodError'{0x0000000713ce5d40}: 'void java.lang.invoke.DirectMethodHandle$Holder.invokeStatic(java.lang.Object, java.lang.Object)'> (0x0000000713ce5d40) 
thrown [s\open\src\hotspot\share\interpreter\linkResolver.cpp, line 773]
Event: 0.317 Thread 0x0000028861cb2b20 Exception <a 'java/lang/NoSuchMethodError'{0x0000000713ceaf38}: 'void java.lang.System.load(java.lang.String, java.lang.Class)'> (0x0000000713ceaf38) 
thrown [s\open\src\hotspot\share\interpreter\linkResolver.cpp, line 773]
Event: 0.317 Thread 0x0000028861cb2b20 Exception <a 'java/lang/NoSuchMethodError'{0x0000000713cebb28}: 'void java.lang.invoke.DirectMethodHandle$Holder.invokeSpecial(java.lang.Object, java.lang.Object, java.lang.Object)'> (0x0000000713cebb28) 
thrown [s\open\src\hotspot\share\interpreter\linkResolver.cpp, line 773]
Event: 0.322 Thread 0x0000028861cb2b20 Exception <a 'java/lang/NoSuchMethodError'{0x0000000713cfc640}: 'java.lang.Object java.lang.invoke.DirectMethodHandle$Holder.invokeStatic(java.lang.Object, java.lang.Object, int)'> (0x0000000713cfc640) 
thrown [s\open\src\hotspot\share\interpreter\linkResolver.cpp, line 773]
Event: 0.324 Thread 0x0000028861cb2b20 Exception <a 'java/lang/NoSuchMethodError'{0x0000000713d07d30}: 'void java.lang.invoke.DelegatingMethodHandle$Holder.delegate(java.lang.Object, java.lang.Object, int, java.lang.Object)'> (0x0000000713d07d30) 
thrown [s\open\src\hotspot\share\interpreter\linkResolver.cpp, line 773]
Event: 0.324 Thread 0x0000028861cb2b20 Exception <a 'java/lang/NoSuchMethodError'{0x0000000713d0bc18}: 'int java.lang.invoke.DirectMethodHandle$Holder.invokeSpecial(java.lang.Object, java.lang.Object, java.lang.Object)'> (0x0000000713d0bc18) 
thrown [s\open\src\hotspot\share\interpreter\linkResolver.cpp, line 773]
Event: 0.328 Thread 0x0000028861cb2b20 Exception <a 'java/lang/NoSuchMethodError'{0x0000000713d25d50}: 'void java.lang.System.loadLibrary(java.lang.String, java.lang.Class)'> (0x0000000713d25d50) 
thrown [s\open\src\hotspot\share\interpreter\linkResolver.cpp, line 773]
Event: 0.355 Thread 0x0000028861cb2b20 Exception <a 'sun/nio/fs/WindowsException'{0x0000000713d7d148}> (0x0000000713d7d148) 
thrown [s\open\src\hotspot\share\prims\jni.cpp, line 520]
Event: 0.356 Thread 0x0000028861cb2b20 Exception <a 'sun/nio/fs/WindowsException'{0x0000000713d7d678}> (0x0000000713d7d678) 
thrown [s\open\src\hotspot\share\prims\jni.cpp, line 520]
Event: 0.366 Thread 0x0000028861cb2b20 Exception <a 'java/lang/NoSuchMethodError'{0x0000000713db2cd0}: 'int java.lang.invoke.DirectMethodHandle$Holder.invokeStaticInit(java.lang.Object, java.lang.Object, int, long)'> (0x0000000713db2cd0) 
thrown [s\open\src\hotspot\share\interpreter\linkResolver.cpp, line 773]
Event: 0.367 Thread 0x0000028861cb2b20 Exception <a 'java/lang/NoSuchMethodError'{0x0000000713db7cf8}: 'java.lang.Object java.lang.invoke.DirectMethodHandle$Holder.newInvokeSpecial(java.lang.Object, java.lang.Object, int)'> (0x0000000713db7cf8) 
thrown [s\open\src\hotspot\share\interpreter\linkResolver.cpp, line 773]
Event: 0.370 Thread 0x0000028861cb2b20 Exception <a 'java/lang/NoSuchMethodError'{0x0000000713dc9360}: 'int java.lang.invoke.DirectMethodHandle$Holder.invokeStaticInit(java.lang.Object, java.lang.Object, long, long)'> (0x0000000713dc9360) 
thrown [s\open\src\hotspot\share\interpreter\linkResolver.cpp, line 773]
Event: 0.371 Thread 0x0000028861cb2b20 Exception <a 'java/lang/NoSuchMethodError'{0x0000000713dcebc8}: 'java.lang.Object java.lang.invoke.DirectMethodHandle$Holder.newInvokeSpecial(java.lang.Object, java.lang.Object, long)'> (0x0000000713dcebc8) 
thrown [s\open\src\hotspot\share\interpreter\linkResolver.cpp, line 773]
Event: 0.372 Thread 0x0000028861cb2b20 Exception <a 'java/lang/NoSuchMethodError'{0x0000000713dd29b8}: 'java.lang.Object java.lang.invoke.Invokers$Holder.linkToTargetMethod(java.lang.Object, long, java.lang.Object)'> (0x0000000713dd29b8) 
thrown [s\open\src\hotspot\share\interpreter\linkResolver.cpp, line 773]
Event: 0.373 Thread 0x0000028861cb2b20 Exception <a 'java/lang/NoSuchMethodError'{0x0000000713dd9a40}: 'int java.lang.invoke.DirectMethodHandle$Holder.invokeStaticInit(java.lang.Object, java.lang.Object, java.lang.Object, long)'> (0x0000000713dd9a40) 
thrown [s\open\src\hotspot\share\interpreter\linkResolver.cpp, line 773]
Event: 0.391 Thread 0x0000028861cb2b20 Exception <a 'sun/nio/fs/WindowsException'{0x0000000713a7d4a0}> (0x0000000713a7d4a0) 
thrown [s\open\src\hotspot\share\prims\jni.cpp, line 520]
Event: 0.391 Thread 0x0000028861cb2b20 Exception <a 'sun/nio/fs/WindowsException'{0x0000000713a7d830}> (0x0000000713a7d830) 
thrown [s\open\src\hotspot\share\prims\jni.cpp, line 520]

ZGC Phase Switch (0 events):
No events

VM Operations (6 events):
Event: 0.166 Executing VM operation: HandshakeAllThreads (Deoptimize)
Event: 0.166 Executing VM operation: HandshakeAllThreads (Deoptimize) done
Event: 0.271 Executing VM operation: HandshakeAllThreads (Deoptimize)
Event: 0.271 Executing VM operation: HandshakeAllThreads (Deoptimize) done
Event: 0.321 Executing VM operation: HandshakeAllThreads (Deoptimize)
Event: 0.322 Executing VM operation: HandshakeAllThreads (Deoptimize) done

Events (16 events):
Event: 0.032 Thread 0x0000028861cb2b20 Thread added: 0x0000028861cb2b20
Event: 0.054 Thread 0x0000028849006ea0 Thread added: 0x0000028849006ea0
Event: 0.054 Thread 0x0000028849007dc0 Thread added: 0x0000028849007dc0
Event: 0.054 Thread 0x000002884900e1b0 Thread added: 0x000002884900e1b0
Event: 0.054 Thread 0x000002884900f0a0 Thread added: 0x000002884900f0a0
Event: 0.054 Thread 0x0000028849011720 Thread added: 0x0000028849011720
Event: 0.054 Thread 0x0000028849011d90 Thread added: 0x0000028849011d90
Event: 0.054 Thread 0x0000028849015880 Thread added: 0x0000028849015880
Event: 0.055 Thread 0x0000028849023d80 Thread added: 0x0000028849023d80
Event: 0.060 Thread 0x00000288490f62b0 Thread added: 0x00000288490f62b0
Event: 0.136 Thread 0x00000288491d1f00 Thread added: 0x00000288491d1f00
Event: 0.136 Thread 0x00000288491d4dd0 Thread added: 0x00000288491d4dd0
Event: 0.137 Thread 0x00000288491ebb90 Thread added: 0x00000288491ebb90
Event: 0.143 Thread 0x00000288491ee190 Thread added: 0x00000288491ee190
Event: 0.146 Thread 0x0000028849215660 Thread added: 0x0000028849215660
Event: 0.383 Thread 0x00000288497ad820 Thread added: 0x00000288497ad820


Dynamic libraries:
0x00007ff75e1a0000 - 0x00007ff75e1ae000 	C:\Users\nikki\Downloads\openjdk-21.0.2_windows-x64_bin\jdk-21.0.2\bin\java.exe
0x00007ffcbb750000 - 0x00007ffcbb967000 	C:\Windows\SYSTEM32\ntdll.dll
0x00007ffcba000000 - 0x00007ffcba0c4000 	C:\Windows\System32\KERNEL32.DLL
0x00007ffcb8aa0000 - 0x00007ffcb8e4d000 	C:\Windows\System32\KERNELBASE.dll
0x0000000073350000 - 0x0000000073682000 	C:\Program Files\Norton Security\NortonData\22.23.5.106\Definitions\IPSDefs\20240201.064\IPSEng64.dll
0x00007ffcba0d0000 - 0x00007ffcba182000 	C:\Windows\System32\ADVAPI32.dll
0x00007ffcbb3b0000 - 0x00007ffcbb457000 	C:\Windows\System32\msvcrt.dll
0x00007ffcbb600000 - 0x00007ffcbb6a9000 	C:\Windows\System32\sechost.dll
0x00007ffcb8a70000 - 0x00007ffcb8a98000 	C:\Windows\System32\bcrypt.dll
0x00007ffcbaa20000 - 0x00007ffcbab34000 	C:\Windows\System32\RPCRT4.dll
0x00007ffcb97c0000 - 0x00007ffcb97c8000 	C:\Windows\System32\PSAPI.DLL
0x00007ffcb9210000 - 0x00007ffcb9321000 	C:\Windows\System32\ucrtbase.dll
0x00007ffc8f200000 - 0x00007ffc8f218000 	C:\Users\nikki\Downloads\openjdk-21.0.2_windows-x64_bin\jdk-21.0.2\bin\jli.dll
0x00007ffc8d100000 - 0x00007ffc8d11b000 	C:\Users\nikki\Downloads\openjdk-21.0.2_windows-x64_bin\jdk-21.0.2\bin\VCRUNTIME140.dll
0x00007ffcb9480000 - 0x00007ffcb962e000 	C:\Windows\System32\USER32.dll
0x00007ffcb93b0000 - 0x00007ffcb93d6000 	C:\Windows\System32\win32u.dll
0x00007ffc99590000 - 0x00007ffc99823000 	C:\Windows\WinSxS\amd64_microsoft.windows.common-controls_6595b64144ccf1df_6.0.22621.3672_none_2713b9d173822955\COMCTL32.dll
0x00007ffcb9730000 - 0x00007ffcb9759000 	C:\Windows\System32\GDI32.dll
0x00007ffcb90f0000 - 0x00007ffcb9209000 	C:\Windows\System32\gdi32full.dll
0x00007ffcb93e0000 - 0x00007ffcb947a000 	C:\Windows\System32\msvcp_win.dll
0x00007ffcba520000 - 0x00007ffcba551000 	C:\Windows\System32\IMM32.DLL
0x00007ffcae280000 - 0x00007ffcae28c000 	C:\Users\nikki\Downloads\openjdk-21.0.2_windows-x64_bin\jdk-21.0.2\bin\vcruntime140_1.dll
0x00007ffc7b220000 - 0x00007ffc7b2ae000 	C:\Users\nikki\Downloads\openjdk-21.0.2_windows-x64_bin\jdk-21.0.2\bin\msvcp140.dll
0x00007ffc312a0000 - 0x00007ffc31fb7000 	C:\Users\nikki\Downloads\openjdk-21.0.2_windows-x64_bin\jdk-21.0.2\bin\server\jvm.dll
0x00007ffcba9a0000 - 0x00007ffcbaa11000 	C:\Windows\System32\WS2_32.dll
0x00007ffcb7c60000 - 0x00007ffcb7cad000 	C:\Windows\SYSTEM32\POWRPROF.dll
0x00007ffcad420000 - 0x00007ffcad42a000 	C:\Windows\SYSTEM32\VERSION.dll
0x00007ffcae470000 - 0x00007ffcae4a4000 	C:\Windows\SYSTEM32\WINMM.dll
0x00007ffcb7c40000 - 0x00007ffcb7c53000 	C:\Windows\SYSTEM32\UMPDC.dll
0x00007ffcb7ae0000 - 0x00007ffcb7af8000 	C:\Windows\SYSTEM32\kernel.appcore.dll
0x00007ffc987e0000 - 0x00007ffc987ea000 	C:\Users\nikki\Downloads\openjdk-21.0.2_windows-x64_bin\jdk-21.0.2\bin\jimage.dll
0x00007ffcb6300000 - 0x00007ffcb6532000 	C:\Windows\SYSTEM32\DBGHELP.DLL
0x00007ffcba190000 - 0x00007ffcba51d000 	C:\Windows\System32\combase.dll
0x00007ffcb9cd0000 - 0x00007ffcb9da7000 	C:\Windows\System32\OLEAUT32.dll
0x00007ffcace90000 - 0x00007ffcacec2000 	C:\Windows\SYSTEM32\dbgcore.DLL
0x00007ffcb9330000 - 0x00007ffcb93ab000 	C:\Windows\System32\bcryptPrimitives.dll
0x00007ffc79150000 - 0x00007ffc7918c000 	C:\Users\nikki\Downloads\openjdk-21.0.2_windows-x64_bin\jdk-21.0.2\bin\jdwp.dll
0x00007ffc8cff0000 - 0x00007ffc8d00f000 	C:\Users\nikki\Downloads\openjdk-21.0.2_windows-x64_bin\jdk-21.0.2\bin\java.dll
0x00007ffcbab40000 - 0x00007ffcbb3a8000 	C:\Windows\System32\SHELL32.dll
0x00007ffcb6970000 - 0x00007ffcb726e000 	C:\Windows\SYSTEM32\windows.storage.dll
0x00007ffcb6830000 - 0x00007ffcb696f000 	C:\Windows\SYSTEM32\wintypes.dll
0x00007ffcb9630000 - 0x00007ffcb9729000 	C:\Windows\System32\SHCORE.dll
0x00007ffcbb480000 - 0x00007ffcbb4de000 	C:\Windows\System32\shlwapi.dll
0x00007ffcb89a0000 - 0x00007ffcb89c1000 	C:\Windows\SYSTEM32\profapi.dll
0x00007ffc78e90000 - 0x00007ffc78f67000 	C:\Users\nikki\Downloads\openjdk-21.0.2_windows-x64_bin\jdk-21.0.2\bin\jsvml.dll
0x00007ffcac390000 - 0x00007ffcac39c000 	C:\Users\nikki\Downloads\openjdk-21.0.2_windows-x64_bin\jdk-21.0.2\bin\dt_socket.dll
0x00007ffcb7510000 - 0x00007ffcb753d000 	C:\Windows\SYSTEM32\IPHLPAPI.DLL
0x00007ffcb7fc0000 - 0x00007ffcb8029000 	C:\Windows\system32\mswsock.dll
0x00007ffc8d200000 - 0x00007ffc8d210000 	C:\Users\nikki\Downloads\openjdk-21.0.2_windows-x64_bin\jdk-21.0.2\bin\net.dll
0x00007ffcb16f0000 - 0x00007ffcb1826000 	C:\Windows\SYSTEM32\WINHTTP.dll
0x00007ffc84860000 - 0x00007ffc84876000 	C:\Users\nikki\Downloads\openjdk-21.0.2_windows-x64_bin\jdk-21.0.2\bin\nio.dll
0x00007ffc8c720000 - 0x00007ffc8c738000 	C:\Users\nikki\Downloads\openjdk-21.0.2_windows-x64_bin\jdk-21.0.2\bin\zip.dll
0x00007ffc8d0f0000 - 0x00007ffc8d100000 	C:\Users\nikki\Downloads\openjdk-21.0.2_windows-x64_bin\jdk-21.0.2\bin\verify.dll
0x0000000073320000 - 0x0000000073349000 	C:\Users\nikki\AppData\Local\Temp\libgdxnikki\e787ab0a\gdx64.dll
0x00007ffc68cb0000 - 0x00007ffc68d25000 	C:\Users\nikki\AppData\Local\Temp\lwjglnikki\3.3.1-build-7\lwjgl.dll
0x00007ffc68a50000 - 0x00007ffc68ca9000 	C:\Users\nikki\AppData\Local\Temp\lwjglnikki\3.3.1-build-7\jemalloc.dll

dbghelp: loaded successfully - version: 4.0.5 - missing functions: none
symbol engine: initialized successfully - sym options: 0x614 - pdb path: .;C:\Users\nikki\Downloads\openjdk-21.0.2_windows-x64_bin\jdk-21.0.2\bin;C:\Windows\SYSTEM32;C:\Program Files\Norton Security\NortonData\22.23.5.106\Definitions\IPSDefs\20240201.064;C:\Windows\WinSxS\amd64_microsoft.windows.common-controls_6595b64144ccf1df_6.0.22621.3672_none_2713b9d173822955;C:\Users\nikki\Downloads\openjdk-21.0.2_windows-x64_bin\jdk-21.0.2\bin\server;C:\Users\nikki\AppData\Local\Temp\libgdxnikki\e787ab0a;C:\Users\nikki\AppData\Local\Temp\lwjglnikki\3.3.1-build-7

VM Arguments:
jvm_args: -agentlib:jdwp=transport=dt_socket,server=n,suspend=y,address=127.0.0.1:57378 -Dfile.encoding=windows-1252 -Duser.country=AU -Duser.language=en -Duser.variant 
java_command: com.csse3200.game.desktop.DesktopLauncher
java_class_path (initial): C:\Users\nikki\2024-studio-2\source\desktop\build\classes\java\main;C:\Users\nikki\2024-studio-2\source\desktop\build\resources\main;C:\Users\nikki\.gradle\caches\modules-2\files-2.1\com.badlogicgames.gdx\gdx-backend-lwjgl3\1.11.0\58a96db4cd349be4292d547856aa1e1c5f065f4e\gdx-backend-lwjgl3-1.11.0.jar;C:\Users\nikki\.gradle\caches\modules-2\files-2.1\com.badlogicgames.gdx\gdx-platform\1.11.0\697fb13eada6d3c6ca648c9788692b0159add126\gdx-platform-1.11.0-natives-desktop.jar;C:\Users\nikki\.gradle\caches\modules-2\files-2.1\com.badlogicgames.gdx\gdx-box2d-platform\1.11.0\62ff9baa1e57a11e0a4428a38c9660bf9f312fdc\gdx-box2d-platform-1.11.0-natives-desktop.jar;C:\Users\nikki\.gradle\caches\modules-2\files-2.1\com.badlogicgames.gdx\gdx-tools\1.11.0\a5d30eafd0f2fbab314efdf6d98ebc27388b7c0a\gdx-tools-1.11.0.jar;C:\Users\nikki\.gradle\caches\modules-2\files-2.1\com.badlogicgames.gdx-controllers\gdx-controllers-desktop\2.2.2\625b3bdbe803e9c4af181b4791202cfcf776d805\gdx-controllers-desktop-2.2.2.jar;C:\Users\nikki\2024-studio-2\source\core\build\libs\core-1.0.jar;C:\Users\nikki\.gradle\caches\modules-2\files-2.1\com.badlogicgames.gdx\gdx-backend-lwjgl\1.11.0\33555a2cf8b4d9db4122b2fe42e7674b343d8b4\gdx-backend-lwjgl-1.11.0.jar;C:\Users\nikki\.gradle\caches\modules-2\files-2.1\com.badlogicgames.gdx\gdx-freetype\1.11.0\a3634ad2e6c56d251268d6ab5c0f66eee2841f2c\gdx-freetype-1.11.0.jar;C:\Users\nikki\.gradle\caches\modules-2\files-2.1\com.badlogicgames.gdx\gdx-backend-headless\1.11.0\3c3d0c951db72891d894df1725d09179fd0bca00\gdx-backend-headless-1.11.0.jar;C:\Users\nikki\.gradle\caches\modules-2\files-2.1\com.badlogicgames.gdx-controllers\gdx-controllers-core\2.2.2\25473efe9273912a03a4871a9e1469b41d86face\gdx-controllers-core-2.2.2.jar;C:\Users\nikki\.gradle\caches\modules-2\files-2.1\net.dermetfan.libgdx-utils\libgdx-utils-box2d\0.13.4\918d79a20ea3c898cdb3611782c5b2bfa6ec575b\libgdx-utils-box2d-0.13.4.jar;C:\Users\nikki\.gradle\caches\modules-2\files-2.1\com.badlogicgames.gdx\gdx-box2d\1.11.0\ad4facee800dd945d6d6e93dea2936bc135b5f\gdx-box2d-1.11.0.jar;C:\Users\nikki\.gradle\caches\modules-2\files-2.1\net.dermetfan.libgdx-utils\libgdx-utils\0.13.4\27affad2873d1c9c366a2290fc51f3927f3a5f83\libgdx-utils-0.13.4.jar;C:\Users\nikki\.gradle\caches\modules-2\files-2.1\com.badlogicgames.gdx\gdx\1.11.0\ffe1206d1004cd9e40027e28964be0fea0399af7\gdx-1.11.0.jar;C:\Users\nikki\.gradle\caches\modules-2\files-2.1\org.lwjgl\lwjgl-glfw\3.3.1\cbac1b8d30cb4795149c1ef540f912671a8616d0\lwjgl-glfw-3.3.1.jar;C:\Users\nikki\.gradle\caches\modules-2\files-2.1\org.lwjgl\lwjgl-glfw\3.3.1\81716978214ecbda15050ca394b06ef61501a49e\lwjgl-glfw-3.3.1-natives-linux.jar;C:\Users\nikki\.gradle\caches\modules-2\files-2.1\org.lwjgl\lwjgl-glfw\3.3.1\816d935933f2dd743074c4e717cc25b55720f294\lwjgl-glfw-3.3.1-natives-linux-arm32.jar;C:\Users\nikki\.gradle\caches\modules-2\files-2.1\org.lwjgl\lwjgl-glfw\3.3.1\513eb39b866d0fe131a18d5c517087805433b029\lwjgl-glfw-3.3.1-natives-linux-arm64.jar;C:\Users\nikki\.gradle\caches\modules-2\files-2.1\org.lwjgl\lwjgl-glfw\3.3.1\9ec4ce1fc8c85fdef03ef4ff2aace6f5775fb280\lwjgl-glfw-3.3.1-natives-macos.jar;C:\Users\nikki\.gradle\caches\modules-2\files-2.1\org.lwjgl\lwjgl-glfw\3.3.1\cac0d3f712a3da7641fa174735a5f315de7ffe0a\lwjgl-glfw-3.3.1-natives-macos-arm64.jar;C:\Users\nikki\.gradle\caches\modules-2\files-2.1\org.lwjgl\lwjgl-glfw\3.3.1\ed892f945cf7e79c8756796f32d00fa4ceaf573b\lwjgl-glfw-3.3.1-natives-windows.jar;C:\Users\nikki\.gradle\caches\modules-2\files-2.1\org.lwjgl\lwjgl-glfw\3.3.1\b997e3391d6ce8f05487e7335d95c606043884a1\lwjgl-glfw-3.3.1-natives-windows-x86.jar;C:\Users\nikki\.gradle\caches\modules-2\files-2.1\org.lwjgl\lwjgl-jemalloc\3.3.1\a817bcf213db49f710603677457567c37d53e103\lwjgl-jemalloc-3.3.1.jar;C:\Users\nikki\.gradle\caches\modules-2\files-2.1\org.lwjgl\lwjgl-jemalloc\3.3.1\33dbb017b6ed6b25f993ad9d56741a49e7937718\lwjgl-jemalloc-3.3.1-natives-linux.jar;C:\Users\nikki\.gradle\caches\modules-2\files-2.1\org.lwjgl\lwjgl-jemalloc\3.3.1\a96a6d6cb3876d7813fcee53c3c24f246aeba3b3\lwjgl-jemalloc-3.3.1-natives-linux-arm32.jar;C:\Users\nikki\.gradle\caches\modules-2\files-2.1\org.lwjgl\lwjgl-jemalloc\3.3.1\c6606e57db075ad218a2e78d2416c159a53b6a0c\lwjgl-jemalloc-3.3.1-natives-linux-arm64.jar;C:\Users\nikki\.gradle\caches\modules-2\files-2.1\org.lwjgl\lwjgl-jemalloc\3.3.1\56424dc8db3cfb8e7b594aa6d59a4f4387b7f544\lwjgl-jemalloc-3.3.1-natives-macos.jar;C:\Users\nikki\.gradle\caches\modules-2\files-2.1\org.lwjgl\lwjgl-jemalloc\3.3.1\e577b87d8ad2ade361aaea2fcf226c660b15dee8\lwjgl-jemalloc-3.3.1-natives-macos-arm64.jar;C:\Users\nikki\.gradle\caches\modules-2\files-2.1\org.lwjgl\lwjgl-jemalloc\3.3.1\948a89b76a16aa324b046ae9308891216ffce5f9\lwjgl-jemalloc-3.3.1-natives-windows.jar;C:\Users\nikki\.gradle\caches\modules-2\files-2.1\org.lwjgl\lwjgl-jemalloc\3.3.1\fb476c8ec110e1c137ad3ce8a7f7bfe6b11c6324\lwjgl-jemalloc-3.3.1-natives-windows-x86.jar;C:\Users\nikki\.gradle\caches\modules-2\files-2.1\org.lwjgl\lwjgl-openal\3.3.1\2623a6b8ae1dfcd880738656a9f0243d2e6840bd\lwjgl-openal-3.3.1.jar;C:\Users\nikki\.gradle\caches\modules-2\files-2.1\org.lwjgl\lwjgl-openal\3.3.1\f906b6439f6daa66001182ea7727e3467a93681b\lwjgl-openal-3.3.1-natives-linux.jar;C:\Users\nikki\.gradle\caches\modules-2\files-2.1\org.lwjgl\lwjgl-openal\3.3.1\ffbe35d7fa5ec9b7eca136a7c71f24d4025a510b\lwjgl-openal-3.3.1-natives-linux-arm32.jar;C:\Users\nikki\.gradle\caches\modules-2\files-2.1\org.lwjgl\lwjgl-openal\3.3.1\cf4e303257e82981b8b2e31bba3d7f8f7b8f42b2\lwjgl-openal-3.3.1-natives-linux-arm64.jar;C:\Users\nikki\.gradle\caches\modules-2\files-2.1\org.lwjgl\lwjgl-openal\3.3.1\3a57b8911835fb58b5e558d0ca0d28157e263d45\lwjgl-openal-3.3.1-natives-macos.jar;C:\Users\nikki\.gradle\caches\modules-2\files-2.1\org.lwjgl\lwjgl-openal\3.3.1\23d55e7490b57495320f6c9e1936d78fd72c4ef8\lwjgl-openal-3.3.1-natives-macos-arm64.jar;C:\Users\nikki\.gradle\caches\modules-2\files-2.1\org.lwjgl\lwjgl-openal\3.3.1\30a474d0e57193d7bc128849a3ab66bc9316fdb1\lwjgl-openal-3.3.1-natives-windows.jar;C:\Users\nikki\.gradle\caches\modules-2\files-2.1\org.lwjgl\lwjgl-openal\3.3.1\888349f7b1be6fbae58bf8edfb9ef12def04c4e3\lwjgl-openal-3.3.1-natives-windows-x86.jar;C:\Users\nikki\.gradle\caches\modules-2\files-2.1\org.lwjgl\lwjgl-opengl\3.3.1\831a5533a21a5f4f81bbc51bb13e9899319b5411\lwjgl-opengl-3.3.1.jar;C:\Users\nikki\.gradle\caches\modules-2\files-2.1\org.lwjgl\lwjgl-opengl\3.3.1\ab9ab6fde3743e3550fa5d46d785ecb45b047d99\lwjgl-opengl-3.3.1-natives-linux.jar;C:\Users\nikki\.gradle\caches\modules-2\files-2.1\org.lwjgl\lwjgl-opengl\3.3.1\e3550fa91097fd56e361b4370fa822220fef3595\lwjgl-opengl-3.3.1-natives-linux-arm32.jar;C:\Users\nikki\.gradle\caches\modules-2\files-2.1\org.lwjgl\lwjgl-opengl\3.3.1\1c528fb258a6e63e8fceb4482d8db0f3af10a634\lwjgl-opengl-3.3.1-natives-linux-arm64.jar;C:\Users\nikki\.gradle\caches\modules-2\files-2.1\org.lwjgl\lwjgl-opengl\3.3.1\a0d12697ea019a7362eff26475b0531340e876a6\lwjgl-opengl-3.3.1-natives-macos.jar;C:\Users\nikki\.gradle\caches\modules-2\files-2.1\org.lwjgl\lwjgl-opengl\3.3.1\eafe34b871d966292e8db0f1f3d6b8b110d4e91d\lwjgl-opengl-3.3.1-natives-macos-arm64.jar;C:\Users\nikki\.gradle\caches\modules-2\files-2.1\org.lwjgl\lwjgl-opengl\3.3.1\c1807e9bd571402787d7e37e3029776ae2513bb8\lwjgl-opengl-3.3.1-natives-windows.jar;C:\Users\nikki\.gradle\caches\modules-2\files-2.1\org.lwjgl\lwjgl-opengl\3.3.1\deef3eb9b178ff2ff3ce893cc72ae741c3a17974\lwjgl-opengl-3.3.1-natives-windows-x86.jar;C:\Users\nikki\.gradle\caches\modules-2\files-2.1\org.lwjgl\lwjgl-stb\3.3.1\b119297cf8ed01f247abe8685857f8e7fcf5980f\lwjgl-stb-3.3.1.jar;C:\Users\nikki\.gradle\caches\modules-2\files-2.1\org.lwjgl\lwjgl-stb\3.3.1\3ee7aec8686e52867677110415566a5342a80230\lwjgl-stb-3.3.1-natives-linux.jar;C:\Users\nikki\.gradle\caches\modules-2\files-2.1\org.lwjgl\lwjgl-stb\3.3.1\b08226bab162c06ae69337d8a1b0ee0a3fdf0b90\lwjgl-stb-3.3.1-natives-linux-arm32.jar;C:\Users\nikki\.gradle\caches\modules-2\files-2.1\org.lwjgl\lwjgl-stb\3.3.1\8e8348a1813aad7f30aaf75ea197151ebb7beba9\lwjgl-stb-3.3.1-natives-linux-arm64.jar;C:\Users\nikki\.gradle\caches\modules-2\files-2.1\org.lwjgl\lwjgl-stb\3.3.1\def8879b8d38a47a4cc1d48b1f9a7b772e51258e\lwjgl-stb-3.3.1-natives-macos.jar;C:\Users\nikki\.gradle\caches\modules-2\files-2.1\org.lwjgl\lwjgl-stb\3.3.1\fcf073ed911752abdca5f0b00a53cfdf17ff8e8b\lwjgl-stb-3.3.1-natives-macos-arm64.jar;C:\Users\nikki\.gradle\caches\modules-2\files-2.1\org.lwjgl\lwjgl-stb\3.3.1\86315914ac119efdb02dc9e8e978ade84f1702af\lwjgl-stb-3.3.1-natives-windows.jar;C:\Users\nikki\.gradle\caches\modules-2\files-2.1\org.lwjgl\lwjgl-stb\3.3.1\a8d41f419eecb430b7c91ea2ce2c5c451cae2091\lwjgl-stb-3.3.1-natives-windows-x86.jar;C:\Users\nikki\.gradle\caches\modules-2\files-2.1\org.lwjgl\lwjgl\3.3.1\ae58664f88e18a9bb2c77b063833ca7aaec484cb\lwjgl-3.3.1.jar;C:\Users\nikki\.gradle\caches\modules-2\files-2.1\org.lwjgl\lwjgl\3.3.1\1de885aba434f934201b99f2f1afb142036ac189\lwjgl-3.3.1-natives-linux.jar;C:\Users\nikki\.gradle\caches\modules-2\files-2.1\org.lwjgl\lwjgl\3.3.1\41a3c1dd15d6b964eb8196dde69720a3e3e5e969\lwjgl-3.3.1-natives-linux-arm32.jar;C:\Users\nikki\.gradle\caches\modules-2\files-2.1\org.lwjgl\lwjgl\3.3.1\b597401014acb7196c76d97e15a6288f54f1f692\lwjgl-3.3.1-natives-linux-arm64.jar;C:\Users\nikki\.gradle\caches\modules-2\files-2.1\org.lwjgl\lwjgl\3.3.1\fc6bb723dec2cd031557dccb2a95f0ab80acb9db\lwjgl-3.3.1-natives-macos.jar;C:\Users\nikki\.gradle\caches\modules-2\files-2.1\org.lwjgl\lwjgl\3.3.1\71d0d5e469c9c95351eb949064497e3391616ac9\lwjgl-3.3.1-natives-macos-arm64.jar;C:\Users\nikki\.gradle\caches\modules-2\files-2.1\org.lwjgl\lwjgl\3.3.1\36c37f16ab611b3aa11f3bcf80b1d509b4ce6b\lwjgl-3.3.1-natives-windows.jar;C:\Users\nikki\.gradle\caches\modules-2\files-2.1\org.lwjgl\lwjgl\3.3.1\3b14f4beae9dd39791ec9e12190a9380cd8a3ce6\lwjgl-3.3.1-natives-windows-x86.jar;C:\Users\nikki\.gradle\caches\modules-2\files-2.1\com.badlogicgames.jlayer\jlayer\1.0.1-gdx\7cca83cec5c1b2f011362f4d85aabd71a73b049d\jlayer-1.0.1-gdx.jar;C:\Users\nikki\.gradle\caches\modules-2\files-2.1\org.jcraft\jorbis\0.0.17\8872d22b293e8f5d7d56ff92be966e6dc28ebdc6\jorbis-0.0.17.jar;C:\Users\nikki\.gradle\caches\modules-2\files-2.1\com.badlogicgames.jamepad\jamepad\2.0.20.0\55eb0007fd55c9914d106dac3387b9d444572cab\jamepad-2.0.20.0.jar;C:\Users\nikki\.gradle\caches\modules-2\files-2.1\org.slf4j\slf4j-jdk14\1.7.36\4a18af6554bfe48b0f76eec98119c417da23c7e1\slf4j-jdk14-1.7.36.jar;C:\Users\nikki\.gradle\caches\modules-2\files-2.1\org.slf4j\slf4j-api\1.7.36\6c62681a2f655b49963a5983b8b0950a6120ae14\slf4j-api-1.7.36.jar;C:\Users\nikki\.gradle\caches\modules-2\files-2.1\com.badlogicgames.gdx\gdx-jnigen-loader\2.3.1\2d472f69243631fbcb3d4c3f93dd2e137a6cb084\gdx-jnigen-loader-2.3.1.jar;C:\Users\nikki\.gradle\caches\modules-2\files-2.1\org.lwjgl.lwjgl\lwjgl\2.9.3\3df168ac74e4a8c96562cdff24ad352e255bf89c\lwjgl-2.9.3.jar;C:\Users\nikki\.gradle\caches\modules-2\files-2.1\org.lwjgl.lwjgl\lwjgl-platform\2.9.3\fbc2afb3e288578e9942578decb6291a490549a0\lwjgl-platform-2.9.3-natives-windows.jar;C:\Users\nikki\.gradle\caches\modules-2\files-2.1\org.lwjgl.lwjgl\lwjgl-platform\2.9.3\b1eafe80093381c56415731e1d64279e6140bcd0\lwjgl-platform-2.9.3-natives-linux.jar;C:\Users\nikki\.gradle\caches\modules-2\files-2.1\org.lwjgl.lwjgl\lwjgl-platform\2.9.3\6686cf6ddaa20b4290aa6599a09bc0d17369be05\lwjgl-platform-2.9.3-natives-osx.jar;C:\Users\nikki\.gradle\caches\modules-2\files-2.1\net.java.jinput\jinput\2.0.5\39c7796b469a600f72380316f6b1f11db6c2c7c4\jinput-2.0.5.jar;C:\Users\nikki\.gradle\caches\modules-2\files-2.1\net.java.jutils\jutils\1.0.0\e12fe1fda814bd348c1579329c86943d2cd3c6a6\jutils-1.0.0.jar;C:\Users\nikki\.gradle\caches\modules-2\files-2.1\net.java.jinput\jinput-platform\2.0.5\7ff832a6eb9ab6a767f1ade2b548092d0fa64795\jinput-platform-2.0.5-natives-linux.jar;C:\Users\nikki\.gradle\caches\modules-2\files-2.1\net.java.jinput\jinput-platform\2.0.5\385ee093e01f587f30ee1c8a2ee7d408fd732e16\jinput-platform-2.0.5-natives-windows.jar;C:\Users\nikki\.gradle\caches\modules-2\files-2.1\net.java.jinput\jinput-platform\2.0.5\53f9c919f34d2ca9de8c51fc4e1e8282029a9232\jinput-platform-2.0.5-natives-osx.jar
Launcher Type: SUN_STANDARD

[Global flags]
     intx CICompilerCount                          = 12                                        {product} {ergonomic}
     uint ConcGCThreads                            = 3                                         {product} {ergonomic}
     uint G1ConcRefinementThreads                  = 13                                        {product} {ergonomic}
   size_t G1HeapRegionSize                         = 2097152                                   {product} {ergonomic}
    uintx GCDrainStackTargetSize                   = 64                                        {product} {ergonomic}
   size_t InitialHeapSize                          = 264241152                                 {product} {ergonomic}
   size_t MarkStackSize                            = 4194304                                   {product} {ergonomic}
   size_t MaxHeapSize                              = 4219469824                                {product} {ergonomic}
   size_t MaxNewSize                               = 2531262464                                {product} {ergonomic}
   size_t MinHeapDeltaBytes                        = 2097152                                   {product} {ergonomic}
   size_t MinHeapSize                              = 8388608                                   {product} {ergonomic}
    uintx NonNMethodCodeHeapSize                   = 7602480                                {pd product} {ergonomic}
    uintx NonProfiledCodeHeapSize                  = 122027880                              {pd product} {ergonomic}
    uintx ProfiledCodeHeapSize                     = 122027880                              {pd product} {ergonomic}
    uintx ReservedCodeCacheSize                    = 251658240                              {pd product} {ergonomic}
     bool SegmentedCodeCache                       = true                                      {product} {ergonomic}
   size_t SoftMaxHeapSize                          = 4219469824                             {manageable} {ergonomic}
     bool UseCompressedOops                        = true                           {product lp64_product} {ergonomic}
     bool UseG1GC                                  = true                                      {product} {ergonomic}
     bool UseLargePagesIndividualAllocation        = false                                  {pd product} {ergonomic}

Logging:
Log output configuration:
 #0: stdout all=warning uptime,level,tags foldmultilines=false
 #1: stderr all=off uptime,level,tags foldmultilines=false

Environment Variables:
JAVA_HOME=C:\Users\nikki\Downloads\openjdk-21.0.2_windows-x64_bin\jdk-21.0.2
PATH=C:\Windows\system32;C:\Windows;C:\Windows\System32\Wbem;C:\Windows\System32\WindowsPowerShell\v1.0\;C:\Windows\System32\OpenSSH\;C:\Program Files (x86)\NVIDIA Corporation\PhysX\Common;C:\Program Files\NVIDIA Corporation\NVIDIA NvDLISR;C:\Program Files\PuTTY\;C:\Program Files\Git\cmd;C:\Users\nikki\AppData\Local\Programs\Python\Launcher\;C:\Users\nikki\AppData\Local\Microsoft\WindowsApps;C:\Users\nikki\AppData\Local\Programs\Microsoft VS Code\bin;C:\Users\nikki\AppData\Local\GitHubDesktop\bin
USERNAME=nikki
OS=Windows_NT
PROCESSOR_IDENTIFIER=Intel64 Family 6 Model 186 Stepping 2, GenuineIntel
TMP=C:\Users\nikki\AppData\Local\Temp
TEMP=C:\Users\nikki\AppData\Local\Temp




Periodic native trim disabled

---------------  S Y S T E M  ---------------

OS:
 Windows 11 , 64 bit Build 22621 (10.0.22621.3958)
OS uptime: 10 days 16:51 hours
Hyper-V role detected

CPU: total 16 (initial active 16) (8 cores per cpu, 2 threads per core) family 6 model 186 stepping 2 microcode 0x410e, cx8, cmov, fxsr, ht, mmx, 3dnowpref, sse, sse2, sse3, ssse3, sse4.1, sse4.2, popcnt, lzcnt, tsc, tscinvbit, avx, avx2, aes, erms, clmul, bmi1, bmi2, adx, sha, fma, vzeroupper, clflush, clflushopt, clwb, hv, serialize, rdtscp, rdpid, fsrm, f16c, cet_ibt, cet_ss
Processor Information for processor 0
  Max Mhz: 2400, Current Mhz: 2400, Mhz Limit: 2400
Processor Information for processor 1
  Max Mhz: 2400, Current Mhz: 1520, Mhz Limit: 2400
Processor Information for processor 2
  Max Mhz: 2400, Current Mhz: 2400, Mhz Limit: 2400
Processor Information for processor 3
  Max Mhz: 2400, Current Mhz: 2400, Mhz Limit: 2400
Processor Information for processor 4
  Max Mhz: 2400, Current Mhz: 2400, Mhz Limit: 2400
Processor Information for processor 5
  Max Mhz: 2400, Current Mhz: 2400, Mhz Limit: 2400
Processor Information for processor 6
  Max Mhz: 2400, Current Mhz: 2400, Mhz Limit: 2400
Processor Information for processor 7
  Max Mhz: 2400, Current Mhz: 2400, Mhz Limit: 2400
Processor Information for processor 8
  Max Mhz: 2400, Current Mhz: 2400, Mhz Limit: 2400
Processor Information for processor 9
  Max Mhz: 2400, Current Mhz: 2400, Mhz Limit: 2400
Processor Information for processor 10
  Max Mhz: 2400, Current Mhz: 2400, Mhz Limit: 2400
Processor Information for processor 11
  Max Mhz: 2400, Current Mhz: 2400, Mhz Limit: 2400
Processor Information for processor 12
  Max Mhz: 2400, Current Mhz: 1466, Mhz Limit: 2400
Processor Information for processor 13
  Max Mhz: 2400, Current Mhz: 2400, Mhz Limit: 2400
Processor Information for processor 14
  Max Mhz: 2400, Current Mhz: 1466, Mhz Limit: 2400
Processor Information for processor 15
  Max Mhz: 2400, Current Mhz: 2400, Mhz Limit: 2400

Memory: 4k page, system-wide physical 16088M (1512M free)
TotalPageFile size 42221M (AvailPageFile size 5769M)
current process WorkingSet (physical memory assigned to process): 53M, peak: 53M
current process commit charge ("private bytes"): 357M, peak: 357M

vm_info: OpenJDK 64-Bit Server VM (21.0.2+13-58) for windows-amd64 JRE (21.0.2+13-58), built on 2024-01-05T18:32:24Z by "mach5one" with MS VC++ 17.1 (VS2022)

END.
