#
# A fatal error has been detected by the Java Runtime Environment:
#
#  EXCEPTION_ACCESS_VIOLATION (0xc0000005) at pc=0x00007ffd8139691c, pid=26444, tid=19804
#
# JRE version: OpenJDK Runtime Environment (21.0.2+13) (build 21.0.2+13-58)
# Java VM: OpenJDK 64-Bit Server VM (21.0.2+13-58, mixed mode, sharing, tiered, compressed oops, compressed class ptrs, g1 gc, windows-amd64)
# Problematic frame:
# C  [jdwp.dll+0x2691c]
#
# No core dump will be written. Minidumps are not enabled by default on client versions of Windows
#
# If you would like to submit a bug report, please visit:
#   https://bugreport.java.com/bugreport/crash.jsp
# The crash happened outside the Java Virtual Machine in native code.
# See problematic frame for where to report the bug.
#

---------------  S U M M A R Y ------------

Command Line: -agentlib:jdwp=transport=dt_socket,server=n,suspend=y,address=127.0.0.1:52735 -Dfile.encoding=windows-1252 -Duser.country=AU -Duser.language=en -Duser.variant com.csse3200.game.desktop.DesktopLauncher

Host: Intel(R) Core(TM) i5-10210U CPU @ 1.60GHz, 8 cores, 7G,  Windows 10 , 64 bit Build 19041 (10.0.19041.4717)
Time: Wed Aug 28 20:38:58 2024 E. Australia Standard Time elapsed time: 0.450539 seconds (0d 0h 0m 0s)

---------------  T H R E A D  ---------------

Current thread (0x000001dce152b7a0):  JavaThread "main"             [_thread_in_native, id=19804, stack(0x0000006ef0d00000,0x0000006ef0e00000) (1024K)]

Stack: [0x0000006ef0d00000,0x0000006ef0e00000],  sp=0x0000006ef0dfb6e8,  free space=1005k
Native frames: (J=compiled Java code, j=interpreted, Vv=VM code, C=native code)
C  [jdwp.dll+0x2691c]

Java frames: (J=compiled Java code, j=interpreted, Vv=VM code)
j  org.lwjgl.system.jemalloc.JEmalloc.nje_malloc(J)J+0
j  org.lwjgl.system.jemalloc.JEmalloc.<clinit>()V+44
v  ~StubRoutines::call_stub 0x000001dcf301100d
j  org.lwjgl.system.jemalloc.JEmallocAllocator.<clinit>()V+0
v  ~StubRoutines::call_stub 0x000001dcf301100d
j  java.lang.Class.forName0(Ljava/lang/String;ZLjava/lang/ClassLoader;Ljava/lang/Class;)Ljava/lang/Class;+0 java.base@21.0.2
j  java.lang.Class.forName(Ljava/lang/String;Ljava/lang/Class;)Ljava/lang/Class;+19 java.base@21.0.2
j  java.lang.Class.forName(Ljava/lang/String;)Ljava/lang/Class;+6 java.base@21.0.2
j  org.lwjgl.system.MemoryManage.getInstance()Lorg/lwjgl/system/MemoryUtil$MemoryAllocator;+68
j  org.lwjgl.system.MemoryUtil$LazyInit.<clinit>()V+0
v  ~StubRoutines::call_stub 0x000001dcf301100d
j  org.lwjgl.system.MemoryUtil.getAllocator(Z)Lorg/lwjgl/system/MemoryUtil$MemoryAllocator;+10
j  org.lwjgl.system.MemoryUtil.getAllocator()Lorg/lwjgl/system/MemoryUtil$MemoryAllocator;+1
j  org.lwjgl.system.Callback.<clinit>()V+217
v  ~StubRoutines::call_stub 0x000001dcf301100d
j  com.badlogic.gdx.backends.lwjgl3.Lwjgl3Application.initializeGlfw()V+21
j  com.badlogic.gdx.backends.lwjgl3.Lwjgl3Application.<init>(Lcom/badlogic/gdx/ApplicationListener;Lcom/badlogic/gdx/backends/lwjgl3/Lwjgl3ApplicationConfiguration;)V+82
j  com.csse3200.game.desktop.DesktopLauncher.main([Ljava/lang/String;)V+20
v  ~StubRoutines::call_stub 0x000001dcf301100d

siginfo: EXCEPTION_ACCESS_VIOLATION (0xc0000005), reading address 0xffffffffffffffff


Registers:
RAX=0x000001dcc5748eb0, RBX=0x000001dcfff20f30, RCX=0x000001dce152bb58, RDX=0x000001dcfff20f30
RSP=0x0000006ef0dfb6e8, RBP=0x0000000000000002, RSI=0x0000006ef0dfb790, RDI=0x000001dce152bb58
R8 =0x0000000000010002, R9 =0x0000000000000000, R10=0x00007ffd772f0000, R11=0x0000006ef0dfb6b8
R12=0x0000000000000007, R13=0x000001dcfff20f30, R14=0x00007ffd813a0400, R15=0x0000000000000000
RIP=0x00007ffd8139691c, EFLAGS=0x0000000000010202


Register to memory mapping:

RAX=0x000001dcc5748eb0 points into unknown readable memory: 0x0000000000000000 | 00 00 00 00 00 00 00 00
RBX=0x000001dcfff20f30 points into unknown readable memory: 0x000000008bb09c48 | 48 9c b0 8b 00 00 00 00
RCX=0x000001dce152bb58 points into unknown readable memory: 0x000001dcc5748eb0 | b0 8e 74 c5 dc 01 00 00
RDX=0x000001dcfff20f30 points into unknown readable memory: 0x000000008bb09c48 | 48 9c b0 8b 00 00 00 00
RSP=0x0000006ef0dfb6e8 is pointing into the stack for thread: 0x000001dce152b7a0
RBP=0x0000000000000002 is an unknown value
RSI=0x0000006ef0dfb790 is pointing into the stack for thread: 0x000001dce152b7a0
RDI=0x000001dce152bb58 points into unknown readable memory: 0x000001dcc5748eb0 | b0 8e 74 c5 dc 01 00 00
R8 =0x0000000000010002 is an unknown value
R9 =0x0 is null
R10=0x00007ffd772f0000 VCRUNTIME140.dll
R11=0x0000006ef0dfb6b8 is pointing into the stack for thread: 0x000001dce152b7a0
R12=0x0000000000000007 is an unknown value
R13=0x000001dcfff20f30 points into unknown readable memory: 0x000000008bb09c48 | 48 9c b0 8b 00 00 00 00
R14=0x00007ffd813a0400 jdwp.dll
R15=0x0 is null

Top of Stack: (sp=0x0000006ef0dfb6e8)
0x0000006ef0dfb6e8:   00007ffd813861bf 000001dcfff20f30
0x0000006ef0dfb6f8:   0000006ef0dfb790 0000000000000000
0x0000006ef0dfb708:   0000000000000000 0000000200000007
0x0000006ef0dfb718:   000001dcfff177a0 000001dce15136e0
0x0000006ef0dfb728:   00007ffd813a0428 000001dce152bd78
0x0000006ef0dfb738:   00007ffd8138283f 000001dcfff20f30
0x0000006ef0dfb748:   0000000000000002 000001dce152bb58
0x0000006ef0dfb758:   000001dcfff20f38 0000006ef0dfb950
0x0000006ef0dfb768:   000001dcffdb6928 00000005c52c0100
0x0000006ef0dfb778:   000001dc8101dd80 0000000000000000
0x0000006ef0dfb788:   000001dcc57b8e18 0000000000000007
0x0000006ef0dfb798:   000001dcfff20f30 0000000000000000
0x0000006ef0dfb7a8:   000001dcfff20f38 0000000000000000
0x0000006ef0dfb7b8:   0000000000000000 0000000000000000
0x0000006ef0dfb7c8:   0000000000000000 0000000000000000
0x0000006ef0dfb7d8:   0000000000000000 0000000000000000
0x0000006ef0dfb7e8:   000001dce152bd78 000001dc8101dd80
0x0000006ef0dfb7f8:   00007ffcec0589e7 000001dcfff20f38
0x0000006ef0dfb808:   000001dcc51dcc40 000001dce152b7a0
0x0000006ef0dfb818:   00000000000003d8 0000fdb7464f8a9f
0x0000006ef0dfb828:   000001dce368afc0 0000000000000000
0x0000006ef0dfb838:   000001dce152b7a0 0000000000000000
0x0000006ef0dfb848:   0000006ef0dfb950 000001dc8101dd80
0x0000006ef0dfb858:   000001dcc14d1301 000001dce1521460
0x0000006ef0dfb868:   000001dce152be10 000001dce152be20
0x0000006ef0dfb878:   000001dce152c1f8 00000000000003d8
0x0000006ef0dfb888:   000001dce152b7a0 000001dce152b7a0
0x0000006ef0dfb898:   000001dce15209a0 000001dce152c200
0x0000006ef0dfb8a8:   000001dce152c240 000001dce152c2e8
0x0000006ef0dfb8b8:   00000000000000d8 0000006ef0dfb8d0
0x0000006ef0dfb8c8:   00007ffcebd5d761 000001dce152b7a0
0x0000006ef0dfb8d8:   000001dce15209a0 000001dce152c200 

Instructions: (pc=0x00007ffd8139691c)
0x00007ffd8139681c:   05 df 08 01 00 48 8b 03 48 8b d7 4d 8b 40 30 48
0x00007ffd8139682c:   8b cb 48 8b 5c 24 30 48 83 c4 20 5f 48 ff a0 00
0x00007ffd8139683c:   01 00 00 cc 48 89 5c 24 08 57 48 83 ec 20 48 8b
0x00007ffd8139684c:   f9 e8 f2 ea ff ff 4c 8b 05 a7 08 01 00 48 8b d8
0x00007ffd8139685c:   41 f6 80 10 02 00 00 02 74 33 41 b8 20 06 00 00
0x00007ffd8139686c:   48 8d 15 15 c4 00 00 48 8d 0d 8a 5b 00 00 e8 d9
0x00007ffd8139687c:   48 ff ff 48 8d 15 52 9a 00 00 48 8d 0d 8b 5b 00
0x00007ffd8139688c:   00 e8 6e 49 ff ff 4c 8b 05 67 08 01 00 48 8b 03
0x00007ffd8139689c:   48 8b d7 4d 8b 40 38 48 8b cb 48 8b 5c 24 30 48
0x00007ffd813968ac:   83 c4 20 5f 48 ff a0 00 01 00 00 cc 48 89 5c 24
0x00007ffd813968bc:   08 57 48 83 ec 20 48 8b f9 e8 7a ea ff ff 48 8b
0x00007ffd813968cc:   15 2f 08 01 00 48 8b d8 f6 82 10 02 00 00 02 74
0x00007ffd813968dc:   2c 41 b8 12 06 00 00 48 8d 15 9e c3 00 00 48 8d
0x00007ffd813968ec:   0d 13 5b 00 00 e8 62 48 ff ff 48 8d 15 f3 6b 00
0x00007ffd813968fc:   00 48 8d 0d 14 5b 00 00 e8 f7 48 ff ff 48 8b 03
0x00007ffd8139690c:   48 8b d7 48 8b cb 48 8b 5c 24 30 48 83 c4 20 5f
0x00007ffd8139691c:   48 ff a0 50 07 00 00 cc 48 89 5c 24 08 48 89 74
0x00007ffd8139692c:   24 10 48 89 7c 24 18 41 56 48 83 ec 20 4c 63 f2
0x00007ffd8139693c:   49 8b d8 48 8b d1 41 8b f9 48 8b cb 4d 8d 46 ff
0x00007ffd8139694c:   ff 15 1e 59 00 00 85 c0 75 3c 41 0f be 44 1e ff
0x00007ffd8139695c:   3b c7 75 32 49 03 de eb 10 0f be c8 ff 15 f2 58
0x00007ffd8139696c:   00 00 85 c0 74 09 48 ff c3 8a 03 84 c0 75 ea 80
0x00007ffd8139697c:   3b 3b 74 12 8b d7 48 8b cb e8 38 4b 00 00 48 85
0x00007ffd8139698c:   c0 0f 94 c0 eb 02 32 c0 48 8b 5c 24 30 48 8b 74
0x00007ffd8139699c:   24 38 48 8b 7c 24 40 48 83 c4 20 41 5e c3 cc cc
0x00007ffd813969ac:   0f b6 d1 83 fa 1e 0f 87 83 00 00 00 74 7b 83 fa
0x00007ffd813969bc:   07 77 41 74 39 83 ea 01 74 2e 83 ea 01 74 23 83
0x00007ffd813969cc:   ea 01 74 18 83 ea 01 74 0d 83 fa 02 0f 85 8a 00
0x00007ffd813969dc:   00 00 8d 42 03 c3 b8 04 00 00 00 c3 b8 03 00 00
0x00007ffd813969ec:   00 c3 b8 02 00 00 00 c3 b8 01 00 00 00 c3 b8 06
0x00007ffd813969fc:   00 00 00 c3 b8 08 00 00 00 2b d0 74 26 83 ea 01
0x00007ffd81396a0c:   0f 84 88 00 00 00 83 ea 01 74 12 b8 0a 00 00 00 


Stack slot to memory mapping:

stack at sp + 0 slots: 0x00007ffd813861bf jdwp.dll
stack at sp + 1 slots: 0x000001dcfff20f30 points into unknown readable memory: 0x000000008bb09c48 | 48 9c b0 8b 00 00 00 00
stack at sp + 2 slots: 0x0000006ef0dfb790 is pointing into the stack for thread: 0x000001dce152b7a0
stack at sp + 3 slots: 0x0 is null
stack at sp + 4 slots: 0x0 is null
stack at sp + 5 slots: 0x0000000200000007 is an unknown value
stack at sp + 6 slots: 0x000001dcfff177a0 points into unknown readable memory: 0x000001dcf35b0310 | 10 03 5b f3 dc 01 00 00
stack at sp + 7 slots: 0x000001dce15136e0 points into unknown readable memory: 0x8000001200000001 | 01 00 00 00 12 00 00 80


---------------  P R O C E S S  ---------------

Threads class SMR info:
_java_thread_list=0x000001dcc524a380, length=14, elements={
0x000001dce152b7a0, 0x000001dcfff1ba10, 0x000001dcfff1cae0, 0x000001dcfff24130,
0x000001dcfff26d50, 0x000001dcfff27f50, 0x000001dcfff294b0, 0x000001dcfff33730,
0x000001dcfff34cd0, 0x000001dcc5215990, 0x000001dcc521f5e0, 0x000001dcc5234370,
0x000001dcc5234b90, 0x000001dcc524ffa0
}

Java Threads: ( => current thread )
=>0x000001dce152b7a0 JavaThread "main"                              [_thread_in_native, id=19804, stack(0x0000006ef0d00000,0x0000006ef0e00000) (1024K)]
  0x000001dcfff1ba10 JavaThread "Reference Handler"          daemon [_thread_blocked, id=21408, stack(0x0000006ef1500000,0x0000006ef1600000) (1024K)]
  0x000001dcfff1cae0 JavaThread "Finalizer"                  daemon [_thread_blocked, id=29788, stack(0x0000006ef1600000,0x0000006ef1700000) (1024K)]
  0x000001dcfff24130 JavaThread "Signal Dispatcher"          daemon [_thread_blocked, id=26468, stack(0x0000006ef1700000,0x0000006ef1800000) (1024K)]
  0x000001dcfff26d50 JavaThread "Attach Listener"            daemon [_thread_blocked, id=1512, stack(0x0000006ef1800000,0x0000006ef1900000) (1024K)]
  0x000001dcfff27f50 JavaThread "Service Thread"             daemon [_thread_blocked, id=2564, stack(0x0000006ef1900000,0x0000006ef1a00000) (1024K)]
  0x000001dcfff294b0 JavaThread "Monitor Deflation Thread"   daemon [_thread_blocked, id=29988, stack(0x0000006ef1a00000,0x0000006ef1b00000) (1024K)]
  0x000001dcfff33730 JavaThread "C2 CompilerThread0"         daemon [_thread_blocked, id=22636, stack(0x0000006ef1b00000,0x0000006ef1c00000) (1024K)]
  0x000001dcfff34cd0 JavaThread "C1 CompilerThread0"         daemon [_thread_blocked, id=23204, stack(0x0000006ef1c00000,0x0000006ef1d00000) (1024K)]
  0x000001dcc5215990 JavaThread "JDWP Transport Listener: dt_socket" daemon [_thread_blocked, id=14556, stack(0x0000006ef1d00000,0x0000006ef1e00000) (1024K)]
  0x000001dcc521f5e0 JavaThread "JDWP Event Helper Thread"   daemon [_thread_blocked, id=30644, stack(0x0000006ef1e00000,0x0000006ef1f00000) (1024K)]
  0x000001dcc5234370 JavaThread "JDWP Command Reader"        daemon [_thread_in_native, id=8808, stack(0x0000006ef1f00000,0x0000006ef2000000) (1024K)]
  0x000001dcc5234b90 JavaThread "Notification Thread"        daemon [_thread_blocked, id=21852, stack(0x0000006ef2000000,0x0000006ef2100000) (1024K)]
  0x000001dcc524ffa0 JavaThread "Common-Cleaner"             daemon [_thread_blocked, id=23612, stack(0x0000006ef2100000,0x0000006ef2200000) (1024K)]
Total: 14

Other Threads:
  0x000001dcffefacf0 VMThread "VM Thread"                           [id=25480, stack(0x0000006ef1400000,0x0000006ef1500000) (1024K)]
  0x000001dcffee3aa0 WatcherThread "VM Periodic Task Thread"        [id=9692, stack(0x0000006ef1300000,0x0000006ef1400000) (1024K)]
  0x000001dce36e2210 WorkerThread "GC Thread#0"                     [id=16912, stack(0x0000006ef0e00000,0x0000006ef0f00000) (1024K)]
  0x000001dce36f2be0 ConcurrentGCThread "G1 Main Marker"            [id=27936, stack(0x0000006ef0f00000,0x0000006ef1000000) (1024K)]
  0x000001dce36f3e80 WorkerThread "G1 Conc#0"                       [id=24460, stack(0x0000006ef1000000,0x0000006ef1100000) (1024K)]
  0x000001dce374e050 ConcurrentGCThread "G1 Refine#0"               [id=18784, stack(0x0000006ef1100000,0x0000006ef1200000) (1024K)]
  0x000001dce374ebc0 ConcurrentGCThread "G1 Service"                [id=29044, stack(0x0000006ef1200000,0x0000006ef1300000) (1024K)]
Total: 7

Threads with active compile tasks:
Total: 0

VM state: not at safepoint (normal execution)

VM Mutex/Monitor currently owned by a thread: None

Heap address: 0x0000000083e00000, size: 1986 MB, Compressed Oops mode: 32-bit

CDS archive(s) mapped at: [0x000001dc80000000-0x000001dc80c90000-0x000001dc80c90000), size 13172736, SharedBaseAddress: 0x000001dc80000000, ArchiveRelocationMode: 1.
Compressed class space mapped at: 0x000001dc81000000-0x000001dcc1000000, reserved size: 1073741824
Narrow klass base: 0x000001dc80000000, Narrow klass shift: 0, Narrow klass range: 0x100000000

GC Precious Log:
 CardTable entry size: 512
 Card Set container configuration: InlinePtr #cards 5 size 8 Array Of Cards #cards 12 size 40 Howl #buckets 4 coarsen threshold 1843 Howl Bitmap #cards 512 size 80 coarsen threshold 460 Card regions per heap region 1 cards per card region 2048
 CPUs: 8 total, 8 available
 Memory: 7942M
 Large Page Support: Disabled
 NUMA Support: Disabled
 Compressed Oops: Enabled (32-bit)
 Heap Region Size: 1M
 Heap Min Capacity: 8M
 Heap Initial Capacity: 126M
 Heap Max Capacity: 1986M
 Pre-touch: Disabled
 Parallel Workers: 8
 Concurrent Workers: 2
 Concurrent Refinement Workers: 8
 Periodic GC: Disabled

Heap:
 garbage-first heap   total 129024K, used 7168K [0x0000000083e00000, 0x0000000100000000)
  region size 1024K, 8 young (8192K), 0 survivors (0K)
 Metaspace       used 2262K, committed 2432K, reserved 1114112K
  class space    used 183K, committed 256K, reserved 1048576K

Heap Regions: E=young(eden), S=young(survivor), O=old, HS=humongous(starts), HC=humongous(continues), CS=collection set, F=free, TAMS=top-at-mark-start, PB=parsable bottom
|   0|0x0000000083e00000, 0x0000000083e00000, 0x0000000083f00000|  0%| F|  |TAMS 0x0000000083e00000| PB 0x0000000083e00000| Untracked 
|   1|0x0000000083f00000, 0x0000000083f00000, 0x0000000084000000|  0%| F|  |TAMS 0x0000000083f00000| PB 0x0000000083f00000| Untracked 
|   2|0x0000000084000000, 0x0000000084000000, 0x0000000084100000|  0%| F|  |TAMS 0x0000000084000000| PB 0x0000000084000000| Untracked 
|   3|0x0000000084100000, 0x0000000084100000, 0x0000000084200000|  0%| F|  |TAMS 0x0000000084100000| PB 0x0000000084100000| Untracked 
|   4|0x0000000084200000, 0x0000000084200000, 0x0000000084300000|  0%| F|  |TAMS 0x0000000084200000| PB 0x0000000084200000| Untracked 
|   5|0x0000000084300000, 0x0000000084300000, 0x0000000084400000|  0%| F|  |TAMS 0x0000000084300000| PB 0x0000000084300000| Untracked 
|   6|0x0000000084400000, 0x0000000084400000, 0x0000000084500000|  0%| F|  |TAMS 0x0000000084400000| PB 0x0000000084400000| Untracked 
|   7|0x0000000084500000, 0x0000000084500000, 0x0000000084600000|  0%| F|  |TAMS 0x0000000084500000| PB 0x0000000084500000| Untracked 
|   8|0x0000000084600000, 0x0000000084600000, 0x0000000084700000|  0%| F|  |TAMS 0x0000000084600000| PB 0x0000000084600000| Untracked 
|   9|0x0000000084700000, 0x0000000084700000, 0x0000000084800000|  0%| F|  |TAMS 0x0000000084700000| PB 0x0000000084700000| Untracked 
|  10|0x0000000084800000, 0x0000000084800000, 0x0000000084900000|  0%| F|  |TAMS 0x0000000084800000| PB 0x0000000084800000| Untracked 
|  11|0x0000000084900000, 0x0000000084900000, 0x0000000084a00000|  0%| F|  |TAMS 0x0000000084900000| PB 0x0000000084900000| Untracked 
|  12|0x0000000084a00000, 0x0000000084a00000, 0x0000000084b00000|  0%| F|  |TAMS 0x0000000084a00000| PB 0x0000000084a00000| Untracked 
|  13|0x0000000084b00000, 0x0000000084b00000, 0x0000000084c00000|  0%| F|  |TAMS 0x0000000084b00000| PB 0x0000000084b00000| Untracked 
|  14|0x0000000084c00000, 0x0000000084c00000, 0x0000000084d00000|  0%| F|  |TAMS 0x0000000084c00000| PB 0x0000000084c00000| Untracked 
|  15|0x0000000084d00000, 0x0000000084d00000, 0x0000000084e00000|  0%| F|  |TAMS 0x0000000084d00000| PB 0x0000000084d00000| Untracked 
|  16|0x0000000084e00000, 0x0000000084e00000, 0x0000000084f00000|  0%| F|  |TAMS 0x0000000084e00000| PB 0x0000000084e00000| Untracked 
|  17|0x0000000084f00000, 0x0000000084f00000, 0x0000000085000000|  0%| F|  |TAMS 0x0000000084f00000| PB 0x0000000084f00000| Untracked 
|  18|0x0000000085000000, 0x0000000085000000, 0x0000000085100000|  0%| F|  |TAMS 0x0000000085000000| PB 0x0000000085000000| Untracked 
|  19|0x0000000085100000, 0x0000000085100000, 0x0000000085200000|  0%| F|  |TAMS 0x0000000085100000| PB 0x0000000085100000| Untracked 
|  20|0x0000000085200000, 0x0000000085200000, 0x0000000085300000|  0%| F|  |TAMS 0x0000000085200000| PB 0x0000000085200000| Untracked 
|  21|0x0000000085300000, 0x0000000085300000, 0x0000000085400000|  0%| F|  |TAMS 0x0000000085300000| PB 0x0000000085300000| Untracked 
|  22|0x0000000085400000, 0x0000000085400000, 0x0000000085500000|  0%| F|  |TAMS 0x0000000085400000| PB 0x0000000085400000| Untracked 
|  23|0x0000000085500000, 0x0000000085500000, 0x0000000085600000|  0%| F|  |TAMS 0x0000000085500000| PB 0x0000000085500000| Untracked 
|  24|0x0000000085600000, 0x0000000085600000, 0x0000000085700000|  0%| F|  |TAMS 0x0000000085600000| PB 0x0000000085600000| Untracked 
|  25|0x0000000085700000, 0x0000000085700000, 0x0000000085800000|  0%| F|  |TAMS 0x0000000085700000| PB 0x0000000085700000| Untracked 
|  26|0x0000000085800000, 0x0000000085800000, 0x0000000085900000|  0%| F|  |TAMS 0x0000000085800000| PB 0x0000000085800000| Untracked 
|  27|0x0000000085900000, 0x0000000085900000, 0x0000000085a00000|  0%| F|  |TAMS 0x0000000085900000| PB 0x0000000085900000| Untracked 
|  28|0x0000000085a00000, 0x0000000085a00000, 0x0000000085b00000|  0%| F|  |TAMS 0x0000000085a00000| PB 0x0000000085a00000| Untracked 
|  29|0x0000000085b00000, 0x0000000085b00000, 0x0000000085c00000|  0%| F|  |TAMS 0x0000000085b00000| PB 0x0000000085b00000| Untracked 
|  30|0x0000000085c00000, 0x0000000085c00000, 0x0000000085d00000|  0%| F|  |TAMS 0x0000000085c00000| PB 0x0000000085c00000| Untracked 
|  31|0x0000000085d00000, 0x0000000085d00000, 0x0000000085e00000|  0%| F|  |TAMS 0x0000000085d00000| PB 0x0000000085d00000| Untracked 
|  32|0x0000000085e00000, 0x0000000085e00000, 0x0000000085f00000|  0%| F|  |TAMS 0x0000000085e00000| PB 0x0000000085e00000| Untracked 
|  33|0x0000000085f00000, 0x0000000085f00000, 0x0000000086000000|  0%| F|  |TAMS 0x0000000085f00000| PB 0x0000000085f00000| Untracked 
|  34|0x0000000086000000, 0x0000000086000000, 0x0000000086100000|  0%| F|  |TAMS 0x0000000086000000| PB 0x0000000086000000| Untracked 
|  35|0x0000000086100000, 0x0000000086100000, 0x0000000086200000|  0%| F|  |TAMS 0x0000000086100000| PB 0x0000000086100000| Untracked 
|  36|0x0000000086200000, 0x0000000086200000, 0x0000000086300000|  0%| F|  |TAMS 0x0000000086200000| PB 0x0000000086200000| Untracked 
|  37|0x0000000086300000, 0x0000000086300000, 0x0000000086400000|  0%| F|  |TAMS 0x0000000086300000| PB 0x0000000086300000| Untracked 
|  38|0x0000000086400000, 0x0000000086400000, 0x0000000086500000|  0%| F|  |TAMS 0x0000000086400000| PB 0x0000000086400000| Untracked 
|  39|0x0000000086500000, 0x0000000086500000, 0x0000000086600000|  0%| F|  |TAMS 0x0000000086500000| PB 0x0000000086500000| Untracked 
|  40|0x0000000086600000, 0x0000000086600000, 0x0000000086700000|  0%| F|  |TAMS 0x0000000086600000| PB 0x0000000086600000| Untracked 
|  41|0x0000000086700000, 0x0000000086700000, 0x0000000086800000|  0%| F|  |TAMS 0x0000000086700000| PB 0x0000000086700000| Untracked 
|  42|0x0000000086800000, 0x0000000086800000, 0x0000000086900000|  0%| F|  |TAMS 0x0000000086800000| PB 0x0000000086800000| Untracked 
|  43|0x0000000086900000, 0x0000000086900000, 0x0000000086a00000|  0%| F|  |TAMS 0x0000000086900000| PB 0x0000000086900000| Untracked 
|  44|0x0000000086a00000, 0x0000000086a00000, 0x0000000086b00000|  0%| F|  |TAMS 0x0000000086a00000| PB 0x0000000086a00000| Untracked 
|  45|0x0000000086b00000, 0x0000000086b00000, 0x0000000086c00000|  0%| F|  |TAMS 0x0000000086b00000| PB 0x0000000086b00000| Untracked 
|  46|0x0000000086c00000, 0x0000000086c00000, 0x0000000086d00000|  0%| F|  |TAMS 0x0000000086c00000| PB 0x0000000086c00000| Untracked 
|  47|0x0000000086d00000, 0x0000000086d00000, 0x0000000086e00000|  0%| F|  |TAMS 0x0000000086d00000| PB 0x0000000086d00000| Untracked 
|  48|0x0000000086e00000, 0x0000000086e00000, 0x0000000086f00000|  0%| F|  |TAMS 0x0000000086e00000| PB 0x0000000086e00000| Untracked 
|  49|0x0000000086f00000, 0x0000000086f00000, 0x0000000087000000|  0%| F|  |TAMS 0x0000000086f00000| PB 0x0000000086f00000| Untracked 
|  50|0x0000000087000000, 0x0000000087000000, 0x0000000087100000|  0%| F|  |TAMS 0x0000000087000000| PB 0x0000000087000000| Untracked 
|  51|0x0000000087100000, 0x0000000087100000, 0x0000000087200000|  0%| F|  |TAMS 0x0000000087100000| PB 0x0000000087100000| Untracked 
|  52|0x0000000087200000, 0x0000000087200000, 0x0000000087300000|  0%| F|  |TAMS 0x0000000087200000| PB 0x0000000087200000| Untracked 
|  53|0x0000000087300000, 0x0000000087300000, 0x0000000087400000|  0%| F|  |TAMS 0x0000000087300000| PB 0x0000000087300000| Untracked 
|  54|0x0000000087400000, 0x0000000087400000, 0x0000000087500000|  0%| F|  |TAMS 0x0000000087400000| PB 0x0000000087400000| Untracked 
|  55|0x0000000087500000, 0x0000000087500000, 0x0000000087600000|  0%| F|  |TAMS 0x0000000087500000| PB 0x0000000087500000| Untracked 
|  56|0x0000000087600000, 0x0000000087600000, 0x0000000087700000|  0%| F|  |TAMS 0x0000000087600000| PB 0x0000000087600000| Untracked 
|  57|0x0000000087700000, 0x0000000087700000, 0x0000000087800000|  0%| F|  |TAMS 0x0000000087700000| PB 0x0000000087700000| Untracked 
|  58|0x0000000087800000, 0x0000000087800000, 0x0000000087900000|  0%| F|  |TAMS 0x0000000087800000| PB 0x0000000087800000| Untracked 
|  59|0x0000000087900000, 0x0000000087900000, 0x0000000087a00000|  0%| F|  |TAMS 0x0000000087900000| PB 0x0000000087900000| Untracked 
|  60|0x0000000087a00000, 0x0000000087a00000, 0x0000000087b00000|  0%| F|  |TAMS 0x0000000087a00000| PB 0x0000000087a00000| Untracked 
|  61|0x0000000087b00000, 0x0000000087b00000, 0x0000000087c00000|  0%| F|  |TAMS 0x0000000087b00000| PB 0x0000000087b00000| Untracked 
|  62|0x0000000087c00000, 0x0000000087c00000, 0x0000000087d00000|  0%| F|  |TAMS 0x0000000087c00000| PB 0x0000000087c00000| Untracked 
|  63|0x0000000087d00000, 0x0000000087d00000, 0x0000000087e00000|  0%| F|  |TAMS 0x0000000087d00000| PB 0x0000000087d00000| Untracked 
|  64|0x0000000087e00000, 0x0000000087e00000, 0x0000000087f00000|  0%| F|  |TAMS 0x0000000087e00000| PB 0x0000000087e00000| Untracked 
|  65|0x0000000087f00000, 0x0000000087f00000, 0x0000000088000000|  0%| F|  |TAMS 0x0000000087f00000| PB 0x0000000087f00000| Untracked 
|  66|0x0000000088000000, 0x0000000088000000, 0x0000000088100000|  0%| F|  |TAMS 0x0000000088000000| PB 0x0000000088000000| Untracked 
|  67|0x0000000088100000, 0x0000000088100000, 0x0000000088200000|  0%| F|  |TAMS 0x0000000088100000| PB 0x0000000088100000| Untracked 
|  68|0x0000000088200000, 0x0000000088200000, 0x0000000088300000|  0%| F|  |TAMS 0x0000000088200000| PB 0x0000000088200000| Untracked 
|  69|0x0000000088300000, 0x0000000088300000, 0x0000000088400000|  0%| F|  |TAMS 0x0000000088300000| PB 0x0000000088300000| Untracked 
|  70|0x0000000088400000, 0x0000000088400000, 0x0000000088500000|  0%| F|  |TAMS 0x0000000088400000| PB 0x0000000088400000| Untracked 
|  71|0x0000000088500000, 0x0000000088500000, 0x0000000088600000|  0%| F|  |TAMS 0x0000000088500000| PB 0x0000000088500000| Untracked 
|  72|0x0000000088600000, 0x0000000088600000, 0x0000000088700000|  0%| F|  |TAMS 0x0000000088600000| PB 0x0000000088600000| Untracked 
|  73|0x0000000088700000, 0x0000000088700000, 0x0000000088800000|  0%| F|  |TAMS 0x0000000088700000| PB 0x0000000088700000| Untracked 
|  74|0x0000000088800000, 0x0000000088800000, 0x0000000088900000|  0%| F|  |TAMS 0x0000000088800000| PB 0x0000000088800000| Untracked 
|  75|0x0000000088900000, 0x0000000088900000, 0x0000000088a00000|  0%| F|  |TAMS 0x0000000088900000| PB 0x0000000088900000| Untracked 
|  76|0x0000000088a00000, 0x0000000088a00000, 0x0000000088b00000|  0%| F|  |TAMS 0x0000000088a00000| PB 0x0000000088a00000| Untracked 
|  77|0x0000000088b00000, 0x0000000088b00000, 0x0000000088c00000|  0%| F|  |TAMS 0x0000000088b00000| PB 0x0000000088b00000| Untracked 
|  78|0x0000000088c00000, 0x0000000088c00000, 0x0000000088d00000|  0%| F|  |TAMS 0x0000000088c00000| PB 0x0000000088c00000| Untracked 
|  79|0x0000000088d00000, 0x0000000088d00000, 0x0000000088e00000|  0%| F|  |TAMS 0x0000000088d00000| PB 0x0000000088d00000| Untracked 
|  80|0x0000000088e00000, 0x0000000088e00000, 0x0000000088f00000|  0%| F|  |TAMS 0x0000000088e00000| PB 0x0000000088e00000| Untracked 
|  81|0x0000000088f00000, 0x0000000088f00000, 0x0000000089000000|  0%| F|  |TAMS 0x0000000088f00000| PB 0x0000000088f00000| Untracked 
|  82|0x0000000089000000, 0x0000000089000000, 0x0000000089100000|  0%| F|  |TAMS 0x0000000089000000| PB 0x0000000089000000| Untracked 
|  83|0x0000000089100000, 0x0000000089100000, 0x0000000089200000|  0%| F|  |TAMS 0x0000000089100000| PB 0x0000000089100000| Untracked 
|  84|0x0000000089200000, 0x0000000089200000, 0x0000000089300000|  0%| F|  |TAMS 0x0000000089200000| PB 0x0000000089200000| Untracked 
|  85|0x0000000089300000, 0x0000000089300000, 0x0000000089400000|  0%| F|  |TAMS 0x0000000089300000| PB 0x0000000089300000| Untracked 
|  86|0x0000000089400000, 0x0000000089400000, 0x0000000089500000|  0%| F|  |TAMS 0x0000000089400000| PB 0x0000000089400000| Untracked 
|  87|0x0000000089500000, 0x0000000089500000, 0x0000000089600000|  0%| F|  |TAMS 0x0000000089500000| PB 0x0000000089500000| Untracked 
|  88|0x0000000089600000, 0x0000000089600000, 0x0000000089700000|  0%| F|  |TAMS 0x0000000089600000| PB 0x0000000089600000| Untracked 
|  89|0x0000000089700000, 0x0000000089700000, 0x0000000089800000|  0%| F|  |TAMS 0x0000000089700000| PB 0x0000000089700000| Untracked 
|  90|0x0000000089800000, 0x0000000089800000, 0x0000000089900000|  0%| F|  |TAMS 0x0000000089800000| PB 0x0000000089800000| Untracked 
|  91|0x0000000089900000, 0x0000000089900000, 0x0000000089a00000|  0%| F|  |TAMS 0x0000000089900000| PB 0x0000000089900000| Untracked 
|  92|0x0000000089a00000, 0x0000000089a00000, 0x0000000089b00000|  0%| F|  |TAMS 0x0000000089a00000| PB 0x0000000089a00000| Untracked 
|  93|0x0000000089b00000, 0x0000000089b00000, 0x0000000089c00000|  0%| F|  |TAMS 0x0000000089b00000| PB 0x0000000089b00000| Untracked 
|  94|0x0000000089c00000, 0x0000000089c00000, 0x0000000089d00000|  0%| F|  |TAMS 0x0000000089c00000| PB 0x0000000089c00000| Untracked 
|  95|0x0000000089d00000, 0x0000000089d00000, 0x0000000089e00000|  0%| F|  |TAMS 0x0000000089d00000| PB 0x0000000089d00000| Untracked 
|  96|0x0000000089e00000, 0x0000000089e00000, 0x0000000089f00000|  0%| F|  |TAMS 0x0000000089e00000| PB 0x0000000089e00000| Untracked 
|  97|0x0000000089f00000, 0x0000000089f00000, 0x000000008a000000|  0%| F|  |TAMS 0x0000000089f00000| PB 0x0000000089f00000| Untracked 
|  98|0x000000008a000000, 0x000000008a000000, 0x000000008a100000|  0%| F|  |TAMS 0x000000008a000000| PB 0x000000008a000000| Untracked 
|  99|0x000000008a100000, 0x000000008a100000, 0x000000008a200000|  0%| F|  |TAMS 0x000000008a100000| PB 0x000000008a100000| Untracked 
| 100|0x000000008a200000, 0x000000008a200000, 0x000000008a300000|  0%| F|  |TAMS 0x000000008a200000| PB 0x000000008a200000| Untracked 
| 101|0x000000008a300000, 0x000000008a300000, 0x000000008a400000|  0%| F|  |TAMS 0x000000008a300000| PB 0x000000008a300000| Untracked 
| 102|0x000000008a400000, 0x000000008a400000, 0x000000008a500000|  0%| F|  |TAMS 0x000000008a400000| PB 0x000000008a400000| Untracked 
| 103|0x000000008a500000, 0x000000008a500000, 0x000000008a600000|  0%| F|  |TAMS 0x000000008a500000| PB 0x000000008a500000| Untracked 
| 104|0x000000008a600000, 0x000000008a600000, 0x000000008a700000|  0%| F|  |TAMS 0x000000008a600000| PB 0x000000008a600000| Untracked 
| 105|0x000000008a700000, 0x000000008a700000, 0x000000008a800000|  0%| F|  |TAMS 0x000000008a700000| PB 0x000000008a700000| Untracked 
| 106|0x000000008a800000, 0x000000008a800000, 0x000000008a900000|  0%| F|  |TAMS 0x000000008a800000| PB 0x000000008a800000| Untracked 
| 107|0x000000008a900000, 0x000000008a900000, 0x000000008aa00000|  0%| F|  |TAMS 0x000000008a900000| PB 0x000000008a900000| Untracked 
| 108|0x000000008aa00000, 0x000000008aa00000, 0x000000008ab00000|  0%| F|  |TAMS 0x000000008aa00000| PB 0x000000008aa00000| Untracked 
| 109|0x000000008ab00000, 0x000000008ab00000, 0x000000008ac00000|  0%| F|  |TAMS 0x000000008ab00000| PB 0x000000008ab00000| Untracked 
| 110|0x000000008ac00000, 0x000000008ac00000, 0x000000008ad00000|  0%| F|  |TAMS 0x000000008ac00000| PB 0x000000008ac00000| Untracked 
| 111|0x000000008ad00000, 0x000000008ad00000, 0x000000008ae00000|  0%| F|  |TAMS 0x000000008ad00000| PB 0x000000008ad00000| Untracked 
| 112|0x000000008ae00000, 0x000000008ae00000, 0x000000008af00000|  0%| F|  |TAMS 0x000000008ae00000| PB 0x000000008ae00000| Untracked 
| 113|0x000000008af00000, 0x000000008af00000, 0x000000008b000000|  0%| F|  |TAMS 0x000000008af00000| PB 0x000000008af00000| Untracked 
| 114|0x000000008b000000, 0x000000008b000000, 0x000000008b100000|  0%| F|  |TAMS 0x000000008b000000| PB 0x000000008b000000| Untracked 
| 115|0x000000008b100000, 0x000000008b100000, 0x000000008b200000|  0%| F|  |TAMS 0x000000008b100000| PB 0x000000008b100000| Untracked 
| 116|0x000000008b200000, 0x000000008b200000, 0x000000008b300000|  0%| F|  |TAMS 0x000000008b200000| PB 0x000000008b200000| Untracked 
| 117|0x000000008b300000, 0x000000008b300000, 0x000000008b400000|  0%| F|  |TAMS 0x000000008b300000| PB 0x000000008b300000| Untracked 
| 118|0x000000008b400000, 0x000000008b4ed050, 0x000000008b500000| 92%| E|  |TAMS 0x000000008b400000| PB 0x000000008b400000| Complete 
| 119|0x000000008b500000, 0x000000008b600000, 0x000000008b600000|100%| E|CS|TAMS 0x000000008b500000| PB 0x000000008b500000| Complete 
| 120|0x000000008b600000, 0x000000008b700000, 0x000000008b700000|100%| E|CS|TAMS 0x000000008b600000| PB 0x000000008b600000| Complete 
| 121|0x000000008b700000, 0x000000008b800000, 0x000000008b800000|100%| E|CS|TAMS 0x000000008b700000| PB 0x000000008b700000| Complete 
| 122|0x000000008b800000, 0x000000008b900000, 0x000000008b900000|100%| E|CS|TAMS 0x000000008b800000| PB 0x000000008b800000| Complete 
| 123|0x000000008b900000, 0x000000008ba00000, 0x000000008ba00000|100%| E|CS|TAMS 0x000000008b900000| PB 0x000000008b900000| Complete 
| 124|0x000000008ba00000, 0x000000008bb00000, 0x000000008bb00000|100%| E|CS|TAMS 0x000000008ba00000| PB 0x000000008ba00000| Complete 
| 125|0x000000008bb00000, 0x000000008bc00000, 0x000000008bc00000|100%| E|CS|TAMS 0x000000008bb00000| PB 0x000000008bb00000| Complete 

Card table byte_map: [0x000001dcfb200000,0x000001dcfb5f0000] _byte_map_base: 0x000001dcfade1000

Marking Bits: (CMBitMap*) 0x000001dce36e2910
 Bits: [0x000001dcfb5f0000, 0x000001dcfd4f8000)

Polling page: 0x000001dce1650000

Metaspace:

Usage:
  Non-class:      2.03 MB used.
      Class:    183.84 KB used.
       Both:      2.21 MB used.

Virtual space:
  Non-class space:       64.00 MB reserved,       2.12 MB (  3%) committed,  1 nodes.
      Class space:        1.00 GB reserved,     256.00 KB ( <1%) committed,  1 nodes.
             Both:        1.06 GB reserved,       2.38 MB ( <1%) committed. 

Chunk freelists:
   Non-Class:  11.14 MB
       Class:  15.63 MB
        Both:  26.77 MB

MaxMetaspaceSize: unlimited
CompressedClassSpaceSize: 1.00 GB
Initial GC threshold: 21.00 MB
Current GC threshold: 21.00 MB
CDS: on
 - commit_granule_bytes: 65536.
 - commit_granule_words: 8192.
 - virtual_space_node_default_size: 8388608.
 - enlarge_chunks_in_place: 1.
 - use_allocation_guard: 0.


Internal statistics:

num_allocs_failed_limit: 0.
num_arena_births: 64.
num_arena_deaths: 0.
num_vsnodes_births: 2.
num_vsnodes_deaths: 0.
num_space_committed: 38.
num_space_uncommitted: 0.
num_chunks_returned_to_freelist: 0.
num_chunks_taken_from_freelist: 119.
num_chunk_merges: 0.
num_chunk_splits: 74.
num_chunks_enlarged: 49.
num_inconsistent_stats: 0.

CodeHeap 'non-profiled nmethods': size=120000Kb used=195Kb max_used=195Kb free=119804Kb
 bounds [0x000001dcf35b0000, 0x000001dcf3820000, 0x000001dcfaae0000]
CodeHeap 'profiled nmethods': size=120000Kb used=924Kb max_used=924Kb free=119075Kb
 bounds [0x000001dcebae0000, 0x000001dcebd50000, 0x000001dcf3010000]
CodeHeap 'non-nmethods': size=5760Kb used=1399Kb max_used=1417Kb free=4361Kb
 bounds [0x000001dcf3010000, 0x000001dcf3280000, 0x000001dcf35b0000]
 total_blobs=1009 nmethods=566 adapters=348
 compilation: enabled
              stopped_count=0, restarted_count=0
 full_count=0

Compilation events (20 events):
Event: 0.434 Thread 0x000001dcfff34cd0  555       3       java.nio.Buffer::position (52 bytes)
Event: 0.434 Thread 0x000001dcfff34cd0 nmethod 555 0x000001dcebbc3d10 code [0x000001dcebbc3ee0, 0x000001dcebbc4170]
Event: 0.434 Thread 0x000001dcfff34cd0  556       3       java.nio.ByteBuffer::position (8 bytes)
Event: 0.434 Thread 0x000001dcfff34cd0 nmethod 556 0x000001dcebbc4290 code [0x000001dcebbc4440, 0x000001dcebbc4598]
Event: 0.436 Thread 0x000001dcfff34cd0  557       3       jdk.internal.loader.URLClassPath::getResource (74 bytes)
Event: 0.436 Thread 0x000001dcfff34cd0 nmethod 557 0x000001dcebbc4690 code [0x000001dcebbc4860, 0x000001dcebbc4bc8]
Event: 0.441 Thread 0x000001dcfff34cd0  560       3       jdk.internal.module.SystemModuleFinders$SystemImage::reader (4 bytes)
Event: 0.441 Thread 0x000001dcfff34cd0 nmethod 560 0x000001dcebbc4d10 code [0x000001dcebbc4ea0, 0x000001dcebbc4f98]
Event: 0.441 Thread 0x000001dcfff34cd0  561       3       jdk.internal.jimage.ImageReader::verifyLocation (14 bytes)
Event: 0.442 Thread 0x000001dcfff34cd0 nmethod 561 0x000001dcebbc5010 code [0x000001dcebbc51e0, 0x000001dcebbc5550]
Event: 0.442 Thread 0x000001dcfff34cd0  562       3       jdk.internal.jimage.ImageReader::requireOpen (18 bytes)
Event: 0.442 Thread 0x000001dcfff34cd0 nmethod 562 0x000001dcebbc5710 code [0x000001dcebbc58e0, 0x000001dcebbc5b20]
Event: 0.442 Thread 0x000001dcfff34cd0  563       3       jdk.internal.jimage.BasicImageReader::verifyLocation (39 bytes)
Event: 0.442 Thread 0x000001dcfff34cd0 nmethod 563 0x000001dcebbc5c10 code [0x000001dcebbc5de0, 0x000001dcebbc60d0]
Event: 0.442 Thread 0x000001dcfff34cd0  564       3       jdk.internal.jimage.BasicImageReader::getLocationIndex (52 bytes)
Event: 0.442 Thread 0x000001dcfff34cd0 nmethod 564 0x000001dcebbc6210 code [0x000001dcebbc6420, 0x000001dcebbc68d0]
Event: 0.442 Thread 0x000001dcfff34cd0  566       3       jdk.internal.loader.URLClassPath$JarLoader::findResource (18 bytes)
Event: 0.442 Thread 0x000001dcfff34cd0 nmethod 566 0x000001dcebbc6b90 code [0x000001dcebbc6d60, 0x000001dcebbc7010]
Event: 0.444 Thread 0x000001dcfff33730 nmethod 505 0x000001dcf35dde10 code [0x000001dcf35de060, 0x000001dcf35dec98]
Event: 0.444 Thread 0x000001dcfff33730  559       4       java.lang.StringLatin1::indexOf (121 bytes)

GC Heap History (0 events):
No events

Dll operation events (9 events):
Event: 0.007 Loaded shared library C:\Program Files\jdk-21.0.2\bin\java.dll
Event: 0.041 Loaded shared library C:\Program Files\jdk-21.0.2\bin\jsvml.dll
Event: 0.150 Loaded shared library C:\Program Files\jdk-21.0.2\bin\net.dll
Event: 0.152 Loaded shared library C:\Program Files\jdk-21.0.2\bin\nio.dll
Event: 0.157 Loaded shared library C:\Program Files\jdk-21.0.2\bin\zip.dll
Event: 0.251 Loaded shared library C:\Program Files\jdk-21.0.2\bin\verify.dll
Event: 0.258 Loaded shared library C:\Program Files\jdk-21.0.2\bin\jimage.dll
Event: 0.315 Loaded shared library C:\Users\yessi\AppData\Local\Temp\libgdxyessi\e787ab0a\gdx64.dll
Event: 0.395 Loaded shared library C:\Users\yessi\AppData\Local\Temp\lwjglyessi\3.3.1-build-7\lwjgl.dll

Deoptimization events (18 events):
Event: 0.138 Thread 0x000001dce152b7a0 Uncommon trap: trap_request=0xffffff45 fr.pc=0x000001dcf35b0ff8 relative=0x00000000000000d8
Event: 0.139 Thread 0x000001dce152b7a0 Uncommon trap: reason=unstable_if action=reinterpret pc=0x000001dcf35b0ff8 method=java.lang.String.isLatin1()Z @ 10 c2
Event: 0.139 Thread 0x000001dce152b7a0 DEOPT PACKING pc=0x000001dcf35b0ff8 sp=0x0000006ef0dff1d0
Event: 0.139 Thread 0x000001dce152b7a0 DEOPT UNPACKING pc=0x000001dcf30646a2 sp=0x0000006ef0dff120 mode 2
Event: 0.170 Thread 0x000001dce152b7a0 DEOPT PACKING pc=0x000001dcebaf8273 sp=0x0000006ef0dfa9b0
Event: 0.170 Thread 0x000001dce152b7a0 DEOPT UNPACKING pc=0x000001dcf3064e42 sp=0x0000006ef0df9dd0 mode 0
Event: 0.174 Thread 0x000001dce152b7a0 DEOPT PACKING pc=0x000001dcebae8a54 sp=0x0000006ef0dfa250
Event: 0.174 Thread 0x000001dce152b7a0 DEOPT UNPACKING pc=0x000001dcf3064e42 sp=0x0000006ef0df96b8 mode 0
Event: 0.311 Thread 0x000001dce152b7a0 Uncommon trap: trap_request=0xffffff45 fr.pc=0x000001dcf35bae9c relative=0x000000000000007c
Event: 0.311 Thread 0x000001dce152b7a0 Uncommon trap: reason=unstable_if action=reinterpret pc=0x000001dcf35bae9c method=java.io.WinNTFileSystem.isSlash(C)Z @ 9 c2
Event: 0.311 Thread 0x000001dce152b7a0 DEOPT PACKING pc=0x000001dcf35bae9c sp=0x0000006ef0dfec40
Event: 0.311 Thread 0x000001dce152b7a0 DEOPT UNPACKING pc=0x000001dcf30646a2 sp=0x0000006ef0dfebd8 mode 2
Event: 0.392 Thread 0x000001dce152b7a0 Uncommon trap: trap_request=0xffffff45 fr.pc=0x000001dcf35bd2f4 relative=0x0000000000000054
Event: 0.392 Thread 0x000001dce152b7a0 Uncommon trap: reason=unstable_if action=reinterpret pc=0x000001dcf35bd2f4 method=sun.nio.fs.WindowsPathParser.isSlash(C)Z @ 9 c2
Event: 0.392 Thread 0x000001dce152b7a0 DEOPT PACKING pc=0x000001dcf35bd2f4 sp=0x0000006ef0dfb830
Event: 0.392 Thread 0x000001dce152b7a0 DEOPT UNPACKING pc=0x000001dcf30646a2 sp=0x0000006ef0dfb7c8 mode 2
Event: 0.438 Thread 0x000001dce152b7a0 DEOPT PACKING pc=0x000001dcebb0e6e1 sp=0x0000006ef0dfa3b0
Event: 0.438 Thread 0x000001dce152b7a0 DEOPT UNPACKING pc=0x000001dcf3064e42 sp=0x0000006ef0df9810 mode 0

Classes loaded (20 events):
Event: 0.397 Loading class java/nio/DirectShortBufferU
Event: 0.398 Loading class java/nio/DirectShortBufferU done
Event: 0.398 Loading class java/nio/DirectCharBufferU
Event: 0.398 Loading class java/nio/DirectCharBufferU done
Event: 0.398 Loading class java/nio/DirectFloatBufferU
Event: 0.399 Loading class java/nio/DirectFloatBufferU done
Event: 0.399 Loading class java/nio/DirectDoubleBufferU
Event: 0.399 Loading class java/nio/DirectDoubleBufferU done
Event: 0.399 Loading class sun/misc/Unsafe
Event: 0.399 Loading class sun/misc/Unsafe done
Event: 0.400 Loading class java/lang/invoke/DirectMethodHandle$StaticAccessor
Event: 0.400 Loading class java/lang/invoke/DirectMethodHandle$StaticAccessor done
Event: 0.404 Loading class java/util/function/LongPredicate
Event: 0.404 Loading class java/util/function/LongPredicate done
Event: 0.406 Loading class java/lang/foreign/MemorySegment
Event: 0.407 Loading class java/lang/foreign/MemorySegment done
Event: 0.412 Loading class java/nio/InvalidMarkException
Event: 0.413 Loading class java/nio/InvalidMarkException done
Event: 0.413 Loading class java/nio/BufferUnderflowException
Event: 0.413 Loading class java/nio/BufferUnderflowException done

Classes unloaded (0 events):
No events

Classes redefined (0 events):
No events

Internal exceptions (17 events):
Event: 0.348 Thread 0x000001dce152b7a0 Exception <a 'java/lang/NoSuchMethodError'{0x000000008b6df858}: 'void java.lang.invoke.DirectMethodHandle$Holder.invokeStatic(java.lang.Object, java.lang.Object)'> (0x000000008b6df858) 
thrown [s\open\src\hotspot\share\interpreter\linkResolver.cpp, line 773]
Event: 0.349 Thread 0x000001dce152b7a0 Exception <a 'java/lang/NoSuchMethodError'{0x000000008b6e4a50}: 'void java.lang.System.load(java.lang.String, java.lang.Class)'> (0x000000008b6e4a50) 
thrown [s\open\src\hotspot\share\interpreter\linkResolver.cpp, line 773]
Event: 0.350 Thread 0x000001dce152b7a0 Exception <a 'java/lang/NoSuchMethodError'{0x000000008b6e5640}: 'void java.lang.invoke.DirectMethodHandle$Holder.invokeSpecial(java.lang.Object, java.lang.Object, java.lang.Object)'> (0x000000008b6e5640) 
thrown [s\open\src\hotspot\share\interpreter\linkResolver.cpp, line 773]
Event: 0.353 Thread 0x000001dce152b7a0 Exception <a 'java/lang/NoSuchMethodError'{0x000000008b6f6158}: 'java.lang.Object java.lang.invoke.DirectMethodHandle$Holder.invokeStatic(java.lang.Object, java.lang.Object, int)'> (0x000000008b6f6158) 
thrown [s\open\src\hotspot\share\interpreter\linkResolver.cpp, line 773]
Event: 0.354 Thread 0x000001dce152b7a0 Exception <a 'java/lang/NoSuchMethodError'{0x000000008b501af8}: 'void java.lang.invoke.DelegatingMethodHandle$Holder.delegate(java.lang.Object, java.lang.Object, int, java.lang.Object)'> (0x000000008b501af8) 
thrown [s\open\src\hotspot\share\interpreter\linkResolver.cpp, line 773]
Event: 0.355 Thread 0x000001dce152b7a0 Exception <a 'java/lang/NoSuchMethodError'{0x000000008b5059e0}: 'int java.lang.invoke.DirectMethodHandle$Holder.invokeSpecial(java.lang.Object, java.lang.Object, java.lang.Object)'> (0x000000008b5059e0) 
thrown [s\open\src\hotspot\share\interpreter\linkResolver.cpp, line 773]
Event: 0.359 Thread 0x000001dce152b7a0 Exception <a 'java/lang/NoSuchMethodError'{0x000000008b51fb18}: 'void java.lang.System.loadLibrary(java.lang.String, java.lang.Class)'> (0x000000008b51fb18) 
thrown [s\open\src\hotspot\share\interpreter\linkResolver.cpp, line 773]
Event: 0.392 Thread 0x000001dce152b7a0 Exception <a 'sun/nio/fs/WindowsException'{0x000000008b577500}> (0x000000008b577500) 
thrown [s\open\src\hotspot\share\prims\jni.cpp, line 520]
Event: 0.392 Thread 0x000001dce152b7a0 Exception <a 'sun/nio/fs/WindowsException'{0x000000008b577a30}> (0x000000008b577a30) 
thrown [s\open\src\hotspot\share\prims\jni.cpp, line 520]
Event: 0.405 Thread 0x000001dce152b7a0 Exception <a 'java/lang/NoSuchMethodError'{0x000000008b5ad410}: 'int java.lang.invoke.DirectMethodHandle$Holder.invokeStaticInit(java.lang.Object, java.lang.Object, int, long)'> (0x000000008b5ad410) 
thrown [s\open\src\hotspot\share\interpreter\linkResolver.cpp, line 773]
Event: 0.406 Thread 0x000001dce152b7a0 Exception <a 'java/lang/NoSuchMethodError'{0x000000008b5b2438}: 'java.lang.Object java.lang.invoke.DirectMethodHandle$Holder.newInvokeSpecial(java.lang.Object, java.lang.Object, int)'> (0x000000008b5b2438) 
thrown [s\open\src\hotspot\share\interpreter\linkResolver.cpp, line 773]
Event: 0.409 Thread 0x000001dce152b7a0 Exception <a 'java/lang/NoSuchMethodError'{0x000000008b5c3b80}: 'int java.lang.invoke.DirectMethodHandle$Holder.invokeStaticInit(java.lang.Object, java.lang.Object, long, long)'> (0x000000008b5c3b80) 
thrown [s\open\src\hotspot\share\interpreter\linkResolver.cpp, line 773]
Event: 0.409 Thread 0x000001dce152b7a0 Exception <a 'java/lang/NoSuchMethodError'{0x000000008b5c93e8}: 'java.lang.Object java.lang.invoke.DirectMethodHandle$Holder.newInvokeSpecial(java.lang.Object, java.lang.Object, long)'> (0x000000008b5c93e8) 
thrown [s\open\src\hotspot\share\interpreter\linkResolver.cpp, line 773]
Event: 0.410 Thread 0x000001dce152b7a0 Exception <a 'java/lang/NoSuchMethodError'{0x000000008b5cd1d8}: 'java.lang.Object java.lang.invoke.Invokers$Holder.linkToTargetMethod(java.lang.Object, long, java.lang.Object)'> (0x000000008b5cd1d8) 
thrown [s\open\src\hotspot\share\interpreter\linkResolver.cpp, line 773]
Event: 0.411 Thread 0x000001dce152b7a0 Exception <a 'java/lang/NoSuchMethodError'{0x000000008b5d4260}: 'int java.lang.invoke.DirectMethodHandle$Holder.invokeStaticInit(java.lang.Object, java.lang.Object, java.lang.Object, long)'> (0x000000008b5d4260) 
thrown [s\open\src\hotspot\share\interpreter\linkResolver.cpp, line 773]
Event: 0.435 Thread 0x000001dce152b7a0 Exception <a 'sun/nio/fs/WindowsException'{0x000000008b45da50}> (0x000000008b45da50) 
thrown [s\open\src\hotspot\share\prims\jni.cpp, line 520]
Event: 0.435 Thread 0x000001dce152b7a0 Exception <a 'sun/nio/fs/WindowsException'{0x000000008b45dde0}> (0x000000008b45dde0) 
thrown [s\open\src\hotspot\share\prims\jni.cpp, line 520]

ZGC Phase Switch (0 events):
No events

VM Operations (6 events):
Event: 0.175 Executing VM operation: HandshakeAllThreads (Deoptimize)
Event: 0.175 Executing VM operation: HandshakeAllThreads (Deoptimize) done
Event: 0.311 Executing VM operation: HandshakeAllThreads (Deoptimize)
Event: 0.311 Executing VM operation: HandshakeAllThreads (Deoptimize) done
Event: 0.353 Executing VM operation: HandshakeAllThreads (Deoptimize)
Event: 0.353 Executing VM operation: HandshakeAllThreads (Deoptimize) done

Events (14 events):
Event: 0.024 Thread 0x000001dce152b7a0 Thread added: 0x000001dce152b7a0
Event: 0.038 Thread 0x000001dcfff1ba10 Thread added: 0x000001dcfff1ba10
Event: 0.038 Thread 0x000001dcfff1cae0 Thread added: 0x000001dcfff1cae0
Event: 0.039 Thread 0x000001dcfff24130 Thread added: 0x000001dcfff24130
Event: 0.039 Thread 0x000001dcfff26d50 Thread added: 0x000001dcfff26d50
Event: 0.039 Thread 0x000001dcfff27f50 Thread added: 0x000001dcfff27f50
Event: 0.039 Thread 0x000001dcfff294b0 Thread added: 0x000001dcfff294b0
Event: 0.039 Thread 0x000001dcfff33730 Thread added: 0x000001dcfff33730
Event: 0.039 Thread 0x000001dcfff34cd0 Thread added: 0x000001dcfff34cd0
Event: 0.096 Thread 0x000001dcc5215990 Thread added: 0x000001dcc5215990
Event: 0.096 Thread 0x000001dcc521f5e0 Thread added: 0x000001dcc521f5e0
Event: 0.096 Thread 0x000001dcc5234370 Thread added: 0x000001dcc5234370
Event: 0.138 Thread 0x000001dcc5234b90 Thread added: 0x000001dcc5234b90
Event: 0.142 Thread 0x000001dcc524ffa0 Thread added: 0x000001dcc524ffa0


Dynamic libraries:
0x00007ff611210000 - 0x00007ff61121e000 	C:\Program Files\jdk-21.0.2\bin\java.exe
0x00007ffdc1970000 - 0x00007ffdc1b68000 	C:\WINDOWS\SYSTEM32\ntdll.dll
0x00007ffdc0140000 - 0x00007ffdc0201000 	C:\WINDOWS\System32\KERNEL32.DLL
0x00007ffdbf2b0000 - 0x00007ffdbf5ad000 	C:\WINDOWS\System32\KERNELBASE.dll
0x00007ffdbf1b0000 - 0x00007ffdbf2b0000 	C:\WINDOWS\System32\ucrtbase.dll
0x00007ffd77380000 - 0x00007ffd77398000 	C:\Program Files\jdk-21.0.2\bin\jli.dll
0x00007ffd772f0000 - 0x00007ffd7730b000 	C:\Program Files\jdk-21.0.2\bin\VCRUNTIME140.dll
0x00007ffdbfa30000 - 0x00007ffdbfbcd000 	C:\WINDOWS\System32\USER32.dll
0x00007ffdbe3d0000 - 0x00007ffdbe66a000 	C:\WINDOWS\WinSxS\amd64_microsoft.windows.common-controls_6595b64144ccf1df_6.0.19041.4355_none_60b8b9eb71f62e16\COMCTL32.dll
0x00007ffdbf020000 - 0x00007ffdbf042000 	C:\WINDOWS\System32\win32u.dll
0x00007ffdc1240000 - 0x00007ffdc12de000 	C:\WINDOWS\System32\msvcrt.dll
0x00007ffdc0090000 - 0x00007ffdc00bb000 	C:\WINDOWS\System32\GDI32.dll
0x00007ffdbf5b0000 - 0x00007ffdbf6c7000 	C:\WINDOWS\System32\gdi32full.dll
0x00007ffdbf050000 - 0x00007ffdbf0ed000 	C:\WINDOWS\System32\msvcp_win.dll
0x00007ffdc1850000 - 0x00007ffdc187f000 	C:\WINDOWS\System32\IMM32.DLL
0x00007ffd94a70000 - 0x00007ffd94a7c000 	C:\Program Files\jdk-21.0.2\bin\vcruntime140_1.dll
0x00007ffd211c0000 - 0x00007ffd2124e000 	C:\Program Files\jdk-21.0.2\bin\msvcp140.dll
0x00007ffcebad0000 - 0x00007ffcec7e7000 	C:\Program Files\jdk-21.0.2\bin\server\jvm.dll
0x00007ffdc1340000 - 0x00007ffdc13f0000 	C:\WINDOWS\System32\ADVAPI32.dll
0x00007ffdc1190000 - 0x00007ffdc1230000 	C:\WINDOWS\System32\sechost.dll
0x00007ffdc0b10000 - 0x00007ffdc0c33000 	C:\WINDOWS\System32\RPCRT4.dll
0x00007ffdbf760000 - 0x00007ffdbf787000 	C:\WINDOWS\System32\bcrypt.dll
0x00007ffdc17e0000 - 0x00007ffdc184b000 	C:\WINDOWS\System32\WS2_32.dll
0x00007ffdbec00000 - 0x00007ffdbec4b000 	C:\WINDOWS\SYSTEM32\POWRPROF.dll
0x00007ffdb2360000 - 0x00007ffdb2387000 	C:\WINDOWS\SYSTEM32\WINMM.dll
0x00007ffdbd6c0000 - 0x00007ffdbd6ca000 	C:\WINDOWS\SYSTEM32\VERSION.dll
0x00007ffdbe760000 - 0x00007ffdbe772000 	C:\WINDOWS\SYSTEM32\UMPDC.dll
0x00007ffdbd620000 - 0x00007ffdbd632000 	C:\WINDOWS\SYSTEM32\kernel.appcore.dll
0x00007ffd8fbf0000 - 0x00007ffd8fbfa000 	C:\Program Files\jdk-21.0.2\bin\jimage.dll
0x00007ffdbe990000 - 0x00007ffdbeb74000 	C:\WINDOWS\SYSTEM32\DBGHELP.DLL
0x00007ffdbe950000 - 0x00007ffdbe984000 	C:\WINDOWS\SYSTEM32\dbgcore.DLL
0x00007ffdbf6d0000 - 0x00007ffdbf752000 	C:\WINDOWS\System32\bcryptPrimitives.dll
0x00007ffd81370000 - 0x00007ffd813ac000 	C:\Program Files\jdk-21.0.2\bin\jdwp.dll
0x00007ffd75980000 - 0x00007ffd7599f000 	C:\Program Files\jdk-21.0.2\bin\java.dll
0x00007ffdc03a0000 - 0x00007ffdc0b0f000 	C:\WINDOWS\System32\SHELL32.dll
0x00007ffdb8eb0000 - 0x00007ffdb964f000 	C:\WINDOWS\SYSTEM32\windows.storage.dll
0x00007ffdc13f0000 - 0x00007ffdc1743000 	C:\WINDOWS\System32\combase.dll
0x00007ffdbe330000 - 0x00007ffdbe35e000 	C:\WINDOWS\SYSTEM32\Wldp.dll
0x00007ffdc10c0000 - 0x00007ffdc118d000 	C:\WINDOWS\System32\OLEAUT32.dll
0x00007ffdc1880000 - 0x00007ffdc192d000 	C:\WINDOWS\System32\SHCORE.dll
0x00007ffdbf9d0000 - 0x00007ffdbfa25000 	C:\WINDOWS\System32\shlwapi.dll
0x00007ffdbef50000 - 0x00007ffdbef74000 	C:\WINDOWS\SYSTEM32\profapi.dll
0x00007ffd1b4a0000 - 0x00007ffd1b577000 	C:\Program Files\jdk-21.0.2\bin\jsvml.dll
0x00007ffd96110000 - 0x00007ffd9611c000 	C:\Program Files\jdk-21.0.2\bin\dt_socket.dll
0x00007ffdbdd70000 - 0x00007ffdbddab000 	C:\WINDOWS\SYSTEM32\IPHLPAPI.DLL
0x00007ffdbe1c0000 - 0x00007ffdbe22a000 	C:\WINDOWS\system32\mswsock.dll
0x00007ffd8db20000 - 0x00007ffd8db30000 	C:\Program Files\jdk-21.0.2\bin\net.dll
0x00007ffdb8030000 - 0x00007ffdb813d000 	C:\WINDOWS\SYSTEM32\WINHTTP.dll
0x00007ffd755f0000 - 0x00007ffd75606000 	C:\Program Files\jdk-21.0.2\bin\nio.dll
0x00007ffd717c0000 - 0x00007ffd717d8000 	C:\Program Files\jdk-21.0.2\bin\zip.dll
0x00007ffda1ab0000 - 0x00007ffda1ac0000 	C:\Program Files\jdk-21.0.2\bin\verify.dll
0x0000000052510000 - 0x0000000052539000 	C:\Users\yessi\AppData\Local\Temp\libgdxyessi\e787ab0a\gdx64.dll
0x00007ffd75a90000 - 0x00007ffd75b05000 	C:\Users\yessi\AppData\Local\Temp\lwjglyessi\3.3.1-build-7\lwjgl.dll
0x00007ffd14b10000 - 0x00007ffd14d69000 	C:\Users\yessi\AppData\Local\Temp\lwjglyessi\3.3.1-build-7\jemalloc.dll

dbghelp: loaded successfully - version: 4.0.5 - missing functions: none
symbol engine: initialized successfully - sym options: 0x614 - pdb path: .;C:\Program Files\jdk-21.0.2\bin;C:\WINDOWS\SYSTEM32;C:\WINDOWS\WinSxS\amd64_microsoft.windows.common-controls_6595b64144ccf1df_6.0.19041.4355_none_60b8b9eb71f62e16;C:\Program Files\jdk-21.0.2\bin\server;C:\Users\yessi\AppData\Local\Temp\libgdxyessi\e787ab0a;C:\Users\yessi\AppData\Local\Temp\lwjglyessi\3.3.1-build-7

VM Arguments:
jvm_args: -agentlib:jdwp=transport=dt_socket,server=n,suspend=y,address=127.0.0.1:52735 -Dfile.encoding=windows-1252 -Duser.country=AU -Duser.language=en -Duser.variant 
java_command: com.csse3200.game.desktop.DesktopLauncher
java_class_path (initial): C:\Users\yessi\OneDrive\Documents\CSSE3200\2024-studio-2\source\desktop\build\classes\java\main;C:\Users\yessi\OneDrive\Documents\CSSE3200\2024-studio-2\source\desktop\build\resources\main;C:\Users\yessi\.gradle\caches\modules-2\files-2.1\com.badlogicgames.gdx\gdx-backend-lwjgl3\1.11.0\58a96db4cd349be4292d547856aa1e1c5f065f4e\gdx-backend-lwjgl3-1.11.0.jar;C:\Users\yessi\.gradle\caches\modules-2\files-2.1\com.badlogicgames.gdx\gdx-platform\1.11.0\697fb13eada6d3c6ca648c9788692b0159add126\gdx-platform-1.11.0-natives-desktop.jar;C:\Users\yessi\.gradle\caches\modules-2\files-2.1\com.badlogicgames.gdx\gdx-box2d-platform\1.11.0\62ff9baa1e57a11e0a4428a38c9660bf9f312fdc\gdx-box2d-platform-1.11.0-natives-desktop.jar;C:\Users\yessi\.gradle\caches\modules-2\files-2.1\com.badlogicgames.gdx\gdx-tools\1.11.0\a5d30eafd0f2fbab314efdf6d98ebc27388b7c0a\gdx-tools-1.11.0.jar;C:\Users\yessi\.gradle\caches\modules-2\files-2.1\com.badlogicgames.gdx-controllers\gdx-controllers-desktop\2.2.2\625b3bdbe803e9c4af181b4791202cfcf776d805\gdx-controllers-desktop-2.2.2.jar;C:\Users\yessi\OneDrive\Documents\CSSE3200\2024-studio-2\source\core\build\libs\core-1.0.jar;C:\Users\yessi\.gradle\caches\modules-2\files-2.1\com.badlogicgames.gdx\gdx-backend-lwjgl\1.11.0\33555a2cf8b4d9db4122b2fe42e7674b343d8b4\gdx-backend-lwjgl-1.11.0.jar;C:\Users\yessi\.gradle\caches\modules-2\files-2.1\com.badlogicgames.gdx\gdx-freetype\1.11.0\a3634ad2e6c56d251268d6ab5c0f66eee2841f2c\gdx-freetype-1.11.0.jar;C:\Users\yessi\.gradle\caches\modules-2\files-2.1\com.badlogicgames.gdx\gdx-backend-headless\1.11.0\3c3d0c951db72891d894df1725d09179fd0bca00\gdx-backend-headless-1.11.0.jar;C:\Users\yessi\.gradle\caches\modules-2\files-2.1\com.badlogicgames.gdx-controllers\gdx-controllers-core\2.2.2\25473efe9273912a03a4871a9e1469b41d86face\gdx-controllers-core-2.2.2.jar;C:\Users\yessi\.gradle\caches\modules-2\files-2.1\net.dermetfan.libgdx-utils\libgdx-utils-box2d\0.13.4\918d79a20ea3c898cdb3611782c5b2bfa6ec575b\libgdx-utils-box2d-0.13.4.jar;C:\Users\yessi\.gradle\caches\modules-2\files-2.1\com.badlogicgames.gdx\gdx-box2d\1.11.0\ad4facee800dd945d6d6e93dea2936bc135b5f\gdx-box2d-1.11.0.jar;C:\Users\yessi\.gradle\caches\modules-2\files-2.1\net.dermetfan.libgdx-utils\libgdx-utils\0.13.4\27affad2873d1c9c366a2290fc51f3927f3a5f83\libgdx-utils-0.13.4.jar;C:\Users\yessi\.gradle\caches\modules-2\files-2.1\com.badlogicgames.gdx\gdx\1.11.0\ffe1206d1004cd9e40027e28964be0fea0399af7\gdx-1.11.0.jar;C:\Users\yessi\.gradle\caches\modules-2\files-2.1\org.lwjgl\lwjgl-glfw\3.3.1\cbac1b8d30cb4795149c1ef540f912671a8616d0\lwjgl-glfw-3.3.1.jar;C:\Users\yessi\.gradle\caches\modules-2\files-2.1\org.lwjgl\lwjgl-glfw\3.3.1\81716978214ecbda15050ca394b06ef61501a49e\lwjgl-glfw-3.3.1-natives-linux.jar;C:\Users\yessi\.gradle\caches\modules-2\files-2.1\org.lwjgl\lwjgl-glfw\3.3.1\816d935933f2dd743074c4e717cc25b55720f294\lwjgl-glfw-3.3.1-natives-linux-arm32.jar;C:\Users\yessi\.gradle\caches\modules-2\files-2.1\org.lwjgl\lwjgl-glfw\3.3.1\513eb39b866d0fe131a18d5c517087805433b029\lwjgl-glfw-3.3.1-natives-linux-arm64.jar;C:\Users\yessi\.gradle\caches\modules-2\files-2.1\org.lwjgl\lwjgl-glfw\3.3.1\9ec4ce1fc8c85fdef03ef4ff2aace6f5775fb280\lwjgl-glfw-3.3.1-natives-macos.jar;C:\Users\yessi\.gradle\caches\modules-2\files-2.1\org.lwjgl\lwjgl-glfw\3.3.1\cac0d3f712a3da7641fa174735a5f315de7ffe0a\lwjgl-glfw-3.3.1-natives-macos-arm64.jar;C:\Users\yessi\.gradle\caches\modules-2\files-2.1\org.lwjgl\lwjgl-glfw\3.3.1\ed892f945cf7e79c8756796f32d00fa4ceaf573b\lwjgl-glfw-3.3.1-natives-windows.jar;C:\Users\yessi\.gradle\caches\modules-2\files-2.1\org.lwjgl\lwjgl-glfw\3.3.1\b997e3391d6ce8f05487e7335d95c606043884a1\lwjgl-glfw-3.3.1-natives-windows-x86.jar;C:\Users\yessi\.gradle\caches\modules-2\files-2.1\org.lwjgl\lwjgl-jemalloc\3.3.1\a817bcf213db49f710603677457567c37d53e103\lwjgl-jemalloc-3.3.1.jar;C:\Users\yessi\.gradle\caches\modules-2\files-2.1\org.lwjgl\lwjgl-jemalloc\3.3.1\33dbb017b6ed6b25f993ad9d56741a49e7937718\lwjgl-jemalloc-3.3.1-natives-linux.jar;C:\Users\yessi\.gradle\caches\modules-2\files-2.1\org.lwjgl\lwjgl-jemalloc\3.3.1\a96a6d6cb3876d7813fcee53c3c24f246aeba3b3\lwjgl-jemalloc-3.3.1-natives-linux-arm32.jar;C:\Users\yessi\.gradle\caches\modules-2\files-2.1\org.lwjgl\lwjgl-jemalloc\3.3.1\c6606e57db075ad218a2e78d2416c159a53b6a0c\lwjgl-jemalloc-3.3.1-natives-linux-arm64.jar;C:\Users\yessi\.gradle\caches\modules-2\files-2.1\org.lwjgl\lwjgl-jemalloc\3.3.1\56424dc8db3cfb8e7b594aa6d59a4f4387b7f544\lwjgl-jemalloc-3.3.1-natives-macos.jar;C:\Users\yessi\.gradle\caches\modules-2\files-2.1\org.lwjgl\lwjgl-jemalloc\3.3.1\e577b87d8ad2ade361aaea2fcf226c660b15dee8\lwjgl-jemalloc-3.3.1-natives-macos-arm64.jar;C:\Users\yessi\.gradle\caches\modules-2\files-2.1\org.lwjgl\lwjgl-jemalloc\3.3.1\948a89b76a16aa324b046ae9308891216ffce5f9\lwjgl-jemalloc-3.3.1-natives-windows.jar;C:\Users\yessi\.gradle\caches\modules-2\files-2.1\org.lwjgl\lwjgl-jemalloc\3.3.1\fb476c8ec110e1c137ad3ce8a7f7bfe6b11c6324\lwjgl-jemalloc-3.3.1-natives-windows-x86.jar;C:\Users\yessi\.gradle\caches\modules-2\files-2.1\org.lwjgl\lwjgl-openal\3.3.1\2623a6b8ae1dfcd880738656a9f0243d2e6840bd\lwjgl-openal-3.3.1.jar;C:\Users\yessi\.gradle\caches\modules-2\files-2.1\org.lwjgl\lwjgl-openal\3.3.1\f906b6439f6daa66001182ea7727e3467a93681b\lwjgl-openal-3.3.1-natives-linux.jar;C:\Users\yessi\.gradle\caches\modules-2\files-2.1\org.lwjgl\lwjgl-openal\3.3.1\ffbe35d7fa5ec9b7eca136a7c71f24d4025a510b\lwjgl-openal-3.3.1-natives-linux-arm32.jar;C:\Users\yessi\.gradle\caches\modules-2\files-2.1\org.lwjgl\lwjgl-openal\3.3.1\cf4e303257e82981b8b2e31bba3d7f8f7b8f42b2\lwjgl-openal-3.3.1-natives-linux-arm64.jar;C:\Users\yessi\.gradle\caches\modules-2\files-2.1\org.lwjgl\lwjgl-openal\3.3.1\3a57b8911835fb58b5e558d0ca0d28157e263d45\lwjgl-openal-3.3.1-natives-macos.jar;C:\Users\yessi\.gradle\caches\modules-2\files-2.1\org.lwjgl\lwjgl-openal\3.3.1\23d55e7490b57495320f6c9e1936d78fd72c4ef8\lwjgl-openal-3.3.1-natives-macos-arm64.jar;C:\Users\yessi\.gradle\caches\modules-2\files-2.1\org.lwjgl\lwjgl-openal\3.3.1\30a474d0e57193d7bc128849a3ab66bc9316fdb1\lwjgl-openal-3.3.1-natives-windows.jar;C:\Users\yessi\.gradle\caches\modules-2\files-2.1\org.lwjgl\lwjgl-openal\3.3.1\888349f7b1be6fbae58bf8edfb9ef12def04c4e3\lwjgl-openal-3.3.1-natives-windows-x86.jar;C:\Users\yessi\.gradle\caches\modules-2\files-2.1\org.lwjgl\lwjgl-opengl\3.3.1\831a5533a21a5f4f81bbc51bb13e9899319b5411\lwjgl-opengl-3.3.1.jar;C:\Users\yessi\.gradle\caches\modules-2\files-2.1\org.lwjgl\lwjgl-opengl\3.3.1\ab9ab6fde3743e3550fa5d46d785ecb45b047d99\lwjgl-opengl-3.3.1-natives-linux.jar;C:\Users\yessi\.gradle\caches\modules-2\files-2.1\org.lwjgl\lwjgl-opengl\3.3.1\e3550fa91097fd56e361b4370fa822220fef3595\lwjgl-opengl-3.3.1-natives-linux-arm32.jar;C:\Users\yessi\.gradle\caches\modules-2\files-2.1\org.lwjgl\lwjgl-opengl\3.3.1\1c528fb258a6e63e8fceb4482d8db0f3af10a634\lwjgl-opengl-3.3.1-natives-linux-arm64.jar;C:\Users\yessi\.gradle\caches\modules-2\files-2.1\org.lwjgl\lwjgl-opengl\3.3.1\a0d12697ea019a7362eff26475b0531340e876a6\lwjgl-opengl-3.3.1-natives-macos.jar;C:\Users\yessi\.gradle\caches\modules-2\files-2.1\org.lwjgl\lwjgl-opengl\3.3.1\eafe34b871d966292e8db0f1f3d6b8b110d4e91d\lwjgl-opengl-3.3.1-natives-macos-arm64.jar;C:\Users\yessi\.gradle\caches\modules-2\files-2.1\org.lwjgl\lwjgl-opengl\3.3.1\c1807e9bd571402787d7e37e3029776ae2513bb8\lwjgl-opengl-3.3.1-natives-windows.jar;C:\Users\yessi\.gradle\caches\modules-2\files-2.1\org.lwjgl\lwjgl-opengl\3.3.1\deef3eb9b178ff2ff3ce893cc72ae741c3a17974\lwjgl-opengl-3.3.1-natives-windows-x86.jar;C:\Users\yessi\.gradle\caches\modules-2\files-2.1\org.lwjgl\lwjgl-stb\3.3.1\b119297cf8ed01f247abe8685857f8e7fcf5980f\lwjgl-stb-3.3.1.jar;C:\Users\yessi\.gradle\caches\modules-2\files-2.1\org.lwjgl\lwjgl-stb\3.3.1\3ee7aec8686e52867677110415566a5342a80230\lwjgl-stb-3.3.1-natives-linux.jar;C:\Users\yessi\.gradle\caches\modules-2\files-2.1\org.lwjgl\lwjgl-stb\3.3.1\b08226bab162c06ae69337d8a1b0ee0a3fdf0b90\lwjgl-stb-3.3.1-natives-linux-arm32.jar;C:\Users\yessi\.gradle\caches\modules-2\files-2.1\org.lwjgl\lwjgl-stb\3.3.1\8e8348a1813aad7f30aaf75ea197151ebb7beba9\lwjgl-stb-3.3.1-natives-linux-arm64.jar;C:\Users\yessi\.gradle\caches\modules-2\files-2.1\org.lwjgl\lwjgl-stb\3.3.1\def8879b8d38a47a4cc1d48b1f9a7b772e51258e\lwjgl-stb-3.3.1-natives-macos.jar;C:\Users\yessi\.gradle\caches\modules-2\files-2.1\org.lwjgl\lwjgl-stb\3.3.1\fcf073ed911752abdca5f0b00a53cfdf17ff8e8b\lwjgl-stb-3.3.1-natives-macos-arm64.jar;C:\Users\yessi\.gradle\caches\modules-2\files-2.1\org.lwjgl\lwjgl-stb\3.3.1\86315914ac119efdb02dc9e8e978ade84f1702af\lwjgl-stb-3.3.1-natives-windows.jar;C:\Users\yessi\.gradle\caches\modules-2\files-2.1\org.lwjgl\lwjgl-stb\3.3.1\a8d41f419eecb430b7c91ea2ce2c5c451cae2091\lwjgl-stb-3.3.1-natives-windows-x86.jar;C:\Users\yessi\.gradle\caches\modules-2\files-2.1\org.lwjgl\lwjgl\3.3.1\ae58664f88e18a9bb2c77b063833ca7aaec484cb\lwjgl-3.3.1.jar;C:\Users\yessi\.gradle\caches\modules-2\files-2.1\org.lwjgl\lwjgl\3.3.1\1de885aba434f934201b99f2f1afb142036ac189\lwjgl-3.3.1-natives-linux.jar;C:\Users\yessi\.gradle\caches\modules-2\files-2.1\org.lwjgl\lwjgl\3.3.1\41a3c1dd15d6b964eb8196dde69720a3e3e5e969\lwjgl-3.3.1-natives-linux-arm32.jar;C:\Users\yessi\.gradle\caches\modules-2\files-2.1\org.lwjgl\lwjgl\3.3.1\b597401014acb7196c76d97e15a6288f54f1f692\lwjgl-3.3.1-natives-linux-arm64.jar;C:\Users\yessi\.gradle\caches\modules-2\files-2.1\org.lwjgl\lwjgl\3.3.1\fc6bb723dec2cd031557dccb2a95f0ab80acb9db\lwjgl-3.3.1-natives-macos.jar;C:\Users\yessi\.gradle\caches\modules-2\files-2.1\org.lwjgl\lwjgl\3.3.1\71d0d5e469c9c95351eb949064497e3391616ac9\lwjgl-3.3.1-natives-macos-arm64.jar;C:\Users\yessi\.gradle\caches\modules-2\files-2.1\org.lwjgl\lwjgl\3.3.1\36c37f16ab611b3aa11f3bcf80b1d509b4ce6b\lwjgl-3.3.1-natives-windows.jar;C:\Users\yessi\.gradle\caches\modules-2\files-2.1\org.lwjgl\lwjgl\3.3.1\3b14f4beae9dd39791ec9e12190a9380cd8a3ce6\lwjgl-3.3.1-natives-windows-x86.jar;C:\Users\yessi\.gradle\caches\modules-2\files-2.1\com.badlogicgames.jlayer\jlayer\1.0.1-gdx\7cca83cec5c1b2f011362f4d85aabd71a73b049d\jlayer-1.0.1-gdx.jar;C:\Users\yessi\.gradle\caches\modules-2\files-2.1\org.jcraft\jorbis\0.0.17\8872d22b293e8f5d7d56ff92be966e6dc28ebdc6\jorbis-0.0.17.jar;C:\Users\yessi\.gradle\caches\modules-2\files-2.1\com.badlogicgames.jamepad\jamepad\2.0.20.0\55eb0007fd55c9914d106dac3387b9d444572cab\jamepad-2.0.20.0.jar;C:\Users\yessi\.gradle\caches\modules-2\files-2.1\org.slf4j\slf4j-jdk14\1.7.36\4a18af6554bfe48b0f76eec98119c417da23c7e1\slf4j-jdk14-1.7.36.jar;C:\Users\yessi\.gradle\caches\modules-2\files-2.1\org.slf4j\slf4j-api\1.7.36\6c62681a2f655b49963a5983b8b0950a6120ae14\slf4j-api-1.7.36.jar;C:\Users\yessi\.gradle\caches\modules-2\files-2.1\com.badlogicgames.gdx\gdx-jnigen-loader\2.3.1\2d472f69243631fbcb3d4c3f93dd2e137a6cb084\gdx-jnigen-loader-2.3.1.jar;C:\Users\yessi\.gradle\caches\modules-2\files-2.1\org.lwjgl.lwjgl\lwjgl\2.9.3\3df168ac74e4a8c96562cdff24ad352e255bf89c\lwjgl-2.9.3.jar;C:\Users\yessi\.gradle\caches\modules-2\files-2.1\org.lwjgl.lwjgl\lwjgl-platform\2.9.3\fbc2afb3e288578e9942578decb6291a490549a0\lwjgl-platform-2.9.3-natives-windows.jar;C:\Users\yessi\.gradle\caches\modules-2\files-2.1\org.lwjgl.lwjgl\lwjgl-platform\2.9.3\b1eafe80093381c56415731e1d64279e6140bcd0\lwjgl-platform-2.9.3-natives-linux.jar;C:\Users\yessi\.gradle\caches\modules-2\files-2.1\org.lwjgl.lwjgl\lwjgl-platform\2.9.3\6686cf6ddaa20b4290aa6599a09bc0d17369be05\lwjgl-platform-2.9.3-natives-osx.jar;C:\Users\yessi\.gradle\caches\modules-2\files-2.1\net.java.jinput\jinput\2.0.5\39c7796b469a600f72380316f6b1f11db6c2c7c4\jinput-2.0.5.jar;C:\Users\yessi\.gradle\caches\modules-2\files-2.1\net.java.jutils\jutils\1.0.0\e12fe1fda814bd348c1579329c86943d2cd3c6a6\jutils-1.0.0.jar;C:\Users\yessi\.gradle\caches\modules-2\files-2.1\net.java.jinput\jinput-platform\2.0.5\7ff832a6eb9ab6a767f1ade2b548092d0fa64795\jinput-platform-2.0.5-natives-linux.jar;C:\Users\yessi\.gradle\caches\modules-2\files-2.1\net.java.jinput\jinput-platform\2.0.5\385ee093e01f587f30ee1c8a2ee7d408fd732e16\jinput-platform-2.0.5-natives-windows.jar;C:\Users\yessi\.gradle\caches\modules-2\files-2.1\net.java.jinput\jinput-platform\2.0.5\53f9c919f34d2ca9de8c51fc4e1e8282029a9232\jinput-platform-2.0.5-natives-osx.jar
Launcher Type: SUN_STANDARD

[Global flags]
     intx CICompilerCount                          = 4                                         {product} {ergonomic}
     uint ConcGCThreads                            = 2                                         {product} {ergonomic}
     uint G1ConcRefinementThreads                  = 8                                         {product} {ergonomic}
   size_t G1HeapRegionSize                         = 1048576                                   {product} {ergonomic}
    uintx GCDrainStackTargetSize                   = 64                                        {product} {ergonomic}
   size_t InitialHeapSize                          = 132120576                                 {product} {ergonomic}
   size_t MarkStackSize                            = 4194304                                   {product} {ergonomic}
   size_t MaxHeapSize                              = 2082471936                                {product} {ergonomic}
   size_t MaxNewSize                               = 1248854016                                {product} {ergonomic}
   size_t MinHeapDeltaBytes                        = 1048576                                   {product} {ergonomic}
   size_t MinHeapSize                              = 8388608                                   {product} {ergonomic}
    uintx NonNMethodCodeHeapSize                   = 5839372                                {pd product} {ergonomic}
    uintx NonProfiledCodeHeapSize                  = 122909434                              {pd product} {ergonomic}
    uintx ProfiledCodeHeapSize                     = 122909434                              {pd product} {ergonomic}
    uintx ReservedCodeCacheSize                    = 251658240                              {pd product} {ergonomic}
     bool SegmentedCodeCache                       = true                                      {product} {ergonomic}
   size_t SoftMaxHeapSize                          = 2082471936                             {manageable} {ergonomic}
     bool UseCompressedOops                        = true                           {product lp64_product} {ergonomic}
     bool UseG1GC                                  = true                                      {product} {ergonomic}
     bool UseLargePagesIndividualAllocation        = false                                  {pd product} {ergonomic}

Logging:
Log output configuration:
 #0: stdout all=warning uptime,level,tags foldmultilines=false
 #1: stderr all=off uptime,level,tags foldmultilines=false

Environment Variables:
JAVA_HOME=C:\Program Files\jdk-21.0.2
PATH=C:\WINDOWS\system32;C:\WINDOWS;C:\WINDOWS\System32\Wbem;C:\WINDOWS\System32\WindowsPowerShell\v1.0\;C:\WINDOWS\System32\OpenSSH\;C:\Program Files\dotnet\;C:\Program Files (x86)\Pololu\USB AVR Programmer v2\bin;C:\Program Files\PuTTY\;C:\Program Files\Git\cmd;C:\Program Files\jdk-21.0.2\bin;C:\Users\yessi\AppData\Local\Microsoft\WindowsApps;C:\Users\yessi\OneDrive\Documents\DECO1400\bin;C:\ghcup\bin;C:\Users\yessi\AppData\Local\GitHubDesktop\bin;C:\ProgramData\yessi\GitHubDesktop\bin
USERNAME=yessi
OS=Windows_NT
PROCESSOR_IDENTIFIER=Intel64 Family 6 Model 142 Stepping 12, GenuineIntel
TMP=C:\Users\yessi\AppData\Local\Temp
TEMP=C:\Users\yessi\AppData\Local\Temp




Periodic native trim disabled

---------------  S Y S T E M  ---------------

OS:
 Windows 10 , 64 bit Build 19041 (10.0.19041.4717)
OS uptime: 7 days 3:45 hours

CPU: total 8 (initial active 8) (4 cores per cpu, 2 threads per core) family 6 model 142 stepping 12 microcode 0xca, cx8, cmov, fxsr, ht, mmx, 3dnowpref, sse, sse2, sse3, ssse3, sse4.1, sse4.2, popcnt, lzcnt, tsc, tscinvbit, avx, avx2, aes, erms, clmul, bmi1, bmi2, adx, fma, vzeroupper, clflush, clflushopt, rdtscp, f16c
Processor Information for all 8 processors :
  Max Mhz: 2112, Current Mhz: 1609, Mhz Limit: 1605

Memory: 4k page, system-wide physical 7942M (397M free)
TotalPageFile size 23814M (AvailPageFile size 2933M)
current process WorkingSet (physical memory assigned to process): 50M, peak: 50M
current process commit charge ("private bytes"): 217M, peak: 217M

vm_info: OpenJDK 64-Bit Server VM (21.0.2+13-58) for windows-amd64 JRE (21.0.2+13-58), built on 2024-01-05T18:32:24Z by "mach5one" with MS VC++ 17.1 (VS2022)

END.
