#
# A fatal error has been detected by the Java Runtime Environment:
#
#  EXCEPTION_ACCESS_VIOLATION (0xc0000005) at pc=0x00007ffbfd406834, pid=27832, tid=17636
#
# JRE version: Java(TM) SE Runtime Environment (21.0.1+12) (build 21.0.1+12-LTS-29)
# Java VM: Java HotSpot(TM) 64-Bit Server VM (21.0.1+12-LTS-29, mixed mode, sharing, tiered, compressed oops, compressed class ptrs, g1 gc, windows-amd64)
# Problematic frame:
# C  [jdwp.dll+0x26834]
#
# No core dump will be written. Minidumps are not enabled by default on client versions of Windows
#
# If you would like to submit a bug report, please visit:
#   https://bugreport.java.com/bugreport/crash.jsp
# The crash happened outside the Java Virtual Machine in native code.
# See problematic frame for where to report the bug.
#

---------------  S U M M A R Y ------------

Command Line: -agentlib:jdwp=transport=dt_socket,server=n,suspend=y,address=127.0.0.1:51768 -Dfile.encoding=windows-1252 -Duser.country=AU -Duser.language=en -Duser.variant com.csse3200.game.desktop.DesktopLauncher

Host: 12th Gen Intel(R) Core(TM) i7-1250U, 12 cores, 15G,  Windows 11 , 64 bit Build 22621 (10.0.22621.3958)
Time: Mon Sep  2 11:35:03 2024 E. Australia Standard Time elapsed time: 0.955377 seconds (0d 0h 0m 0s)

---------------  T H R E A D  ---------------

Current thread (0x000001c8153c2f20):  JavaThread "main"             [_thread_in_native, id=17636, stack(0x0000007049100000,0x0000007049200000) (1024K)]

Stack: [0x0000007049100000,0x0000007049200000],  sp=0x00000070491fb848,  free space=1006k
Native frames: (J=compiled Java code, j=interpreted, Vv=VM code, C=native code)
C  [jdwp.dll+0x26834]

Java frames: (J=compiled Java code, j=interpreted, Vv=VM code)
j  org.lwjgl.system.jemalloc.JEmalloc.nje_malloc(J)J+0
j  org.lwjgl.system.jemalloc.JEmalloc.<clinit>()V+44
v  ~StubRoutines::call_stub 0x000001c824cf100d
j  org.lwjgl.system.jemalloc.JEmallocAllocator.<clinit>()V+0
v  ~StubRoutines::call_stub 0x000001c824cf100d
j  java.lang.Class.forName0(Ljava/lang/String;ZLjava/lang/ClassLoader;Ljava/lang/Class;)Ljava/lang/Class;+0 java.base@21.0.1
j  java.lang.Class.forName(Ljava/lang/String;Ljava/lang/Class;)Ljava/lang/Class;+19 java.base@21.0.1
j  java.lang.Class.forName(Ljava/lang/String;)Ljava/lang/Class;+6 java.base@21.0.1
j  org.lwjgl.system.MemoryManage.getInstance()Lorg/lwjgl/system/MemoryUtil$MemoryAllocator;+68
j  org.lwjgl.system.MemoryUtil$LazyInit.<clinit>()V+0
v  ~StubRoutines::call_stub 0x000001c824cf100d
j  org.lwjgl.system.MemoryUtil.getAllocator(Z)Lorg/lwjgl/system/MemoryUtil$MemoryAllocator;+10
j  org.lwjgl.system.MemoryUtil.getAllocator()Lorg/lwjgl/system/MemoryUtil$MemoryAllocator;+1
j  org.lwjgl.system.Callback.<clinit>()V+217
v  ~StubRoutines::call_stub 0x000001c824cf100d
j  com.badlogic.gdx.backends.lwjgl3.Lwjgl3Application.initializeGlfw()V+21
j  com.badlogic.gdx.backends.lwjgl3.Lwjgl3Application.<init>(Lcom/badlogic/gdx/ApplicationListener;Lcom/badlogic/gdx/backends/lwjgl3/Lwjgl3ApplicationConfiguration;)V+82
j  com.csse3200.game.desktop.DesktopLauncher.main([Ljava/lang/String;)V+20
v  ~StubRoutines::call_stub 0x000001c824cf100d

siginfo: EXCEPTION_ACCESS_VIOLATION (0xc0000005), reading address 0xffffffffffffffff


Registers:
RAX=0x000001c87a2ca0c0, RBX=0x000001c8349a9f80, RCX=0x000001c8153c32d8, RDX=0x000001c8349a9f80
RSP=0x00000070491fb848, RBP=0x0000000000000002, RSI=0x00000070491fb8f0, RDI=0x000001c8153c32d8
R8 =0x0000000000010002, R9 =0x0000000000000000, R10=0x00007ffbfdac0000, R11=0x00000070491fb818
R12=0x0000000000000007, R13=0x000001c8153c2930, R14=0x00007ffbfd410200, R15=0x0000000000000000
RIP=0x00007ffbfd406834, EFLAGS=0x0000000000010202


Register to memory mapping:

RAX=0x000001c87a2ca0c0 points into unknown readable memory: 0x0000000000000000 | 00 00 00 00 00 00 00 00
RBX=0x000001c8349a9f80 points into unknown readable memory: 0x0000000714609c38 | 38 9c 60 14 07 00 00 00
RCX=0x000001c8153c32d8 points into unknown readable memory: 0x000001c87a2ca0c0 | c0 a0 2c 7a c8 01 00 00
RDX=0x000001c8349a9f80 points into unknown readable memory: 0x0000000714609c38 | 38 9c 60 14 07 00 00 00
RSP=0x00000070491fb848 is pointing into the stack for thread: 0x000001c8153c2f20
RBP=0x0000000000000002 is an unknown value
RSI=0x00000070491fb8f0 is pointing into the stack for thread: 0x000001c8153c2f20
RDI=0x000001c8153c32d8 points into unknown readable memory: 0x000001c87a2ca0c0 | c0 a0 2c 7a c8 01 00 00
R8 =0x0000000000010002 is an unknown value
R9 =0x0 is null
R10=0x00007ffbfdac0000 VCRUNTIME140.dll
R11=0x00000070491fb818 is pointing into the stack for thread: 0x000001c8153c2f20
R12=0x0000000000000007 is an unknown value
R13=0x000001c8153c2930 points into unknown readable memory: 0x00007ffb7c095040 | 40 50 09 7c fb 7f 00 00
R14=0x00007ffbfd410200 jdwp.dll
R15=0x0 is null

Top of Stack: (sp=0x00000070491fb848)
0x00000070491fb848:   00007ffbfd3f60d7 000001c8349a9f80
0x00000070491fb858:   00000070491fb8f0 0000000000000000
0x00000070491fb868:   0000000000000000 0000000000000000
0x00000070491fb878:   00002be1b06a287b 000001c81294b280
0x00000070491fb888:   00007ffbfd4102d8 000001c8349a9f80
0x00000070491fb898:   00007ffbfd3f2757 000001c8349a9f80
0x00000070491fb8a8:   0000000000000002 000001c8153c32d8
0x00000070491fb8b8:   000001c8349a9f88 000000057a340100
0x00000070491fb8c8:   000001c83601db80 0000000000000000
0x00000070491fb8d8:   000001c87a316c68 00000070491fbb50
0x00000070491fb8e8:   000001c8350011f0 0000000000000007
0x00000070491fb8f8:   000001c8349a9f80 0000000000000000
0x00000070491fb908:   000001c8349a9f88 0000000000000000
0x00000070491fb918:   0000000000000000 0000000000000000
0x00000070491fb928:   0000000000000000 0000000000000000
0x00000070491fb938:   0000000000000000 0000000000000000
0x00000070491fb948:   000001c8349a9f80 000001c83601db80
0x00000070491fb958:   00007ffb7ba582a7 000001c8349a9f88
0x00000070491fb968:   000001c834a70580 000001c8153c2f20
0x00000070491fb978:   00007ffb7ba7eb6d 000001c81294b230
0x00000070491fb988:   000001c8153c2f20 0000000000000000
0x00000070491fb998:   00000070491fbaa0 000001c83601db80
0x00000070491fb9a8:   000001c8764d1301 000001c812930f90
0x00000070491fb9b8:   000001c8153c3590 000001c8153c35a0
0x00000070491fb9c8:   000001c8153c3978 00000000000003d8
0x00000070491fb9d8:   000001c8153c2f20 000001c8153c2f20
0x00000070491fb9e8:   000001c812930fd0 000001c81290b540
0x00000070491fb9f8:   000001c81290b580 000001c81290b628
0x00000070491fba08:   00000000000000d8 00000070491fba20
0x00000070491fba18:   00007ffb7b75d511 000001c8153c2f20
0x00000070491fba28:   000001c812930fd0 000001c81290b540
0x00000070491fba38:   000001c81290b580 000001c81290b628 

Instructions: (pc=0x00007ffbfd406834)
0x00007ffbfd406734:   05 c7 09 01 00 48 8b 03 48 8b d7 4d 8b 40 30 48
0x00007ffbfd406744:   8b cb 48 8b 5c 24 30 48 83 c4 20 5f 48 ff a0 00
0x00007ffbfd406754:   01 00 00 cc 48 89 5c 24 08 57 48 83 ec 20 48 8b
0x00007ffbfd406764:   f9 e8 f2 ea ff ff 4c 8b 05 8f 09 01 00 48 8b d8
0x00007ffbfd406774:   41 f6 80 10 02 00 00 02 74 33 41 b8 20 06 00 00
0x00007ffbfd406784:   48 8d 15 ad c3 00 00 48 8d 0d 72 5c 00 00 e8 d9
0x00007ffbfd406794:   48 ff ff 48 8d 15 ea 99 00 00 48 8d 0d 73 5c 00
0x00007ffbfd4067a4:   00 e8 6e 49 ff ff 4c 8b 05 4f 09 01 00 48 8b 03
0x00007ffbfd4067b4:   48 8b d7 4d 8b 40 38 48 8b cb 48 8b 5c 24 30 48
0x00007ffbfd4067c4:   83 c4 20 5f 48 ff a0 00 01 00 00 cc 48 89 5c 24
0x00007ffbfd4067d4:   08 57 48 83 ec 20 48 8b f9 e8 7a ea ff ff 48 8b
0x00007ffbfd4067e4:   15 17 09 01 00 48 8b d8 f6 82 10 02 00 00 02 74
0x00007ffbfd4067f4:   2c 41 b8 12 06 00 00 48 8d 15 36 c3 00 00 48 8d
0x00007ffbfd406804:   0d fb 5b 00 00 e8 62 48 ff ff 48 8d 15 db 6c 00
0x00007ffbfd406814:   00 48 8d 0d fc 5b 00 00 e8 f7 48 ff ff 48 8b 03
0x00007ffbfd406824:   48 8b d7 48 8b cb 48 8b 5c 24 30 48 83 c4 20 5f
0x00007ffbfd406834:   48 ff a0 50 07 00 00 cc 48 89 5c 24 08 48 89 74
0x00007ffbfd406844:   24 10 48 89 7c 24 18 41 56 48 83 ec 20 4c 63 f2
0x00007ffbfd406854:   49 8b d8 48 8b d1 41 8b f9 48 8b cb 4d 8d 46 ff
0x00007ffbfd406864:   ff 15 06 5a 00 00 85 c0 75 3c 41 0f be 44 1e ff
0x00007ffbfd406874:   3b c7 75 32 49 03 de eb 10 0f be c8 ff 15 da 59
0x00007ffbfd406884:   00 00 85 c0 74 09 48 ff c3 8a 03 84 c0 75 ea 80
0x00007ffbfd406894:   3b 3b 74 12 8b d7 48 8b cb e8 30 4b 00 00 48 85
0x00007ffbfd4068a4:   c0 0f 94 c0 eb 02 32 c0 48 8b 5c 24 30 48 8b 74
0x00007ffbfd4068b4:   24 38 48 8b 7c 24 40 48 83 c4 20 41 5e c3 cc cc
0x00007ffbfd4068c4:   0f b6 d1 83 fa 1e 0f 87 83 00 00 00 74 7b 83 fa
0x00007ffbfd4068d4:   07 77 41 74 39 83 ea 01 74 2e 83 ea 01 74 23 83
0x00007ffbfd4068e4:   ea 01 74 18 83 ea 01 74 0d 83 fa 02 0f 85 8a 00
0x00007ffbfd4068f4:   00 00 8d 42 03 c3 b8 04 00 00 00 c3 b8 03 00 00
0x00007ffbfd406904:   00 c3 b8 02 00 00 00 c3 b8 01 00 00 00 c3 b8 06
0x00007ffbfd406914:   00 00 00 c3 b8 08 00 00 00 2b d0 74 26 83 ea 01
0x00007ffbfd406924:   0f 84 88 00 00 00 83 ea 01 74 12 b8 0a 00 00 00 


Stack slot to memory mapping:

stack at sp + 0 slots: 0x00007ffbfd3f60d7 jdwp.dll
stack at sp + 1 slots: 0x000001c8349a9f80 points into unknown readable memory: 0x0000000714609c38 | 38 9c 60 14 07 00 00 00
stack at sp + 2 slots: 0x00000070491fb8f0 is pointing into the stack for thread: 0x000001c8153c2f20
stack at sp + 3 slots: 0x0 is null
stack at sp + 4 slots: 0x0 is null
stack at sp + 5 slots: 0x0 is null
stack at sp + 6 slots: 0x00002be1b06a287b is an unknown value
stack at sp + 7 slots: 0x000001c81294b280 points into unknown readable memory: 0x8000001200000001 | 01 00 00 00 12 00 00 80


---------------  P R O C E S S  ---------------

Threads class SMR info:
_java_thread_list=0x000001c834aed2e0, length=14, elements={
0x000001c8153c2f20, 0x000001c83494e8c0, 0x000001c83494f5e0, 0x000001c834952f70,
0x000001c834956460, 0x000001c834961650, 0x000001c8349625b0, 0x000001c834964b00,
0x000001c834967980, 0x000001c834abf0e0, 0x000001c834ad6120, 0x000001c834ada7b0,
0x000001c834ade100, 0x000001c834ae6730
}

Java Threads: ( => current thread )
=>0x000001c8153c2f20 JavaThread "main"                              [_thread_in_native, id=17636, stack(0x0000007049100000,0x0000007049200000) (1024K)]
  0x000001c83494e8c0 JavaThread "Reference Handler"          daemon [_thread_blocked, id=21700, stack(0x0000007049900000,0x0000007049a00000) (1024K)]
  0x000001c83494f5e0 JavaThread "Finalizer"                  daemon [_thread_blocked, id=21956, stack(0x0000007049a00000,0x0000007049b00000) (1024K)]
  0x000001c834952f70 JavaThread "Signal Dispatcher"          daemon [_thread_blocked, id=19892, stack(0x0000007049b00000,0x0000007049c00000) (1024K)]
  0x000001c834956460 JavaThread "Attach Listener"            daemon [_thread_blocked, id=30868, stack(0x0000007049c00000,0x0000007049d00000) (1024K)]
  0x000001c834961650 JavaThread "Service Thread"             daemon [_thread_blocked, id=30676, stack(0x0000007049d00000,0x0000007049e00000) (1024K)]
  0x000001c8349625b0 JavaThread "Monitor Deflation Thread"   daemon [_thread_blocked, id=24440, stack(0x0000007049e00000,0x0000007049f00000) (1024K)]
  0x000001c834964b00 JavaThread "C2 CompilerThread0"         daemon [_thread_blocked, id=31460, stack(0x0000007049f00000,0x000000704a000000) (1024K)]
  0x000001c834967980 JavaThread "C1 CompilerThread0"         daemon [_thread_blocked, id=18180, stack(0x000000704a000000,0x000000704a100000) (1024K)]
  0x000001c834abf0e0 JavaThread "JDWP Transport Listener: dt_socket" daemon [_thread_blocked, id=4416, stack(0x000000704a100000,0x000000704a200000) (1024K)]
  0x000001c834ad6120 JavaThread "JDWP Event Helper Thread"   daemon [_thread_blocked, id=25808, stack(0x000000704a200000,0x000000704a300000) (1024K)]
  0x000001c834ada7b0 JavaThread "JDWP Command Reader"        daemon [_thread_in_native, id=25064, stack(0x000000704a300000,0x000000704a400000) (1024K)]
  0x000001c834ade100 JavaThread "Notification Thread"        daemon [_thread_blocked, id=22920, stack(0x000000704a400000,0x000000704a500000) (1024K)]
  0x000001c834ae6730 JavaThread "Common-Cleaner"             daemon [_thread_blocked, id=28608, stack(0x000000704a500000,0x000000704a600000) (1024K)]
Total: 14

Other Threads:
  0x000001c831d90f80 VMThread "VM Thread"                           [id=14512, stack(0x0000007049800000,0x0000007049900000) (1024K)]
  0x000001c831d7d8f0 WatcherThread "VM Periodic Task Thread"        [id=28804, stack(0x0000007049700000,0x0000007049800000) (1024K)]
  0x000001c81542d5b0 WorkerThread "GC Thread#0"                     [id=33716, stack(0x0000007049200000,0x0000007049300000) (1024K)]
  0x000001c81542e610 ConcurrentGCThread "G1 Main Marker"            [id=23492, stack(0x0000007049300000,0x0000007049400000) (1024K)]
  0x000001c831bb0f80 WorkerThread "G1 Conc#0"                       [id=11744, stack(0x0000007049400000,0x0000007049500000) (1024K)]
  0x000001c831c52db0 ConcurrentGCThread "G1 Refine#0"               [id=30200, stack(0x0000007049500000,0x0000007049600000) (1024K)]
  0x000001c831c54b50 ConcurrentGCThread "G1 Service"                [id=23528, stack(0x0000007049600000,0x0000007049700000) (1024K)]
Total: 7

Threads with active compile tasks:
Total: 0

VM state: not at safepoint (normal execution)

VM Mutex/Monitor currently owned by a thread: None

Heap address: 0x0000000704c00000, size: 4020 MB, Compressed Oops mode: Zero based, Oop shift amount: 3

CDS archive(s) mapped at: [0x000001c835000000-0x000001c835c90000-0x000001c835c90000), size 13172736, SharedBaseAddress: 0x000001c835000000, ArchiveRelocationMode: 1.
Compressed class space mapped at: 0x000001c836000000-0x000001c876000000, reserved size: 1073741824
Narrow klass base: 0x000001c835000000, Narrow klass shift: 0, Narrow klass range: 0x100000000

GC Precious Log:
 CardTable entry size: 512
 Card Set container configuration: InlinePtr #cards 4 size 8 Array Of Cards #cards 16 size 48 Howl #buckets 8 coarsen threshold 3686 Howl Bitmap #cards 512 size 80 coarsen threshold 460 Card regions per heap region 1 cards per card region 4096
 CPUs: 12 total, 12 available
 Memory: 16077M
 Large Page Support: Disabled
 NUMA Support: Disabled
 Compressed Oops: Enabled (Zero based)
 Heap Region Size: 2M
 Heap Min Capacity: 8M
 Heap Initial Capacity: 252M
 Heap Max Capacity: 4020M
 Pre-touch: Disabled
 Parallel Workers: 10
 Concurrent Workers: 3
 Concurrent Refinement Workers: 10
 Periodic GC: Disabled

Heap:
 garbage-first heap   total 258048K, used 8192K [0x0000000704c00000, 0x0000000800000000)
  region size 2048K, 5 young (10240K), 0 survivors (0K)
 Metaspace       used 2260K, committed 2432K, reserved 1114112K
  class space    used 183K, committed 256K, reserved 1048576K

Heap Regions: E=young(eden), S=young(survivor), O=old, HS=humongous(starts), HC=humongous(continues), CS=collection set, F=free, TAMS=top-at-mark-start, PB=parsable bottom
|   0|0x0000000704c00000, 0x0000000704c00000, 0x0000000704e00000|  0%| F|  |TAMS 0x0000000704c00000| PB 0x0000000704c00000| Untracked 
|   1|0x0000000704e00000, 0x0000000704e00000, 0x0000000705000000|  0%| F|  |TAMS 0x0000000704e00000| PB 0x0000000704e00000| Untracked 
|   2|0x0000000705000000, 0x0000000705000000, 0x0000000705200000|  0%| F|  |TAMS 0x0000000705000000| PB 0x0000000705000000| Untracked 
|   3|0x0000000705200000, 0x0000000705200000, 0x0000000705400000|  0%| F|  |TAMS 0x0000000705200000| PB 0x0000000705200000| Untracked 
|   4|0x0000000705400000, 0x0000000705400000, 0x0000000705600000|  0%| F|  |TAMS 0x0000000705400000| PB 0x0000000705400000| Untracked 
|   5|0x0000000705600000, 0x0000000705600000, 0x0000000705800000|  0%| F|  |TAMS 0x0000000705600000| PB 0x0000000705600000| Untracked 
|   6|0x0000000705800000, 0x0000000705800000, 0x0000000705a00000|  0%| F|  |TAMS 0x0000000705800000| PB 0x0000000705800000| Untracked 
|   7|0x0000000705a00000, 0x0000000705a00000, 0x0000000705c00000|  0%| F|  |TAMS 0x0000000705a00000| PB 0x0000000705a00000| Untracked 
|   8|0x0000000705c00000, 0x0000000705c00000, 0x0000000705e00000|  0%| F|  |TAMS 0x0000000705c00000| PB 0x0000000705c00000| Untracked 
|   9|0x0000000705e00000, 0x0000000705e00000, 0x0000000706000000|  0%| F|  |TAMS 0x0000000705e00000| PB 0x0000000705e00000| Untracked 
|  10|0x0000000706000000, 0x0000000706000000, 0x0000000706200000|  0%| F|  |TAMS 0x0000000706000000| PB 0x0000000706000000| Untracked 
|  11|0x0000000706200000, 0x0000000706200000, 0x0000000706400000|  0%| F|  |TAMS 0x0000000706200000| PB 0x0000000706200000| Untracked 
|  12|0x0000000706400000, 0x0000000706400000, 0x0000000706600000|  0%| F|  |TAMS 0x0000000706400000| PB 0x0000000706400000| Untracked 
|  13|0x0000000706600000, 0x0000000706600000, 0x0000000706800000|  0%| F|  |TAMS 0x0000000706600000| PB 0x0000000706600000| Untracked 
|  14|0x0000000706800000, 0x0000000706800000, 0x0000000706a00000|  0%| F|  |TAMS 0x0000000706800000| PB 0x0000000706800000| Untracked 
|  15|0x0000000706a00000, 0x0000000706a00000, 0x0000000706c00000|  0%| F|  |TAMS 0x0000000706a00000| PB 0x0000000706a00000| Untracked 
|  16|0x0000000706c00000, 0x0000000706c00000, 0x0000000706e00000|  0%| F|  |TAMS 0x0000000706c00000| PB 0x0000000706c00000| Untracked 
|  17|0x0000000706e00000, 0x0000000706e00000, 0x0000000707000000|  0%| F|  |TAMS 0x0000000706e00000| PB 0x0000000706e00000| Untracked 
|  18|0x0000000707000000, 0x0000000707000000, 0x0000000707200000|  0%| F|  |TAMS 0x0000000707000000| PB 0x0000000707000000| Untracked 
|  19|0x0000000707200000, 0x0000000707200000, 0x0000000707400000|  0%| F|  |TAMS 0x0000000707200000| PB 0x0000000707200000| Untracked 
|  20|0x0000000707400000, 0x0000000707400000, 0x0000000707600000|  0%| F|  |TAMS 0x0000000707400000| PB 0x0000000707400000| Untracked 
|  21|0x0000000707600000, 0x0000000707600000, 0x0000000707800000|  0%| F|  |TAMS 0x0000000707600000| PB 0x0000000707600000| Untracked 
|  22|0x0000000707800000, 0x0000000707800000, 0x0000000707a00000|  0%| F|  |TAMS 0x0000000707800000| PB 0x0000000707800000| Untracked 
|  23|0x0000000707a00000, 0x0000000707a00000, 0x0000000707c00000|  0%| F|  |TAMS 0x0000000707a00000| PB 0x0000000707a00000| Untracked 
|  24|0x0000000707c00000, 0x0000000707c00000, 0x0000000707e00000|  0%| F|  |TAMS 0x0000000707c00000| PB 0x0000000707c00000| Untracked 
|  25|0x0000000707e00000, 0x0000000707e00000, 0x0000000708000000|  0%| F|  |TAMS 0x0000000707e00000| PB 0x0000000707e00000| Untracked 
|  26|0x0000000708000000, 0x0000000708000000, 0x0000000708200000|  0%| F|  |TAMS 0x0000000708000000| PB 0x0000000708000000| Untracked 
|  27|0x0000000708200000, 0x0000000708200000, 0x0000000708400000|  0%| F|  |TAMS 0x0000000708200000| PB 0x0000000708200000| Untracked 
|  28|0x0000000708400000, 0x0000000708400000, 0x0000000708600000|  0%| F|  |TAMS 0x0000000708400000| PB 0x0000000708400000| Untracked 
|  29|0x0000000708600000, 0x0000000708600000, 0x0000000708800000|  0%| F|  |TAMS 0x0000000708600000| PB 0x0000000708600000| Untracked 
|  30|0x0000000708800000, 0x0000000708800000, 0x0000000708a00000|  0%| F|  |TAMS 0x0000000708800000| PB 0x0000000708800000| Untracked 
|  31|0x0000000708a00000, 0x0000000708a00000, 0x0000000708c00000|  0%| F|  |TAMS 0x0000000708a00000| PB 0x0000000708a00000| Untracked 
|  32|0x0000000708c00000, 0x0000000708c00000, 0x0000000708e00000|  0%| F|  |TAMS 0x0000000708c00000| PB 0x0000000708c00000| Untracked 
|  33|0x0000000708e00000, 0x0000000708e00000, 0x0000000709000000|  0%| F|  |TAMS 0x0000000708e00000| PB 0x0000000708e00000| Untracked 
|  34|0x0000000709000000, 0x0000000709000000, 0x0000000709200000|  0%| F|  |TAMS 0x0000000709000000| PB 0x0000000709000000| Untracked 
|  35|0x0000000709200000, 0x0000000709200000, 0x0000000709400000|  0%| F|  |TAMS 0x0000000709200000| PB 0x0000000709200000| Untracked 
|  36|0x0000000709400000, 0x0000000709400000, 0x0000000709600000|  0%| F|  |TAMS 0x0000000709400000| PB 0x0000000709400000| Untracked 
|  37|0x0000000709600000, 0x0000000709600000, 0x0000000709800000|  0%| F|  |TAMS 0x0000000709600000| PB 0x0000000709600000| Untracked 
|  38|0x0000000709800000, 0x0000000709800000, 0x0000000709a00000|  0%| F|  |TAMS 0x0000000709800000| PB 0x0000000709800000| Untracked 
|  39|0x0000000709a00000, 0x0000000709a00000, 0x0000000709c00000|  0%| F|  |TAMS 0x0000000709a00000| PB 0x0000000709a00000| Untracked 
|  40|0x0000000709c00000, 0x0000000709c00000, 0x0000000709e00000|  0%| F|  |TAMS 0x0000000709c00000| PB 0x0000000709c00000| Untracked 
|  41|0x0000000709e00000, 0x0000000709e00000, 0x000000070a000000|  0%| F|  |TAMS 0x0000000709e00000| PB 0x0000000709e00000| Untracked 
|  42|0x000000070a000000, 0x000000070a000000, 0x000000070a200000|  0%| F|  |TAMS 0x000000070a000000| PB 0x000000070a000000| Untracked 
|  43|0x000000070a200000, 0x000000070a200000, 0x000000070a400000|  0%| F|  |TAMS 0x000000070a200000| PB 0x000000070a200000| Untracked 
|  44|0x000000070a400000, 0x000000070a400000, 0x000000070a600000|  0%| F|  |TAMS 0x000000070a400000| PB 0x000000070a400000| Untracked 
|  45|0x000000070a600000, 0x000000070a600000, 0x000000070a800000|  0%| F|  |TAMS 0x000000070a600000| PB 0x000000070a600000| Untracked 
|  46|0x000000070a800000, 0x000000070a800000, 0x000000070aa00000|  0%| F|  |TAMS 0x000000070a800000| PB 0x000000070a800000| Untracked 
|  47|0x000000070aa00000, 0x000000070aa00000, 0x000000070ac00000|  0%| F|  |TAMS 0x000000070aa00000| PB 0x000000070aa00000| Untracked 
|  48|0x000000070ac00000, 0x000000070ac00000, 0x000000070ae00000|  0%| F|  |TAMS 0x000000070ac00000| PB 0x000000070ac00000| Untracked 
|  49|0x000000070ae00000, 0x000000070ae00000, 0x000000070b000000|  0%| F|  |TAMS 0x000000070ae00000| PB 0x000000070ae00000| Untracked 
|  50|0x000000070b000000, 0x000000070b000000, 0x000000070b200000|  0%| F|  |TAMS 0x000000070b000000| PB 0x000000070b000000| Untracked 
|  51|0x000000070b200000, 0x000000070b200000, 0x000000070b400000|  0%| F|  |TAMS 0x000000070b200000| PB 0x000000070b200000| Untracked 
|  52|0x000000070b400000, 0x000000070b400000, 0x000000070b600000|  0%| F|  |TAMS 0x000000070b400000| PB 0x000000070b400000| Untracked 
|  53|0x000000070b600000, 0x000000070b600000, 0x000000070b800000|  0%| F|  |TAMS 0x000000070b600000| PB 0x000000070b600000| Untracked 
|  54|0x000000070b800000, 0x000000070b800000, 0x000000070ba00000|  0%| F|  |TAMS 0x000000070b800000| PB 0x000000070b800000| Untracked 
|  55|0x000000070ba00000, 0x000000070ba00000, 0x000000070bc00000|  0%| F|  |TAMS 0x000000070ba00000| PB 0x000000070ba00000| Untracked 
|  56|0x000000070bc00000, 0x000000070bc00000, 0x000000070be00000|  0%| F|  |TAMS 0x000000070bc00000| PB 0x000000070bc00000| Untracked 
|  57|0x000000070be00000, 0x000000070be00000, 0x000000070c000000|  0%| F|  |TAMS 0x000000070be00000| PB 0x000000070be00000| Untracked 
|  58|0x000000070c000000, 0x000000070c000000, 0x000000070c200000|  0%| F|  |TAMS 0x000000070c000000| PB 0x000000070c000000| Untracked 
|  59|0x000000070c200000, 0x000000070c200000, 0x000000070c400000|  0%| F|  |TAMS 0x000000070c200000| PB 0x000000070c200000| Untracked 
|  60|0x000000070c400000, 0x000000070c400000, 0x000000070c600000|  0%| F|  |TAMS 0x000000070c400000| PB 0x000000070c400000| Untracked 
|  61|0x000000070c600000, 0x000000070c600000, 0x000000070c800000|  0%| F|  |TAMS 0x000000070c600000| PB 0x000000070c600000| Untracked 
|  62|0x000000070c800000, 0x000000070c800000, 0x000000070ca00000|  0%| F|  |TAMS 0x000000070c800000| PB 0x000000070c800000| Untracked 
|  63|0x000000070ca00000, 0x000000070ca00000, 0x000000070cc00000|  0%| F|  |TAMS 0x000000070ca00000| PB 0x000000070ca00000| Untracked 
|  64|0x000000070cc00000, 0x000000070cc00000, 0x000000070ce00000|  0%| F|  |TAMS 0x000000070cc00000| PB 0x000000070cc00000| Untracked 
|  65|0x000000070ce00000, 0x000000070ce00000, 0x000000070d000000|  0%| F|  |TAMS 0x000000070ce00000| PB 0x000000070ce00000| Untracked 
|  66|0x000000070d000000, 0x000000070d000000, 0x000000070d200000|  0%| F|  |TAMS 0x000000070d000000| PB 0x000000070d000000| Untracked 
|  67|0x000000070d200000, 0x000000070d200000, 0x000000070d400000|  0%| F|  |TAMS 0x000000070d200000| PB 0x000000070d200000| Untracked 
|  68|0x000000070d400000, 0x000000070d400000, 0x000000070d600000|  0%| F|  |TAMS 0x000000070d400000| PB 0x000000070d400000| Untracked 
|  69|0x000000070d600000, 0x000000070d600000, 0x000000070d800000|  0%| F|  |TAMS 0x000000070d600000| PB 0x000000070d600000| Untracked 
|  70|0x000000070d800000, 0x000000070d800000, 0x000000070da00000|  0%| F|  |TAMS 0x000000070d800000| PB 0x000000070d800000| Untracked 
|  71|0x000000070da00000, 0x000000070da00000, 0x000000070dc00000|  0%| F|  |TAMS 0x000000070da00000| PB 0x000000070da00000| Untracked 
|  72|0x000000070dc00000, 0x000000070dc00000, 0x000000070de00000|  0%| F|  |TAMS 0x000000070dc00000| PB 0x000000070dc00000| Untracked 
|  73|0x000000070de00000, 0x000000070de00000, 0x000000070e000000|  0%| F|  |TAMS 0x000000070de00000| PB 0x000000070de00000| Untracked 
|  74|0x000000070e000000, 0x000000070e000000, 0x000000070e200000|  0%| F|  |TAMS 0x000000070e000000| PB 0x000000070e000000| Untracked 
|  75|0x000000070e200000, 0x000000070e200000, 0x000000070e400000|  0%| F|  |TAMS 0x000000070e200000| PB 0x000000070e200000| Untracked 
|  76|0x000000070e400000, 0x000000070e400000, 0x000000070e600000|  0%| F|  |TAMS 0x000000070e400000| PB 0x000000070e400000| Untracked 
|  77|0x000000070e600000, 0x000000070e600000, 0x000000070e800000|  0%| F|  |TAMS 0x000000070e600000| PB 0x000000070e600000| Untracked 
|  78|0x000000070e800000, 0x000000070e800000, 0x000000070ea00000|  0%| F|  |TAMS 0x000000070e800000| PB 0x000000070e800000| Untracked 
|  79|0x000000070ea00000, 0x000000070ea00000, 0x000000070ec00000|  0%| F|  |TAMS 0x000000070ea00000| PB 0x000000070ea00000| Untracked 
|  80|0x000000070ec00000, 0x000000070ec00000, 0x000000070ee00000|  0%| F|  |TAMS 0x000000070ec00000| PB 0x000000070ec00000| Untracked 
|  81|0x000000070ee00000, 0x000000070ee00000, 0x000000070f000000|  0%| F|  |TAMS 0x000000070ee00000| PB 0x000000070ee00000| Untracked 
|  82|0x000000070f000000, 0x000000070f000000, 0x000000070f200000|  0%| F|  |TAMS 0x000000070f000000| PB 0x000000070f000000| Untracked 
|  83|0x000000070f200000, 0x000000070f200000, 0x000000070f400000|  0%| F|  |TAMS 0x000000070f200000| PB 0x000000070f200000| Untracked 
|  84|0x000000070f400000, 0x000000070f400000, 0x000000070f600000|  0%| F|  |TAMS 0x000000070f400000| PB 0x000000070f400000| Untracked 
|  85|0x000000070f600000, 0x000000070f600000, 0x000000070f800000|  0%| F|  |TAMS 0x000000070f600000| PB 0x000000070f600000| Untracked 
|  86|0x000000070f800000, 0x000000070f800000, 0x000000070fa00000|  0%| F|  |TAMS 0x000000070f800000| PB 0x000000070f800000| Untracked 
|  87|0x000000070fa00000, 0x000000070fa00000, 0x000000070fc00000|  0%| F|  |TAMS 0x000000070fa00000| PB 0x000000070fa00000| Untracked 
|  88|0x000000070fc00000, 0x000000070fc00000, 0x000000070fe00000|  0%| F|  |TAMS 0x000000070fc00000| PB 0x000000070fc00000| Untracked 
|  89|0x000000070fe00000, 0x000000070fe00000, 0x0000000710000000|  0%| F|  |TAMS 0x000000070fe00000| PB 0x000000070fe00000| Untracked 
|  90|0x0000000710000000, 0x0000000710000000, 0x0000000710200000|  0%| F|  |TAMS 0x0000000710000000| PB 0x0000000710000000| Untracked 
|  91|0x0000000710200000, 0x0000000710200000, 0x0000000710400000|  0%| F|  |TAMS 0x0000000710200000| PB 0x0000000710200000| Untracked 
|  92|0x0000000710400000, 0x0000000710400000, 0x0000000710600000|  0%| F|  |TAMS 0x0000000710400000| PB 0x0000000710400000| Untracked 
|  93|0x0000000710600000, 0x0000000710600000, 0x0000000710800000|  0%| F|  |TAMS 0x0000000710600000| PB 0x0000000710600000| Untracked 
|  94|0x0000000710800000, 0x0000000710800000, 0x0000000710a00000|  0%| F|  |TAMS 0x0000000710800000| PB 0x0000000710800000| Untracked 
|  95|0x0000000710a00000, 0x0000000710a00000, 0x0000000710c00000|  0%| F|  |TAMS 0x0000000710a00000| PB 0x0000000710a00000| Untracked 
|  96|0x0000000710c00000, 0x0000000710c00000, 0x0000000710e00000|  0%| F|  |TAMS 0x0000000710c00000| PB 0x0000000710c00000| Untracked 
|  97|0x0000000710e00000, 0x0000000710e00000, 0x0000000711000000|  0%| F|  |TAMS 0x0000000710e00000| PB 0x0000000710e00000| Untracked 
|  98|0x0000000711000000, 0x0000000711000000, 0x0000000711200000|  0%| F|  |TAMS 0x0000000711000000| PB 0x0000000711000000| Untracked 
|  99|0x0000000711200000, 0x0000000711200000, 0x0000000711400000|  0%| F|  |TAMS 0x0000000711200000| PB 0x0000000711200000| Untracked 
| 100|0x0000000711400000, 0x0000000711400000, 0x0000000711600000|  0%| F|  |TAMS 0x0000000711400000| PB 0x0000000711400000| Untracked 
| 101|0x0000000711600000, 0x0000000711600000, 0x0000000711800000|  0%| F|  |TAMS 0x0000000711600000| PB 0x0000000711600000| Untracked 
| 102|0x0000000711800000, 0x0000000711800000, 0x0000000711a00000|  0%| F|  |TAMS 0x0000000711800000| PB 0x0000000711800000| Untracked 
| 103|0x0000000711a00000, 0x0000000711a00000, 0x0000000711c00000|  0%| F|  |TAMS 0x0000000711a00000| PB 0x0000000711a00000| Untracked 
| 104|0x0000000711c00000, 0x0000000711c00000, 0x0000000711e00000|  0%| F|  |TAMS 0x0000000711c00000| PB 0x0000000711c00000| Untracked 
| 105|0x0000000711e00000, 0x0000000711e00000, 0x0000000712000000|  0%| F|  |TAMS 0x0000000711e00000| PB 0x0000000711e00000| Untracked 
| 106|0x0000000712000000, 0x0000000712000000, 0x0000000712200000|  0%| F|  |TAMS 0x0000000712000000| PB 0x0000000712000000| Untracked 
| 107|0x0000000712200000, 0x0000000712200000, 0x0000000712400000|  0%| F|  |TAMS 0x0000000712200000| PB 0x0000000712200000| Untracked 
| 108|0x0000000712400000, 0x0000000712400000, 0x0000000712600000|  0%| F|  |TAMS 0x0000000712400000| PB 0x0000000712400000| Untracked 
| 109|0x0000000712600000, 0x0000000712600000, 0x0000000712800000|  0%| F|  |TAMS 0x0000000712600000| PB 0x0000000712600000| Untracked 
| 110|0x0000000712800000, 0x0000000712800000, 0x0000000712a00000|  0%| F|  |TAMS 0x0000000712800000| PB 0x0000000712800000| Untracked 
| 111|0x0000000712a00000, 0x0000000712a00000, 0x0000000712c00000|  0%| F|  |TAMS 0x0000000712a00000| PB 0x0000000712a00000| Untracked 
| 112|0x0000000712c00000, 0x0000000712c00000, 0x0000000712e00000|  0%| F|  |TAMS 0x0000000712c00000| PB 0x0000000712c00000| Untracked 
| 113|0x0000000712e00000, 0x0000000712e00000, 0x0000000713000000|  0%| F|  |TAMS 0x0000000712e00000| PB 0x0000000712e00000| Untracked 
| 114|0x0000000713000000, 0x0000000713000000, 0x0000000713200000|  0%| F|  |TAMS 0x0000000713000000| PB 0x0000000713000000| Untracked 
| 115|0x0000000713200000, 0x0000000713200000, 0x0000000713400000|  0%| F|  |TAMS 0x0000000713200000| PB 0x0000000713200000| Untracked 
| 116|0x0000000713400000, 0x0000000713400000, 0x0000000713600000|  0%| F|  |TAMS 0x0000000713400000| PB 0x0000000713400000| Untracked 
| 117|0x0000000713600000, 0x0000000713600000, 0x0000000713800000|  0%| F|  |TAMS 0x0000000713600000| PB 0x0000000713600000| Untracked 
| 118|0x0000000713800000, 0x0000000713800000, 0x0000000713a00000|  0%| F|  |TAMS 0x0000000713800000| PB 0x0000000713800000| Untracked 
| 119|0x0000000713a00000, 0x0000000713a00000, 0x0000000713c00000|  0%| F|  |TAMS 0x0000000713a00000| PB 0x0000000713a00000| Untracked 
| 120|0x0000000713c00000, 0x0000000713c00000, 0x0000000713e00000|  0%| F|  |TAMS 0x0000000713c00000| PB 0x0000000713c00000| Untracked 
| 121|0x0000000713e00000, 0x0000000713ee3cd0, 0x0000000714000000| 44%| E|  |TAMS 0x0000000713e00000| PB 0x0000000713e00000| Complete 
| 122|0x0000000714000000, 0x0000000714200000, 0x0000000714200000|100%| E|CS|TAMS 0x0000000714000000| PB 0x0000000714000000| Complete 
| 123|0x0000000714200000, 0x0000000714400000, 0x0000000714400000|100%| E|CS|TAMS 0x0000000714200000| PB 0x0000000714200000| Complete 
| 124|0x0000000714400000, 0x0000000714600000, 0x0000000714600000|100%| E|CS|TAMS 0x0000000714400000| PB 0x0000000714400000| Complete 
| 125|0x0000000714600000, 0x0000000714800000, 0x0000000714800000|100%| E|CS|TAMS 0x0000000714600000| PB 0x0000000714600000| Complete 

Card table byte_map: [0x000001c82d4f0000,0x000001c82dcd0000] _byte_map_base: 0x000001c829cca000

Marking Bits: (CMBitMap*) 0x000001c81542dbb0
 Bits: [0x000001c82dcd0000, 0x000001c831ba0000)

Polling page: 0x000001c812c40000

Metaspace:

Usage:
  Non-class:      2.03 MB used.
      Class:    183.94 KB used.
       Both:      2.21 MB used.

Virtual space:
  Non-class space:       64.00 MB reserved,       2.12 MB (  3%) committed,  1 nodes.
      Class space:        1.00 GB reserved,     256.00 KB ( <1%) committed,  1 nodes.
             Both:        1.06 GB reserved,       2.38 MB ( <1%) committed. 

Chunk freelists:
   Non-Class:  11.14 MB
       Class:  15.63 MB
        Both:  26.77 MB

MaxMetaspaceSize: unlimited
CompressedClassSpaceSize: 1.00 GB
Initial GC threshold: 21.00 MB
Current GC threshold: 21.00 MB
CDS: on
 - commit_granule_bytes: 65536.
 - commit_granule_words: 8192.
 - virtual_space_node_default_size: 8388608.
 - enlarge_chunks_in_place: 1.
 - use_allocation_guard: 0.


Internal statistics:

num_allocs_failed_limit: 0.
num_arena_births: 64.
num_arena_deaths: 0.
num_vsnodes_births: 2.
num_vsnodes_deaths: 0.
num_space_committed: 38.
num_space_uncommitted: 0.
num_chunks_returned_to_freelist: 0.
num_chunks_taken_from_freelist: 119.
num_chunk_merges: 0.
num_chunk_splits: 74.
num_chunks_enlarged: 49.
num_inconsistent_stats: 0.

CodeHeap 'non-profiled nmethods': size=120000Kb used=194Kb max_used=194Kb free=119805Kb
 bounds [0x000001c825290000, 0x000001c825500000, 0x000001c82c7c0000]
CodeHeap 'profiled nmethods': size=120000Kb used=899Kb max_used=899Kb free=119100Kb
 bounds [0x000001c81d7c0000, 0x000001c81da30000, 0x000001c824cf0000]
CodeHeap 'non-nmethods': size=5760Kb used=1398Kb max_used=1414Kb free=4361Kb
 bounds [0x000001c824cf0000, 0x000001c824f60000, 0x000001c825290000]
 total_blobs=992 nmethods=549 adapters=348
 compilation: enabled
              stopped_count=0, restarted_count=0
 full_count=0

Compilation events (20 events):
Event: 0.913 Thread 0x000001c834964b00 nmethod 532 0x000001c8252be210 code [0x000001c8252be460, 0x000001c8252bf088]
Event: 0.913 Thread 0x000001c834967980 nmethod 541 0x000001c81d89cd10 code [0x000001c81d89cec0, 0x000001c81d89d018]
Event: 0.913 Thread 0x000001c834964b00  498       4       java.lang.AbstractStringBuilder::newCapacity (59 bytes)
Event: 0.913 Thread 0x000001c834967980  542       3       java.util.HashMap::resize (356 bytes)
Event: 0.914 Thread 0x000001c834964b00 nmethod 498 0x000001c8252bfb10 code [0x000001c8252bfca0, 0x000001c8252bfde0]
Event: 0.915 Thread 0x000001c834967980 nmethod 542 0x000001c81d89d110 code [0x000001c81d89d3c0, 0x000001c81d89e920]
Event: 0.915 Thread 0x000001c834967980  543       3       jdk.internal.loader.URLClassPath::getResource (74 bytes)
Event: 0.915 Thread 0x000001c834964b00  544       4       java.util.zip.ZipUtils::CENHOW (9 bytes)
Event: 0.915 Thread 0x000001c834967980 nmethod 543 0x000001c81d89ef10 code [0x000001c81d89f0e0, 0x000001c81d89f458]
Event: 0.916 Thread 0x000001c834964b00 nmethod 544 0x000001c8252bff10 code [0x000001c8252c00a0, 0x000001c8252c01a0]
Event: 0.921 Thread 0x000001c834967980  545       3       jdk.internal.jimage.BasicImageReader::getLocationIndex (52 bytes)
Event: 0.921 Thread 0x000001c834964b00  548       4       jdk.internal.jimage.ImageStringsReader::unmaskedHashCode (166 bytes)
Event: 0.922 Thread 0x000001c834967980 nmethod 545 0x000001c81d89f590 code [0x000001c81d89f7a0, 0x000001c81d89fc60]
Event: 0.922 Thread 0x000001c834967980  546       3       jdk.internal.jimage.ImageStringsReader::hashCode (8 bytes)
Event: 0.922 Thread 0x000001c834967980 nmethod 546 0x000001c81d89ff10 code [0x000001c81d8a00c0, 0x000001c81d8a0288]
Event: 0.922 Thread 0x000001c834967980  549       3       jdk.internal.loader.URLClassPath$JarLoader::findResource (18 bytes)
Event: 0.923 Thread 0x000001c834967980 nmethod 549 0x000001c81d8a0390 code [0x000001c81d8a0560, 0x000001c81d8a0810]
Event: 0.923 Thread 0x000001c834967980  547       3       jdk.internal.jimage.ImageStringsReader::match (11 bytes)
Event: 0.923 Thread 0x000001c834967980 nmethod 547 0x000001c81d8a0910 code [0x000001c81d8a0ac0, 0x000001c81d8a0cb8]
Event: 0.925 Thread 0x000001c834964b00 nmethod 548 0x000001c8252c0290 code [0x000001c8252c0440, 0x000001c8252c0640]

GC Heap History (0 events):
No events

Dll operation events (9 events):
Event: 0.059 Loaded shared library C:\Program Files\Java\jdk-21\bin\java.dll
Event: 0.114 Loaded shared library C:\Program Files\Java\jdk-21\bin\jsvml.dll
Event: 0.471 Loaded shared library C:\Program Files\Java\jdk-21\bin\net.dll
Event: 0.474 Loaded shared library C:\Program Files\Java\jdk-21\bin\nio.dll
Event: 0.482 Loaded shared library C:\Program Files\Java\jdk-21\bin\zip.dll
Event: 0.659 Loaded shared library C:\Program Files\Java\jdk-21\bin\verify.dll
Event: 0.677 Loaded shared library C:\Program Files\Java\jdk-21\bin\jimage.dll
Event: 0.767 Loaded shared library C:\Users\navin\AppData\Local\Temp\libgdxnavin\e787ab0a\gdx64.dll
Event: 0.870 Loaded shared library C:\Users\navin\AppData\Local\Temp\lwjglnavin\3.3.1-build-7\lwjgl.dll

Deoptimization events (16 events):
Event: 0.449 Thread 0x000001c8153c2f20 Uncommon trap: trap_request=0xffffff45 fr.pc=0x000001c825290ffc relative=0x00000000000000dc
Event: 0.449 Thread 0x000001c8153c2f20 Uncommon trap: reason=unstable_if action=reinterpret pc=0x000001c825290ffc method=java.lang.String.isLatin1()Z @ 10 c2
Event: 0.449 Thread 0x000001c8153c2f20 DEOPT PACKING pc=0x000001c825290ffc sp=0x00000070491ff320
Event: 0.449 Thread 0x000001c8153c2f20 DEOPT UNPACKING pc=0x000001c824d446a2 sp=0x00000070491ff270 mode 2
Event: 0.495 Thread 0x000001c8153c2f20 DEOPT PACKING pc=0x000001c81d7d901c sp=0x00000070491fa3e0
Event: 0.495 Thread 0x000001c8153c2f20 DEOPT UNPACKING pc=0x000001c824d44e42 sp=0x00000070491f9800 mode 0
Event: 0.761 Thread 0x000001c8153c2f20 Uncommon trap: trap_request=0xffffff45 fr.pc=0x000001c82529a514 relative=0x0000000000000074
Event: 0.761 Thread 0x000001c8153c2f20 Uncommon trap: reason=unstable_if action=reinterpret pc=0x000001c82529a514 method=java.io.WinNTFileSystem.isSlash(C)Z @ 9 c2
Event: 0.761 Thread 0x000001c8153c2f20 DEOPT PACKING pc=0x000001c82529a514 sp=0x00000070491fed90
Event: 0.761 Thread 0x000001c8153c2f20 DEOPT UNPACKING pc=0x000001c824d446a2 sp=0x00000070491fed28 mode 2
Event: 0.798 Thread 0x000001c8153c2f20 DEOPT PACKING pc=0x000001c81d7ed821 sp=0x00000070491fac00
Event: 0.798 Thread 0x000001c8153c2f20 DEOPT UNPACKING pc=0x000001c824d44e42 sp=0x00000070491fa060 mode 0
Event: 0.867 Thread 0x000001c8153c2f20 Uncommon trap: trap_request=0xffffff45 fr.pc=0x000001c82529b4f0 relative=0x0000000000000050
Event: 0.867 Thread 0x000001c8153c2f20 Uncommon trap: reason=unstable_if action=reinterpret pc=0x000001c82529b4f0 method=sun.nio.fs.WindowsPathParser.isSlash(C)Z @ 9 c2
Event: 0.867 Thread 0x000001c8153c2f20 DEOPT PACKING pc=0x000001c82529b4f0 sp=0x00000070491fb980
Event: 0.867 Thread 0x000001c8153c2f20 DEOPT UNPACKING pc=0x000001c824d446a2 sp=0x00000070491fb918 mode 2

Classes loaded (20 events):
Event: 0.873 Loading class java/nio/DirectShortBufferU
Event: 0.873 Loading class java/nio/DirectShortBufferU done
Event: 0.873 Loading class java/nio/DirectCharBufferU
Event: 0.873 Loading class java/nio/DirectCharBufferU done
Event: 0.873 Loading class java/nio/DirectFloatBufferU
Event: 0.873 Loading class java/nio/DirectFloatBufferU done
Event: 0.873 Loading class java/nio/DirectDoubleBufferU
Event: 0.874 Loading class java/nio/DirectDoubleBufferU done
Event: 0.874 Loading class sun/misc/Unsafe
Event: 0.874 Loading class sun/misc/Unsafe done
Event: 0.874 Loading class java/lang/invoke/DirectMethodHandle$StaticAccessor
Event: 0.874 Loading class java/lang/invoke/DirectMethodHandle$StaticAccessor done
Event: 0.878 Loading class java/util/function/LongPredicate
Event: 0.878 Loading class java/util/function/LongPredicate done
Event: 0.881 Loading class java/lang/foreign/MemorySegment
Event: 0.881 Loading class java/lang/foreign/MemorySegment done
Event: 0.888 Loading class java/nio/InvalidMarkException
Event: 0.888 Loading class java/nio/InvalidMarkException done
Event: 0.888 Loading class java/nio/BufferUnderflowException
Event: 0.888 Loading class java/nio/BufferUnderflowException done

Classes unloaded (0 events):
No events

Classes redefined (0 events):
No events

Internal exceptions (17 events):
Event: 0.814 Thread 0x000001c8153c2f20 Exception <a 'java/lang/NoSuchMethodError'{0x00000007140f5488}: 'void java.lang.invoke.DirectMethodHandle$Holder.invokeStatic(java.lang.Object, java.lang.Object)'> (0x00000007140f5488) 
thrown [s\open\src\hotspot\share\interpreter\linkResolver.cpp, line 773]
Event: 0.815 Thread 0x000001c8153c2f20 Exception <a 'java/lang/NoSuchMethodError'{0x00000007140fa680}: 'void java.lang.System.load(java.lang.String, java.lang.Class)'> (0x00000007140fa680) 
thrown [s\open\src\hotspot\share\interpreter\linkResolver.cpp, line 773]
Event: 0.815 Thread 0x000001c8153c2f20 Exception <a 'java/lang/NoSuchMethodError'{0x00000007140fb270}: 'void java.lang.invoke.DirectMethodHandle$Holder.invokeSpecial(java.lang.Object, java.lang.Object, java.lang.Object)'> (0x00000007140fb270) 
thrown [s\open\src\hotspot\share\interpreter\linkResolver.cpp, line 773]
Event: 0.823 Thread 0x000001c8153c2f20 Exception <a 'java/lang/NoSuchMethodError'{0x000000071410bd88}: 'java.lang.Object java.lang.invoke.DirectMethodHandle$Holder.invokeStatic(java.lang.Object, java.lang.Object, int)'> (0x000000071410bd88) 
thrown [s\open\src\hotspot\share\interpreter\linkResolver.cpp, line 773]
Event: 0.825 Thread 0x000001c8153c2f20 Exception <a 'java/lang/NoSuchMethodError'{0x00000007141171d8}: 'void java.lang.invoke.DelegatingMethodHandle$Holder.delegate(java.lang.Object, java.lang.Object, int, java.lang.Object)'> (0x00000007141171d8) 
thrown [s\open\src\hotspot\share\interpreter\linkResolver.cpp, line 773]
Event: 0.825 Thread 0x000001c8153c2f20 Exception <a 'java/lang/NoSuchMethodError'{0x000000071411b0c0}: 'int java.lang.invoke.DirectMethodHandle$Holder.invokeSpecial(java.lang.Object, java.lang.Object, java.lang.Object)'> (0x000000071411b0c0) 
thrown [s\open\src\hotspot\share\interpreter\linkResolver.cpp, line 773]
Event: 0.835 Thread 0x000001c8153c2f20 Exception <a 'java/lang/NoSuchMethodError'{0x00000007141351f8}: 'void java.lang.System.loadLibrary(java.lang.String, java.lang.Class)'> (0x00000007141351f8) 
thrown [s\open\src\hotspot\share\interpreter\linkResolver.cpp, line 773]
Event: 0.867 Thread 0x000001c8153c2f20 Exception <a 'sun/nio/fs/WindowsException'{0x000000071418d0c0}> (0x000000071418d0c0) 
thrown [s\open\src\hotspot\share\prims\jni.cpp, line 520]
Event: 0.867 Thread 0x000001c8153c2f20 Exception <a 'sun/nio/fs/WindowsException'{0x000000071418d5f0}> (0x000000071418d5f0) 
thrown [s\open\src\hotspot\share\prims\jni.cpp, line 520]
Event: 0.878 Thread 0x000001c8153c2f20 Exception <a 'java/lang/NoSuchMethodError'{0x00000007141c2e88}: 'int java.lang.invoke.DirectMethodHandle$Holder.invokeStaticInit(java.lang.Object, java.lang.Object, int, long)'> (0x00000007141c2e88) 
thrown [s\open\src\hotspot\share\interpreter\linkResolver.cpp, line 773]
Event: 0.880 Thread 0x000001c8153c2f20 Exception <a 'java/lang/NoSuchMethodError'{0x00000007141c80f0}: 'java.lang.Object java.lang.invoke.DirectMethodHandle$Holder.newInvokeSpecial(java.lang.Object, java.lang.Object, int)'> (0x00000007141c80f0) 
thrown [s\open\src\hotspot\share\interpreter\linkResolver.cpp, line 773]
Event: 0.884 Thread 0x000001c8153c2f20 Exception <a 'java/lang/NoSuchMethodError'{0x00000007141d98f8}: 'int java.lang.invoke.DirectMethodHandle$Holder.invokeStaticInit(java.lang.Object, java.lang.Object, long, long)'> (0x00000007141d98f8) 
thrown [s\open\src\hotspot\share\interpreter\linkResolver.cpp, line 773]
Event: 0.885 Thread 0x000001c8153c2f20 Exception <a 'java/lang/NoSuchMethodError'{0x00000007141df160}: 'java.lang.Object java.lang.invoke.DirectMethodHandle$Holder.newInvokeSpecial(java.lang.Object, java.lang.Object, long)'> (0x00000007141df160) 
thrown [s\open\src\hotspot\share\interpreter\linkResolver.cpp, line 773]
Event: 0.886 Thread 0x000001c8153c2f20 Exception <a 'java/lang/NoSuchMethodError'{0x00000007141e2f18}: 'java.lang.Object java.lang.invoke.Invokers$Holder.linkToTargetMethod(java.lang.Object, long, java.lang.Object)'> (0x00000007141e2f18) 
thrown [s\open\src\hotspot\share\interpreter\linkResolver.cpp, line 773]
Event: 0.887 Thread 0x000001c8153c2f20 Exception <a 'java/lang/NoSuchMethodError'{0x00000007141e9fd8}: 'int java.lang.invoke.DirectMethodHandle$Holder.invokeStaticInit(java.lang.Object, java.lang.Object, java.lang.Object, long)'> (0x00000007141e9fd8) 
thrown [s\open\src\hotspot\share\interpreter\linkResolver.cpp, line 773]
Event: 0.914 Thread 0x000001c8153c2f20 Exception <a 'sun/nio/fs/WindowsException'{0x0000000713e75d68}> (0x0000000713e75d68) 
thrown [s\open\src\hotspot\share\prims\jni.cpp, line 520]
Event: 0.914 Thread 0x000001c8153c2f20 Exception <a 'sun/nio/fs/WindowsException'{0x0000000713e760f8}> (0x0000000713e760f8) 
thrown [s\open\src\hotspot\share\prims\jni.cpp, line 520]

ZGC Phase Switch (0 events):
No events

VM Operations (6 events):
Event: 0.506 Executing VM operation: HandshakeAllThreads (Deoptimize)
Event: 0.506 Executing VM operation: HandshakeAllThreads (Deoptimize) done
Event: 0.760 Executing VM operation: HandshakeAllThreads (Deoptimize)
Event: 0.760 Executing VM operation: HandshakeAllThreads (Deoptimize) done
Event: 0.823 Executing VM operation: HandshakeAllThreads (Deoptimize)
Event: 0.823 Executing VM operation: HandshakeAllThreads (Deoptimize) done

Events (14 events):
Event: 0.087 Thread 0x000001c8153c2f20 Thread added: 0x000001c8153c2f20
Event: 0.108 Thread 0x000001c83494e8c0 Thread added: 0x000001c83494e8c0
Event: 0.110 Thread 0x000001c83494f5e0 Thread added: 0x000001c83494f5e0
Event: 0.111 Thread 0x000001c834952f70 Thread added: 0x000001c834952f70
Event: 0.111 Thread 0x000001c834956460 Thread added: 0x000001c834956460
Event: 0.111 Thread 0x000001c834961650 Thread added: 0x000001c834961650
Event: 0.111 Thread 0x000001c8349625b0 Thread added: 0x000001c8349625b0
Event: 0.111 Thread 0x000001c834964b00 Thread added: 0x000001c834964b00
Event: 0.111 Thread 0x000001c834967980 Thread added: 0x000001c834967980
Event: 0.235 Thread 0x000001c834abf0e0 Thread added: 0x000001c834abf0e0
Event: 0.236 Thread 0x000001c834ad6120 Thread added: 0x000001c834ad6120
Event: 0.236 Thread 0x000001c834ada7b0 Thread added: 0x000001c834ada7b0
Event: 0.446 Thread 0x000001c834ade100 Thread added: 0x000001c834ade100
Event: 0.458 Thread 0x000001c834ae6730 Thread added: 0x000001c834ae6730


Dynamic libraries:
0x00007ff68f6e0000 - 0x00007ff68f6f0000 	C:\Program Files\Java\jdk-21\bin\java.exe
0x00007ffc2c890000 - 0x00007ffc2caa7000 	C:\WINDOWS\SYSTEM32\ntdll.dll
0x00007ffc2b650000 - 0x00007ffc2b714000 	C:\WINDOWS\System32\KERNEL32.DLL
0x00007ffc29e10000 - 0x00007ffc2a1bd000 	C:\WINDOWS\System32\KERNELBASE.dll
0x00007ffc29c20000 - 0x00007ffc29d31000 	C:\WINDOWS\System32\ucrtbase.dll
0x00007ffbfdac0000 - 0x00007ffbfdadb000 	C:\Program Files\Java\jdk-21\bin\VCRUNTIME140.dll
0x00007ffbfd5d0000 - 0x00007ffbfd5e9000 	C:\Program Files\Java\jdk-21\bin\jli.dll
0x00007ffc2bcb0000 - 0x00007ffc2bd62000 	C:\WINDOWS\System32\ADVAPI32.dll
0x00007ffc2bb60000 - 0x00007ffc2bc07000 	C:\WINDOWS\System32\msvcrt.dll
0x00007ffc2bab0000 - 0x00007ffc2bb59000 	C:\WINDOWS\System32\sechost.dll
0x00007ffc29de0000 - 0x00007ffc29e08000 	C:\WINDOWS\System32\bcrypt.dll
0x00007ffc2c170000 - 0x00007ffc2c284000 	C:\WINDOWS\System32\RPCRT4.dll
0x00007ffc2bdf0000 - 0x00007ffc2bf9e000 	C:\WINDOWS\System32\USER32.dll
0x00007ffc2a1c0000 - 0x00007ffc2a1e6000 	C:\WINDOWS\System32\win32u.dll
0x00007ffc2a820000 - 0x00007ffc2a849000 	C:\WINDOWS\System32\GDI32.dll
0x00007ffc2a4a0000 - 0x00007ffc2a5b9000 	C:\WINDOWS\System32\gdi32full.dll
0x00007ffc29d40000 - 0x00007ffc29dda000 	C:\WINDOWS\System32\msvcp_win.dll
0x00007ffbf96e0000 - 0x00007ffbf9973000 	C:\WINDOWS\WinSxS\amd64_microsoft.windows.common-controls_6595b64144ccf1df_6.0.22621.3672_none_2713b9d173822955\COMCTL32.dll
0x00007ffc1bba0000 - 0x00007ffc1bbaa000 	C:\WINDOWS\SYSTEM32\VERSION.dll
0x00007ffc2bc10000 - 0x00007ffc2bc41000 	C:\WINDOWS\System32\IMM32.DLL
0x00007ffc1fa70000 - 0x00007ffc1fbdb000 	C:\WINDOWS\system32\tmumh\20019\AddOn\8.55.0.1134\TmUmEvt64.dll
0x00007ffc2c2b0000 - 0x00007ffc2c2b8000 	C:\WINDOWS\System32\PSAPI.DLL
0x000000005b070000 - 0x000000005b1fe000 	C:\WINDOWS\system32\tmumh\20019\TmMon\2.9.0.1100\tmmon64.dll
0x00007ffc015b0000 - 0x00007ffc015bc000 	C:\Program Files\Java\jdk-21\bin\vcruntime140_1.dll
0x00007ffbd8050000 - 0x00007ffbd80de000 	C:\Program Files\Java\jdk-21\bin\msvcp140.dll
0x00007ffb7b4d0000 - 0x00007ffb7c1e5000 	C:\Program Files\Java\jdk-21\bin\server\jvm.dll
0x00007ffc2a7a0000 - 0x00007ffc2a811000 	C:\WINDOWS\System32\WS2_32.dll
0x00007ffc28aa0000 - 0x00007ffc28aed000 	C:\WINDOWS\SYSTEM32\POWRPROF.dll
0x00007ffc20ce0000 - 0x00007ffc20d14000 	C:\WINDOWS\SYSTEM32\WINMM.dll
0x00007ffc28a00000 - 0x00007ffc28a13000 	C:\WINDOWS\SYSTEM32\UMPDC.dll
0x00007ffc28c90000 - 0x00007ffc28ca8000 	C:\WINDOWS\SYSTEM32\kernel.appcore.dll
0x00007ffc010c0000 - 0x00007ffc010ca000 	C:\Program Files\Java\jdk-21\bin\jimage.dll
0x00007ffc265f0000 - 0x00007ffc26822000 	C:\WINDOWS\SYSTEM32\DBGHELP.DLL
0x00007ffc2c2c0000 - 0x00007ffc2c64d000 	C:\WINDOWS\System32\combase.dll
0x00007ffc2b720000 - 0x00007ffc2b7f7000 	C:\WINDOWS\System32\OLEAUT32.dll
0x00007ffc1d810000 - 0x00007ffc1d842000 	C:\WINDOWS\SYSTEM32\dbgcore.DLL
0x00007ffc2a1f0000 - 0x00007ffc2a26b000 	C:\WINDOWS\System32\bcryptPrimitives.dll
0x00007ffbfd3e0000 - 0x00007ffbfd41c000 	C:\Program Files\Java\jdk-21\bin\jdwp.dll
0x00007ffbfd4a0000 - 0x00007ffbfd4bf000 	C:\Program Files\Java\jdk-21\bin\java.dll
0x00007ffc2ade0000 - 0x00007ffc2b648000 	C:\WINDOWS\System32\SHELL32.dll
0x00007ffc27ab0000 - 0x00007ffc283ae000 	C:\WINDOWS\SYSTEM32\windows.storage.dll
0x00007ffc27970000 - 0x00007ffc27aaf000 	C:\WINDOWS\SYSTEM32\wintypes.dll
0x00007ffc2b800000 - 0x00007ffc2b8f9000 	C:\WINDOWS\System32\SHCORE.dll
0x00007ffc2a900000 - 0x00007ffc2a95e000 	C:\WINDOWS\System32\shlwapi.dll
0x00007ffc29ae0000 - 0x00007ffc29b01000 	C:\WINDOWS\SYSTEM32\profapi.dll
0x00007ffbcbad0000 - 0x00007ffbcbba7000 	C:\Program Files\Java\jdk-21\bin\jsvml.dll
0x00007ffc0d090000 - 0x00007ffc0d09c000 	C:\Program Files\Java\jdk-21\bin\dt_socket.dll
0x00007ffc28650000 - 0x00007ffc2867d000 	C:\WINDOWS\SYSTEM32\IPHLPAPI.DLL
0x00007ffc290f0000 - 0x00007ffc29159000 	C:\WINDOWS\system32\mswsock.dll
0x00007ffc01050000 - 0x00007ffc01060000 	C:\Program Files\Java\jdk-21\bin\net.dll
0x00007ffc247f0000 - 0x00007ffc24926000 	C:\WINDOWS\SYSTEM32\WINHTTP.dll
0x00007ffbfee30000 - 0x00007ffbfee46000 	C:\Program Files\Java\jdk-21\bin\nio.dll
0x00007ffbec740000 - 0x00007ffbec758000 	C:\Program Files\Java\jdk-21\bin\zip.dll
0x00007ffbfec70000 - 0x00007ffbfec80000 	C:\Program Files\Java\jdk-21\bin\verify.dll
0x0000000059f10000 - 0x0000000059f39000 	C:\Users\navin\AppData\Local\Temp\libgdxnavin\e787ab0a\gdx64.dll
0x00007ffbd9ef0000 - 0x00007ffbd9f65000 	C:\Users\navin\AppData\Local\Temp\lwjglnavin\3.3.1-build-7\lwjgl.dll
0x00007ffbc7670000 - 0x00007ffbc78c9000 	C:\Users\navin\AppData\Local\Temp\lwjglnavin\3.3.1-build-7\jemalloc.dll

dbghelp: loaded successfully - version: 4.0.5 - missing functions: none
symbol engine: initialized successfully - sym options: 0x614 - pdb path: .;C:\Program Files\Java\jdk-21\bin;C:\WINDOWS\SYSTEM32;C:\WINDOWS\WinSxS\amd64_microsoft.windows.common-controls_6595b64144ccf1df_6.0.22621.3672_none_2713b9d173822955;C:\WINDOWS\system32\tmumh\20019\AddOn\8.55.0.1134;C:\WINDOWS\system32\tmumh\20019\TmMon\2.9.0.1100;C:\Program Files\Java\jdk-21\bin\server;C:\Users\navin\AppData\Local\Temp\libgdxnavin\e787ab0a;C:\Users\navin\AppData\Local\Temp\lwjglnavin\3.3.1-build-7

VM Arguments:
jvm_args: -agentlib:jdwp=transport=dt_socket,server=n,suspend=y,address=127.0.0.1:51768 -Dfile.encoding=windows-1252 -Duser.country=AU -Duser.language=en -Duser.variant 
java_command: com.csse3200.game.desktop.DesktopLauncher
java_class_path (initial): C:\Users\navin\OneDrive\Desktop\2024\Engineering 2024\Sem2\CSSE3200\GameProject\source\desktop\build\classes\java\main;C:\Users\navin\OneDrive\Desktop\2024\Engineering 2024\Sem2\CSSE3200\GameProject\source\desktop\build\resources\main;C:\Users\navin\.gradle\caches\modules-2\files-2.1\com.badlogicgames.gdx\gdx-backend-lwjgl3\1.11.0\58a96db4cd349be4292d547856aa1e1c5f065f4e\gdx-backend-lwjgl3-1.11.0.jar;C:\Users\navin\.gradle\caches\modules-2\files-2.1\com.badlogicgames.gdx\gdx-platform\1.11.0\697fb13eada6d3c6ca648c9788692b0159add126\gdx-platform-1.11.0-natives-desktop.jar;C:\Users\navin\.gradle\caches\modules-2\files-2.1\com.badlogicgames.gdx\gdx-box2d-platform\1.11.0\62ff9baa1e57a11e0a4428a38c9660bf9f312fdc\gdx-box2d-platform-1.11.0-natives-desktop.jar;C:\Users\navin\.gradle\caches\modules-2\files-2.1\com.badlogicgames.gdx\gdx-tools\1.11.0\a5d30eafd0f2fbab314efdf6d98ebc27388b7c0a\gdx-tools-1.11.0.jar;C:\Users\navin\.gradle\caches\modules-2\files-2.1\com.badlogicgames.gdx-controllers\gdx-controllers-desktop\2.2.2\625b3bdbe803e9c4af181b4791202cfcf776d805\gdx-controllers-desktop-2.2.2.jar;C:\Users\navin\OneDrive\Desktop\2024\Engineering 2024\Sem2\CSSE3200\GameProject\source\core\build\libs\core-1.0.jar;C:\Users\navin\.gradle\caches\modules-2\files-2.1\com.badlogicgames.gdx\gdx-backend-lwjgl\1.11.0\33555a2cf8b4d9db4122b2fe42e7674b343d8b4\gdx-backend-lwjgl-1.11.0.jar;C:\Users\navin\.gradle\caches\modules-2\files-2.1\com.badlogicgames.gdx\gdx-freetype\1.11.0\a3634ad2e6c56d251268d6ab5c0f66eee2841f2c\gdx-freetype-1.11.0.jar;C:\Users\navin\.gradle\caches\modules-2\files-2.1\com.badlogicgames.gdx\gdx-backend-headless\1.11.0\3c3d0c951db72891d894df1725d09179fd0bca00\gdx-backend-headless-1.11.0.jar;C:\Users\navin\.gradle\caches\modules-2\files-2.1\com.badlogicgames.gdx-controllers\gdx-controllers-core\2.2.2\25473efe9273912a03a4871a9e1469b41d86face\gdx-controllers-core-2.2.2.jar;C:\Users\navin\.gradle\caches\modules-2\files-2.1\net.dermetfan.libgdx-utils\libgdx-utils-box2d\0.13.4\918d79a20ea3c898cdb3611782c5b2bfa6ec575b\libgdx-utils-box2d-0.13.4.jar;C:\Users\navin\.gradle\caches\modules-2\files-2.1\com.badlogicgames.gdx\gdx-box2d\1.11.0\ad4facee800dd945d6d6e93dea2936bc135b5f\gdx-box2d-1.11.0.jar;C:\Users\navin\.gradle\caches\modules-2\files-2.1\net.dermetfan.libgdx-utils\libgdx-utils\0.13.4\27affad2873d1c9c366a2290fc51f3927f3a5f83\libgdx-utils-0.13.4.jar;C:\Users\navin\.gradle\caches\modules-2\files-2.1\com.badlogicgames.gdx\gdx\1.11.0\ffe1206d1004cd9e40027e28964be0fea0399af7\gdx-1.11.0.jar;C:\Users\navin\.gradle\caches\modules-2\files-2.1\org.lwjgl\lwjgl-glfw\3.3.1\cbac1b8d30cb4795149c1ef540f912671a8616d0\lwjgl-glfw-3.3.1.jar;C:\Users\navin\.gradle\caches\modules-2\files-2.1\org.lwjgl\lwjgl-glfw\3.3.1\81716978214ecbda15050ca394b06ef61501a49e\lwjgl-glfw-3.3.1-natives-linux.jar;C:\Users\navin\.gradle\caches\modules-2\files-2.1\org.lwjgl\lwjgl-glfw\3.3.1\816d935933f2dd743074c4e717cc25b55720f294\lwjgl-glfw-3.3.1-natives-linux-arm32.jar;C:\Users\navin\.gradle\caches\modules-2\files-2.1\org.lwjgl\lwjgl-glfw\3.3.1\513eb39b866d0fe131a18d5c517087805433b029\lwjgl-glfw-3.3.1-natives-linux-arm64.jar;C:\Users\navin\.gradle\caches\modules-2\files-2.1\org.lwjgl\lwjgl-glfw\3.3.1\9ec4ce1fc8c85fdef03ef4ff2aace6f5775fb280\lwjgl-glfw-3.3.1-natives-macos.jar;C:\Users\navin\.gradle\caches\modules-2\files-2.1\org.lwjgl\lwjgl-glfw\3.3.1\cac0d3f712a3da7641fa174735a5f315de7ffe0a\lwjgl-glfw-3.3.1-natives-macos-arm64.jar;C:\Users\navin\.gradle\caches\modules-2\files-2.1\org.lwjgl\lwjgl-glfw\3.3.1\ed892f945cf7e79c8756796f32d00fa4ceaf573b\lwjgl-glfw-3.3.1-natives-windows.jar;C:\Users\navin\.gradle\caches\modules-2\files-2.1\org.lwjgl\lwjgl-glfw\3.3.1\b997e3391d6ce8f05487e7335d95c606043884a1\lwjgl-glfw-3.3.1-natives-windows-x86.jar;C:\Users\navin\.gradle\caches\modules-2\files-2.1\org.lwjgl\lwjgl-jemalloc\3.3.1\a817bcf213db49f710603677457567c37d53e103\lwjgl-jemalloc-3.3.1.jar;C:\Users\navin\.gradle\caches\modules-2\files-2.1\org.lwjgl\lwjgl-jemalloc\3.3.1\33dbb017b6ed6b25f993ad9d56741a49e7937718\lwjgl-jemalloc-3.3.1-natives-linux.jar;C:\Users\navin\.gradle\caches\modules-2\files-2.1\org.lwjgl\lwjgl-jemalloc\3.3.1\a96a6d6cb3876d7813fcee53c3c24f246aeba3b3\lwjgl-jemalloc-3.3.1-natives-linux-arm32.jar;C:\Users\navin\.gradle\caches\modules-2\files-2.1\org.lwjgl\lwjgl-jemalloc\3.3.1\c6606e57db075ad218a2e78d2416c159a53b6a0c\lwjgl-jemalloc-3.3.1-natives-linux-arm64.jar;C:\Users\navin\.gradle\caches\modules-2\files-2.1\org.lwjgl\lwjgl-jemalloc\3.3.1\56424dc8db3cfb8e7b594aa6d59a4f4387b7f544\lwjgl-jemalloc-3.3.1-natives-macos.jar;C:\Users\navin\.gradle\caches\modules-2\files-2.1\org.lwjgl\lwjgl-jemalloc\3.3.1\e577b87d8ad2ade361aaea2fcf226c660b15dee8\lwjgl-jemalloc-3.3.1-natives-macos-arm64.jar;C:\Users\navin\.gradle\caches\modules-2\files-2.1\org.lwjgl\lwjgl-jemalloc\3.3.1\948a89b76a16aa324b046ae9308891216ffce5f9\lwjgl-jemalloc-3.3.1-natives-windows.jar;C:\Users\navin\.gradle\caches\modules-2\files-2.1\org.lwjgl\lwjgl-jemalloc\3.3.1\fb476c8ec110e1c137ad3ce8a7f7bfe6b11c6324\lwjgl-jemalloc-3.3.1-natives-windows-x86.jar;C:\Users\navin\.gradle\caches\modules-2\files-2.1\org.lwjgl\lwjgl-openal\3.3.1\2623a6b8ae1dfcd880738656a9f0243d2e6840bd\lwjgl-openal-3.3.1.jar;C:\Users\navin\.gradle\caches\modules-2\files-2.1\org.lwjgl\lwjgl-openal\3.3.1\f906b6439f6daa66001182ea7727e3467a93681b\lwjgl-openal-3.3.1-natives-linux.jar;C:\Users\navin\.gradle\caches\modules-2\files-2.1\org.lwjgl\lwjgl-openal\3.3.1\ffbe35d7fa5ec9b7eca136a7c71f24d4025a510b\lwjgl-openal-3.3.1-natives-linux-arm32.jar;C:\Users\navin\.gradle\caches\modules-2\files-2.1\org.lwjgl\lwjgl-openal\3.3.1\cf4e303257e82981b8b2e31bba3d7f8f7b8f42b2\lwjgl-openal-3.3.1-natives-linux-arm64.jar;C:\Users\navin\.gradle\caches\modules-2\files-2.1\org.lwjgl\lwjgl-openal\3.3.1\3a57b8911835fb58b5e558d0ca0d28157e263d45\lwjgl-openal-3.3.1-natives-macos.jar;C:\Users\navin\.gradle\caches\modules-2\files-2.1\org.lwjgl\lwjgl-openal\3.3.1\23d55e7490b57495320f6c9e1936d78fd72c4ef8\lwjgl-openal-3.3.1-natives-macos-arm64.jar;C:\Users\navin\.gradle\caches\modules-2\files-2.1\org.lwjgl\lwjgl-openal\3.3.1\30a474d0e57193d7bc128849a3ab66bc9316fdb1\lwjgl-openal-3.3.1-natives-windows.jar;C:\Users\navin\.gradle\caches\modules-2\files-2.1\org.lwjgl\lwjgl-openal\3.3.1\888349f7b1be6fbae58bf8edfb9ef12def04c4e3\lwjgl-openal-3.3.1-natives-windows-x86.jar;C:\Users\navin\.gradle\caches\modules-2\files-2.1\org.lwjgl\lwjgl-opengl\3.3.1\831a5533a21a5f4f81bbc51bb13e9899319b5411\lwjgl-opengl-3.3.1.jar;C:\Users\navin\.gradle\caches\modules-2\files-2.1\org.lwjgl\lwjgl-opengl\3.3.1\ab9ab6fde3743e3550fa5d46d785ecb45b047d99\lwjgl-opengl-3.3.1-natives-linux.jar;C:\Users\navin\.gradle\caches\modules-2\files-2.1\org.lwjgl\lwjgl-opengl\3.3.1\e3550fa91097fd56e361b4370fa822220fef3595\lwjgl-opengl-3.3.1-natives-linux-arm32.jar;C:\Users\navin\.gradle\caches\modules-2\files-2.1\org.lwjgl\lwjgl-opengl\3.3.1\1c528fb258a6e63e8fceb4482d8db0f3af10a634\lwjgl-opengl-3.3.1-natives-linux-arm64.jar;C:\Users\navin\.gradle\caches\modules-2\files-2.1\org.lwjgl\lwjgl-opengl\3.3.1\a0d12697ea019a7362eff26475b0531340e876a6\lwjgl-opengl-3.3.1-natives-macos.jar;C:\Users\navin\.gradle\caches\modules-2\files-2.1\org.lwjgl\lwjgl-opengl\3.3.1\eafe34b871d966292e8db0f1f3d6b8b110d4e91d\lwjgl-opengl-3.3.1-natives-macos-arm64.jar;C:\Users\navin\.gradle\caches\modules-2\files-2.1\org.lwjgl\lwjgl-opengl\3.3.1\c1807e9bd571402787d7e37e3029776ae2513bb8\lwjgl-opengl-3.3.1-natives-windows.jar;C:\Users\navin\.gradle\caches\modules-2\files-2.1\org.lwjgl\lwjgl-opengl\3.3.1\deef3eb9b178ff2ff3ce893cc72ae741c3a17974\lwjgl-opengl-3.3.1-natives-windows-x86.jar;C:\Users\navin\.gradle\caches\modules-2\files-2.1\org.lwjgl\lwjgl-stb\3.3.1\b119297cf8ed01f247abe8685857f8e7fcf5980f\lwjgl-stb-3.3.1.jar;C:\Users\navin\.gradle\caches\modules-2\files-2.1\org.lwjgl\lwjgl-stb\3.3.1\3ee7aec8686e52867677110415566a5342a80230\lwjgl-stb-3.3.1-natives-linux.jar;C:\Users\navin\.gradle\caches\modules-2\files-2.1\org.lwjgl\lwjgl-stb\3.3.1\b08226bab162c06ae69337d8a1b0ee0a3fdf0b90\lwjgl-stb-3.3.1-natives-linux-arm32.jar;C:\Users\navin\.gradle\caches\modules-2\files-2.1\org.lwjgl\lwjgl-stb\3.3.1\8e8348a1813aad7f30aaf75ea197151ebb7beba9\lwjgl-stb-3.3.1-natives-linux-arm64.jar;C:\Users\navin\.gradle\caches\modules-2\files-2.1\org.lwjgl\lwjgl-stb\3.3.1\def8879b8d38a47a4cc1d48b1f9a7b772e51258e\lwjgl-stb-3.3.1-natives-macos.jar;C:\Users\navin\.gradle\caches\modules-2\files-2.1\org.lwjgl\lwjgl-stb\3.3.1\fcf073ed911752abdca5f0b00a53cfdf17ff8e8b\lwjgl-stb-3.3.1-natives-macos-arm64.jar;C:\Users\navin\.gradle\caches\modules-2\files-2.1\org.lwjgl\lwjgl-stb\3.3.1\86315914ac119efdb02dc9e8e978ade84f1702af\lwjgl-stb-3.3.1-natives-windows.jar;C:\Users\navin\.gradle\caches\modules-2\files-2.1\org.lwjgl\lwjgl-stb\3.3.1\a8d41f419eecb430b7c91ea2ce2c5c451cae2091\lwjgl-stb-3.3.1-natives-windows-x86.jar;C:\Users\navin\.gradle\caches\modules-2\files-2.1\org.lwjgl\lwjgl\3.3.1\ae58664f88e18a9bb2c77b063833ca7aaec484cb\lwjgl-3.3.1.jar;C:\Users\navin\.gradle\caches\modules-2\files-2.1\org.lwjgl\lwjgl\3.3.1\1de885aba434f934201b99f2f1afb142036ac189\lwjgl-3.3.1-natives-linux.jar;C:\Users\navin\.gradle\caches\modules-2\files-2.1\org.lwjgl\lwjgl\3.3.1\41a3c1dd15d6b964eb8196dde69720a3e3e5e969\lwjgl-3.3.1-natives-linux-arm32.jar;C:\Users\navin\.gradle\caches\modules-2\files-2.1\org.lwjgl\lwjgl\3.3.1\b597401014acb7196c76d97e15a6288f54f1f692\lwjgl-3.3.1-natives-linux-arm64.jar;C:\Users\navin\.gradle\caches\modules-2\files-2.1\org.lwjgl\lwjgl\3.3.1\fc6bb723dec2cd031557dccb2a95f0ab80acb9db\lwjgl-3.3.1-natives-macos.jar;C:\Users\navin\.gradle\caches\modules-2\files-2.1\org.lwjgl\lwjgl\3.3.1\71d0d5e469c9c95351eb949064497e3391616ac9\lwjgl-3.3.1-natives-macos-arm64.jar;C:\Users\navin\.gradle\caches\modules-2\files-2.1\org.lwjgl\lwjgl\3.3.1\36c37f16ab611b3aa11f3bcf80b1d509b4ce6b\lwjgl-3.3.1-natives-windows.jar;C:\Users\navin\.gradle\caches\modules-2\files-2.1\org.lwjgl\lwjgl\3.3.1\3b14f4beae9dd39791ec9e12190a9380cd8a3ce6\lwjgl-3.3.1-natives-windows-x86.jar;C:\Users\navin\.gradle\caches\modules-2\files-2.1\com.badlogicgames.jlayer\jlayer\1.0.1-gdx\7cca83cec5c1b2f011362f4d85aabd71a73b049d\jlayer-1.0.1-gdx.jar;C:\Users\navin\.gradle\caches\modules-2\files-2.1\org.jcraft\jorbis\0.0.17\8872d22b293e8f5d7d56ff92be966e6dc28ebdc6\jorbis-0.0.17.jar;C:\Users\navin\.gradle\caches\modules-2\files-2.1\com.badlogicgames.jamepad\jamepad\2.0.20.0\55eb0007fd55c9914d106dac3387b9d444572cab\jamepad-2.0.20.0.jar;C:\Users\navin\.gradle\caches\modules-2\files-2.1\org.slf4j\slf4j-jdk14\1.7.36\4a18af6554bfe48b0f76eec98119c417da23c7e1\slf4j-jdk14-1.7.36.jar;C:\Users\navin\.gradle\caches\modules-2\files-2.1\org.slf4j\slf4j-api\1.7.36\6c62681a2f655b49963a5983b8b0950a6120ae14\slf4j-api-1.7.36.jar;C:\Users\navin\.gradle\caches\modules-2\files-2.1\com.badlogicgames.gdx\gdx-jnigen-loader\2.3.1\2d472f69243631fbcb3d4c3f93dd2e137a6cb084\gdx-jnigen-loader-2.3.1.jar;C:\Users\navin\.gradle\caches\modules-2\files-2.1\org.lwjgl.lwjgl\lwjgl\2.9.3\3df168ac74e4a8c96562cdff24ad352e255bf89c\lwjgl-2.9.3.jar;C:\Users\navin\.gradle\caches\modules-2\files-2.1\org.lwjgl.lwjgl\lwjgl-platform\2.9.3\fbc2afb3e288578e9942578decb6291a490549a0\lwjgl-platform-2.9.3-natives-windows.jar;C:\Users\navin\.gradle\caches\modules-2\files-2.1\org.lwjgl.lwjgl\lwjgl-platform\2.9.3\b1eafe80093381c56415731e1d64279e6140bcd0\lwjgl-platform-2.9.3-natives-linux.jar;C:\Users\navin\.gradle\caches\modules-2\files-2.1\org.lwjgl.lwjgl\lwjgl-platform\2.9.3\6686cf6ddaa20b4290aa6599a09bc0d17369be05\lwjgl-platform-2.9.3-natives-osx.jar;C:\Users\navin\.gradle\caches\modules-2\files-2.1\net.java.jinput\jinput\2.0.5\39c7796b469a600f72380316f6b1f11db6c2c7c4\jinput-2.0.5.jar;C:\Users\navin\.gradle\caches\modules-2\files-2.1\net.java.jutils\jutils\1.0.0\e12fe1fda814bd348c1579329c86943d2cd3c6a6\jutils-1.0.0.jar;C:\Users\navin\.gradle\caches\modules-2\files-2.1\net.java.jinput\jinput-platform\2.0.5\7ff832a6eb9ab6a767f1ade2b548092d0fa64795\jinput-platform-2.0.5-natives-linux.jar;C:\Users\navin\.gradle\caches\modules-2\files-2.1\net.java.jinput\jinput-platform\2.0.5\385ee093e01f587f30ee1c8a2ee7d408fd732e16\jinput-platform-2.0.5-natives-windows.jar;C:\Users\navin\.gradle\caches\modules-2\files-2.1\net.java.jinput\jinput-platform\2.0.5\53f9c919f34d2ca9de8c51fc4e1e8282029a9232\jinput-platform-2.0.5-natives-osx.jar
Launcher Type: SUN_STANDARD

[Global flags]
     intx CICompilerCount                          = 4                                         {product} {ergonomic}
     uint ConcGCThreads                            = 3                                         {product} {ergonomic}
     uint G1ConcRefinementThreads                  = 10                                        {product} {ergonomic}
   size_t G1HeapRegionSize                         = 2097152                                   {product} {ergonomic}
    uintx GCDrainStackTargetSize                   = 64                                        {product} {ergonomic}
   size_t InitialHeapSize                          = 264241152                                 {product} {ergonomic}
   size_t MarkStackSize                            = 4194304                                   {product} {ergonomic}
   size_t MaxHeapSize                              = 4215275520                                {product} {ergonomic}
   size_t MaxNewSize                               = 2529165312                                {product} {ergonomic}
   size_t MinHeapDeltaBytes                        = 2097152                                   {product} {ergonomic}
   size_t MinHeapSize                              = 8388608                                   {product} {ergonomic}
    uintx NonNMethodCodeHeapSize                   = 5839372                                {pd product} {ergonomic}
    uintx NonProfiledCodeHeapSize                  = 122909434                              {pd product} {ergonomic}
    uintx ProfiledCodeHeapSize                     = 122909434                              {pd product} {ergonomic}
    uintx ReservedCodeCacheSize                    = 251658240                              {pd product} {ergonomic}
     bool SegmentedCodeCache                       = true                                      {product} {ergonomic}
   size_t SoftMaxHeapSize                          = 4215275520                             {manageable} {ergonomic}
     bool UseCompressedOops                        = true                           {product lp64_product} {ergonomic}
     bool UseG1GC                                  = true                                      {product} {ergonomic}
     bool UseLargePagesIndividualAllocation        = false                                  {pd product} {ergonomic}

Logging:
Log output configuration:
 #0: stdout all=warning uptime,level,tags foldmultilines=false
 #1: stderr all=off uptime,level,tags foldmultilines=false

Environment Variables:
PATH=C:\Python312\Scripts\;C:\Python312\;C:\Program Files\Common Files\Oracle\Java\javapath;C:\Program Files (x86)\Common Files\Oracle\Java\javapath;C:\WINDOWS\system32;C:\WINDOWS;C:\WINDOWS\System32\Wbem;C:\WINDOWS\System32\WindowsPowerShell\v1.0\;C:\WINDOWS\System32\OpenSSH\;C:\Program Files\MATLAB\R2021b\bin;C:\Program Files\dotnet\;C:\Program Files (x86)\Pololu\USB AVR Programmer v2\bin;C:\Program Files\PuTTY\;C:\MinGW\bin;C:\Program Files\nodejs\;C:\ProgramData\chocolatey\bin;C:\Program Files\Git\cmd;C:\Python\Python310\Scripts\;C:\Python\Python310\;C:\Users\navin\AppData\Local\Microsoft\WindowsApps;C:\Users\navin\OneDrive\Desktop\2023\Engineering\csse1001\python-3.10.10-embed-amd64.zip;C:\Users\navin\OneDrive\Desktop\2023\Engineering\csse1001\python-3.10.10-embed-amd64;;C:\Users\navin\AppData\Local\Programs\Microsoft VS Code\bin;C:\Users\navin\AppData\Local\Microsoft\WinGet\Packages\Schniz.fnm_Microsoft.Winget.Source_8wekyb3d8bbwe;C:\Users\navin\AppData\Roaming\npm
USERNAME=navin
OS=Windows_NT
PROCESSOR_IDENTIFIER=Intel64 Family 6 Model 154 Stepping 4, GenuineIntel
TMP=C:\Users\navin\AppData\Local\Temp
TEMP=C:\Users\navin\AppData\Local\Temp




Periodic native trim disabled

---------------  S Y S T E M  ---------------

OS:
 Windows 11 , 64 bit Build 22621 (10.0.22621.3958)
OS uptime: 2 days 16:28 hours
Hyper-V role detected

CPU: total 12 (initial active 12) (6 cores per cpu, 2 threads per core) family 6 model 154 stepping 4 microcode 0x432, cx8, cmov, fxsr, ht, mmx, 3dnowpref, sse, sse2, sse3, ssse3, sse4.1, sse4.2, popcnt, lzcnt, tsc, tscinvbit, avx, avx2, aes, erms, clmul, bmi1, bmi2, adx, sha, fma, vzeroupper, clflush, clflushopt, clwb, hv, serialize, rdtscp, rdpid, fsrm, f16c, cet_ibt, cet_ss
Processor Information for processor 0
  Max Mhz: 1100, Current Mhz: 1100, Mhz Limit: 1100
Processor Information for processor 1
  Max Mhz: 1100, Current Mhz: 1100, Mhz Limit: 1100
Processor Information for processor 2
  Max Mhz: 1100, Current Mhz: 1100, Mhz Limit: 1100
Processor Information for processor 3
  Max Mhz: 1100, Current Mhz: 1100, Mhz Limit: 1100
Processor Information for processor 4
  Max Mhz: 1100, Current Mhz: 800, Mhz Limit: 792
Processor Information for processor 5
  Max Mhz: 1100, Current Mhz: 800, Mhz Limit: 792
Processor Information for processor 6
  Max Mhz: 1100, Current Mhz: 800, Mhz Limit: 792
Processor Information for processor 7
  Max Mhz: 1100, Current Mhz: 800, Mhz Limit: 792
Processor Information for processor 8
  Max Mhz: 1100, Current Mhz: 800, Mhz Limit: 792
Processor Information for processor 9
  Max Mhz: 1100, Current Mhz: 800, Mhz Limit: 792
Processor Information for processor 10
  Max Mhz: 1100, Current Mhz: 800, Mhz Limit: 792
Processor Information for processor 11
  Max Mhz: 1100, Current Mhz: 800, Mhz Limit: 792

Memory: 4k page, system-wide physical 16077M (1983M free)
TotalPageFile size 24781M (AvailPageFile size 2713M)
current process WorkingSet (physical memory assigned to process): 55M, peak: 55M
current process commit charge ("private bytes"): 352M, peak: 352M

vm_info: Java HotSpot(TM) 64-Bit Server VM (21.0.1+12-LTS-29) for windows-amd64 JRE (21.0.1+12-LTS-29), built on 2023-10-05T13:27:09Z by "mach5one" with MS VC++ 17.1 (VS2022)

END.
