#
# A fatal error has been detected by the Java Runtime Environment:
#
#  EXCEPTION_ACCESS_VIOLATION (0xc0000005) at pc=0x00007ffc7917691c, pid=125980, tid=122784
#
# JRE version: OpenJDK Runtime Environment (21.0.2+13) (build 21.0.2+13-58)
# Java VM: OpenJDK 64-Bit Server VM (21.0.2+13-58, mixed mode, sharing, tiered, compressed oops, compressed class ptrs, g1 gc, windows-amd64)
# Problematic frame:
# C  [jdwp.dll+0x2691c]
#
# No core dump will be written. Minidumps are not enabled by default on client versions of Windows
#
# If you would like to submit a bug report, please visit:
#   https://bugreport.java.com/bugreport/crash.jsp
# The crash happened outside the Java Virtual Machine in native code.
# See problematic frame for where to report the bug.
#

---------------  S U M M A R Y ------------

Command Line: -agentlib:jdwp=transport=dt_socket,server=n,suspend=y,address=127.0.0.1:57329 -Dfile.encoding=windows-1252 -Duser.country=AU -Duser.language=en -Duser.variant com.csse3200.game.desktop.DesktopLauncher

Host: 13th Gen Intel(R) Core(TM) i7-13620H, 16 cores, 15G,  Windows 11 , 64 bit Build 22621 (10.0.22621.3958)
Time: Sun Aug 25 19:58:38 2024 E. Australia Standard Time elapsed time: 0.500754 seconds (0d 0h 0m 0s)

---------------  T H R E A D  ---------------

Current thread (0x000001b8ea931320):  JavaThread "main"             [_thread_in_native, id=122784, stack(0x0000000288200000,0x0000000288300000) (1024K)]

Stack: [0x0000000288200000,0x0000000288300000],  sp=0x00000002882fb4d8,  free space=1005k
Native frames: (J=compiled Java code, j=interpreted, Vv=VM code, C=native code)
C  [jdwp.dll+0x2691c]

Java frames: (J=compiled Java code, j=interpreted, Vv=VM code)
j  org.lwjgl.system.jemalloc.JEmalloc.nje_malloc(J)J+0
j  org.lwjgl.system.jemalloc.JEmalloc.<clinit>()V+44
v  ~StubRoutines::call_stub 0x000001b88745100d
j  org.lwjgl.system.jemalloc.JEmallocAllocator.<clinit>()V+0
v  ~StubRoutines::call_stub 0x000001b88745100d
j  java.lang.Class.forName0(Ljava/lang/String;ZLjava/lang/ClassLoader;Ljava/lang/Class;)Ljava/lang/Class;+0 java.base@21.0.2
j  java.lang.Class.forName(Ljava/lang/String;Ljava/lang/Class;)Ljava/lang/Class;+19 java.base@21.0.2
j  java.lang.Class.forName(Ljava/lang/String;)Ljava/lang/Class;+6 java.base@21.0.2
j  org.lwjgl.system.MemoryManage.getInstance()Lorg/lwjgl/system/MemoryUtil$MemoryAllocator;+68
j  org.lwjgl.system.MemoryUtil$LazyInit.<clinit>()V+0
v  ~StubRoutines::call_stub 0x000001b88745100d
j  org.lwjgl.system.MemoryUtil.getAllocator(Z)Lorg/lwjgl/system/MemoryUtil$MemoryAllocator;+10
j  org.lwjgl.system.MemoryUtil.getAllocator()Lorg/lwjgl/system/MemoryUtil$MemoryAllocator;+1
j  org.lwjgl.system.Callback.<clinit>()V+217
v  ~StubRoutines::call_stub 0x000001b88745100d
j  com.badlogic.gdx.backends.lwjgl3.Lwjgl3Application.initializeGlfw()V+21
j  com.badlogic.gdx.backends.lwjgl3.Lwjgl3Application.<init>(Lcom/badlogic/gdx/ApplicationListener;Lcom/badlogic/gdx/backends/lwjgl3/Lwjgl3ApplicationConfiguration;)V+82
j  com.csse3200.game.desktop.DesktopLauncher.main([Ljava/lang/String;)V+20
v  ~StubRoutines::call_stub 0x000001b88745100d

siginfo: EXCEPTION_ACCESS_VIOLATION (0xc0000005), reading address 0xffffffffffffffff


Registers:
RAX=0x000001b8d450de20, RBX=0x000001b8fb5667f0, RCX=0x000001b8ea9316d8, RDX=0x000001b8fb5667f0
RSP=0x00000002882fb4d8, RBP=0x0000000000000002, RSI=0x00000002882fb580, RDI=0x000001b8ea9316d8
R8 =0x0000000000010002, R9 =0x0000000000000000, R10=0x00007ffc8d100000, R11=0x00000002882fb4a8
R12=0x0000000000000007, R13=0x000001b8fb5667f0, R14=0x00007ffc79180400, R15=0x0000000000000000
RIP=0x00007ffc7917691c, EFLAGS=0x0000000000010202


Register to memory mapping:

RAX=0x000001b8d450de20 points into unknown readable memory: 0x0000000000000000 | 00 00 00 00 00 00 00 00
RBX=0x000001b8fb5667f0 points into unknown readable memory: 0x0000000714209c48 | 48 9c 20 14 07 00 00 00
RCX=0x000001b8ea9316d8 points into unknown readable memory: 0x000001b8d450de20 | 20 de 50 d4 b8 01 00 00
RDX=0x000001b8fb5667f0 points into unknown readable memory: 0x0000000714209c48 | 48 9c 20 14 07 00 00 00
RSP=0x00000002882fb4d8 is pointing into the stack for thread: 0x000001b8ea931320
RBP=0x0000000000000002 is an unknown value
RSI=0x00000002882fb580 is pointing into the stack for thread: 0x000001b8ea931320
RDI=0x000001b8ea9316d8 points into unknown readable memory: 0x000001b8d450de20 | 20 de 50 d4 b8 01 00 00
R8 =0x0000000000010002 is an unknown value
R9 =0x0 is null
R10=0x00007ffc8d100000 VCRUNTIME140.dll
R11=0x00000002882fb4a8 is pointing into the stack for thread: 0x000001b8ea931320
R12=0x0000000000000007 is an unknown value
R13=0x000001b8fb5667f0 points into unknown readable memory: 0x0000000714209c48 | 48 9c 20 14 07 00 00 00
R14=0x00007ffc79180400 jdwp.dll
R15=0x0 is null

Top of Stack: (sp=0x00000002882fb4d8)
0x00000002882fb4d8:   00007ffc791661bf 000001b8fb5667f0
0x00000002882fb4e8:   00000002882fb580 0000000000000000
0x00000002882fb4f8:   0000000000000000 0000000200000007
0x00000002882fb508:   000001b8fb6334a0 000001b8e8588730
0x00000002882fb518:   00007ffc79180428 000001b8ea9318f8
0x00000002882fb528:   00007ffc7916283f 000001b8fb5667f0
0x00000002882fb538:   0000000000000002 000001b8ea9316d8
0x00000002882fb548:   000001b8fb5667f8 00000002882fb740
0x00000002882fb558:   000001b8fa710400 00000005fb8b0100
0x00000002882fb568:   000001b89001dd80 0000000000000000
0x00000002882fb578:   000001b8d44d00b8 0000000000000007
0x00000002882fb588:   000001b8fb5667f0 0000000000000000
0x00000002882fb598:   000001b8fb5667f8 0000000000000000
0x00000002882fb5a8:   0000000000000000 0000000000000000
0x00000002882fb5b8:   0000000000000000 0000000000000000
0x00000002882fb5c8:   0000000000000000 0000000000000000
0x00000002882fb5d8:   000001b8ea9318f8 000001b89001dd80
0x00000002882fb5e8:   00007ffc318289e7 000001b8fb5667f8
0x00000002882fb5f8:   000001b8fb6ced70 000001b8ea931320
0x00000002882fb608:   00000000000003d8 00006e94011553b5
0x00000002882fb618:   000001b8ea92f330 0000000000000000
0x00000002882fb628:   000001b8ea931320 0000000000000000
0x00000002882fb638:   00000002882fb740 000001b89001dd80
0x00000002882fb648:   000001b8d04cfd01 000001b8e866d470
0x00000002882fb658:   000001b8ea931990 000001b8ea9319a0
0x00000002882fb668:   000001b8ea931d78 00000000000003d8
0x00000002882fb678:   000001b8ea931320 000001b8ea931320
0x00000002882fb688:   000001b8e866d7f0 000001b8e85840e0
0x00000002882fb698:   000001b8e8584120 000001b8e85841c8
0x00000002882fb6a8:   00000000000000d8 00000002882fb6c0
0x00000002882fb6b8:   00007ffc3152d761 000001b8ea931320
0x00000002882fb6c8:   000001b8e866d7f0 000001b8e85840e0 

Instructions: (pc=0x00007ffc7917691c)
0x00007ffc7917681c:   05 df 08 01 00 48 8b 03 48 8b d7 4d 8b 40 30 48
0x00007ffc7917682c:   8b cb 48 8b 5c 24 30 48 83 c4 20 5f 48 ff a0 00
0x00007ffc7917683c:   01 00 00 cc 48 89 5c 24 08 57 48 83 ec 20 48 8b
0x00007ffc7917684c:   f9 e8 f2 ea ff ff 4c 8b 05 a7 08 01 00 48 8b d8
0x00007ffc7917685c:   41 f6 80 10 02 00 00 02 74 33 41 b8 20 06 00 00
0x00007ffc7917686c:   48 8d 15 15 c4 00 00 48 8d 0d 8a 5b 00 00 e8 d9
0x00007ffc7917687c:   48 ff ff 48 8d 15 52 9a 00 00 48 8d 0d 8b 5b 00
0x00007ffc7917688c:   00 e8 6e 49 ff ff 4c 8b 05 67 08 01 00 48 8b 03
0x00007ffc7917689c:   48 8b d7 4d 8b 40 38 48 8b cb 48 8b 5c 24 30 48
0x00007ffc791768ac:   83 c4 20 5f 48 ff a0 00 01 00 00 cc 48 89 5c 24
0x00007ffc791768bc:   08 57 48 83 ec 20 48 8b f9 e8 7a ea ff ff 48 8b
0x00007ffc791768cc:   15 2f 08 01 00 48 8b d8 f6 82 10 02 00 00 02 74
0x00007ffc791768dc:   2c 41 b8 12 06 00 00 48 8d 15 9e c3 00 00 48 8d
0x00007ffc791768ec:   0d 13 5b 00 00 e8 62 48 ff ff 48 8d 15 f3 6b 00
0x00007ffc791768fc:   00 48 8d 0d 14 5b 00 00 e8 f7 48 ff ff 48 8b 03
0x00007ffc7917690c:   48 8b d7 48 8b cb 48 8b 5c 24 30 48 83 c4 20 5f
0x00007ffc7917691c:   48 ff a0 50 07 00 00 cc 48 89 5c 24 08 48 89 74
0x00007ffc7917692c:   24 10 48 89 7c 24 18 41 56 48 83 ec 20 4c 63 f2
0x00007ffc7917693c:   49 8b d8 48 8b d1 41 8b f9 48 8b cb 4d 8d 46 ff
0x00007ffc7917694c:   ff 15 1e 59 00 00 85 c0 75 3c 41 0f be 44 1e ff
0x00007ffc7917695c:   3b c7 75 32 49 03 de eb 10 0f be c8 ff 15 f2 58
0x00007ffc7917696c:   00 00 85 c0 74 09 48 ff c3 8a 03 84 c0 75 ea 80
0x00007ffc7917697c:   3b 3b 74 12 8b d7 48 8b cb e8 38 4b 00 00 48 85
0x00007ffc7917698c:   c0 0f 94 c0 eb 02 32 c0 48 8b 5c 24 30 48 8b 74
0x00007ffc7917699c:   24 38 48 8b 7c 24 40 48 83 c4 20 41 5e c3 cc cc
0x00007ffc791769ac:   0f b6 d1 83 fa 1e 0f 87 83 00 00 00 74 7b 83 fa
0x00007ffc791769bc:   07 77 41 74 39 83 ea 01 74 2e 83 ea 01 74 23 83
0x00007ffc791769cc:   ea 01 74 18 83 ea 01 74 0d 83 fa 02 0f 85 8a 00
0x00007ffc791769dc:   00 00 8d 42 03 c3 b8 04 00 00 00 c3 b8 03 00 00
0x00007ffc791769ec:   00 c3 b8 02 00 00 00 c3 b8 01 00 00 00 c3 b8 06
0x00007ffc791769fc:   00 00 00 c3 b8 08 00 00 00 2b d0 74 26 83 ea 01
0x00007ffc79176a0c:   0f 84 88 00 00 00 83 ea 01 74 12 b8 0a 00 00 00 


Stack slot to memory mapping:

stack at sp + 0 slots: 0x00007ffc791661bf jdwp.dll
stack at sp + 1 slots: 0x000001b8fb5667f0 points into unknown readable memory: 0x0000000714209c48 | 48 9c 20 14 07 00 00 00
stack at sp + 2 slots: 0x00000002882fb580 is pointing into the stack for thread: 0x000001b8ea931320
stack at sp + 3 slots: 0x0 is null
stack at sp + 4 slots: 0x0 is null
stack at sp + 5 slots: 0x0000000200000007 is an unknown value
stack at sp + 6 slots: 0x000001b8fb6334a0 points into unknown readable memory: 0x000001b887ba0a10 | 10 0a ba 87 b8 01 00 00
stack at sp + 7 slots: 0x000001b8e8588730 points into unknown readable memory: 0x8000001200000001 | 01 00 00 00 12 00 00 80


---------------  P R O C E S S  ---------------

Threads class SMR info:
_java_thread_list=0x000001b8fb766160, length=16, elements={
0x000001b8ea931320, 0x000001b8fb540390, 0x000001b8fb5418c0, 0x000001b8fb54ce40,
0x000001b8fb551ea0, 0x000001b8fb553650, 0x000001b8fb553ce0, 0x000001b8fb55cce0,
0x000001b8fb560300, 0x000001b8fb62e7a0, 0x000001b8fb713550, 0x000001b8fb72d660,
0x000001b8fb734630, 0x000001b8fb555720, 0x000001b8fb556440, 0x000001b8d44c88b0
}

Java Threads: ( => current thread )
=>0x000001b8ea931320 JavaThread "main"                              [_thread_in_native, id=122784, stack(0x0000000288200000,0x0000000288300000) (1024K)]
  0x000001b8fb540390 JavaThread "Reference Handler"          daemon [_thread_blocked, id=85724, stack(0x0000000288a00000,0x0000000288b00000) (1024K)]
  0x000001b8fb5418c0 JavaThread "Finalizer"                  daemon [_thread_blocked, id=113100, stack(0x0000000288b00000,0x0000000288c00000) (1024K)]
  0x000001b8fb54ce40 JavaThread "Signal Dispatcher"          daemon [_thread_blocked, id=125936, stack(0x0000000288c00000,0x0000000288d00000) (1024K)]
  0x000001b8fb551ea0 JavaThread "Attach Listener"            daemon [_thread_blocked, id=125832, stack(0x0000000288d00000,0x0000000288e00000) (1024K)]
  0x000001b8fb553650 JavaThread "Service Thread"             daemon [_thread_blocked, id=126624, stack(0x0000000288e00000,0x0000000288f00000) (1024K)]
  0x000001b8fb553ce0 JavaThread "Monitor Deflation Thread"   daemon [_thread_blocked, id=118352, stack(0x0000000288f00000,0x0000000289000000) (1024K)]
  0x000001b8fb55cce0 JavaThread "C2 CompilerThread0"         daemon [_thread_blocked, id=121800, stack(0x0000000289000000,0x0000000289100000) (1024K)]
  0x000001b8fb560300 JavaThread "C1 CompilerThread0"         daemon [_thread_blocked, id=122956, stack(0x0000000289100000,0x0000000289200000) (1024K)]
  0x000001b8fb62e7a0 JavaThread "C1 CompilerThread1"         daemon [_thread_blocked, id=122072, stack(0x0000000289200000,0x0000000289300000) (1024K)]
  0x000001b8fb713550 JavaThread "JDWP Transport Listener: dt_socket" daemon [_thread_blocked, id=129728, stack(0x0000000289300000,0x0000000289400000) (1024K)]
  0x000001b8fb72d660 JavaThread "JDWP Event Helper Thread"   daemon [_thread_blocked, id=126904, stack(0x0000000289400000,0x0000000289500000) (1024K)]
  0x000001b8fb734630 JavaThread "JDWP Command Reader"        daemon [_thread_in_native, id=127464, stack(0x0000000289500000,0x0000000289600000) (1024K)]
  0x000001b8fb555720 JavaThread "Notification Thread"        daemon [_thread_blocked, id=115724, stack(0x0000000289600000,0x0000000289700000) (1024K)]
  0x000001b8fb556440 JavaThread "Common-Cleaner"             daemon [_thread_blocked, id=105372, stack(0x0000000289700000,0x0000000289800000) (1024K)]
  0x000001b8d44c88b0 JavaThread "C2 CompilerThread1"         daemon [_thread_blocked, id=105044, stack(0x0000000289800000,0x0000000289900000) (1024K)]
Total: 16

Other Threads:
  0x000001b8fa84e740 VMThread "VM Thread"                           [id=123040, stack(0x0000000288900000,0x0000000288a00000) (1024K)]
  0x000001b8fa83ecd0 WatcherThread "VM Periodic Task Thread"        [id=129872, stack(0x0000000288800000,0x0000000288900000) (1024K)]
  0x000001b8ea9967a0 WorkerThread "GC Thread#0"                     [id=130704, stack(0x0000000288300000,0x0000000288400000) (1024K)]
  0x000001b8ea9a7300 ConcurrentGCThread "G1 Main Marker"            [id=120628, stack(0x0000000288400000,0x0000000288500000) (1024K)]
  0x000001b8ea9a8100 WorkerThread "G1 Conc#0"                       [id=126388, stack(0x0000000288500000,0x0000000288600000) (1024K)]
  0x000001b8fa711b70 ConcurrentGCThread "G1 Refine#0"               [id=125700, stack(0x0000000288600000,0x0000000288700000) (1024K)]
  0x000001b8fa7126e0 ConcurrentGCThread "G1 Service"                [id=102656, stack(0x0000000288700000,0x0000000288800000) (1024K)]
Total: 7

Threads with active compile tasks:
Total: 0

VM state: not at safepoint (normal execution)

VM Mutex/Monitor currently owned by a thread: None

Heap address: 0x0000000704800000, size: 4024 MB, Compressed Oops mode: Zero based, Oop shift amount: 3

CDS archive(s) mapped at: [0x000001b88f000000-0x000001b88fc90000-0x000001b88fc90000), size 13172736, SharedBaseAddress: 0x000001b88f000000, ArchiveRelocationMode: 1.
Compressed class space mapped at: 0x000001b890000000-0x000001b8d0000000, reserved size: 1073741824
Narrow klass base: 0x000001b88f000000, Narrow klass shift: 0, Narrow klass range: 0x100000000

GC Precious Log:
 CardTable entry size: 512
 Card Set container configuration: InlinePtr #cards 4 size 8 Array Of Cards #cards 16 size 48 Howl #buckets 8 coarsen threshold 3686 Howl Bitmap #cards 512 size 80 coarsen threshold 460 Card regions per heap region 1 cards per card region 4096
 CPUs: 16 total, 16 available
 Memory: 16088M
 Large Page Support: Disabled
 NUMA Support: Disabled
 Compressed Oops: Enabled (Zero based)
 Heap Region Size: 2M
 Heap Min Capacity: 8M
 Heap Initial Capacity: 252M
 Heap Max Capacity: 4024M
 Pre-touch: Disabled
 Parallel Workers: 13
 Concurrent Workers: 3
 Concurrent Refinement Workers: 13
 Periodic GC: Disabled

Heap:
 garbage-first heap   total 258048K, used 8192K [0x0000000704800000, 0x0000000800000000)
  region size 2048K, 5 young (10240K), 0 survivors (0K)
 Metaspace       used 2294K, committed 2432K, reserved 1114112K
  class space    used 183K, committed 256K, reserved 1048576K

Heap Regions: E=young(eden), S=young(survivor), O=old, HS=humongous(starts), HC=humongous(continues), CS=collection set, F=free, TAMS=top-at-mark-start, PB=parsable bottom
|   0|0x0000000704800000, 0x0000000704800000, 0x0000000704a00000|  0%| F|  |TAMS 0x0000000704800000| PB 0x0000000704800000| Untracked 
|   1|0x0000000704a00000, 0x0000000704a00000, 0x0000000704c00000|  0%| F|  |TAMS 0x0000000704a00000| PB 0x0000000704a00000| Untracked 
|   2|0x0000000704c00000, 0x0000000704c00000, 0x0000000704e00000|  0%| F|  |TAMS 0x0000000704c00000| PB 0x0000000704c00000| Untracked 
|   3|0x0000000704e00000, 0x0000000704e00000, 0x0000000705000000|  0%| F|  |TAMS 0x0000000704e00000| PB 0x0000000704e00000| Untracked 
|   4|0x0000000705000000, 0x0000000705000000, 0x0000000705200000|  0%| F|  |TAMS 0x0000000705000000| PB 0x0000000705000000| Untracked 
|   5|0x0000000705200000, 0x0000000705200000, 0x0000000705400000|  0%| F|  |TAMS 0x0000000705200000| PB 0x0000000705200000| Untracked 
|   6|0x0000000705400000, 0x0000000705400000, 0x0000000705600000|  0%| F|  |TAMS 0x0000000705400000| PB 0x0000000705400000| Untracked 
|   7|0x0000000705600000, 0x0000000705600000, 0x0000000705800000|  0%| F|  |TAMS 0x0000000705600000| PB 0x0000000705600000| Untracked 
|   8|0x0000000705800000, 0x0000000705800000, 0x0000000705a00000|  0%| F|  |TAMS 0x0000000705800000| PB 0x0000000705800000| Untracked 
|   9|0x0000000705a00000, 0x0000000705a00000, 0x0000000705c00000|  0%| F|  |TAMS 0x0000000705a00000| PB 0x0000000705a00000| Untracked 
|  10|0x0000000705c00000, 0x0000000705c00000, 0x0000000705e00000|  0%| F|  |TAMS 0x0000000705c00000| PB 0x0000000705c00000| Untracked 
|  11|0x0000000705e00000, 0x0000000705e00000, 0x0000000706000000|  0%| F|  |TAMS 0x0000000705e00000| PB 0x0000000705e00000| Untracked 
|  12|0x0000000706000000, 0x0000000706000000, 0x0000000706200000|  0%| F|  |TAMS 0x0000000706000000| PB 0x0000000706000000| Untracked 
|  13|0x0000000706200000, 0x0000000706200000, 0x0000000706400000|  0%| F|  |TAMS 0x0000000706200000| PB 0x0000000706200000| Untracked 
|  14|0x0000000706400000, 0x0000000706400000, 0x0000000706600000|  0%| F|  |TAMS 0x0000000706400000| PB 0x0000000706400000| Untracked 
|  15|0x0000000706600000, 0x0000000706600000, 0x0000000706800000|  0%| F|  |TAMS 0x0000000706600000| PB 0x0000000706600000| Untracked 
|  16|0x0000000706800000, 0x0000000706800000, 0x0000000706a00000|  0%| F|  |TAMS 0x0000000706800000| PB 0x0000000706800000| Untracked 
|  17|0x0000000706a00000, 0x0000000706a00000, 0x0000000706c00000|  0%| F|  |TAMS 0x0000000706a00000| PB 0x0000000706a00000| Untracked 
|  18|0x0000000706c00000, 0x0000000706c00000, 0x0000000706e00000|  0%| F|  |TAMS 0x0000000706c00000| PB 0x0000000706c00000| Untracked 
|  19|0x0000000706e00000, 0x0000000706e00000, 0x0000000707000000|  0%| F|  |TAMS 0x0000000706e00000| PB 0x0000000706e00000| Untracked 
|  20|0x0000000707000000, 0x0000000707000000, 0x0000000707200000|  0%| F|  |TAMS 0x0000000707000000| PB 0x0000000707000000| Untracked 
|  21|0x0000000707200000, 0x0000000707200000, 0x0000000707400000|  0%| F|  |TAMS 0x0000000707200000| PB 0x0000000707200000| Untracked 
|  22|0x0000000707400000, 0x0000000707400000, 0x0000000707600000|  0%| F|  |TAMS 0x0000000707400000| PB 0x0000000707400000| Untracked 
|  23|0x0000000707600000, 0x0000000707600000, 0x0000000707800000|  0%| F|  |TAMS 0x0000000707600000| PB 0x0000000707600000| Untracked 
|  24|0x0000000707800000, 0x0000000707800000, 0x0000000707a00000|  0%| F|  |TAMS 0x0000000707800000| PB 0x0000000707800000| Untracked 
|  25|0x0000000707a00000, 0x0000000707a00000, 0x0000000707c00000|  0%| F|  |TAMS 0x0000000707a00000| PB 0x0000000707a00000| Untracked 
|  26|0x0000000707c00000, 0x0000000707c00000, 0x0000000707e00000|  0%| F|  |TAMS 0x0000000707c00000| PB 0x0000000707c00000| Untracked 
|  27|0x0000000707e00000, 0x0000000707e00000, 0x0000000708000000|  0%| F|  |TAMS 0x0000000707e00000| PB 0x0000000707e00000| Untracked 
|  28|0x0000000708000000, 0x0000000708000000, 0x0000000708200000|  0%| F|  |TAMS 0x0000000708000000| PB 0x0000000708000000| Untracked 
|  29|0x0000000708200000, 0x0000000708200000, 0x0000000708400000|  0%| F|  |TAMS 0x0000000708200000| PB 0x0000000708200000| Untracked 
|  30|0x0000000708400000, 0x0000000708400000, 0x0000000708600000|  0%| F|  |TAMS 0x0000000708400000| PB 0x0000000708400000| Untracked 
|  31|0x0000000708600000, 0x0000000708600000, 0x0000000708800000|  0%| F|  |TAMS 0x0000000708600000| PB 0x0000000708600000| Untracked 
|  32|0x0000000708800000, 0x0000000708800000, 0x0000000708a00000|  0%| F|  |TAMS 0x0000000708800000| PB 0x0000000708800000| Untracked 
|  33|0x0000000708a00000, 0x0000000708a00000, 0x0000000708c00000|  0%| F|  |TAMS 0x0000000708a00000| PB 0x0000000708a00000| Untracked 
|  34|0x0000000708c00000, 0x0000000708c00000, 0x0000000708e00000|  0%| F|  |TAMS 0x0000000708c00000| PB 0x0000000708c00000| Untracked 
|  35|0x0000000708e00000, 0x0000000708e00000, 0x0000000709000000|  0%| F|  |TAMS 0x0000000708e00000| PB 0x0000000708e00000| Untracked 
|  36|0x0000000709000000, 0x0000000709000000, 0x0000000709200000|  0%| F|  |TAMS 0x0000000709000000| PB 0x0000000709000000| Untracked 
|  37|0x0000000709200000, 0x0000000709200000, 0x0000000709400000|  0%| F|  |TAMS 0x0000000709200000| PB 0x0000000709200000| Untracked 
|  38|0x0000000709400000, 0x0000000709400000, 0x0000000709600000|  0%| F|  |TAMS 0x0000000709400000| PB 0x0000000709400000| Untracked 
|  39|0x0000000709600000, 0x0000000709600000, 0x0000000709800000|  0%| F|  |TAMS 0x0000000709600000| PB 0x0000000709600000| Untracked 
|  40|0x0000000709800000, 0x0000000709800000, 0x0000000709a00000|  0%| F|  |TAMS 0x0000000709800000| PB 0x0000000709800000| Untracked 
|  41|0x0000000709a00000, 0x0000000709a00000, 0x0000000709c00000|  0%| F|  |TAMS 0x0000000709a00000| PB 0x0000000709a00000| Untracked 
|  42|0x0000000709c00000, 0x0000000709c00000, 0x0000000709e00000|  0%| F|  |TAMS 0x0000000709c00000| PB 0x0000000709c00000| Untracked 
|  43|0x0000000709e00000, 0x0000000709e00000, 0x000000070a000000|  0%| F|  |TAMS 0x0000000709e00000| PB 0x0000000709e00000| Untracked 
|  44|0x000000070a000000, 0x000000070a000000, 0x000000070a200000|  0%| F|  |TAMS 0x000000070a000000| PB 0x000000070a000000| Untracked 
|  45|0x000000070a200000, 0x000000070a200000, 0x000000070a400000|  0%| F|  |TAMS 0x000000070a200000| PB 0x000000070a200000| Untracked 
|  46|0x000000070a400000, 0x000000070a400000, 0x000000070a600000|  0%| F|  |TAMS 0x000000070a400000| PB 0x000000070a400000| Untracked 
|  47|0x000000070a600000, 0x000000070a600000, 0x000000070a800000|  0%| F|  |TAMS 0x000000070a600000| PB 0x000000070a600000| Untracked 
|  48|0x000000070a800000, 0x000000070a800000, 0x000000070aa00000|  0%| F|  |TAMS 0x000000070a800000| PB 0x000000070a800000| Untracked 
|  49|0x000000070aa00000, 0x000000070aa00000, 0x000000070ac00000|  0%| F|  |TAMS 0x000000070aa00000| PB 0x000000070aa00000| Untracked 
|  50|0x000000070ac00000, 0x000000070ac00000, 0x000000070ae00000|  0%| F|  |TAMS 0x000000070ac00000| PB 0x000000070ac00000| Untracked 
|  51|0x000000070ae00000, 0x000000070ae00000, 0x000000070b000000|  0%| F|  |TAMS 0x000000070ae00000| PB 0x000000070ae00000| Untracked 
|  52|0x000000070b000000, 0x000000070b000000, 0x000000070b200000|  0%| F|  |TAMS 0x000000070b000000| PB 0x000000070b000000| Untracked 
|  53|0x000000070b200000, 0x000000070b200000, 0x000000070b400000|  0%| F|  |TAMS 0x000000070b200000| PB 0x000000070b200000| Untracked 
|  54|0x000000070b400000, 0x000000070b400000, 0x000000070b600000|  0%| F|  |TAMS 0x000000070b400000| PB 0x000000070b400000| Untracked 
|  55|0x000000070b600000, 0x000000070b600000, 0x000000070b800000|  0%| F|  |TAMS 0x000000070b600000| PB 0x000000070b600000| Untracked 
|  56|0x000000070b800000, 0x000000070b800000, 0x000000070ba00000|  0%| F|  |TAMS 0x000000070b800000| PB 0x000000070b800000| Untracked 
|  57|0x000000070ba00000, 0x000000070ba00000, 0x000000070bc00000|  0%| F|  |TAMS 0x000000070ba00000| PB 0x000000070ba00000| Untracked 
|  58|0x000000070bc00000, 0x000000070bc00000, 0x000000070be00000|  0%| F|  |TAMS 0x000000070bc00000| PB 0x000000070bc00000| Untracked 
|  59|0x000000070be00000, 0x000000070be00000, 0x000000070c000000|  0%| F|  |TAMS 0x000000070be00000| PB 0x000000070be00000| Untracked 
|  60|0x000000070c000000, 0x000000070c000000, 0x000000070c200000|  0%| F|  |TAMS 0x000000070c000000| PB 0x000000070c000000| Untracked 
|  61|0x000000070c200000, 0x000000070c200000, 0x000000070c400000|  0%| F|  |TAMS 0x000000070c200000| PB 0x000000070c200000| Untracked 
|  62|0x000000070c400000, 0x000000070c400000, 0x000000070c600000|  0%| F|  |TAMS 0x000000070c400000| PB 0x000000070c400000| Untracked 
|  63|0x000000070c600000, 0x000000070c600000, 0x000000070c800000|  0%| F|  |TAMS 0x000000070c600000| PB 0x000000070c600000| Untracked 
|  64|0x000000070c800000, 0x000000070c800000, 0x000000070ca00000|  0%| F|  |TAMS 0x000000070c800000| PB 0x000000070c800000| Untracked 
|  65|0x000000070ca00000, 0x000000070ca00000, 0x000000070cc00000|  0%| F|  |TAMS 0x000000070ca00000| PB 0x000000070ca00000| Untracked 
|  66|0x000000070cc00000, 0x000000070cc00000, 0x000000070ce00000|  0%| F|  |TAMS 0x000000070cc00000| PB 0x000000070cc00000| Untracked 
|  67|0x000000070ce00000, 0x000000070ce00000, 0x000000070d000000|  0%| F|  |TAMS 0x000000070ce00000| PB 0x000000070ce00000| Untracked 
|  68|0x000000070d000000, 0x000000070d000000, 0x000000070d200000|  0%| F|  |TAMS 0x000000070d000000| PB 0x000000070d000000| Untracked 
|  69|0x000000070d200000, 0x000000070d200000, 0x000000070d400000|  0%| F|  |TAMS 0x000000070d200000| PB 0x000000070d200000| Untracked 
|  70|0x000000070d400000, 0x000000070d400000, 0x000000070d600000|  0%| F|  |TAMS 0x000000070d400000| PB 0x000000070d400000| Untracked 
|  71|0x000000070d600000, 0x000000070d600000, 0x000000070d800000|  0%| F|  |TAMS 0x000000070d600000| PB 0x000000070d600000| Untracked 
|  72|0x000000070d800000, 0x000000070d800000, 0x000000070da00000|  0%| F|  |TAMS 0x000000070d800000| PB 0x000000070d800000| Untracked 
|  73|0x000000070da00000, 0x000000070da00000, 0x000000070dc00000|  0%| F|  |TAMS 0x000000070da00000| PB 0x000000070da00000| Untracked 
|  74|0x000000070dc00000, 0x000000070dc00000, 0x000000070de00000|  0%| F|  |TAMS 0x000000070dc00000| PB 0x000000070dc00000| Untracked 
|  75|0x000000070de00000, 0x000000070de00000, 0x000000070e000000|  0%| F|  |TAMS 0x000000070de00000| PB 0x000000070de00000| Untracked 
|  76|0x000000070e000000, 0x000000070e000000, 0x000000070e200000|  0%| F|  |TAMS 0x000000070e000000| PB 0x000000070e000000| Untracked 
|  77|0x000000070e200000, 0x000000070e200000, 0x000000070e400000|  0%| F|  |TAMS 0x000000070e200000| PB 0x000000070e200000| Untracked 
|  78|0x000000070e400000, 0x000000070e400000, 0x000000070e600000|  0%| F|  |TAMS 0x000000070e400000| PB 0x000000070e400000| Untracked 
|  79|0x000000070e600000, 0x000000070e600000, 0x000000070e800000|  0%| F|  |TAMS 0x000000070e600000| PB 0x000000070e600000| Untracked 
|  80|0x000000070e800000, 0x000000070e800000, 0x000000070ea00000|  0%| F|  |TAMS 0x000000070e800000| PB 0x000000070e800000| Untracked 
|  81|0x000000070ea00000, 0x000000070ea00000, 0x000000070ec00000|  0%| F|  |TAMS 0x000000070ea00000| PB 0x000000070ea00000| Untracked 
|  82|0x000000070ec00000, 0x000000070ec00000, 0x000000070ee00000|  0%| F|  |TAMS 0x000000070ec00000| PB 0x000000070ec00000| Untracked 
|  83|0x000000070ee00000, 0x000000070ee00000, 0x000000070f000000|  0%| F|  |TAMS 0x000000070ee00000| PB 0x000000070ee00000| Untracked 
|  84|0x000000070f000000, 0x000000070f000000, 0x000000070f200000|  0%| F|  |TAMS 0x000000070f000000| PB 0x000000070f000000| Untracked 
|  85|0x000000070f200000, 0x000000070f200000, 0x000000070f400000|  0%| F|  |TAMS 0x000000070f200000| PB 0x000000070f200000| Untracked 
|  86|0x000000070f400000, 0x000000070f400000, 0x000000070f600000|  0%| F|  |TAMS 0x000000070f400000| PB 0x000000070f400000| Untracked 
|  87|0x000000070f600000, 0x000000070f600000, 0x000000070f800000|  0%| F|  |TAMS 0x000000070f600000| PB 0x000000070f600000| Untracked 
|  88|0x000000070f800000, 0x000000070f800000, 0x000000070fa00000|  0%| F|  |TAMS 0x000000070f800000| PB 0x000000070f800000| Untracked 
|  89|0x000000070fa00000, 0x000000070fa00000, 0x000000070fc00000|  0%| F|  |TAMS 0x000000070fa00000| PB 0x000000070fa00000| Untracked 
|  90|0x000000070fc00000, 0x000000070fc00000, 0x000000070fe00000|  0%| F|  |TAMS 0x000000070fc00000| PB 0x000000070fc00000| Untracked 
|  91|0x000000070fe00000, 0x000000070fe00000, 0x0000000710000000|  0%| F|  |TAMS 0x000000070fe00000| PB 0x000000070fe00000| Untracked 
|  92|0x0000000710000000, 0x0000000710000000, 0x0000000710200000|  0%| F|  |TAMS 0x0000000710000000| PB 0x0000000710000000| Untracked 
|  93|0x0000000710200000, 0x0000000710200000, 0x0000000710400000|  0%| F|  |TAMS 0x0000000710200000| PB 0x0000000710200000| Untracked 
|  94|0x0000000710400000, 0x0000000710400000, 0x0000000710600000|  0%| F|  |TAMS 0x0000000710400000| PB 0x0000000710400000| Untracked 
|  95|0x0000000710600000, 0x0000000710600000, 0x0000000710800000|  0%| F|  |TAMS 0x0000000710600000| PB 0x0000000710600000| Untracked 
|  96|0x0000000710800000, 0x0000000710800000, 0x0000000710a00000|  0%| F|  |TAMS 0x0000000710800000| PB 0x0000000710800000| Untracked 
|  97|0x0000000710a00000, 0x0000000710a00000, 0x0000000710c00000|  0%| F|  |TAMS 0x0000000710a00000| PB 0x0000000710a00000| Untracked 
|  98|0x0000000710c00000, 0x0000000710c00000, 0x0000000710e00000|  0%| F|  |TAMS 0x0000000710c00000| PB 0x0000000710c00000| Untracked 
|  99|0x0000000710e00000, 0x0000000710e00000, 0x0000000711000000|  0%| F|  |TAMS 0x0000000710e00000| PB 0x0000000710e00000| Untracked 
| 100|0x0000000711000000, 0x0000000711000000, 0x0000000711200000|  0%| F|  |TAMS 0x0000000711000000| PB 0x0000000711000000| Untracked 
| 101|0x0000000711200000, 0x0000000711200000, 0x0000000711400000|  0%| F|  |TAMS 0x0000000711200000| PB 0x0000000711200000| Untracked 
| 102|0x0000000711400000, 0x0000000711400000, 0x0000000711600000|  0%| F|  |TAMS 0x0000000711400000| PB 0x0000000711400000| Untracked 
| 103|0x0000000711600000, 0x0000000711600000, 0x0000000711800000|  0%| F|  |TAMS 0x0000000711600000| PB 0x0000000711600000| Untracked 
| 104|0x0000000711800000, 0x0000000711800000, 0x0000000711a00000|  0%| F|  |TAMS 0x0000000711800000| PB 0x0000000711800000| Untracked 
| 105|0x0000000711a00000, 0x0000000711a00000, 0x0000000711c00000|  0%| F|  |TAMS 0x0000000711a00000| PB 0x0000000711a00000| Untracked 
| 106|0x0000000711c00000, 0x0000000711c00000, 0x0000000711e00000|  0%| F|  |TAMS 0x0000000711c00000| PB 0x0000000711c00000| Untracked 
| 107|0x0000000711e00000, 0x0000000711e00000, 0x0000000712000000|  0%| F|  |TAMS 0x0000000711e00000| PB 0x0000000711e00000| Untracked 
| 108|0x0000000712000000, 0x0000000712000000, 0x0000000712200000|  0%| F|  |TAMS 0x0000000712000000| PB 0x0000000712000000| Untracked 
| 109|0x0000000712200000, 0x0000000712200000, 0x0000000712400000|  0%| F|  |TAMS 0x0000000712200000| PB 0x0000000712200000| Untracked 
| 110|0x0000000712400000, 0x0000000712400000, 0x0000000712600000|  0%| F|  |TAMS 0x0000000712400000| PB 0x0000000712400000| Untracked 
| 111|0x0000000712600000, 0x0000000712600000, 0x0000000712800000|  0%| F|  |TAMS 0x0000000712600000| PB 0x0000000712600000| Untracked 
| 112|0x0000000712800000, 0x0000000712800000, 0x0000000712a00000|  0%| F|  |TAMS 0x0000000712800000| PB 0x0000000712800000| Untracked 
| 113|0x0000000712a00000, 0x0000000712a00000, 0x0000000712c00000|  0%| F|  |TAMS 0x0000000712a00000| PB 0x0000000712a00000| Untracked 
| 114|0x0000000712c00000, 0x0000000712c00000, 0x0000000712e00000|  0%| F|  |TAMS 0x0000000712c00000| PB 0x0000000712c00000| Untracked 
| 115|0x0000000712e00000, 0x0000000712e00000, 0x0000000713000000|  0%| F|  |TAMS 0x0000000712e00000| PB 0x0000000712e00000| Untracked 
| 116|0x0000000713000000, 0x0000000713000000, 0x0000000713200000|  0%| F|  |TAMS 0x0000000713000000| PB 0x0000000713000000| Untracked 
| 117|0x0000000713200000, 0x0000000713200000, 0x0000000713400000|  0%| F|  |TAMS 0x0000000713200000| PB 0x0000000713200000| Untracked 
| 118|0x0000000713400000, 0x0000000713400000, 0x0000000713600000|  0%| F|  |TAMS 0x0000000713400000| PB 0x0000000713400000| Untracked 
| 119|0x0000000713600000, 0x0000000713600000, 0x0000000713800000|  0%| F|  |TAMS 0x0000000713600000| PB 0x0000000713600000| Untracked 
| 120|0x0000000713800000, 0x0000000713800000, 0x0000000713a00000|  0%| F|  |TAMS 0x0000000713800000| PB 0x0000000713800000| Untracked 
| 121|0x0000000713a00000, 0x0000000713b54b30, 0x0000000713c00000| 66%| E|  |TAMS 0x0000000713a00000| PB 0x0000000713a00000| Complete 
| 122|0x0000000713c00000, 0x0000000713e00000, 0x0000000713e00000|100%| E|CS|TAMS 0x0000000713c00000| PB 0x0000000713c00000| Complete 
| 123|0x0000000713e00000, 0x0000000714000000, 0x0000000714000000|100%| E|CS|TAMS 0x0000000713e00000| PB 0x0000000713e00000| Complete 
| 124|0x0000000714000000, 0x0000000714200000, 0x0000000714200000|100%| E|CS|TAMS 0x0000000714000000| PB 0x0000000714000000| Complete 
| 125|0x0000000714200000, 0x0000000714400000, 0x0000000714400000|100%| E|CS|TAMS 0x0000000714200000| PB 0x0000000714200000| Complete 

Card table byte_map: [0x000001b8f3db0000,0x000001b8f4590000] _byte_map_base: 0x000001b8f058c000

Marking Bits: (CMBitMap*) 0x000001b8ea996ea0
 Bits: [0x000001b8f4590000, 0x000001b8f8470000)

Polling page: 0x000001b8e8870000

Metaspace:

Usage:
  Non-class:      2.06 MB used.
      Class:    183.84 KB used.
       Both:      2.24 MB used.

Virtual space:
  Non-class space:       64.00 MB reserved,       2.12 MB (  3%) committed,  1 nodes.
      Class space:        1.00 GB reserved,     256.00 KB ( <1%) committed,  1 nodes.
             Both:        1.06 GB reserved,       2.38 MB ( <1%) committed. 

Chunk freelists:
   Non-Class:  11.14 MB
       Class:  15.63 MB
        Both:  26.77 MB

MaxMetaspaceSize: unlimited
CompressedClassSpaceSize: 1.00 GB
Initial GC threshold: 21.00 MB
Current GC threshold: 21.00 MB
CDS: on
 - commit_granule_bytes: 65536.
 - commit_granule_words: 8192.
 - virtual_space_node_default_size: 8388608.
 - enlarge_chunks_in_place: 1.
 - use_allocation_guard: 0.


Internal statistics:

num_allocs_failed_limit: 0.
num_arena_births: 64.
num_arena_deaths: 0.
num_vsnodes_births: 2.
num_vsnodes_deaths: 0.
num_space_committed: 38.
num_space_uncommitted: 0.
num_chunks_returned_to_freelist: 0.
num_chunks_taken_from_freelist: 119.
num_chunk_merges: 0.
num_chunk_splits: 73.
num_chunks_enlarged: 49.
num_inconsistent_stats: 0.

CodeHeap 'non-profiled nmethods': size=119168Kb used=192Kb max_used=192Kb free=118975Kb
 bounds [0x000001b887ba0000, 0x000001b887e10000, 0x000001b88f000000]
CodeHeap 'profiled nmethods': size=119104Kb used=1033Kb max_used=1033Kb free=118070Kb
 bounds [0x000001b880000000, 0x000001b880270000, 0x000001b887450000]
CodeHeap 'non-nmethods': size=7488Kb used=1961Kb max_used=1992Kb free=5526Kb
 bounds [0x000001b887450000, 0x000001b8876c0000, 0x000001b887ba0000]
 total_blobs=1059 nmethods=615 adapters=348
 compilation: enabled
              stopped_count=0, restarted_count=0
 full_count=0

Compilation events (20 events):
Event: 0.484 Thread 0x000001b8fb560300  609       3       java.util.WeakHashMap::remove (131 bytes)
Event: 0.485 Thread 0x000001b8fb560300 nmethod 609 0x000001b8800fc590 code [0x000001b8800fc7e0, 0x000001b8800fd368]
Event: 0.487 Thread 0x000001b8fb62e7a0  610       1       java.nio.HeapByteBuffer::isReadOnly (2 bytes)
Event: 0.487 Thread 0x000001b8fb62e7a0 nmethod 610 0x000001b887bcd210 code [0x000001b887bcd3a0, 0x000001b887bcd468]
Event: 0.488 Thread 0x000001b8fb62e7a0  611       3       jdk.internal.loader.URLClassPath::getResource (74 bytes)
Event: 0.488 Thread 0x000001b8fb62e7a0 nmethod 611 0x000001b8800fd810 code [0x000001b8800fd9e0, 0x000001b8800fdd48]
Event: 0.489 Thread 0x000001b8fb55cce0 nmethod 606 0x000001b887bcd510 code [0x000001b887bcd6c0, 0x000001b887bcdc48]
Event: 0.489 Thread 0x000001b8fb55cce0  607       4       jdk.internal.jimage.ImageStringsReader::unmaskedHashCode (166 bytes)
Event: 0.489 Thread 0x000001b8d44c88b0 nmethod 605 0x000001b887bcdf10 code [0x000001b887bce160, 0x000001b887bced88]
Event: 0.489 Thread 0x000001b8d44c88b0  565       4       java.lang.AbstractStringBuilder::newCapacity (59 bytes)
Event: 0.490 Thread 0x000001b8d44c88b0 nmethod 565 0x000001b887bcf810 code [0x000001b887bcf9a0, 0x000001b887bcfae0]
Event: 0.491 Thread 0x000001b8fb55cce0 nmethod 607 0x000001b887bcfc10 code [0x000001b887bcfdc0, 0x000001b887bcffc0]
Event: 0.493 Thread 0x000001b8fb62e7a0  614       3       jdk.internal.jimage.ImageStringsReader::stringFromByteBufferMatches (138 bytes)
Event: 0.493 Thread 0x000001b8fb560300  612       3       jdk.internal.jimage.ImageStringsReader::match (11 bytes)
Event: 0.493 Thread 0x000001b8fb560300 nmethod 612 0x000001b8800fde90 code [0x000001b8800fe040, 0x000001b8800fe238]
Event: 0.493 Thread 0x000001b8fb560300  613       3       jdk.internal.jimage.BasicImageReader::match (37 bytes)
Event: 0.493 Thread 0x000001b8fb560300 nmethod 613 0x000001b8800fe310 code [0x000001b8800fe4e0, 0x000001b8800fe7c8]
Event: 0.494 Thread 0x000001b8fb560300  615       3       jdk.internal.jimage.ImageLocation::verifyName (161 bytes)
Event: 0.494 Thread 0x000001b8fb62e7a0 nmethod 614 0x000001b8800fe910 code [0x000001b8800fec00, 0x000001b8800ffd50]
Event: 0.495 Thread 0x000001b8fb560300 nmethod 615 0x000001b880100490 code [0x000001b8801007e0, 0x000001b880101e08]

GC Heap History (0 events):
No events

Dll operation events (9 events):
Event: 0.051 Loaded shared library C:\Users\nikki\Downloads\openjdk-21.0.2_windows-x64_bin\jdk-21.0.2\bin\java.dll
Event: 0.104 Loaded shared library C:\Users\nikki\Downloads\openjdk-21.0.2_windows-x64_bin\jdk-21.0.2\bin\jsvml.dll
Event: 0.291 Loaded shared library C:\Users\nikki\Downloads\openjdk-21.0.2_windows-x64_bin\jdk-21.0.2\bin\net.dll
Event: 0.292 Loaded shared library C:\Users\nikki\Downloads\openjdk-21.0.2_windows-x64_bin\jdk-21.0.2\bin\nio.dll
Event: 0.296 Loaded shared library C:\Users\nikki\Downloads\openjdk-21.0.2_windows-x64_bin\jdk-21.0.2\bin\zip.dll
Event: 0.358 Loaded shared library C:\Users\nikki\Downloads\openjdk-21.0.2_windows-x64_bin\jdk-21.0.2\bin\verify.dll
Event: 0.363 Loaded shared library C:\Users\nikki\Downloads\openjdk-21.0.2_windows-x64_bin\jdk-21.0.2\bin\jimage.dll
Event: 0.403 Loaded shared library C:\Users\nikki\AppData\Local\Temp\libgdxnikki\e787ab0a\gdx64.dll
Event: 0.455 Loaded shared library C:\Users\nikki\AppData\Local\Temp\lwjglnikki\3.3.1-build-7\lwjgl.dll

Deoptimization events (20 events):
Event: 0.310 Thread 0x000001b8ea931320 DEOPT PACKING pc=0x000001b8800241d5 sp=0x00000002882fa110
Event: 0.310 Thread 0x000001b8ea931320 DEOPT UNPACKING pc=0x000001b8874a4e42 sp=0x00000002882f9580 mode 0
Event: 0.310 Thread 0x000001b8ea931320 DEOPT PACKING pc=0x000001b8800241d5 sp=0x00000002882fa110
Event: 0.310 Thread 0x000001b8ea931320 DEOPT UNPACKING pc=0x000001b8874a4e42 sp=0x00000002882f9580 mode 0
Event: 0.310 Thread 0x000001b8ea931320 DEOPT PACKING pc=0x000001b8800241d5 sp=0x00000002882fa110
Event: 0.310 Thread 0x000001b8ea931320 DEOPT UNPACKING pc=0x000001b8874a4e42 sp=0x00000002882f9580 mode 0
Event: 0.310 Thread 0x000001b8ea931320 DEOPT PACKING pc=0x000001b8800241d5 sp=0x00000002882fa110
Event: 0.310 Thread 0x000001b8ea931320 DEOPT UNPACKING pc=0x000001b8874a4e42 sp=0x00000002882f9580 mode 0
Event: 0.310 Thread 0x000001b8ea931320 DEOPT PACKING pc=0x000001b8800241d5 sp=0x00000002882fa110
Event: 0.310 Thread 0x000001b8ea931320 DEOPT UNPACKING pc=0x000001b8874a4e42 sp=0x00000002882f9580 mode 0
Event: 0.399 Thread 0x000001b8ea931320 Uncommon trap: trap_request=0xffffff45 fr.pc=0x000001b887baa894 relative=0x0000000000000074
Event: 0.399 Thread 0x000001b8ea931320 Uncommon trap: reason=unstable_if action=reinterpret pc=0x000001b887baa894 method=java.io.WinNTFileSystem.isSlash(C)Z @ 9 c2
Event: 0.399 Thread 0x000001b8ea931320 DEOPT PACKING pc=0x000001b887baa894 sp=0x00000002882fea30
Event: 0.399 Thread 0x000001b8ea931320 DEOPT UNPACKING pc=0x000001b8874a46a2 sp=0x00000002882fe9c8 mode 2
Event: 0.453 Thread 0x000001b8ea931320 Uncommon trap: trap_request=0xffffff45 fr.pc=0x000001b887bae2f0 relative=0x0000000000000050
Event: 0.453 Thread 0x000001b8ea931320 Uncommon trap: reason=unstable_if action=reinterpret pc=0x000001b887bae2f0 method=sun.nio.fs.WindowsPathParser.isSlash(C)Z @ 9 c2
Event: 0.453 Thread 0x000001b8ea931320 DEOPT PACKING pc=0x000001b887bae2f0 sp=0x00000002882fb620
Event: 0.453 Thread 0x000001b8ea931320 DEOPT UNPACKING pc=0x000001b8874a46a2 sp=0x00000002882fb5b8 mode 2
Event: 0.480 Thread 0x000001b8ea931320 DEOPT PACKING pc=0x000001b880032e83 sp=0x00000002882f9540
Event: 0.480 Thread 0x000001b8ea931320 DEOPT UNPACKING pc=0x000001b8874a4e42 sp=0x00000002882f89a0 mode 0

Classes loaded (20 events):
Event: 0.457 Loading class java/nio/DirectShortBufferU
Event: 0.457 Loading class java/nio/DirectShortBufferU done
Event: 0.457 Loading class java/nio/DirectCharBufferU
Event: 0.458 Loading class java/nio/DirectCharBufferU done
Event: 0.458 Loading class java/nio/DirectFloatBufferU
Event: 0.458 Loading class java/nio/DirectFloatBufferU done
Event: 0.458 Loading class java/nio/DirectDoubleBufferU
Event: 0.458 Loading class java/nio/DirectDoubleBufferU done
Event: 0.459 Loading class sun/misc/Unsafe
Event: 0.459 Loading class sun/misc/Unsafe done
Event: 0.460 Loading class java/lang/invoke/DirectMethodHandle$StaticAccessor
Event: 0.460 Loading class java/lang/invoke/DirectMethodHandle$StaticAccessor done
Event: 0.463 Loading class java/util/function/LongPredicate
Event: 0.463 Loading class java/util/function/LongPredicate done
Event: 0.465 Loading class java/lang/foreign/MemorySegment
Event: 0.465 Loading class java/lang/foreign/MemorySegment done
Event: 0.469 Loading class java/nio/InvalidMarkException
Event: 0.469 Loading class java/nio/InvalidMarkException done
Event: 0.469 Loading class java/nio/BufferUnderflowException
Event: 0.469 Loading class java/nio/BufferUnderflowException done

Classes unloaded (0 events):
No events

Classes redefined (0 events):
No events

Internal exceptions (17 events):
Event: 0.426 Thread 0x000001b8ea931320 Exception <a 'java/lang/NoSuchMethodError'{0x0000000713d57158}: 'void java.lang.invoke.DirectMethodHandle$Holder.invokeStatic(java.lang.Object, java.lang.Object)'> (0x0000000713d57158) 
thrown [s\open\src\hotspot\share\interpreter\linkResolver.cpp, line 773]
Event: 0.426 Thread 0x000001b8ea931320 Exception <a 'java/lang/NoSuchMethodError'{0x0000000713d5c350}: 'void java.lang.System.load(java.lang.String, java.lang.Class)'> (0x0000000713d5c350) 
thrown [s\open\src\hotspot\share\interpreter\linkResolver.cpp, line 773]
Event: 0.426 Thread 0x000001b8ea931320 Exception <a 'java/lang/NoSuchMethodError'{0x0000000713d5cf40}: 'void java.lang.invoke.DirectMethodHandle$Holder.invokeSpecial(java.lang.Object, java.lang.Object, java.lang.Object)'> (0x0000000713d5cf40) 
thrown [s\open\src\hotspot\share\interpreter\linkResolver.cpp, line 773]
Event: 0.428 Thread 0x000001b8ea931320 Exception <a 'java/lang/NoSuchMethodError'{0x0000000713d6da58}: 'java.lang.Object java.lang.invoke.DirectMethodHandle$Holder.invokeStatic(java.lang.Object, java.lang.Object, int)'> (0x0000000713d6da58) 
thrown [s\open\src\hotspot\share\interpreter\linkResolver.cpp, line 773]
Event: 0.429 Thread 0x000001b8ea931320 Exception <a 'java/lang/NoSuchMethodError'{0x0000000713d790e8}: 'void java.lang.invoke.DelegatingMethodHandle$Holder.delegate(java.lang.Object, java.lang.Object, int, java.lang.Object)'> (0x0000000713d790e8) 
thrown [s\open\src\hotspot\share\interpreter\linkResolver.cpp, line 773]
Event: 0.429 Thread 0x000001b8ea931320 Exception <a 'java/lang/NoSuchMethodError'{0x0000000713d7cfd0}: 'int java.lang.invoke.DirectMethodHandle$Holder.invokeSpecial(java.lang.Object, java.lang.Object, java.lang.Object)'> (0x0000000713d7cfd0) 
thrown [s\open\src\hotspot\share\interpreter\linkResolver.cpp, line 773]
Event: 0.433 Thread 0x000001b8ea931320 Exception <a 'java/lang/NoSuchMethodError'{0x0000000713d97108}: 'void java.lang.System.loadLibrary(java.lang.String, java.lang.Class)'> (0x0000000713d97108) 
thrown [s\open\src\hotspot\share\interpreter\linkResolver.cpp, line 773]
Event: 0.453 Thread 0x000001b8ea931320 Exception <a 'sun/nio/fs/WindowsException'{0x0000000713dee4f8}> (0x0000000713dee4f8) 
thrown [s\open\src\hotspot\share\prims\jni.cpp, line 520]
Event: 0.454 Thread 0x000001b8ea931320 Exception <a 'sun/nio/fs/WindowsException'{0x0000000713deea28}> (0x0000000713deea28) 
thrown [s\open\src\hotspot\share\prims\jni.cpp, line 520]
Event: 0.463 Thread 0x000001b8ea931320 Exception <a 'java/lang/NoSuchMethodError'{0x0000000713a24510}: 'int java.lang.invoke.DirectMethodHandle$Holder.invokeStaticInit(java.lang.Object, java.lang.Object, int, long)'> (0x0000000713a24510) 
thrown [s\open\src\hotspot\share\interpreter\linkResolver.cpp, line 773]
Event: 0.464 Thread 0x000001b8ea931320 Exception <a 'java/lang/NoSuchMethodError'{0x0000000713a29538}: 'java.lang.Object java.lang.invoke.DirectMethodHandle$Holder.newInvokeSpecial(java.lang.Object, java.lang.Object, int)'> (0x0000000713a29538) 
thrown [s\open\src\hotspot\share\interpreter\linkResolver.cpp, line 773]
Event: 0.466 Thread 0x000001b8ea931320 Exception <a 'java/lang/NoSuchMethodError'{0x0000000713a3aba0}: 'int java.lang.invoke.DirectMethodHandle$Holder.invokeStaticInit(java.lang.Object, java.lang.Object, long, long)'> (0x0000000713a3aba0) 
thrown [s\open\src\hotspot\share\interpreter\linkResolver.cpp, line 773]
Event: 0.467 Thread 0x000001b8ea931320 Exception <a 'java/lang/NoSuchMethodError'{0x0000000713a40408}: 'java.lang.Object java.lang.invoke.DirectMethodHandle$Holder.newInvokeSpecial(java.lang.Object, java.lang.Object, long)'> (0x0000000713a40408) 
thrown [s\open\src\hotspot\share\interpreter\linkResolver.cpp, line 773]
Event: 0.467 Thread 0x000001b8ea931320 Exception <a 'java/lang/NoSuchMethodError'{0x0000000713a441f8}: 'java.lang.Object java.lang.invoke.Invokers$Holder.linkToTargetMethod(java.lang.Object, long, java.lang.Object)'> (0x0000000713a441f8) 
thrown [s\open\src\hotspot\share\interpreter\linkResolver.cpp, line 773]
Event: 0.468 Thread 0x000001b8ea931320 Exception <a 'java/lang/NoSuchMethodError'{0x0000000713a4b280}: 'int java.lang.invoke.DirectMethodHandle$Holder.invokeStaticInit(java.lang.Object, java.lang.Object, java.lang.Object, long)'> (0x0000000713a4b280) 
thrown [s\open\src\hotspot\share\interpreter\linkResolver.cpp, line 773]
Event: 0.487 Thread 0x000001b8ea931320 Exception <a 'sun/nio/fs/WindowsException'{0x0000000713ad4298}> (0x0000000713ad4298) 
thrown [s\open\src\hotspot\share\prims\jni.cpp, line 520]
Event: 0.487 Thread 0x000001b8ea931320 Exception <a 'sun/nio/fs/WindowsException'{0x0000000713ad4628}> (0x0000000713ad4628) 
thrown [s\open\src\hotspot\share\prims\jni.cpp, line 520]

ZGC Phase Switch (0 events):
No events

VM Operations (6 events):
Event: 0.311 Executing VM operation: HandshakeAllThreads (Deoptimize)
Event: 0.311 Executing VM operation: HandshakeAllThreads (Deoptimize) done
Event: 0.399 Executing VM operation: HandshakeAllThreads (Deoptimize)
Event: 0.399 Executing VM operation: HandshakeAllThreads (Deoptimize) done
Event: 0.428 Executing VM operation: HandshakeAllThreads (Deoptimize)
Event: 0.428 Executing VM operation: HandshakeAllThreads (Deoptimize) done

Events (16 events):
Event: 0.084 Thread 0x000001b8ea931320 Thread added: 0x000001b8ea931320
Event: 0.102 Thread 0x000001b8fb540390 Thread added: 0x000001b8fb540390
Event: 0.102 Thread 0x000001b8fb5418c0 Thread added: 0x000001b8fb5418c0
Event: 0.102 Thread 0x000001b8fb54ce40 Thread added: 0x000001b8fb54ce40
Event: 0.102 Thread 0x000001b8fb551ea0 Thread added: 0x000001b8fb551ea0
Event: 0.102 Thread 0x000001b8fb553650 Thread added: 0x000001b8fb553650
Event: 0.102 Thread 0x000001b8fb553ce0 Thread added: 0x000001b8fb553ce0
Event: 0.103 Thread 0x000001b8fb55cce0 Thread added: 0x000001b8fb55cce0
Event: 0.103 Thread 0x000001b8fb560300 Thread added: 0x000001b8fb560300
Event: 0.109 Thread 0x000001b8fb62e7a0 Thread added: 0x000001b8fb62e7a0
Event: 0.206 Thread 0x000001b8fb713550 Thread added: 0x000001b8fb713550
Event: 0.206 Thread 0x000001b8fb72d660 Thread added: 0x000001b8fb72d660
Event: 0.206 Thread 0x000001b8fb734630 Thread added: 0x000001b8fb734630
Event: 0.283 Thread 0x000001b8fb555720 Thread added: 0x000001b8fb555720
Event: 0.285 Thread 0x000001b8fb556440 Thread added: 0x000001b8fb556440
Event: 0.478 Thread 0x000001b8d44c88b0 Thread added: 0x000001b8d44c88b0


Dynamic libraries:
0x00007ff75e1a0000 - 0x00007ff75e1ae000 	C:\Users\nikki\Downloads\openjdk-21.0.2_windows-x64_bin\jdk-21.0.2\bin\java.exe
0x00007ffcbb750000 - 0x00007ffcbb967000 	C:\Windows\SYSTEM32\ntdll.dll
0x00007ffcba000000 - 0x00007ffcba0c4000 	C:\Windows\System32\KERNEL32.DLL
0x00007ffcb8aa0000 - 0x00007ffcb8e4d000 	C:\Windows\System32\KERNELBASE.dll
0x0000000073350000 - 0x0000000073682000 	C:\Program Files\Norton Security\NortonData\22.23.5.106\Definitions\IPSDefs\20240201.064\IPSEng64.dll
0x00007ffcba0d0000 - 0x00007ffcba182000 	C:\Windows\System32\ADVAPI32.dll
0x00007ffcbb3b0000 - 0x00007ffcbb457000 	C:\Windows\System32\msvcrt.dll
0x00007ffcbb600000 - 0x00007ffcbb6a9000 	C:\Windows\System32\sechost.dll
0x00007ffcb8a70000 - 0x00007ffcb8a98000 	C:\Windows\System32\bcrypt.dll
0x00007ffcbaa20000 - 0x00007ffcbab34000 	C:\Windows\System32\RPCRT4.dll
0x00007ffcb97c0000 - 0x00007ffcb97c8000 	C:\Windows\System32\PSAPI.DLL
0x00007ffcb9210000 - 0x00007ffcb9321000 	C:\Windows\System32\ucrtbase.dll
0x00007ffc8f200000 - 0x00007ffc8f218000 	C:\Users\nikki\Downloads\openjdk-21.0.2_windows-x64_bin\jdk-21.0.2\bin\jli.dll
0x00007ffc8d100000 - 0x00007ffc8d11b000 	C:\Users\nikki\Downloads\openjdk-21.0.2_windows-x64_bin\jdk-21.0.2\bin\VCRUNTIME140.dll
0x00007ffcb9480000 - 0x00007ffcb962e000 	C:\Windows\System32\USER32.dll
0x00007ffcb93b0000 - 0x00007ffcb93d6000 	C:\Windows\System32\win32u.dll
0x00007ffc99590000 - 0x00007ffc99823000 	C:\Windows\WinSxS\amd64_microsoft.windows.common-controls_6595b64144ccf1df_6.0.22621.3672_none_2713b9d173822955\COMCTL32.dll
0x00007ffcb9730000 - 0x00007ffcb9759000 	C:\Windows\System32\GDI32.dll
0x00007ffcb90f0000 - 0x00007ffcb9209000 	C:\Windows\System32\gdi32full.dll
0x00007ffcb93e0000 - 0x00007ffcb947a000 	C:\Windows\System32\msvcp_win.dll
0x00007ffcba520000 - 0x00007ffcba551000 	C:\Windows\System32\IMM32.DLL
0x00007ffcae280000 - 0x00007ffcae28c000 	C:\Users\nikki\Downloads\openjdk-21.0.2_windows-x64_bin\jdk-21.0.2\bin\vcruntime140_1.dll
0x00007ffc7b220000 - 0x00007ffc7b2ae000 	C:\Users\nikki\Downloads\openjdk-21.0.2_windows-x64_bin\jdk-21.0.2\bin\msvcp140.dll
0x00007ffc312a0000 - 0x00007ffc31fb7000 	C:\Users\nikki\Downloads\openjdk-21.0.2_windows-x64_bin\jdk-21.0.2\bin\server\jvm.dll
0x00007ffcba9a0000 - 0x00007ffcbaa11000 	C:\Windows\System32\WS2_32.dll
0x00007ffcb7c60000 - 0x00007ffcb7cad000 	C:\Windows\SYSTEM32\POWRPROF.dll
0x00007ffcae470000 - 0x00007ffcae4a4000 	C:\Windows\SYSTEM32\WINMM.dll
0x00007ffcad420000 - 0x00007ffcad42a000 	C:\Windows\SYSTEM32\VERSION.dll
0x00007ffcb7c40000 - 0x00007ffcb7c53000 	C:\Windows\SYSTEM32\UMPDC.dll
0x00007ffcb7ae0000 - 0x00007ffcb7af8000 	C:\Windows\SYSTEM32\kernel.appcore.dll
0x00007ffc987e0000 - 0x00007ffc987ea000 	C:\Users\nikki\Downloads\openjdk-21.0.2_windows-x64_bin\jdk-21.0.2\bin\jimage.dll
0x00007ffcb6300000 - 0x00007ffcb6532000 	C:\Windows\SYSTEM32\DBGHELP.DLL
0x00007ffcba190000 - 0x00007ffcba51d000 	C:\Windows\System32\combase.dll
0x00007ffcb9cd0000 - 0x00007ffcb9da7000 	C:\Windows\System32\OLEAUT32.dll
0x00007ffcace90000 - 0x00007ffcacec2000 	C:\Windows\SYSTEM32\dbgcore.DLL
0x00007ffcb9330000 - 0x00007ffcb93ab000 	C:\Windows\System32\bcryptPrimitives.dll
0x00007ffc79150000 - 0x00007ffc7918c000 	C:\Users\nikki\Downloads\openjdk-21.0.2_windows-x64_bin\jdk-21.0.2\bin\jdwp.dll
0x00007ffc8cff0000 - 0x00007ffc8d00f000 	C:\Users\nikki\Downloads\openjdk-21.0.2_windows-x64_bin\jdk-21.0.2\bin\java.dll
0x00007ffcbab40000 - 0x00007ffcbb3a8000 	C:\Windows\System32\SHELL32.dll
0x00007ffcb6970000 - 0x00007ffcb726e000 	C:\Windows\SYSTEM32\windows.storage.dll
0x00007ffcb6830000 - 0x00007ffcb696f000 	C:\Windows\SYSTEM32\wintypes.dll
0x00007ffcb9630000 - 0x00007ffcb9729000 	C:\Windows\System32\SHCORE.dll
0x00007ffcbb480000 - 0x00007ffcbb4de000 	C:\Windows\System32\shlwapi.dll
0x00007ffcb89a0000 - 0x00007ffcb89c1000 	C:\Windows\SYSTEM32\profapi.dll
0x00007ffc78e90000 - 0x00007ffc78f67000 	C:\Users\nikki\Downloads\openjdk-21.0.2_windows-x64_bin\jdk-21.0.2\bin\jsvml.dll
0x00007ffcac390000 - 0x00007ffcac39c000 	C:\Users\nikki\Downloads\openjdk-21.0.2_windows-x64_bin\jdk-21.0.2\bin\dt_socket.dll
0x00007ffcb7510000 - 0x00007ffcb753d000 	C:\Windows\SYSTEM32\IPHLPAPI.DLL
0x00007ffcb7fc0000 - 0x00007ffcb8029000 	C:\Windows\system32\mswsock.dll
0x00007ffc8d200000 - 0x00007ffc8d210000 	C:\Users\nikki\Downloads\openjdk-21.0.2_windows-x64_bin\jdk-21.0.2\bin\net.dll
0x00007ffcb16f0000 - 0x00007ffcb1826000 	C:\Windows\SYSTEM32\WINHTTP.dll
0x00007ffc84860000 - 0x00007ffc84876000 	C:\Users\nikki\Downloads\openjdk-21.0.2_windows-x64_bin\jdk-21.0.2\bin\nio.dll
0x00007ffc8c720000 - 0x00007ffc8c738000 	C:\Users\nikki\Downloads\openjdk-21.0.2_windows-x64_bin\jdk-21.0.2\bin\zip.dll
0x00007ffc8d0f0000 - 0x00007ffc8d100000 	C:\Users\nikki\Downloads\openjdk-21.0.2_windows-x64_bin\jdk-21.0.2\bin\verify.dll
0x0000000073320000 - 0x0000000073349000 	C:\Users\nikki\AppData\Local\Temp\libgdxnikki\e787ab0a\gdx64.dll
0x00007ffc68cb0000 - 0x00007ffc68d25000 	C:\Users\nikki\AppData\Local\Temp\lwjglnikki\3.3.1-build-7\lwjgl.dll
0x00007ffc68a50000 - 0x00007ffc68ca9000 	C:\Users\nikki\AppData\Local\Temp\lwjglnikki\3.3.1-build-7\jemalloc.dll

dbghelp: loaded successfully - version: 4.0.5 - missing functions: none
symbol engine: initialized successfully - sym options: 0x614 - pdb path: .;C:\Users\nikki\Downloads\openjdk-21.0.2_windows-x64_bin\jdk-21.0.2\bin;C:\Windows\SYSTEM32;C:\Program Files\Norton Security\NortonData\22.23.5.106\Definitions\IPSDefs\20240201.064;C:\Windows\WinSxS\amd64_microsoft.windows.common-controls_6595b64144ccf1df_6.0.22621.3672_none_2713b9d173822955;C:\Users\nikki\Downloads\openjdk-21.0.2_windows-x64_bin\jdk-21.0.2\bin\server;C:\Users\nikki\AppData\Local\Temp\libgdxnikki\e787ab0a;C:\Users\nikki\AppData\Local\Temp\lwjglnikki\3.3.1-build-7

VM Arguments:
jvm_args: -agentlib:jdwp=transport=dt_socket,server=n,suspend=y,address=127.0.0.1:57329 -Dfile.encoding=windows-1252 -Duser.country=AU -Duser.language=en -Duser.variant 
java_command: com.csse3200.game.desktop.DesktopLauncher
java_class_path (initial): C:\Users\nikki\2024-studio-2\source\desktop\build\classes\java\main;C:\Users\nikki\2024-studio-2\source\desktop\build\resources\main;C:\Users\nikki\.gradle\caches\modules-2\files-2.1\com.badlogicgames.gdx\gdx-backend-lwjgl3\1.11.0\58a96db4cd349be4292d547856aa1e1c5f065f4e\gdx-backend-lwjgl3-1.11.0.jar;C:\Users\nikki\.gradle\caches\modules-2\files-2.1\com.badlogicgames.gdx\gdx-platform\1.11.0\697fb13eada6d3c6ca648c9788692b0159add126\gdx-platform-1.11.0-natives-desktop.jar;C:\Users\nikki\.gradle\caches\modules-2\files-2.1\com.badlogicgames.gdx\gdx-box2d-platform\1.11.0\62ff9baa1e57a11e0a4428a38c9660bf9f312fdc\gdx-box2d-platform-1.11.0-natives-desktop.jar;C:\Users\nikki\.gradle\caches\modules-2\files-2.1\com.badlogicgames.gdx\gdx-tools\1.11.0\a5d30eafd0f2fbab314efdf6d98ebc27388b7c0a\gdx-tools-1.11.0.jar;C:\Users\nikki\.gradle\caches\modules-2\files-2.1\com.badlogicgames.gdx-controllers\gdx-controllers-desktop\2.2.2\625b3bdbe803e9c4af181b4791202cfcf776d805\gdx-controllers-desktop-2.2.2.jar;C:\Users\nikki\2024-studio-2\source\core\build\libs\core-1.0.jar;C:\Users\nikki\.gradle\caches\modules-2\files-2.1\com.badlogicgames.gdx\gdx-backend-lwjgl\1.11.0\33555a2cf8b4d9db4122b2fe42e7674b343d8b4\gdx-backend-lwjgl-1.11.0.jar;C:\Users\nikki\.gradle\caches\modules-2\files-2.1\com.badlogicgames.gdx\gdx-freetype\1.11.0\a3634ad2e6c56d251268d6ab5c0f66eee2841f2c\gdx-freetype-1.11.0.jar;C:\Users\nikki\.gradle\caches\modules-2\files-2.1\com.badlogicgames.gdx\gdx-backend-headless\1.11.0\3c3d0c951db72891d894df1725d09179fd0bca00\gdx-backend-headless-1.11.0.jar;C:\Users\nikki\.gradle\caches\modules-2\files-2.1\com.badlogicgames.gdx-controllers\gdx-controllers-core\2.2.2\25473efe9273912a03a4871a9e1469b41d86face\gdx-controllers-core-2.2.2.jar;C:\Users\nikki\.gradle\caches\modules-2\files-2.1\net.dermetfan.libgdx-utils\libgdx-utils-box2d\0.13.4\918d79a20ea3c898cdb3611782c5b2bfa6ec575b\libgdx-utils-box2d-0.13.4.jar;C:\Users\nikki\.gradle\caches\modules-2\files-2.1\com.badlogicgames.gdx\gdx-box2d\1.11.0\ad4facee800dd945d6d6e93dea2936bc135b5f\gdx-box2d-1.11.0.jar;C:\Users\nikki\.gradle\caches\modules-2\files-2.1\net.dermetfan.libgdx-utils\libgdx-utils\0.13.4\27affad2873d1c9c366a2290fc51f3927f3a5f83\libgdx-utils-0.13.4.jar;C:\Users\nikki\.gradle\caches\modules-2\files-2.1\com.badlogicgames.gdx\gdx\1.11.0\ffe1206d1004cd9e40027e28964be0fea0399af7\gdx-1.11.0.jar;C:\Users\nikki\.gradle\caches\modules-2\files-2.1\org.lwjgl\lwjgl-glfw\3.3.1\cbac1b8d30cb4795149c1ef540f912671a8616d0\lwjgl-glfw-3.3.1.jar;C:\Users\nikki\.gradle\caches\modules-2\files-2.1\org.lwjgl\lwjgl-glfw\3.3.1\81716978214ecbda15050ca394b06ef61501a49e\lwjgl-glfw-3.3.1-natives-linux.jar;C:\Users\nikki\.gradle\caches\modules-2\files-2.1\org.lwjgl\lwjgl-glfw\3.3.1\816d935933f2dd743074c4e717cc25b55720f294\lwjgl-glfw-3.3.1-natives-linux-arm32.jar;C:\Users\nikki\.gradle\caches\modules-2\files-2.1\org.lwjgl\lwjgl-glfw\3.3.1\513eb39b866d0fe131a18d5c517087805433b029\lwjgl-glfw-3.3.1-natives-linux-arm64.jar;C:\Users\nikki\.gradle\caches\modules-2\files-2.1\org.lwjgl\lwjgl-glfw\3.3.1\9ec4ce1fc8c85fdef03ef4ff2aace6f5775fb280\lwjgl-glfw-3.3.1-natives-macos.jar;C:\Users\nikki\.gradle\caches\modules-2\files-2.1\org.lwjgl\lwjgl-glfw\3.3.1\cac0d3f712a3da7641fa174735a5f315de7ffe0a\lwjgl-glfw-3.3.1-natives-macos-arm64.jar;C:\Users\nikki\.gradle\caches\modules-2\files-2.1\org.lwjgl\lwjgl-glfw\3.3.1\ed892f945cf7e79c8756796f32d00fa4ceaf573b\lwjgl-glfw-3.3.1-natives-windows.jar;C:\Users\nikki\.gradle\caches\modules-2\files-2.1\org.lwjgl\lwjgl-glfw\3.3.1\b997e3391d6ce8f05487e7335d95c606043884a1\lwjgl-glfw-3.3.1-natives-windows-x86.jar;C:\Users\nikki\.gradle\caches\modules-2\files-2.1\org.lwjgl\lwjgl-jemalloc\3.3.1\a817bcf213db49f710603677457567c37d53e103\lwjgl-jemalloc-3.3.1.jar;C:\Users\nikki\.gradle\caches\modules-2\files-2.1\org.lwjgl\lwjgl-jemalloc\3.3.1\33dbb017b6ed6b25f993ad9d56741a49e7937718\lwjgl-jemalloc-3.3.1-natives-linux.jar;C:\Users\nikki\.gradle\caches\modules-2\files-2.1\org.lwjgl\lwjgl-jemalloc\3.3.1\a96a6d6cb3876d7813fcee53c3c24f246aeba3b3\lwjgl-jemalloc-3.3.1-natives-linux-arm32.jar;C:\Users\nikki\.gradle\caches\modules-2\files-2.1\org.lwjgl\lwjgl-jemalloc\3.3.1\c6606e57db075ad218a2e78d2416c159a53b6a0c\lwjgl-jemalloc-3.3.1-natives-linux-arm64.jar;C:\Users\nikki\.gradle\caches\modules-2\files-2.1\org.lwjgl\lwjgl-jemalloc\3.3.1\56424dc8db3cfb8e7b594aa6d59a4f4387b7f544\lwjgl-jemalloc-3.3.1-natives-macos.jar;C:\Users\nikki\.gradle\caches\modules-2\files-2.1\org.lwjgl\lwjgl-jemalloc\3.3.1\e577b87d8ad2ade361aaea2fcf226c660b15dee8\lwjgl-jemalloc-3.3.1-natives-macos-arm64.jar;C:\Users\nikki\.gradle\caches\modules-2\files-2.1\org.lwjgl\lwjgl-jemalloc\3.3.1\948a89b76a16aa324b046ae9308891216ffce5f9\lwjgl-jemalloc-3.3.1-natives-windows.jar;C:\Users\nikki\.gradle\caches\modules-2\files-2.1\org.lwjgl\lwjgl-jemalloc\3.3.1\fb476c8ec110e1c137ad3ce8a7f7bfe6b11c6324\lwjgl-jemalloc-3.3.1-natives-windows-x86.jar;C:\Users\nikki\.gradle\caches\modules-2\files-2.1\org.lwjgl\lwjgl-openal\3.3.1\2623a6b8ae1dfcd880738656a9f0243d2e6840bd\lwjgl-openal-3.3.1.jar;C:\Users\nikki\.gradle\caches\modules-2\files-2.1\org.lwjgl\lwjgl-openal\3.3.1\f906b6439f6daa66001182ea7727e3467a93681b\lwjgl-openal-3.3.1-natives-linux.jar;C:\Users\nikki\.gradle\caches\modules-2\files-2.1\org.lwjgl\lwjgl-openal\3.3.1\ffbe35d7fa5ec9b7eca136a7c71f24d4025a510b\lwjgl-openal-3.3.1-natives-linux-arm32.jar;C:\Users\nikki\.gradle\caches\modules-2\files-2.1\org.lwjgl\lwjgl-openal\3.3.1\cf4e303257e82981b8b2e31bba3d7f8f7b8f42b2\lwjgl-openal-3.3.1-natives-linux-arm64.jar;C:\Users\nikki\.gradle\caches\modules-2\files-2.1\org.lwjgl\lwjgl-openal\3.3.1\3a57b8911835fb58b5e558d0ca0d28157e263d45\lwjgl-openal-3.3.1-natives-macos.jar;C:\Users\nikki\.gradle\caches\modules-2\files-2.1\org.lwjgl\lwjgl-openal\3.3.1\23d55e7490b57495320f6c9e1936d78fd72c4ef8\lwjgl-openal-3.3.1-natives-macos-arm64.jar;C:\Users\nikki\.gradle\caches\modules-2\files-2.1\org.lwjgl\lwjgl-openal\3.3.1\30a474d0e57193d7bc128849a3ab66bc9316fdb1\lwjgl-openal-3.3.1-natives-windows.jar;C:\Users\nikki\.gradle\caches\modules-2\files-2.1\org.lwjgl\lwjgl-openal\3.3.1\888349f7b1be6fbae58bf8edfb9ef12def04c4e3\lwjgl-openal-3.3.1-natives-windows-x86.jar;C:\Users\nikki\.gradle\caches\modules-2\files-2.1\org.lwjgl\lwjgl-opengl\3.3.1\831a5533a21a5f4f81bbc51bb13e9899319b5411\lwjgl-opengl-3.3.1.jar;C:\Users\nikki\.gradle\caches\modules-2\files-2.1\org.lwjgl\lwjgl-opengl\3.3.1\ab9ab6fde3743e3550fa5d46d785ecb45b047d99\lwjgl-opengl-3.3.1-natives-linux.jar;C:\Users\nikki\.gradle\caches\modules-2\files-2.1\org.lwjgl\lwjgl-opengl\3.3.1\e3550fa91097fd56e361b4370fa822220fef3595\lwjgl-opengl-3.3.1-natives-linux-arm32.jar;C:\Users\nikki\.gradle\caches\modules-2\files-2.1\org.lwjgl\lwjgl-opengl\3.3.1\1c528fb258a6e63e8fceb4482d8db0f3af10a634\lwjgl-opengl-3.3.1-natives-linux-arm64.jar;C:\Users\nikki\.gradle\caches\modules-2\files-2.1\org.lwjgl\lwjgl-opengl\3.3.1\a0d12697ea019a7362eff26475b0531340e876a6\lwjgl-opengl-3.3.1-natives-macos.jar;C:\Users\nikki\.gradle\caches\modules-2\files-2.1\org.lwjgl\lwjgl-opengl\3.3.1\eafe34b871d966292e8db0f1f3d6b8b110d4e91d\lwjgl-opengl-3.3.1-natives-macos-arm64.jar;C:\Users\nikki\.gradle\caches\modules-2\files-2.1\org.lwjgl\lwjgl-opengl\3.3.1\c1807e9bd571402787d7e37e3029776ae2513bb8\lwjgl-opengl-3.3.1-natives-windows.jar;C:\Users\nikki\.gradle\caches\modules-2\files-2.1\org.lwjgl\lwjgl-opengl\3.3.1\deef3eb9b178ff2ff3ce893cc72ae741c3a17974\lwjgl-opengl-3.3.1-natives-windows-x86.jar;C:\Users\nikki\.gradle\caches\modules-2\files-2.1\org.lwjgl\lwjgl-stb\3.3.1\b119297cf8ed01f247abe8685857f8e7fcf5980f\lwjgl-stb-3.3.1.jar;C:\Users\nikki\.gradle\caches\modules-2\files-2.1\org.lwjgl\lwjgl-stb\3.3.1\3ee7aec8686e52867677110415566a5342a80230\lwjgl-stb-3.3.1-natives-linux.jar;C:\Users\nikki\.gradle\caches\modules-2\files-2.1\org.lwjgl\lwjgl-stb\3.3.1\b08226bab162c06ae69337d8a1b0ee0a3fdf0b90\lwjgl-stb-3.3.1-natives-linux-arm32.jar;C:\Users\nikki\.gradle\caches\modules-2\files-2.1\org.lwjgl\lwjgl-stb\3.3.1\8e8348a1813aad7f30aaf75ea197151ebb7beba9\lwjgl-stb-3.3.1-natives-linux-arm64.jar;C:\Users\nikki\.gradle\caches\modules-2\files-2.1\org.lwjgl\lwjgl-stb\3.3.1\def8879b8d38a47a4cc1d48b1f9a7b772e51258e\lwjgl-stb-3.3.1-natives-macos.jar;C:\Users\nikki\.gradle\caches\modules-2\files-2.1\org.lwjgl\lwjgl-stb\3.3.1\fcf073ed911752abdca5f0b00a53cfdf17ff8e8b\lwjgl-stb-3.3.1-natives-macos-arm64.jar;C:\Users\nikki\.gradle\caches\modules-2\files-2.1\org.lwjgl\lwjgl-stb\3.3.1\86315914ac119efdb02dc9e8e978ade84f1702af\lwjgl-stb-3.3.1-natives-windows.jar;C:\Users\nikki\.gradle\caches\modules-2\files-2.1\org.lwjgl\lwjgl-stb\3.3.1\a8d41f419eecb430b7c91ea2ce2c5c451cae2091\lwjgl-stb-3.3.1-natives-windows-x86.jar;C:\Users\nikki\.gradle\caches\modules-2\files-2.1\org.lwjgl\lwjgl\3.3.1\ae58664f88e18a9bb2c77b063833ca7aaec484cb\lwjgl-3.3.1.jar;C:\Users\nikki\.gradle\caches\modules-2\files-2.1\org.lwjgl\lwjgl\3.3.1\1de885aba434f934201b99f2f1afb142036ac189\lwjgl-3.3.1-natives-linux.jar;C:\Users\nikki\.gradle\caches\modules-2\files-2.1\org.lwjgl\lwjgl\3.3.1\41a3c1dd15d6b964eb8196dde69720a3e3e5e969\lwjgl-3.3.1-natives-linux-arm32.jar;C:\Users\nikki\.gradle\caches\modules-2\files-2.1\org.lwjgl\lwjgl\3.3.1\b597401014acb7196c76d97e15a6288f54f1f692\lwjgl-3.3.1-natives-linux-arm64.jar;C:\Users\nikki\.gradle\caches\modules-2\files-2.1\org.lwjgl\lwjgl\3.3.1\fc6bb723dec2cd031557dccb2a95f0ab80acb9db\lwjgl-3.3.1-natives-macos.jar;C:\Users\nikki\.gradle\caches\modules-2\files-2.1\org.lwjgl\lwjgl\3.3.1\71d0d5e469c9c95351eb949064497e3391616ac9\lwjgl-3.3.1-natives-macos-arm64.jar;C:\Users\nikki\.gradle\caches\modules-2\files-2.1\org.lwjgl\lwjgl\3.3.1\36c37f16ab611b3aa11f3bcf80b1d509b4ce6b\lwjgl-3.3.1-natives-windows.jar;C:\Users\nikki\.gradle\caches\modules-2\files-2.1\org.lwjgl\lwjgl\3.3.1\3b14f4beae9dd39791ec9e12190a9380cd8a3ce6\lwjgl-3.3.1-natives-windows-x86.jar;C:\Users\nikki\.gradle\caches\modules-2\files-2.1\com.badlogicgames.jlayer\jlayer\1.0.1-gdx\7cca83cec5c1b2f011362f4d85aabd71a73b049d\jlayer-1.0.1-gdx.jar;C:\Users\nikki\.gradle\caches\modules-2\files-2.1\org.jcraft\jorbis\0.0.17\8872d22b293e8f5d7d56ff92be966e6dc28ebdc6\jorbis-0.0.17.jar;C:\Users\nikki\.gradle\caches\modules-2\files-2.1\com.badlogicgames.jamepad\jamepad\2.0.20.0\55eb0007fd55c9914d106dac3387b9d444572cab\jamepad-2.0.20.0.jar;C:\Users\nikki\.gradle\caches\modules-2\files-2.1\org.slf4j\slf4j-jdk14\1.7.36\4a18af6554bfe48b0f76eec98119c417da23c7e1\slf4j-jdk14-1.7.36.jar;C:\Users\nikki\.gradle\caches\modules-2\files-2.1\org.slf4j\slf4j-api\1.7.36\6c62681a2f655b49963a5983b8b0950a6120ae14\slf4j-api-1.7.36.jar;C:\Users\nikki\.gradle\caches\modules-2\files-2.1\com.badlogicgames.gdx\gdx-jnigen-loader\2.3.1\2d472f69243631fbcb3d4c3f93dd2e137a6cb084\gdx-jnigen-loader-2.3.1.jar;C:\Users\nikki\.gradle\caches\modules-2\files-2.1\org.lwjgl.lwjgl\lwjgl\2.9.3\3df168ac74e4a8c96562cdff24ad352e255bf89c\lwjgl-2.9.3.jar;C:\Users\nikki\.gradle\caches\modules-2\files-2.1\org.lwjgl.lwjgl\lwjgl-platform\2.9.3\fbc2afb3e288578e9942578decb6291a490549a0\lwjgl-platform-2.9.3-natives-windows.jar;C:\Users\nikki\.gradle\caches\modules-2\files-2.1\org.lwjgl.lwjgl\lwjgl-platform\2.9.3\b1eafe80093381c56415731e1d64279e6140bcd0\lwjgl-platform-2.9.3-natives-linux.jar;C:\Users\nikki\.gradle\caches\modules-2\files-2.1\org.lwjgl.lwjgl\lwjgl-platform\2.9.3\6686cf6ddaa20b4290aa6599a09bc0d17369be05\lwjgl-platform-2.9.3-natives-osx.jar;C:\Users\nikki\.gradle\caches\modules-2\files-2.1\net.java.jinput\jinput\2.0.5\39c7796b469a600f72380316f6b1f11db6c2c7c4\jinput-2.0.5.jar;C:\Users\nikki\.gradle\caches\modules-2\files-2.1\net.java.jutils\jutils\1.0.0\e12fe1fda814bd348c1579329c86943d2cd3c6a6\jutils-1.0.0.jar;C:\Users\nikki\.gradle\caches\modules-2\files-2.1\net.java.jinput\jinput-platform\2.0.5\7ff832a6eb9ab6a767f1ade2b548092d0fa64795\jinput-platform-2.0.5-natives-linux.jar;C:\Users\nikki\.gradle\caches\modules-2\files-2.1\net.java.jinput\jinput-platform\2.0.5\385ee093e01f587f30ee1c8a2ee7d408fd732e16\jinput-platform-2.0.5-natives-windows.jar;C:\Users\nikki\.gradle\caches\modules-2\files-2.1\net.java.jinput\jinput-platform\2.0.5\53f9c919f34d2ca9de8c51fc4e1e8282029a9232\jinput-platform-2.0.5-natives-osx.jar
Launcher Type: SUN_STANDARD

[Global flags]
     intx CICompilerCount                          = 12                                        {product} {ergonomic}
     uint ConcGCThreads                            = 3                                         {product} {ergonomic}
     uint G1ConcRefinementThreads                  = 13                                        {product} {ergonomic}
   size_t G1HeapRegionSize                         = 2097152                                   {product} {ergonomic}
    uintx GCDrainStackTargetSize                   = 64                                        {product} {ergonomic}
   size_t InitialHeapSize                          = 264241152                                 {product} {ergonomic}
   size_t MarkStackSize                            = 4194304                                   {product} {ergonomic}
   size_t MaxHeapSize                              = 4219469824                                {product} {ergonomic}
   size_t MaxNewSize                               = 2531262464                                {product} {ergonomic}
   size_t MinHeapDeltaBytes                        = 2097152                                   {product} {ergonomic}
   size_t MinHeapSize                              = 8388608                                   {product} {ergonomic}
    uintx NonNMethodCodeHeapSize                   = 7602480                                {pd product} {ergonomic}
    uintx NonProfiledCodeHeapSize                  = 122027880                              {pd product} {ergonomic}
    uintx ProfiledCodeHeapSize                     = 122027880                              {pd product} {ergonomic}
    uintx ReservedCodeCacheSize                    = 251658240                              {pd product} {ergonomic}
     bool SegmentedCodeCache                       = true                                      {product} {ergonomic}
   size_t SoftMaxHeapSize                          = 4219469824                             {manageable} {ergonomic}
     bool UseCompressedOops                        = true                           {product lp64_product} {ergonomic}
     bool UseG1GC                                  = true                                      {product} {ergonomic}
     bool UseLargePagesIndividualAllocation        = false                                  {pd product} {ergonomic}

Logging:
Log output configuration:
 #0: stdout all=warning uptime,level,tags foldmultilines=false
 #1: stderr all=off uptime,level,tags foldmultilines=false

Environment Variables:
JAVA_HOME=C:\Users\nikki\Downloads\openjdk-21.0.2_windows-x64_bin\jdk-21.0.2
PATH=C:\Windows\system32;C:\Windows;C:\Windows\System32\Wbem;C:\Windows\System32\WindowsPowerShell\v1.0\;C:\Windows\System32\OpenSSH\;C:\Program Files (x86)\NVIDIA Corporation\PhysX\Common;C:\Program Files\NVIDIA Corporation\NVIDIA NvDLISR;C:\Program Files\PuTTY\;C:\Program Files\Git\cmd;C:\Users\nikki\AppData\Local\Programs\Python\Launcher\;C:\Users\nikki\AppData\Local\Microsoft\WindowsApps;C:\Users\nikki\AppData\Local\Programs\Microsoft VS Code\bin;C:\Users\nikki\AppData\Local\GitHubDesktop\bin
USERNAME=nikki
OS=Windows_NT
PROCESSOR_IDENTIFIER=Intel64 Family 6 Model 186 Stepping 2, GenuineIntel
TMP=C:\Users\nikki\AppData\Local\Temp
TEMP=C:\Users\nikki\AppData\Local\Temp




Periodic native trim disabled

---------------  S Y S T E M  ---------------

OS:
 Windows 11 , 64 bit Build 22621 (10.0.22621.3958)
OS uptime: 10 days 16:50 hours
Hyper-V role detected

CPU: total 16 (initial active 16) (8 cores per cpu, 2 threads per core) family 6 model 186 stepping 2 microcode 0x410e, cx8, cmov, fxsr, ht, mmx, 3dnowpref, sse, sse2, sse3, ssse3, sse4.1, sse4.2, popcnt, lzcnt, tsc, tscinvbit, avx, avx2, aes, erms, clmul, bmi1, bmi2, adx, sha, fma, vzeroupper, clflush, clflushopt, clwb, hv, serialize, rdtscp, rdpid, fsrm, f16c, cet_ibt, cet_ss
Processor Information for processor 0
  Max Mhz: 2400, Current Mhz: 2400, Mhz Limit: 2400
Processor Information for processor 1
  Max Mhz: 2400, Current Mhz: 2400, Mhz Limit: 2400
Processor Information for processor 2
  Max Mhz: 2400, Current Mhz: 2400, Mhz Limit: 2400
Processor Information for processor 3
  Max Mhz: 2400, Current Mhz: 2400, Mhz Limit: 2400
Processor Information for processor 4
  Max Mhz: 2400, Current Mhz: 2400, Mhz Limit: 2400
Processor Information for processor 5
  Max Mhz: 2400, Current Mhz: 2400, Mhz Limit: 2400
Processor Information for processor 6
  Max Mhz: 2400, Current Mhz: 2400, Mhz Limit: 2400
Processor Information for processor 7
  Max Mhz: 2400, Current Mhz: 2400, Mhz Limit: 2400
Processor Information for processor 8
  Max Mhz: 2400, Current Mhz: 2400, Mhz Limit: 2400
Processor Information for processor 9
  Max Mhz: 2400, Current Mhz: 2400, Mhz Limit: 2400
Processor Information for processor 10
  Max Mhz: 2400, Current Mhz: 2400, Mhz Limit: 2400
Processor Information for processor 11
  Max Mhz: 2400, Current Mhz: 2400, Mhz Limit: 2400
Processor Information for processor 12
  Max Mhz: 2400, Current Mhz: 1466, Mhz Limit: 2400
Processor Information for processor 13
  Max Mhz: 2400, Current Mhz: 1466, Mhz Limit: 2400
Processor Information for processor 14
  Max Mhz: 2400, Current Mhz: 1466, Mhz Limit: 2400
Processor Information for processor 15
  Max Mhz: 2400, Current Mhz: 1466, Mhz Limit: 2400

Memory: 4k page, system-wide physical 16088M (1546M free)
TotalPageFile size 42221M (AvailPageFile size 5690M)
current process WorkingSet (physical memory assigned to process): 54M, peak: 54M
current process commit charge ("private bytes"): 358M, peak: 358M

vm_info: OpenJDK 64-Bit Server VM (21.0.2+13-58) for windows-amd64 JRE (21.0.2+13-58), built on 2024-01-05T18:32:24Z by "mach5one" with MS VC++ 17.1 (VS2022)

END.
